18:59:06.271 [main                     ] DEBUG Logger               - Configured Logger
18:59:06.296 [main                     ] DEBUG GameApplication      - Logging settings
Title: Galactic Odyssey
Version: 0.0.1
Width: 1080
Height: 1080
Fullscreen: true
Intro: false
Profiling: false
Single step:false
App Mode: DEVELOPER
Menu Key: ESCAPE
Stage Style: DECORATED
Scene Factory: class App.App$1

18:59:06.540 [JavaFX Application Thread] DEBUG FXGLApplication      - Initializing FXGL
18:59:06.544 [JavaFX Application Thread] INFO  Engine               - FXGL-17.3 (30.03.2023 11.49) on WINDOWS (J:17.0.12 FX:17.0.2-ea)
18:59:06.544 [JavaFX Application Thread] DEBUG Engine               - JRE Vendor Name: Oracle Corporation
18:59:06.544 [JavaFX Application Thread] DEBUG Engine               - Running on OS: Windows 11 version 10.0
18:59:06.544 [JavaFX Application Thread] DEBUG Engine               - Architecture: amd64
18:59:06.544 [JavaFX Application Thread] INFO  Engine               - Source code and latest versions at: https://github.com/AlmasB/FXGL
18:59:06.544 [JavaFX Application Thread] INFO  Engine               -       Ask questions and discuss at: https://github.com/AlmasB/FXGL/discussions
18:59:06.544 [JavaFX Application Thread] INFO  Engine               -              Join the FXGL chat at: https://gitter.im/AlmasB/FXGL
18:59:06.598 [JavaFX Application Thread] DEBUG PrimaryStageWindow   - Creating a JavaFX scene
18:59:06.599 [JavaFX Application Thread] DEBUG PrimaryStageWindow   - Target size > screen size
18:59:06.623 [JavaFX Application Thread] DEBUG PrimaryStageWindow   - Target settings size: 1080.0 x 1080.0
18:59:06.624 [JavaFX Application Thread] DEBUG PrimaryStageWindow   - Scaled scene size:    743.0 x 768.0
18:59:06.624 [JavaFX Application Thread] DEBUG PrimaryStageWindow   - Scaled ratio: (0.687962962962963, 0.7111111111111111)
18:59:06.624 [JavaFX Application Thread] DEBUG PrimaryStageWindow   - Set initial scene to FXGLStartupScene
18:59:06.628 [JavaFX Application Thread] DEBUG PrimaryStageWindow   - Opening main window
18:59:06.687 [JavaFX Application Thread] DEBUG PrimaryStageWindow   - Window border size: (16.0, 39.0)
18:59:06.688 [JavaFX Application Thread] DEBUG PrimaryStageWindow   - Scaled size: 743.0 x 768.0
18:59:06.688 [JavaFX Application Thread] DEBUG PrimaryStageWindow   - Scaled ratio: (0.687962962962963, 0.7111111111111111)
18:59:06.689 [JavaFX Application Thread] DEBUG PrimaryStageWindow   - Scene size: 743.0 x 768.0
18:59:06.689 [JavaFX Application Thread] DEBUG PrimaryStageWindow   - Stage size: 759.0 x 807.0
18:59:06.737 [JavaFX Application Thread] DEBUG PrimaryStageWindow   - Going fullscreen
18:59:06.744 [FXGL Background Thread 1 ] DEBUG Engine               - Initializing environment variables
18:59:06.782 [FXGL Background Thread 1 ] DEBUG FXGLAssetLoaderServi - User app class for loading assets: class App.App
18:59:06.782 [FXGL Background Thread 1 ] DEBUG GameApplicationServi - Applying CSS: fxgl_dark.css
18:59:06.783 [FXGL Background Thread 1 ] DEBUG FXGLAssetLoaderServi - Loading from file system: jar:file:///C:/Users/Johan/.m2/repository/com/github/AlmasB/fxgl/17.3/fxgl-17.3.jar!/fxglassets/ui/css/fxgl_dark.css
18:59:06.830 [FXGL Background Thread 1 ] DEBUG GameApplicationServi - Initializing application scenes
18:59:06.883 [FXGL Background Thread 1 ] DEBUG GameWorld            - Game world initialized
18:59:06.948 [FXGL Background Thread 1 ] DEBUG PhysicsWorld         - Physics world initialized: appHeight=1080, physics.ppm=50.0
18:59:06.948 [FXGL Background Thread 1 ] DEBUG PhysicsWorld         - Using strategy: BRUTE_FORCE
18:59:06.953 [FXGL Background Thread 1 ] DEBUG GameScene            - Game scene initialized: 1080x1080
18:59:06.963 [FXGL Background Thread 1 ] DEBUG FXGL.DefaultMenu     - createMenuBodyGameMenu()
18:59:06.975 [FXGL Background Thread 1 ] DEBUG FXGL.DefaultMenu     - createOptionsMenu()
18:59:06.988 [FXGL Background Thread 1 ] DEBUG FXGLAssetLoaderServi - Loading from file system: jar:file:///C:/Users/Johan/.m2/repository/com/github/AlmasB/fxgl/17.3/fxgl-17.3.jar!/fxglassets/textures/particles/smoke.png
18:59:07.052 [FXGL Background Thread 1 ] DEBUG FXGLAssetLoaderServi - Loading from file system: jar:file:///C:/Users/Johan/.m2/repository/com/github/AlmasB/fxgl/17.3/fxgl-17.3.jar!/fxglassets/textures/particles/trace_horizontal.png
18:59:07.072 [FXGL Background Thread 1 ] DEBUG GameApplicationServi - Application scenes initialized
18:59:07.080 [FXGL Background Thread 1 ] DEBUG SystemBundleService  - Loading FXGL system data
18:59:07.082 [FXGL Background Thread 1 ] DEBUG FileSystemAccess     - Reading from: C:\UNI\juego\Galactic odyssey (2)\Galactic odyssey\system\fxgl.bundle
18:59:07.086 [FXGL Background Thread 1 ] DEBUG SystemBundleService  - Bundle FXGL: {}
18:59:07.086 [FXGL Background Thread 1 ] DEBUG UpdaterService       - Checking for updates
18:59:07.089 [FXGL Background Thread 4 ] DEBUG FXGLApplication      - Loading fonts
18:59:07.089 [FXGL Background Thread 4 ] DEBUG FXGLAssetLoaderServi - Loading from file system: jar:file:///C:/Users/Johan/.m2/repository/com/github/AlmasB/fxgl/17.3/fxgl-17.3.jar!/fxglassets/ui/fonts/VarelaRound-Regular.ttf
18:59:07.090 [FXGL Background Thread 1 ] DEBUG FXGLApplication      - Loading default localization
18:59:07.090 [FXGL Background Thread 1 ] DEBUG FXGLAssetLoaderServi - Loading from file system: jar:file:///C:/Users/Johan/.m2/repository/com/github/AlmasB/fxgl/17.3/fxgl-17.3.jar!/fxglassets/languages/english.lang
18:59:07.104 [FXGL Background Thread 1 ] INFO  FXGLApplication      - FXGL initialization took: 0.360 sec
18:59:07.105 [JavaFX Application Thread] DEBUG FXGLAssetLoaderServi - Loading from file system: jar:file:///C:/Users/Johan/.m2/repository/com/github/AlmasB/fxgl/17.3/fxgl-17.3.jar!/fxglassets/textures/fxgl_icon.png
18:59:07.120 [JavaFX Application Thread] DEBUG FXGLAssetLoaderServi - Loading from file system: jar:file:///C:/Users/Johan/.m2/repository/com/github/AlmasB/fxgl/17.3/fxgl-17.3.jar!/fxglassets/textures/fxgl_default_cursor.png
18:59:07.128 [JavaFX Application Thread] DEBUG Input                - Registered new binding: Screenshot - CTRL+8
18:59:07.128 [JavaFX Application Thread] DEBUG Input                - Registered new binding: System info dump - CTRL+9
18:59:07.129 [JavaFX Application Thread] DEBUG Input                - Registered new binding: Restart - CTRL+R
18:59:07.129 [JavaFX Application Thread] DEBUG Input                - Registered new binding: Toggle Debug Camera - CTRL+7
18:59:07.131 [JavaFX Application Thread] DEBUG LoopRunner           - Starting loop
18:59:07.132 [JavaFX Application Thread] DEBUG LoopRunner           - Initializing JavaFX AnimationTimerLoop
18:59:07.133 [JavaFX Application Thread] DEBUG GameApplicationServi - Starting new game
18:59:07.134 [JavaFX Application Thread] DEBUG Input                - Clearing active input actions
18:59:07.133 [FXGL Background Thread 4 ] DEBUG FXGLAssetLoaderServi - Loading from file system: jar:file:///C:/Users/Johan/.m2/repository/com/github/AlmasB/fxgl/17.3/fxgl-17.3.jar!/fxglassets/ui/fonts/Abel-Regular.ttf
18:59:07.138 [FXGL Background Thread 4 ] DEBUG FXGLAssetLoaderServi - Loading from file system: jar:file:///C:/Users/Johan/.m2/repository/com/github/AlmasB/fxgl/17.3/fxgl-17.3.jar!/fxglassets/ui/fonts/TerminalLandMono-Regular.otf
18:59:07.140 [FXGL Background Thread 4 ] DEBUG FXGLAssetLoaderServi - Loading from file system: jar:file:///C:/Users/Johan/.m2/repository/com/github/AlmasB/fxgl/17.3/fxgl-17.3.jar!/fxglassets/ui/fonts/Courier-Prime.ttf
18:59:07.149 [JavaFX Application Thread] DEBUG GameApplicationServi - Removing overlay from FXGLStartupScene and adding to MyLoadingScene
18:59:07.150 [JavaFX Application Thread] DEBUG PrimaryStageWindow   - FXGLStartupScene -> MyLoadingScene
18:59:07.150 [JavaFX Application Thread] DEBUG GameApplicationServi - Clearing previous game
18:59:07.150 [JavaFX Application Thread] DEBUG GameScene            - Clearing game scene
18:59:07.150 [JavaFX Application Thread] DEBUG GameWorld            - Clearing game world
18:59:07.150 [JavaFX Application Thread] DEBUG PhysicsWorld         - Clearing physics world
18:59:07.152 [FXGL Background Thread 4 ] DEBUG FXGLApplication      - Initializing game
18:59:07.160 [FXGL Background Thread 4 ] DEBUG Input                - Registered new binding: Mostrar Puzzle - P
18:59:07.162 [FXGL Background Thread 4 ] DEBUG FXGLAssetLoaderServi - Loading from file system: file:/C:/UNI/juego/Galactic%20odyssey%20(2)/Galactic%20odyssey/target/classes/assets/textures/fondo_menu.png
18:59:07.182 [FXGL Background Thread 4 ] DEBUG FXGLAssetLoaderServi - Loading from file system: file:/C:/UNI/juego/Galactic%20odyssey%20(2)/Galactic%20odyssey/target/classes/assets/music/intro.mp3
18:59:07.190 [JavaFX Application Thread] DEBUG FXGLApplication      - Registering font factories with UI factory
18:59:07.291 [FXGL Background Thread 4 ] DEBUG AudioPlayer          - Playing music com.almasb.fxgl.audio.Music@6fb77213
18:59:07.297 [FXGL Background Thread 4 ] INFO  FXGLApplication      - Game initialization took: 0.145 sec
18:59:07.297 [JavaFX Application Thread] DEBUG Input                - Clearing active input actions
18:59:07.302 [JavaFX Application Thread] DEBUG GameApplicationServi - Removing overlay from MyLoadingScene and adding to GameScene
18:59:07.303 [JavaFX Application Thread] DEBUG PrimaryStageWindow   - MyLoadingScene -> GameScene
18:59:08.268 [FXGL Background Thread 2 ] INFO  UpdaterService       - Your current version:  17.3
18:59:08.269 [FXGL Background Thread 2 ] INFO  UpdaterService       - Latest stable version: 21.1
18:59:10.090 [FXGL Background Thread 3 ] DEBUG Engine               - Logging environment variables
18:59:10.090 [FXGL Background Thread 3 ] DEBUG Engine               - achievements: []
18:59:10.091 [FXGL Background Thread 3 ] DEBUG Engine               - actualHeight: 768.0
18:59:10.091 [FXGL Background Thread 3 ] DEBUG Engine               - actualHeightProperty: ReadOnlyDoubleProperty [value: 768.0]
18:59:10.091 [FXGL Background Thread 3 ] DEBUG Engine               - actualWidth: 1366.0
18:59:10.091 [FXGL Background Thread 3 ] DEBUG Engine               - actualWidthProperty: ReadOnlyDoubleProperty [value: 1366.0]
18:59:10.091 [FXGL Background Thread 3 ] DEBUG Engine               - appIcon: fxgl_icon.png
18:59:10.091 [FXGL Background Thread 3 ] DEBUG Engine               - applicationMode: DEVELOPER
18:59:10.091 [FXGL Background Thread 3 ] DEBUG Engine               - cSSList: [fxgl_dark.css]
18:59:10.091 [FXGL Background Thread 3 ] DEBUG Engine               - collisionDetectionStrategy: BRUTE_FORCE
18:59:10.092 [FXGL Background Thread 3 ] DEBUG Engine               - configClass: Optional.empty
18:59:10.092 [FXGL Background Thread 3 ] DEBUG Engine               - credits: []
18:59:10.092 [FXGL Background Thread 3 ] DEBUG Engine               - defaultCursor: CursorInfo(imageName=fxgl_default_cursor.png, hotspotX=7.0, hotspotY=6.0)
18:59:10.093 [FXGL Background Thread 3 ] DEBUG Engine               - devBBoxColorProperty: ObjectProperty [value: 0xff0000ff]
18:59:10.093 [FXGL Background Thread 3 ] DEBUG Engine               - devEnableDebugCameraProperty: BooleanProperty [value: false]
18:59:10.093 [FXGL Background Thread 3 ] DEBUG Engine               - devSensorColorProperty: ObjectProperty [value: 0xffff00ff]
18:59:10.093 [FXGL Background Thread 3 ] DEBUG Engine               - devShowBBoxProperty: BooleanProperty [value: false]
18:59:10.093 [FXGL Background Thread 3 ] DEBUG Engine               - devShowPositionProperty: BooleanProperty [value: false]
18:59:10.093 [FXGL Background Thread 3 ] DEBUG Engine               - enabledMenuItems: []
18:59:10.093 [FXGL Background Thread 3 ] DEBUG Engine               - engineServices: [class com.almasb.fxgl.app.services.FXGLAssetLoaderService, class com.almasb.fxgl.app.FXGLApplication$GameApplicationService, class com.almasb.fxgl.app.services.FXGLDialogService, class com.almasb.fxgl.app.services.IOTaskExecutorService, class com.almasb.fxgl.io.FileSystemService, class com.almasb.fxgl.localization.LocalizationService, class com.almasb.fxgl.app.services.SystemBundleService, class com.almasb.fxgl.profile.SaveLoadService, class com.almasb.fxgl.ui.FXGLUIFactoryServiceProvider, class com.almasb.fxgl.ui.FXGLDialogFactoryServiceProvider, class com.almasb.fxgl.audio.AudioPlayer, class com.almasb.fxgl.notification.impl.NotificationServiceProvider, class com.almasb.fxgl.achievement.AchievementService, class com.almasb.fxgl.cutscene.CutsceneService, class com.almasb.fxgl.minigames.MiniGameService, class com.almasb.fxgl.net.NetService, class com.almasb.fxgl.app.services.UpdaterService, class com.almasb.fxgl.dev.DevService]
18:59:10.093 [FXGL Background Thread 3 ] DEBUG Engine               - fontGame: Abel-Regular.ttf
18:59:10.094 [FXGL Background Thread 3 ] DEBUG Engine               - fontMono: TerminalLandMono-Regular.otf
18:59:10.094 [FXGL Background Thread 3 ] DEBUG Engine               - fontSizeScaleUI: 1.0
18:59:10.094 [FXGL Background Thread 3 ] DEBUG Engine               - fontText: Courier-Prime.ttf
18:59:10.094 [FXGL Background Thread 3 ] DEBUG Engine               - fontUI: VarelaRound-Regular.ttf
18:59:10.094 [FXGL Background Thread 3 ] DEBUG Engine               - fullScreen: BooleanProperty [value: true]
18:59:10.094 [FXGL Background Thread 3 ] DEBUG Engine               - gameDifficulty: MEDIUM
18:59:10.094 [FXGL Background Thread 3 ] DEBUG Engine               - gameDifficultyProperty: ObjectProperty [value: MEDIUM]
18:59:10.094 [FXGL Background Thread 3 ] DEBUG Engine               - globalMusicVolume: 0.5
18:59:10.094 [FXGL Background Thread 3 ] DEBUG Engine               - globalMusicVolumeProperty: DoubleProperty [value: 0.5]
18:59:10.094 [FXGL Background Thread 3 ] DEBUG Engine               - globalSoundVolume: 0.5
18:59:10.094 [FXGL Background Thread 3 ] DEBUG Engine               - globalSoundVolumeProperty: DoubleProperty [value: 0.5]
18:59:10.094 [FXGL Background Thread 3 ] DEBUG Engine               - height: 1080
18:59:10.094 [FXGL Background Thread 3 ] DEBUG Engine               - is3D: false
18:59:10.094 [FXGL Background Thread 3 ] DEBUG Engine               - isAndroid: false
18:59:10.094 [FXGL Background Thread 3 ] DEBUG Engine               - isBrowser: false
18:59:10.094 [FXGL Background Thread 3 ] DEBUG Engine               - isClickFeedbackEnabled: false
18:59:10.094 [FXGL Background Thread 3 ] DEBUG Engine               - isCloseConfirmation: false
18:59:10.095 [FXGL Background Thread 3 ] DEBUG Engine               - isDesktop: true
18:59:10.095 [FXGL Background Thread 3 ] DEBUG Engine               - isDeveloperMenuEnabled: false
18:59:10.095 [FXGL Background Thread 3 ] DEBUG Engine               - isEmbedded: false
18:59:10.095 [FXGL Background Thread 3 ] DEBUG Engine               - isEntityPreloadEnabled: true
18:59:10.095 [FXGL Background Thread 3 ] DEBUG Engine               - isExperimentalTiledLargeMap: false
18:59:10.095 [FXGL Background Thread 3 ] DEBUG Engine               - isFileSystemWriteAllowed: true
18:59:10.095 [FXGL Background Thread 3 ] DEBUG Engine               - isFullScreenAllowed: true
18:59:10.095 [FXGL Background Thread 3 ] DEBUG Engine               - isFullScreenFromStart: true
18:59:10.095 [FXGL Background Thread 3 ] DEBUG Engine               - isGameMenuEnabled: true
18:59:10.096 [FXGL Background Thread 3 ] DEBUG Engine               - isIOS: false
18:59:10.096 [FXGL Background Thread 3 ] DEBUG Engine               - isIntroEnabled: false
18:59:10.096 [FXGL Background Thread 3 ] DEBUG Engine               - isLinux: false
18:59:10.096 [FXGL Background Thread 3 ] DEBUG Engine               - isMac: false
18:59:10.096 [FXGL Background Thread 3 ] DEBUG Engine               - isMainMenuEnabled: false
18:59:10.096 [FXGL Background Thread 3 ] DEBUG Engine               - isManualResizeEnabled: false
18:59:10.097 [FXGL Background Thread 3 ] DEBUG Engine               - isMobile: false
18:59:10.097 [FXGL Background Thread 3 ] DEBUG Engine               - isNative: false
18:59:10.097 [FXGL Background Thread 3 ] DEBUG Engine               - isPauseMusicWhenMinimized: true
18:59:10.097 [FXGL Background Thread 3 ] DEBUG Engine               - isPreserveResizeRatio: false
18:59:10.097 [FXGL Background Thread 3 ] DEBUG Engine               - isProfilingEnabled: false
18:59:10.097 [FXGL Background Thread 3 ] DEBUG Engine               - isScaleAffectedOnResize: true
18:59:10.097 [FXGL Background Thread 3 ] DEBUG Engine               - isSingleStep: false
18:59:10.097 [FXGL Background Thread 3 ] DEBUG Engine               - isUserProfileEnabled: false
18:59:10.097 [FXGL Background Thread 3 ] DEBUG Engine               - isWindows: true
18:59:10.098 [FXGL Background Thread 3 ] DEBUG Engine               - language: ObjectProperty [value: ENGLISH]
18:59:10.098 [FXGL Background Thread 3 ] DEBUG Engine               - menuKey: ESCAPE
18:59:10.098 [FXGL Background Thread 3 ] DEBUG Engine               - mouseSensitivity: 0.2
18:59:10.098 [FXGL Background Thread 3 ] DEBUG Engine               - notificationViewClass: class com.almasb.fxgl.notification.view.XboxNotificationView
18:59:10.098 [FXGL Background Thread 3 ] DEBUG Engine               - pixelsPerMeter: 50.0
18:59:10.098 [FXGL Background Thread 3 ] DEBUG Engine               - platform: WINDOWS
18:59:10.098 [FXGL Background Thread 3 ] DEBUG Engine               - prefHeightProperty: ReadOnlyDoubleProperty [value: 1080.0]
18:59:10.099 [FXGL Background Thread 3 ] DEBUG Engine               - prefWidthProperty: ReadOnlyDoubleProperty [value: 1080.0]
18:59:10.099 [FXGL Background Thread 3 ] DEBUG Engine               - profileDir: profiles/
18:59:10.099 [FXGL Background Thread 3 ] DEBUG Engine               - profileName: StringProperty [value: DEFAULT]
18:59:10.099 [FXGL Background Thread 3 ] DEBUG Engine               - randomSeed: -1
18:59:10.100 [FXGL Background Thread 3 ] DEBUG Engine               - runtimeInfo: RuntimeInfo(platform=WINDOWS, version=17.3, build=30.03.2023 11.49)
18:59:10.100 [FXGL Background Thread 3 ] DEBUG Engine               - saveFileExt: sav
18:59:10.100 [FXGL Background Thread 3 ] DEBUG Engine               - scaledHeightProp$fxgl: DoubleProperty [bound, value: 768.0]
18:59:10.100 [FXGL Background Thread 3 ] DEBUG Engine               - scaledWidthProp$fxgl: DoubleProperty [bound, value: 1366.0]
18:59:10.100 [FXGL Background Thread 3 ] DEBUG Engine               - sceneFactory: App.App$1@412597cf
18:59:10.100 [FXGL Background Thread 3 ] DEBUG Engine               - secondsIn24h: 60
18:59:10.100 [FXGL Background Thread 3 ] DEBUG Engine               - soundMenuBack: menu/back.wav
18:59:10.100 [FXGL Background Thread 3 ] DEBUG Engine               - soundMenuPress: menu/press.wav
18:59:10.100 [FXGL Background Thread 3 ] DEBUG Engine               - soundMenuSelect: menu/select.wav
18:59:10.100 [FXGL Background Thread 3 ] DEBUG Engine               - soundNotification: core/notification.wav
18:59:10.101 [FXGL Background Thread 3 ] DEBUG Engine               - stageStyle: DECORATED
18:59:10.101 [FXGL Background Thread 3 ] DEBUG Engine               - supportedLanguages: [ENGLISH, FRENCH, GERMAN, HUNGARIAN, RUSSIAN]
18:59:10.101 [FXGL Background Thread 3 ] DEBUG Engine               - ticksPerSecond: -1
18:59:10.101 [FXGL Background Thread 3 ] DEBUG Engine               - title: Galactic Odyssey
18:59:10.101 [FXGL Background Thread 3 ] DEBUG Engine               - urlGithub: https://github.com/AlmasB/FXGL
18:59:10.101 [FXGL Background Thread 3 ] DEBUG Engine               - urlLeaderboard: http://fxgl-top.herokuapp.com/
18:59:10.101 [FXGL Background Thread 3 ] DEBUG Engine               - urlPOM: https://raw.githubusercontent.com/AlmasB/FXGL/release/README.md
18:59:10.101 [FXGL Background Thread 3 ] DEBUG Engine               - userAppClass: class App.App
18:59:10.101 [FXGL Background Thread 3 ] DEBUG Engine               - version: 0.0.1
18:59:10.101 [FXGL Background Thread 3 ] DEBUG Engine               - versionCheckDays: 7
18:59:10.101 [FXGL Background Thread 3 ] DEBUG Engine               - width: 1080
18:59:10.101 [FXGL Background Thread 3 ] DEBUG Engine               - Logging services
18:59:10.102 [FXGL Background Thread 3 ] DEBUG Engine               - class com.almasb.fxgl.app.services.FXGLAssetLoaderService
18:59:10.102 [FXGL Background Thread 3 ] DEBUG Engine               - class com.almasb.fxgl.app.FXGLApplication$GameApplicationService
18:59:10.102 [FXGL Background Thread 3 ] DEBUG Engine               - class com.almasb.fxgl.app.services.FXGLDialogService
18:59:10.102 [FXGL Background Thread 3 ] DEBUG Engine               - class com.almasb.fxgl.app.services.IOTaskExecutorService
18:59:10.102 [FXGL Background Thread 3 ] DEBUG Engine               - class com.almasb.fxgl.io.FileSystemService
18:59:10.102 [FXGL Background Thread 3 ] DEBUG Engine               - class com.almasb.fxgl.localization.LocalizationService
18:59:10.102 [FXGL Background Thread 3 ] DEBUG Engine               - class com.almasb.fxgl.app.services.SystemBundleService
18:59:10.102 [FXGL Background Thread 3 ] DEBUG Engine               - class com.almasb.fxgl.profile.SaveLoadService
18:59:10.102 [FXGL Background Thread 3 ] DEBUG Engine               - class com.almasb.fxgl.ui.FXGLUIFactoryServiceProvider
18:59:10.102 [FXGL Background Thread 3 ] DEBUG Engine               - class com.almasb.fxgl.ui.FXGLDialogFactoryServiceProvider
18:59:10.102 [FXGL Background Thread 3 ] DEBUG Engine               - class com.almasb.fxgl.audio.AudioPlayer
18:59:10.102 [FXGL Background Thread 3 ] DEBUG Engine               - class com.almasb.fxgl.notification.impl.NotificationServiceProvider
18:59:10.102 [FXGL Background Thread 3 ] DEBUG Engine               - class com.almasb.fxgl.achievement.AchievementService
18:59:10.102 [FXGL Background Thread 3 ] DEBUG Engine               - class com.almasb.fxgl.cutscene.CutsceneService
18:59:10.102 [FXGL Background Thread 3 ] DEBUG Engine               - class com.almasb.fxgl.minigames.MiniGameService
18:59:10.102 [FXGL Background Thread 3 ] DEBUG Engine               - class com.almasb.fxgl.net.NetService
18:59:10.102 [FXGL Background Thread 3 ] DEBUG Engine               - class com.almasb.fxgl.app.services.UpdaterService
18:59:10.103 [FXGL Background Thread 3 ] DEBUG Engine               - class com.almasb.fxgl.dev.DevService
18:59:16.509 [JavaFX Application Thread] WARN  TMXLevelLoader       - TiledMap generated from 1.11.2. Supported version: 1.9.0. Some features may not be parsed fully.
18:59:16.536 [JavaFX Application Thread] DEBUG TMXLevelLoader       - Parsed TiledMap: file:/C:/UNI/juego/Galactic%20odyssey%20(2)/Galactic%20odyssey/target/classes/assets/levels/Map1.tmx
18:59:16.537 [JavaFX Application Thread] DEBUG TMXLevelLoader       - Creating tile layer entities
18:59:16.538 [JavaFX Application Thread] DEBUG TilesetLoader        - Loading view for layer Espacio
18:59:16.544 [JavaFX Application Thread] DEBUG TilesetLoader        - Created buffer with size 3360.0x1680.0
18:59:16.635 [JavaFX Application Thread] DEBUG TilesetLoader        - Loading view for layer Planetas
18:59:16.643 [JavaFX Application Thread] DEBUG TilesetLoader        - Created buffer with size 3360.0x1680.0
18:59:16.644 [JavaFX Application Thread] DEBUG TilesetLoader        - Loading view for layer Naves
18:59:16.650 [JavaFX Application Thread] DEBUG TilesetLoader        - Created buffer with size 3360.0x1680.0
18:59:16.713 [JavaFX Application Thread] DEBUG TilesetLoader        - Loading view for layer Suelo
18:59:16.719 [JavaFX Application Thread] DEBUG TilesetLoader        - Created buffer with size 3360.0x1680.0
18:59:16.722 [JavaFX Application Thread] DEBUG TilesetLoader        - Loading view for layer rock
18:59:16.729 [JavaFX Application Thread] DEBUG TilesetLoader        - Created buffer with size 3360.0x1680.0
18:59:16.729 [JavaFX Application Thread] DEBUG TilesetLoader        - Loading view for layer Rocas
18:59:16.735 [JavaFX Application Thread] DEBUG TilesetLoader        - Created buffer with size 3360.0x1680.0
18:59:16.736 [JavaFX Application Thread] DEBUG TilesetLoader        - Loading view for layer Muro
18:59:16.743 [JavaFX Application Thread] DEBUG TilesetLoader        - Created buffer with size 3360.0x1680.0
18:59:16.743 [JavaFX Application Thread] DEBUG TilesetLoader        - Loading view for layer Rocas1
18:59:16.751 [JavaFX Application Thread] DEBUG TilesetLoader        - Created buffer with size 3360.0x1680.0
18:59:16.752 [JavaFX Application Thread] DEBUG TilesetLoader        - Loading view for layer SueloRuinas
18:59:16.759 [JavaFX Application Thread] DEBUG TilesetLoader        - Created buffer with size 3360.0x1680.0
18:59:16.785 [JavaFX Application Thread] DEBUG TilesetLoader        - Loading view for layer Ruinas
18:59:16.792 [JavaFX Application Thread] DEBUG TilesetLoader        - Created buffer with size 3360.0x1680.0
18:59:16.793 [JavaFX Application Thread] DEBUG TMXLevelLoader       - Creating object layer entities
18:59:16.803 [JavaFX Application Thread] WARN  Entity               - Entity already has component: com.almasb.fxgl.entity.components.CollidableComponent
18:59:16.803 [JavaFX Application Thread] WARN  Entity               - Entity already has component: com.almasb.fxgl.entity.components.CollidableComponent
18:59:16.803 [JavaFX Application Thread] WARN  Entity               - Entity already has component: com.almasb.fxgl.entity.components.CollidableComponent
18:59:16.804 [JavaFX Application Thread] WARN  Entity               - Entity already has component: com.almasb.fxgl.entity.components.CollidableComponent
18:59:16.805 [JavaFX Application Thread] WARN  Entity               - Entity already has component: com.almasb.fxgl.entity.components.CollidableComponent
18:59:16.805 [JavaFX Application Thread] WARN  Entity               - Entity already has component: com.almasb.fxgl.entity.components.CollidableComponent
18:59:16.806 [JavaFX Application Thread] WARN  Entity               - Entity already has component: com.almasb.fxgl.entity.components.CollidableComponent
18:59:16.806 [JavaFX Application Thread] WARN  Entity               - Entity already has component: com.almasb.fxgl.entity.components.CollidableComponent
18:59:16.806 [JavaFX Application Thread] WARN  Entity               - Entity already has component: com.almasb.fxgl.entity.components.CollidableComponent
18:59:16.807 [JavaFX Application Thread] WARN  Entity               - Entity already has component: com.almasb.fxgl.entity.components.CollidableComponent
18:59:16.807 [JavaFX Application Thread] WARN  Entity               - Entity already has component: com.almasb.fxgl.entity.components.CollidableComponent
18:59:16.807 [JavaFX Application Thread] WARN  Entity               - Entity already has component: com.almasb.fxgl.entity.components.CollidableComponent
18:59:16.808 [JavaFX Application Thread] WARN  Entity               - Entity already has component: com.almasb.fxgl.entity.components.CollidableComponent
18:59:16.808 [JavaFX Application Thread] WARN  Entity               - Entity already has component: com.almasb.fxgl.entity.components.CollidableComponent
18:59:16.809 [JavaFX Application Thread] WARN  Entity               - Entity already has component: com.almasb.fxgl.entity.components.CollidableComponent
18:59:16.809 [JavaFX Application Thread] WARN  Entity               - Entity already has component: com.almasb.fxgl.entity.components.CollidableComponent
18:59:16.809 [JavaFX Application Thread] WARN  Entity               - Entity already has component: com.almasb.fxgl.entity.components.CollidableComponent
18:59:16.809 [JavaFX Application Thread] WARN  Entity               - Entity already has component: com.almasb.fxgl.entity.components.CollidableComponent
18:59:16.810 [JavaFX Application Thread] WARN  Entity               - Entity already has component: com.almasb.fxgl.entity.components.CollidableComponent
18:59:16.810 [JavaFX Application Thread] WARN  Entity               - Entity already has component: com.almasb.fxgl.entity.components.CollidableComponent
18:59:16.810 [JavaFX Application Thread] WARN  Entity               - Entity already has component: com.almasb.fxgl.entity.components.CollidableComponent
18:59:16.810 [JavaFX Application Thread] WARN  Entity               - Entity already has component: com.almasb.fxgl.entity.components.CollidableComponent
18:59:16.810 [JavaFX Application Thread] WARN  Entity               - Entity already has component: com.almasb.fxgl.entity.components.CollidableComponent
18:59:16.810 [JavaFX Application Thread] WARN  Entity               - Entity already has component: com.almasb.fxgl.entity.components.CollidableComponent
18:59:16.811 [JavaFX Application Thread] WARN  Entity               - Entity already has component: com.almasb.fxgl.entity.components.CollidableComponent
18:59:16.811 [JavaFX Application Thread] WARN  Entity               - Entity already has component: com.almasb.fxgl.entity.components.CollidableComponent
18:59:16.811 [JavaFX Application Thread] WARN  Entity               - Entity already has component: com.almasb.fxgl.entity.components.CollidableComponent
18:59:16.811 [JavaFX Application Thread] WARN  Entity               - Entity already has component: com.almasb.fxgl.entity.components.CollidableComponent
18:59:16.812 [JavaFX Application Thread] WARN  Entity               - Entity already has component: com.almasb.fxgl.entity.components.CollidableComponent
18:59:16.812 [JavaFX Application Thread] WARN  Entity               - Entity already has component: com.almasb.fxgl.entity.components.CollidableComponent
18:59:16.813 [JavaFX Application Thread] WARN  Entity               - Entity already has component: com.almasb.fxgl.entity.components.CollidableComponent
18:59:16.813 [JavaFX Application Thread] WARN  Entity               - Entity already has component: com.almasb.fxgl.entity.components.CollidableComponent
18:59:16.813 [JavaFX Application Thread] WARN  Entity               - Entity already has component: com.almasb.fxgl.entity.components.CollidableComponent
18:59:16.813 [JavaFX Application Thread] WARN  Entity               - Entity already has component: com.almasb.fxgl.entity.components.CollidableComponent
18:59:16.813 [JavaFX Application Thread] WARN  Entity               - Entity already has component: com.almasb.fxgl.entity.components.CollidableComponent
18:59:16.813 [JavaFX Application Thread] WARN  Entity               - Entity already has component: com.almasb.fxgl.entity.components.CollidableComponent
18:59:16.814 [JavaFX Application Thread] WARN  Entity               - Entity already has component: com.almasb.fxgl.entity.components.CollidableComponent
18:59:16.814 [JavaFX Application Thread] WARN  Entity               - Entity already has component: com.almasb.fxgl.entity.components.CollidableComponent
18:59:16.815 [JavaFX Application Thread] WARN  Entity               - Entity already has component: com.almasb.fxgl.entity.components.CollidableComponent
18:59:16.816 [JavaFX Application Thread] WARN  Entity               - Entity already has component: com.almasb.fxgl.entity.components.CollidableComponent
18:59:16.816 [JavaFX Application Thread] WARN  Entity               - Entity already has component: com.almasb.fxgl.entity.components.CollidableComponent
18:59:16.816 [JavaFX Application Thread] WARN  Entity               - Entity already has component: com.almasb.fxgl.entity.components.CollidableComponent
18:59:16.816 [JavaFX Application Thread] WARN  Entity               - Entity already has component: com.almasb.fxgl.entity.components.CollidableComponent
18:59:16.816 [JavaFX Application Thread] WARN  Entity               - Entity already has component: com.almasb.fxgl.entity.components.CollidableComponent
18:59:16.817 [JavaFX Application Thread] WARN  Entity               - Entity already has component: com.almasb.fxgl.entity.components.CollidableComponent
18:59:16.817 [JavaFX Application Thread] WARN  Entity               - Entity already has component: com.almasb.fxgl.entity.components.CollidableComponent
18:59:16.817 [JavaFX Application Thread] WARN  Entity               - Entity already has component: com.almasb.fxgl.entity.components.CollidableComponent
18:59:16.817 [JavaFX Application Thread] WARN  Entity               - Entity already has component: com.almasb.fxgl.entity.components.CollidableComponent
18:59:16.818 [JavaFX Application Thread] WARN  Entity               - Entity already has component: com.almasb.fxgl.entity.components.CollidableComponent
18:59:16.818 [JavaFX Application Thread] WARN  Entity               - Entity already has component: com.almasb.fxgl.entity.components.CollidableComponent
18:59:16.818 [JavaFX Application Thread] WARN  Entity               - Entity already has component: com.almasb.fxgl.entity.components.CollidableComponent
18:59:16.818 [JavaFX Application Thread] WARN  Entity               - Entity already has component: com.almasb.fxgl.entity.components.CollidableComponent
18:59:16.818 [JavaFX Application Thread] WARN  Entity               - Entity already has component: com.almasb.fxgl.entity.components.CollidableComponent
18:59:16.818 [JavaFX Application Thread] WARN  Entity               - Entity already has component: com.almasb.fxgl.entity.components.CollidableComponent
18:59:16.818 [JavaFX Application Thread] WARN  Entity               - Entity already has component: com.almasb.fxgl.entity.components.CollidableComponent
18:59:16.819 [JavaFX Application Thread] WARN  Entity               - Entity already has component: com.almasb.fxgl.entity.components.CollidableComponent
18:59:16.819 [JavaFX Application Thread] WARN  Entity               - Entity already has component: com.almasb.fxgl.entity.components.CollidableComponent
18:59:16.819 [JavaFX Application Thread] WARN  Entity               - Entity already has component: com.almasb.fxgl.entity.components.CollidableComponent
18:59:16.819 [JavaFX Application Thread] WARN  Entity               - Entity already has component: com.almasb.fxgl.entity.components.CollidableComponent
18:59:16.819 [JavaFX Application Thread] WARN  Entity               - Entity already has component: com.almasb.fxgl.entity.components.CollidableComponent
18:59:16.820 [JavaFX Application Thread] WARN  Entity               - Entity already has component: com.almasb.fxgl.entity.components.CollidableComponent
18:59:16.820 [JavaFX Application Thread] WARN  Entity               - Entity already has component: com.almasb.fxgl.entity.components.CollidableComponent
18:59:16.820 [JavaFX Application Thread] WARN  Entity               - Entity already has component: com.almasb.fxgl.entity.components.CollidableComponent
18:59:16.820 [JavaFX Application Thread] WARN  Entity               - Entity already has component: com.almasb.fxgl.entity.components.CollidableComponent
18:59:16.821 [JavaFX Application Thread] WARN  Entity               - Entity already has component: com.almasb.fxgl.entity.components.CollidableComponent
18:59:16.821 [JavaFX Application Thread] WARN  Entity               - Entity already has component: com.almasb.fxgl.entity.components.CollidableComponent
18:59:16.821 [JavaFX Application Thread] WARN  Entity               - Entity already has component: com.almasb.fxgl.entity.components.CollidableComponent
18:59:16.821 [JavaFX Application Thread] WARN  Entity               - Entity already has component: com.almasb.fxgl.entity.components.CollidableComponent
18:59:16.821 [JavaFX Application Thread] WARN  Entity               - Entity already has component: com.almasb.fxgl.entity.components.CollidableComponent
18:59:16.821 [JavaFX Application Thread] WARN  Entity               - Entity already has component: com.almasb.fxgl.entity.components.CollidableComponent
18:59:16.822 [JavaFX Application Thread] DEBUG GameWorld            - Clearing removable entities
18:59:16.822 [JavaFX Application Thread] DEBUG GameWorld            - Setting level: com.almasb.fxgl.entity.level.Level@2dbfceab
18:59:16.832 [JavaFX Application Thread] DEBUG FXGLAssetLoaderServi - Loading from file system: file:/C:/UNI/juego/Galactic%20odyssey%20(2)/Galactic%20odyssey/target/classes/assets/textures/comet.png
18:59:16.865 [JavaFX Application Thread] DEBUG Input                - Registered new binding: Move Right - D
18:59:16.865 [JavaFX Application Thread] DEBUG Input                - Registered new binding: Move Left - A
18:59:16.865 [JavaFX Application Thread] DEBUG Input                - Registered new binding: Move Up - W
18:59:16.865 [JavaFX Application Thread] DEBUG Input                - Registered new binding: Move Down - S
18:59:16.865 [JavaFX Application Thread] DEBUG Input                - Registered new binding: End Turn - Enter
18:59:16.866 [JavaFX Application Thread] DEBUG Input                - Registered new binding: Attack - LMB
18:59:16.866 [JavaFX Application Thread] DEBUG Input                - Registered new binding: Special Ability - E
18:59:16.866 [JavaFX Application Thread] DEBUG Input                - Registered new binding: Use Potion - 1
18:59:16.866 [JavaFX Application Thread] DEBUG Input                - Registered new binding: Use Shield - 2
18:59:16.866 [JavaFX Application Thread] DEBUG Input                - Registered new binding: LanzarBombaACasilla - RMB
18:59:16.866 [JavaFX Application Thread] DEBUG Input                - Registered new binding: Use Bomb - 3
18:59:16.867 [JavaFX Application Thread] DEBUG FXGLAssetLoaderServi - Loading from file system: file:/C:/UNI/juego/Galactic%20odyssey%20(2)/Galactic%20odyssey/target/classes/assets/textures/lyra.png
18:59:16.893 [JavaFX Application Thread] DEBUG FXGLAssetLoaderServi - Loading from file system: file:/C:/UNI/juego/Galactic%20odyssey%20(2)/Galactic%20odyssey/target/classes/assets/textures/cygnus.png
18:59:16.917 [JavaFX Application Thread] DEBUG FXGLAssetLoaderServi - Loading from file system: file:/C:/UNI/juego/Galactic%20odyssey%20(2)/Galactic%20odyssey/target/classes/assets/textures/deimos.png
18:59:16.941 [JavaFX Application Thread] DEBUG FXGLAssetLoaderServi - Loading from file system: file:/C:/UNI/juego/Galactic%20odyssey%20(2)/Galactic%20odyssey/target/classes/assets/textures/nebula.png
18:59:16.975 [JavaFX Application Thread] DEBUG FXGLAssetLoaderServi - Loading from file system: file:/C:/UNI/juego/Galactic%20odyssey%20(2)/Galactic%20odyssey/target/classes/assets/textures/dronecombate.png
18:59:16.976 [JavaFX Application Thread] WARN  Entity               - Entity already has component: com.almasb.fxgl.entity.components.CollidableComponent
18:59:16.978 [JavaFX Application Thread] WARN  GameWorld            - Entity is already attached to world
18:59:16.979 [JavaFX Application Thread] WARN  Entity               - Entity already has component: com.almasb.fxgl.entity.components.CollidableComponent
18:59:16.979 [JavaFX Application Thread] WARN  GameWorld            - Entity is already attached to world
18:59:16.979 [JavaFX Application Thread] WARN  Entity               - Entity already has component: com.almasb.fxgl.entity.components.CollidableComponent
18:59:16.979 [JavaFX Application Thread] WARN  GameWorld            - Entity is already attached to world
18:59:16.980 [JavaFX Application Thread] WARN  Entity               - Entity already has component: com.almasb.fxgl.entity.components.CollidableComponent
18:59:16.980 [JavaFX Application Thread] WARN  GameWorld            - Entity is already attached to world
18:59:16.980 [JavaFX Application Thread] WARN  Entity               - Entity already has component: com.almasb.fxgl.entity.components.CollidableComponent
18:59:16.980 [JavaFX Application Thread] WARN  GameWorld            - Entity is already attached to world
18:59:16.981 [JavaFX Application Thread] WARN  Entity               - Entity already has component: com.almasb.fxgl.entity.components.CollidableComponent
18:59:16.981 [JavaFX Application Thread] WARN  GameWorld            - Entity is already attached to world
18:59:16.981 [JavaFX Application Thread] DEBUG FXGLAssetLoaderServi - Loading from file system: file:/C:/UNI/juego/Galactic%20odyssey%20(2)/Galactic%20odyssey/target/classes/assets/textures/arana.png
18:59:16.982 [JavaFX Application Thread] WARN  Entity               - Entity already has component: com.almasb.fxgl.entity.components.CollidableComponent
18:59:16.982 [JavaFX Application Thread] WARN  GameWorld            - Entity is already attached to world
18:59:16.983 [JavaFX Application Thread] WARN  Entity               - Entity already has component: com.almasb.fxgl.entity.components.CollidableComponent
18:59:16.983 [JavaFX Application Thread] WARN  GameWorld            - Entity is already attached to world
18:59:16.983 [JavaFX Application Thread] WARN  Entity               - Entity already has component: com.almasb.fxgl.entity.components.CollidableComponent
18:59:16.983 [JavaFX Application Thread] WARN  GameWorld            - Entity is already attached to world
18:59:16.983 [JavaFX Application Thread] WARN  Entity               - Entity already has component: com.almasb.fxgl.entity.components.CollidableComponent
18:59:16.984 [JavaFX Application Thread] WARN  GameWorld            - Entity is already attached to world
18:59:16.984 [JavaFX Application Thread] WARN  Entity               - Entity already has component: com.almasb.fxgl.entity.components.CollidableComponent
18:59:16.984 [JavaFX Application Thread] WARN  GameWorld            - Entity is already attached to world
18:59:16.985 [JavaFX Application Thread] DEBUG FXGLAssetLoaderServi - Loading from file system: file:/C:/UNI/juego/Galactic%20odyssey%20(2)/Galactic%20odyssey/target/classes/assets/textures/pocion.png
18:59:16.988 [JavaFX Application Thread] DEBUG FXGLAssetLoaderServi - Loading from file system: file:/C:/UNI/juego/Galactic%20odyssey%20(2)/Galactic%20odyssey/target/classes/assets/textures/escudoEnergia.png
18:59:16.989 [JavaFX Application Thread] DEBUG FXGLAssetLoaderServi - Loading from file system: file:/C:/UNI/juego/Galactic%20odyssey%20(2)/Galactic%20odyssey/target/classes/assets/textures/BombaPlasma.png
18:59:16.990 [JavaFX Application Thread] DEBUG FXGLAssetLoaderServi - Loading from file system: file:/C:/UNI/juego/Galactic%20odyssey%20(2)/Galactic%20odyssey/target/classes/assets/textures/blackhole.png
18:59:16.991 [JavaFX Application Thread] DEBUG FXGLAssetLoaderServi - Loading from file system: file:/C:/UNI/juego/Galactic%20odyssey%20(2)/Galactic%20odyssey/target/classes/assets/textures/nebulosa.png
18:59:16.993 [JavaFX Application Thread] DEBUG FXGLAssetLoaderServi - Loading from file system: file:/C:/UNI/juego/Galactic%20odyssey%20(2)/Galactic%20odyssey/target/classes/assets/textures/trampa.png
18:59:18.761 [JavaFX Application Thread] DEBUG FXGLApplication      - Exiting FXGL
18:59:18.761 [JavaFX Application Thread] DEBUG LoopRunner           - Stopping loop
18:59:18.761 [JavaFX Application Thread] DEBUG SystemBundleService  - Saving FXGL system data
18:59:18.764 [JavaFX Application Thread] DEBUG FileSystemAccess     - Writing to: C:\UNI\juego\Galactic odyssey (2)\Galactic odyssey\system\fxgl.bundle
18:59:18.766 [JavaFX Application Thread] DEBUG Async                - Shutting down background threads
18:59:18.766 [JavaFX Application Thread] DEBUG PrimaryStageWindow   - Closing main window
18:59:18.843 [JavaFX Application Thread] DEBUG Logger               - Closing Logger
