19:01:05.282 [main                     ] DEBUG Logger               - Configured Logger
19:01:05.318 [main                     ] DEBUG GameApplication      - Logging settings
Title: Galactic Odyssey
Version: 0.0.1
Width: 1080
Height: 1080
Fullscreen: true
Intro: false
Profiling: false
Single step:false
App Mode: DEVELOPER
Menu Key: ESCAPE
Stage Style: DECORATED
Scene Factory: class App.App$1

19:01:05.540 [JavaFX Application Thread] DEBUG FXGLApplication      - Initializing FXGL
19:01:05.545 [JavaFX Application Thread] INFO  Engine               - FXGL-17.3 (30.03.2023 11.49) on WINDOWS (J:17.0.12 FX:17.0.2-ea)
19:01:05.545 [JavaFX Application Thread] DEBUG Engine               - JRE Vendor Name: Oracle Corporation
19:01:05.545 [JavaFX Application Thread] DEBUG Engine               - Running on OS: Windows 11 version 10.0
19:01:05.545 [JavaFX Application Thread] DEBUG Engine               - Architecture: amd64
19:01:05.546 [JavaFX Application Thread] INFO  Engine               - Source code and latest versions at: https://github.com/AlmasB/FXGL
19:01:05.546 [JavaFX Application Thread] INFO  Engine               -       Ask questions and discuss at: https://github.com/AlmasB/FXGL/discussions
19:01:05.546 [JavaFX Application Thread] INFO  Engine               -              Join the FXGL chat at: https://gitter.im/AlmasB/FXGL
19:01:05.606 [JavaFX Application Thread] DEBUG PrimaryStageWindow   - Creating a JavaFX scene
19:01:05.607 [JavaFX Application Thread] DEBUG PrimaryStageWindow   - Target size > screen size
19:01:05.629 [JavaFX Application Thread] DEBUG PrimaryStageWindow   - Target settings size: 1080.0 x 1080.0
19:01:05.630 [JavaFX Application Thread] DEBUG PrimaryStageWindow   - Scaled scene size:    743.0 x 768.0
19:01:05.630 [JavaFX Application Thread] DEBUG PrimaryStageWindow   - Scaled ratio: (0.687962962962963, 0.7111111111111111)
19:01:05.630 [JavaFX Application Thread] DEBUG PrimaryStageWindow   - Set initial scene to FXGLStartupScene
19:01:05.635 [JavaFX Application Thread] DEBUG PrimaryStageWindow   - Opening main window
19:01:05.691 [JavaFX Application Thread] DEBUG PrimaryStageWindow   - Window border size: (16.0, 39.0)
19:01:05.692 [JavaFX Application Thread] DEBUG PrimaryStageWindow   - Scaled size: 743.0 x 768.0
19:01:05.692 [JavaFX Application Thread] DEBUG PrimaryStageWindow   - Scaled ratio: (0.687962962962963, 0.7111111111111111)
19:01:05.692 [JavaFX Application Thread] DEBUG PrimaryStageWindow   - Scene size: 743.0 x 768.0
19:01:05.692 [JavaFX Application Thread] DEBUG PrimaryStageWindow   - Stage size: 759.0 x 807.0
19:01:05.737 [JavaFX Application Thread] DEBUG PrimaryStageWindow   - Going fullscreen
19:01:05.744 [FXGL Background Thread 1 ] DEBUG Engine               - Initializing environment variables
19:01:05.792 [FXGL Background Thread 1 ] DEBUG FXGLAssetLoaderServi - User app class for loading assets: class App.App
19:01:05.793 [FXGL Background Thread 1 ] DEBUG GameApplicationServi - Applying CSS: fxgl_dark.css
19:01:05.794 [FXGL Background Thread 1 ] DEBUG FXGLAssetLoaderServi - Loading from file system: jar:file:///C:/Users/Johan/.m2/repository/com/github/AlmasB/fxgl/17.3/fxgl-17.3.jar!/fxglassets/ui/css/fxgl_dark.css
19:01:05.836 [FXGL Background Thread 1 ] DEBUG GameApplicationServi - Initializing application scenes
19:01:05.889 [FXGL Background Thread 1 ] DEBUG GameWorld            - Game world initialized
19:01:05.953 [FXGL Background Thread 1 ] DEBUG PhysicsWorld         - Physics world initialized: appHeight=1080, physics.ppm=50.0
19:01:05.953 [FXGL Background Thread 1 ] DEBUG PhysicsWorld         - Using strategy: BRUTE_FORCE
19:01:05.957 [FXGL Background Thread 1 ] DEBUG GameScene            - Game scene initialized: 1080x1080
19:01:05.971 [FXGL Background Thread 1 ] DEBUG FXGL.DefaultMenu     - createMenuBodyGameMenu()
19:01:05.984 [FXGL Background Thread 1 ] DEBUG FXGL.DefaultMenu     - createOptionsMenu()
19:01:05.997 [FXGL Background Thread 1 ] DEBUG FXGLAssetLoaderServi - Loading from file system: jar:file:///C:/Users/Johan/.m2/repository/com/github/AlmasB/fxgl/17.3/fxgl-17.3.jar!/fxglassets/textures/particles/smoke.png
19:01:06.081 [FXGL Background Thread 1 ] DEBUG FXGLAssetLoaderServi - Loading from file system: jar:file:///C:/Users/Johan/.m2/repository/com/github/AlmasB/fxgl/17.3/fxgl-17.3.jar!/fxglassets/textures/particles/trace_horizontal.png
19:01:06.100 [FXGL Background Thread 1 ] DEBUG GameApplicationServi - Application scenes initialized
19:01:06.110 [FXGL Background Thread 1 ] DEBUG SystemBundleService  - Loading FXGL system data
19:01:06.114 [FXGL Background Thread 1 ] DEBUG FileSystemAccess     - Reading from: C:\UNI\juego\Galactic odyssey (2)\Galactic odyssey\system\fxgl.bundle
19:01:06.122 [FXGL Background Thread 1 ] DEBUG SystemBundleService  - Bundle FXGL: {}
19:01:06.122 [FXGL Background Thread 1 ] DEBUG UpdaterService       - Checking for updates
19:01:06.126 [FXGL Background Thread 4 ] DEBUG FXGLApplication      - Loading fonts
19:01:06.126 [FXGL Background Thread 1 ] DEBUG FXGLApplication      - Loading default localization
19:01:06.127 [FXGL Background Thread 4 ] DEBUG FXGLAssetLoaderServi - Loading from file system: jar:file:///C:/Users/Johan/.m2/repository/com/github/AlmasB/fxgl/17.3/fxgl-17.3.jar!/fxglassets/ui/fonts/VarelaRound-Regular.ttf
19:01:06.127 [FXGL Background Thread 1 ] DEBUG FXGLAssetLoaderServi - Loading from file system: jar:file:///C:/Users/Johan/.m2/repository/com/github/AlmasB/fxgl/17.3/fxgl-17.3.jar!/fxglassets/languages/english.lang
19:01:06.146 [FXGL Background Thread 1 ] INFO  FXGLApplication      - FXGL initialization took: 0.402 sec
19:01:06.147 [JavaFX Application Thread] DEBUG FXGLAssetLoaderServi - Loading from file system: jar:file:///C:/Users/Johan/.m2/repository/com/github/AlmasB/fxgl/17.3/fxgl-17.3.jar!/fxglassets/textures/fxgl_icon.png
19:01:06.160 [JavaFX Application Thread] DEBUG FXGLAssetLoaderServi - Loading from file system: jar:file:///C:/Users/Johan/.m2/repository/com/github/AlmasB/fxgl/17.3/fxgl-17.3.jar!/fxglassets/textures/fxgl_default_cursor.png
19:01:06.170 [JavaFX Application Thread] DEBUG Input                - Registered new binding: Screenshot - CTRL+8
19:01:06.170 [JavaFX Application Thread] DEBUG Input                - Registered new binding: System info dump - CTRL+9
19:01:06.172 [JavaFX Application Thread] DEBUG Input                - Registered new binding: Restart - CTRL+R
19:01:06.173 [JavaFX Application Thread] DEBUG Input                - Registered new binding: Toggle Debug Camera - CTRL+7
19:01:06.175 [JavaFX Application Thread] DEBUG LoopRunner           - Starting loop
19:01:06.176 [JavaFX Application Thread] DEBUG LoopRunner           - Initializing JavaFX AnimationTimerLoop
19:01:06.177 [JavaFX Application Thread] DEBUG GameApplicationServi - Starting new game
19:01:06.177 [JavaFX Application Thread] DEBUG Input                - Clearing active input actions
19:01:06.179 [FXGL Background Thread 4 ] DEBUG FXGLAssetLoaderServi - Loading from file system: jar:file:///C:/Users/Johan/.m2/repository/com/github/AlmasB/fxgl/17.3/fxgl-17.3.jar!/fxglassets/ui/fonts/Abel-Regular.ttf
19:01:06.181 [FXGL Background Thread 4 ] DEBUG FXGLAssetLoaderServi - Loading from file system: jar:file:///C:/Users/Johan/.m2/repository/com/github/AlmasB/fxgl/17.3/fxgl-17.3.jar!/fxglassets/ui/fonts/TerminalLandMono-Regular.otf
19:01:06.184 [FXGL Background Thread 4 ] DEBUG FXGLAssetLoaderServi - Loading from file system: jar:file:///C:/Users/Johan/.m2/repository/com/github/AlmasB/fxgl/17.3/fxgl-17.3.jar!/fxglassets/ui/fonts/Courier-Prime.ttf
19:01:06.190 [JavaFX Application Thread] DEBUG GameApplicationServi - Removing overlay from FXGLStartupScene and adding to MyLoadingScene
19:01:06.190 [JavaFX Application Thread] DEBUG PrimaryStageWindow   - FXGLStartupScene -> MyLoadingScene
19:01:06.190 [JavaFX Application Thread] DEBUG GameApplicationServi - Clearing previous game
19:01:06.190 [JavaFX Application Thread] DEBUG GameScene            - Clearing game scene
19:01:06.191 [JavaFX Application Thread] DEBUG GameWorld            - Clearing game world
19:01:06.191 [JavaFX Application Thread] DEBUG PhysicsWorld         - Clearing physics world
19:01:06.192 [FXGL Background Thread 4 ] DEBUG FXGLApplication      - Initializing game
19:01:06.198 [FXGL Background Thread 4 ] DEBUG Input                - Registered new binding: Mostrar Puzzle - P
19:01:06.204 [FXGL Background Thread 4 ] DEBUG FXGLAssetLoaderServi - Loading from file system: file:/C:/UNI/juego/Galactic%20odyssey%20(2)/Galactic%20odyssey/target/classes/assets/textures/fondo_menu.png
19:01:06.221 [FXGL Background Thread 4 ] DEBUG FXGLAssetLoaderServi - Loading from file system: file:/C:/UNI/juego/Galactic%20odyssey%20(2)/Galactic%20odyssey/target/classes/assets/music/intro.mp3
19:01:06.223 [JavaFX Application Thread] DEBUG FXGLApplication      - Registering font factories with UI factory
19:01:06.312 [FXGL Background Thread 4 ] DEBUG AudioPlayer          - Playing music com.almasb.fxgl.audio.Music@3c29f823
19:01:06.319 [FXGL Background Thread 4 ] INFO  FXGLApplication      - Game initialization took: 0.127 sec
19:01:06.320 [JavaFX Application Thread] DEBUG Input                - Clearing active input actions
19:01:06.325 [JavaFX Application Thread] DEBUG GameApplicationServi - Removing overlay from MyLoadingScene and adding to GameScene
19:01:06.325 [JavaFX Application Thread] DEBUG PrimaryStageWindow   - MyLoadingScene -> GameScene
19:01:09.126 [FXGL Background Thread 3 ] DEBUG Engine               - Logging environment variables
19:01:09.128 [FXGL Background Thread 3 ] DEBUG Engine               - achievements: []
19:01:09.129 [FXGL Background Thread 3 ] DEBUG Engine               - actualHeight: 768.0
19:01:09.129 [FXGL Background Thread 3 ] DEBUG Engine               - actualHeightProperty: ReadOnlyDoubleProperty [value: 768.0]
19:01:09.129 [FXGL Background Thread 3 ] DEBUG Engine               - actualWidth: 1366.0
19:01:09.129 [FXGL Background Thread 3 ] DEBUG Engine               - actualWidthProperty: ReadOnlyDoubleProperty [value: 1366.0]
19:01:09.129 [FXGL Background Thread 3 ] DEBUG Engine               - appIcon: fxgl_icon.png
19:01:09.129 [FXGL Background Thread 3 ] DEBUG Engine               - applicationMode: DEVELOPER
19:01:09.130 [FXGL Background Thread 3 ] DEBUG Engine               - cSSList: [fxgl_dark.css]
19:01:09.130 [FXGL Background Thread 3 ] DEBUG Engine               - collisionDetectionStrategy: BRUTE_FORCE
19:01:09.130 [FXGL Background Thread 3 ] DEBUG Engine               - configClass: Optional.empty
19:01:09.130 [FXGL Background Thread 3 ] DEBUG Engine               - credits: []
19:01:09.131 [FXGL Background Thread 3 ] DEBUG Engine               - defaultCursor: CursorInfo(imageName=fxgl_default_cursor.png, hotspotX=7.0, hotspotY=6.0)
19:01:09.131 [FXGL Background Thread 3 ] DEBUG Engine               - devBBoxColorProperty: ObjectProperty [value: 0xff0000ff]
19:01:09.131 [FXGL Background Thread 3 ] DEBUG Engine               - devEnableDebugCameraProperty: BooleanProperty [value: false]
19:01:09.131 [FXGL Background Thread 3 ] DEBUG Engine               - devSensorColorProperty: ObjectProperty [value: 0xffff00ff]
19:01:09.131 [FXGL Background Thread 3 ] DEBUG Engine               - devShowBBoxProperty: BooleanProperty [value: false]
19:01:09.131 [FXGL Background Thread 3 ] DEBUG Engine               - devShowPositionProperty: BooleanProperty [value: false]
19:01:09.132 [FXGL Background Thread 3 ] DEBUG Engine               - enabledMenuItems: []
19:01:09.132 [FXGL Background Thread 3 ] DEBUG Engine               - engineServices: [class com.almasb.fxgl.app.services.FXGLAssetLoaderService, class com.almasb.fxgl.app.FXGLApplication$GameApplicationService, class com.almasb.fxgl.app.services.FXGLDialogService, class com.almasb.fxgl.app.services.IOTaskExecutorService, class com.almasb.fxgl.io.FileSystemService, class com.almasb.fxgl.localization.LocalizationService, class com.almasb.fxgl.app.services.SystemBundleService, class com.almasb.fxgl.profile.SaveLoadService, class com.almasb.fxgl.ui.FXGLUIFactoryServiceProvider, class com.almasb.fxgl.ui.FXGLDialogFactoryServiceProvider, class com.almasb.fxgl.audio.AudioPlayer, class com.almasb.fxgl.notification.impl.NotificationServiceProvider, class com.almasb.fxgl.achievement.AchievementService, class com.almasb.fxgl.cutscene.CutsceneService, class com.almasb.fxgl.minigames.MiniGameService, class com.almasb.fxgl.net.NetService, class com.almasb.fxgl.app.services.UpdaterService, class com.almasb.fxgl.dev.DevService]
19:01:09.132 [FXGL Background Thread 3 ] DEBUG Engine               - fontGame: Abel-Regular.ttf
19:01:09.132 [FXGL Background Thread 3 ] DEBUG Engine               - fontMono: TerminalLandMono-Regular.otf
19:01:09.132 [FXGL Background Thread 3 ] DEBUG Engine               - fontSizeScaleUI: 1.0
19:01:09.133 [FXGL Background Thread 3 ] DEBUG Engine               - fontText: Courier-Prime.ttf
19:01:09.133 [FXGL Background Thread 3 ] DEBUG Engine               - fontUI: VarelaRound-Regular.ttf
19:01:09.133 [FXGL Background Thread 3 ] DEBUG Engine               - fullScreen: BooleanProperty [value: true]
19:01:09.133 [FXGL Background Thread 3 ] DEBUG Engine               - gameDifficulty: MEDIUM
19:01:09.133 [FXGL Background Thread 3 ] DEBUG Engine               - gameDifficultyProperty: ObjectProperty [value: MEDIUM]
19:01:09.133 [FXGL Background Thread 3 ] DEBUG Engine               - globalMusicVolume: 0.5
19:01:09.133 [FXGL Background Thread 3 ] DEBUG Engine               - globalMusicVolumeProperty: DoubleProperty [value: 0.5]
19:01:09.133 [FXGL Background Thread 3 ] DEBUG Engine               - globalSoundVolume: 0.5
19:01:09.133 [FXGL Background Thread 3 ] DEBUG Engine               - globalSoundVolumeProperty: DoubleProperty [value: 0.5]
19:01:09.133 [FXGL Background Thread 3 ] DEBUG Engine               - height: 1080
19:01:09.134 [FXGL Background Thread 3 ] DEBUG Engine               - is3D: false
19:01:09.134 [FXGL Background Thread 3 ] DEBUG Engine               - isAndroid: false
19:01:09.134 [FXGL Background Thread 3 ] DEBUG Engine               - isBrowser: false
19:01:09.134 [FXGL Background Thread 3 ] DEBUG Engine               - isClickFeedbackEnabled: false
19:01:09.134 [FXGL Background Thread 3 ] DEBUG Engine               - isCloseConfirmation: false
19:01:09.134 [FXGL Background Thread 3 ] DEBUG Engine               - isDesktop: true
19:01:09.134 [FXGL Background Thread 3 ] DEBUG Engine               - isDeveloperMenuEnabled: false
19:01:09.134 [FXGL Background Thread 3 ] DEBUG Engine               - isEmbedded: false
19:01:09.134 [FXGL Background Thread 3 ] DEBUG Engine               - isEntityPreloadEnabled: true
19:01:09.134 [FXGL Background Thread 3 ] DEBUG Engine               - isExperimentalTiledLargeMap: false
19:01:09.134 [FXGL Background Thread 3 ] DEBUG Engine               - isFileSystemWriteAllowed: true
19:01:09.135 [FXGL Background Thread 3 ] DEBUG Engine               - isFullScreenAllowed: true
19:01:09.135 [FXGL Background Thread 3 ] DEBUG Engine               - isFullScreenFromStart: true
19:01:09.135 [FXGL Background Thread 3 ] DEBUG Engine               - isGameMenuEnabled: true
19:01:09.135 [FXGL Background Thread 3 ] DEBUG Engine               - isIOS: false
19:01:09.135 [FXGL Background Thread 3 ] DEBUG Engine               - isIntroEnabled: false
19:01:09.135 [FXGL Background Thread 3 ] DEBUG Engine               - isLinux: false
19:01:09.135 [FXGL Background Thread 3 ] DEBUG Engine               - isMac: false
19:01:09.135 [FXGL Background Thread 3 ] DEBUG Engine               - isMainMenuEnabled: false
19:01:09.135 [FXGL Background Thread 3 ] DEBUG Engine               - isManualResizeEnabled: false
19:01:09.136 [FXGL Background Thread 3 ] DEBUG Engine               - isMobile: false
19:01:09.136 [FXGL Background Thread 3 ] DEBUG Engine               - isNative: false
19:01:09.136 [FXGL Background Thread 3 ] DEBUG Engine               - isPauseMusicWhenMinimized: true
19:01:09.136 [FXGL Background Thread 3 ] DEBUG Engine               - isPreserveResizeRatio: false
19:01:09.136 [FXGL Background Thread 3 ] DEBUG Engine               - isProfilingEnabled: false
19:01:09.137 [FXGL Background Thread 3 ] DEBUG Engine               - isScaleAffectedOnResize: true
19:01:09.137 [FXGL Background Thread 3 ] DEBUG Engine               - isSingleStep: false
19:01:09.137 [FXGL Background Thread 3 ] DEBUG Engine               - isUserProfileEnabled: false
19:01:09.137 [FXGL Background Thread 3 ] DEBUG Engine               - isWindows: true
19:01:09.137 [FXGL Background Thread 3 ] DEBUG Engine               - language: ObjectProperty [value: ENGLISH]
19:01:09.137 [FXGL Background Thread 3 ] DEBUG Engine               - menuKey: ESCAPE
19:01:09.137 [FXGL Background Thread 3 ] DEBUG Engine               - mouseSensitivity: 0.2
19:01:09.137 [FXGL Background Thread 3 ] DEBUG Engine               - notificationViewClass: class com.almasb.fxgl.notification.view.XboxNotificationView
19:01:09.138 [FXGL Background Thread 3 ] DEBUG Engine               - pixelsPerMeter: 50.0
19:01:09.138 [FXGL Background Thread 3 ] DEBUG Engine               - platform: WINDOWS
19:01:09.138 [FXGL Background Thread 3 ] DEBUG Engine               - prefHeightProperty: ReadOnlyDoubleProperty [value: 1080.0]
19:01:09.138 [FXGL Background Thread 3 ] DEBUG Engine               - prefWidthProperty: ReadOnlyDoubleProperty [value: 1080.0]
19:01:09.138 [FXGL Background Thread 3 ] DEBUG Engine               - profileDir: profiles/
19:01:09.138 [FXGL Background Thread 3 ] DEBUG Engine               - profileName: StringProperty [value: DEFAULT]
19:01:09.138 [FXGL Background Thread 3 ] DEBUG Engine               - randomSeed: -1
19:01:09.139 [FXGL Background Thread 3 ] DEBUG Engine               - runtimeInfo: RuntimeInfo(platform=WINDOWS, version=17.3, build=30.03.2023 11.49)
19:01:09.139 [FXGL Background Thread 3 ] DEBUG Engine               - saveFileExt: sav
19:01:09.139 [FXGL Background Thread 3 ] DEBUG Engine               - scaledHeightProp$fxgl: DoubleProperty [bound, value: 768.0]
19:01:09.139 [FXGL Background Thread 3 ] DEBUG Engine               - scaledWidthProp$fxgl: DoubleProperty [bound, value: 1366.0]
19:01:09.139 [FXGL Background Thread 3 ] DEBUG Engine               - sceneFactory: App.App$1@571ee47c
19:01:09.139 [FXGL Background Thread 3 ] DEBUG Engine               - secondsIn24h: 60
19:01:09.139 [FXGL Background Thread 3 ] DEBUG Engine               - soundMenuBack: menu/back.wav
19:01:09.139 [FXGL Background Thread 3 ] DEBUG Engine               - soundMenuPress: menu/press.wav
19:01:09.139 [FXGL Background Thread 3 ] DEBUG Engine               - soundMenuSelect: menu/select.wav
19:01:09.139 [FXGL Background Thread 3 ] DEBUG Engine               - soundNotification: core/notification.wav
19:01:09.139 [FXGL Background Thread 3 ] DEBUG Engine               - stageStyle: DECORATED
19:01:09.139 [FXGL Background Thread 3 ] DEBUG Engine               - supportedLanguages: [ENGLISH, FRENCH, GERMAN, HUNGARIAN, RUSSIAN]
19:01:09.139 [FXGL Background Thread 3 ] DEBUG Engine               - ticksPerSecond: -1
19:01:09.139 [FXGL Background Thread 3 ] DEBUG Engine               - title: Galactic Odyssey
19:01:09.139 [FXGL Background Thread 3 ] DEBUG Engine               - urlGithub: https://github.com/AlmasB/FXGL
19:01:09.139 [FXGL Background Thread 3 ] DEBUG Engine               - urlLeaderboard: http://fxgl-top.herokuapp.com/
19:01:09.140 [FXGL Background Thread 3 ] DEBUG Engine               - urlPOM: https://raw.githubusercontent.com/AlmasB/FXGL/release/README.md
19:01:09.140 [FXGL Background Thread 3 ] DEBUG Engine               - userAppClass: class App.App
19:01:09.140 [FXGL Background Thread 3 ] DEBUG Engine               - version: 0.0.1
19:01:09.140 [FXGL Background Thread 3 ] DEBUG Engine               - versionCheckDays: 7
19:01:09.140 [FXGL Background Thread 3 ] DEBUG Engine               - width: 1080
19:01:09.140 [FXGL Background Thread 3 ] DEBUG Engine               - Logging services
19:01:09.140 [FXGL Background Thread 3 ] DEBUG Engine               - class com.almasb.fxgl.app.services.FXGLAssetLoaderService
19:01:09.140 [FXGL Background Thread 3 ] DEBUG Engine               - class com.almasb.fxgl.app.FXGLApplication$GameApplicationService
19:01:09.140 [FXGL Background Thread 3 ] DEBUG Engine               - class com.almasb.fxgl.app.services.FXGLDialogService
19:01:09.140 [FXGL Background Thread 3 ] DEBUG Engine               - class com.almasb.fxgl.app.services.IOTaskExecutorService
19:01:09.140 [FXGL Background Thread 3 ] DEBUG Engine               - class com.almasb.fxgl.io.FileSystemService
19:01:09.140 [FXGL Background Thread 3 ] DEBUG Engine               - class com.almasb.fxgl.localization.LocalizationService
19:01:09.141 [FXGL Background Thread 3 ] DEBUG Engine               - class com.almasb.fxgl.app.services.SystemBundleService
19:01:09.141 [FXGL Background Thread 3 ] DEBUG Engine               - class com.almasb.fxgl.profile.SaveLoadService
19:01:09.141 [FXGL Background Thread 3 ] DEBUG Engine               - class com.almasb.fxgl.ui.FXGLUIFactoryServiceProvider
19:01:09.141 [FXGL Background Thread 3 ] DEBUG Engine               - class com.almasb.fxgl.ui.FXGLDialogFactoryServiceProvider
19:01:09.141 [FXGL Background Thread 3 ] DEBUG Engine               - class com.almasb.fxgl.audio.AudioPlayer
19:01:09.141 [FXGL Background Thread 3 ] DEBUG Engine               - class com.almasb.fxgl.notification.impl.NotificationServiceProvider
19:01:09.141 [FXGL Background Thread 3 ] DEBUG Engine               - class com.almasb.fxgl.achievement.AchievementService
19:01:09.142 [FXGL Background Thread 3 ] DEBUG Engine               - class com.almasb.fxgl.cutscene.CutsceneService
19:01:09.142 [FXGL Background Thread 3 ] DEBUG Engine               - class com.almasb.fxgl.minigames.MiniGameService
19:01:09.142 [FXGL Background Thread 3 ] DEBUG Engine               - class com.almasb.fxgl.net.NetService
19:01:09.142 [FXGL Background Thread 3 ] DEBUG Engine               - class com.almasb.fxgl.app.services.UpdaterService
19:01:09.142 [FXGL Background Thread 3 ] DEBUG Engine               - class com.almasb.fxgl.dev.DevService
19:01:09.838 [FXGL Background Thread 2 ] INFO  UpdaterService       - Your current version:  17.3
19:01:09.839 [FXGL Background Thread 2 ] INFO  UpdaterService       - Latest stable version: 21.1
19:01:19.341 [JavaFX Application Thread] DEBUG AudioPlayer          - Playing music com.almasb.fxgl.audio.Music@3c29f823
19:01:24.866 [JavaFX Application Thread] DEBUG FXGLApplication      - Exiting FXGL
19:01:24.866 [JavaFX Application Thread] DEBUG LoopRunner           - Stopping loop
19:01:24.866 [JavaFX Application Thread] DEBUG SystemBundleService  - Saving FXGL system data
19:01:24.869 [JavaFX Application Thread] DEBUG FileSystemAccess     - Writing to: C:\UNI\juego\Galactic odyssey (2)\Galactic odyssey\system\fxgl.bundle
19:01:24.872 [JavaFX Application Thread] DEBUG Async                - Shutting down background threads
19:01:24.872 [JavaFX Application Thread] DEBUG PrimaryStageWindow   - Closing main window
19:01:24.941 [JavaFX Application Thread] DEBUG Logger               - Closing Logger
