22:35:41.604 [main                     ] DEBUG Logger               - Configured Logger
22:35:41.641 [main                     ] DEBUG GameApplication      - Logging settings
Title: Galactic Odyssey
Version: 0.0.1
Width: 1080
Height: 1080
Fullscreen: true
Intro: false
Profiling: false
Single step:false
App Mode: DEVELOPER
Menu Key: ESCAPE
Stage Style: DECORATED
Scene Factory: class App.App$1

22:35:41.946 [JavaFX Application Thread] DEBUG FXGLApplication      - Initializing FXGL
22:35:41.951 [JavaFX Application Thread] INFO  Engine               - FXGL-17.3 (30.03.2023 11.49) on WINDOWS (J:17.0.12 FX:17.0.2-ea)
22:35:41.952 [JavaFX Application Thread] DEBUG Engine               - JRE Vendor Name: Oracle Corporation
22:35:41.952 [JavaFX Application Thread] DEBUG Engine               - Running on OS: Windows 11 version 10.0
22:35:41.952 [JavaFX Application Thread] DEBUG Engine               - Architecture: amd64
22:35:41.952 [JavaFX Application Thread] INFO  Engine               - Source code and latest versions at: https://github.com/AlmasB/FXGL
22:35:41.953 [JavaFX Application Thread] INFO  Engine               -       Ask questions and discuss at: https://github.com/AlmasB/FXGL/discussions
22:35:41.953 [JavaFX Application Thread] INFO  Engine               -              Join the FXGL chat at: https://gitter.im/AlmasB/FXGL
22:35:42.014 [JavaFX Application Thread] DEBUG PrimaryStageWindow   - Creating a JavaFX scene
22:35:42.015 [JavaFX Application Thread] DEBUG PrimaryStageWindow   - Target size > screen size
22:35:42.040 [JavaFX Application Thread] DEBUG PrimaryStageWindow   - Target settings size: 1080.0 x 1080.0
22:35:42.041 [JavaFX Application Thread] DEBUG PrimaryStageWindow   - Scaled scene size:    743.0 x 768.0
22:35:42.041 [JavaFX Application Thread] DEBUG PrimaryStageWindow   - Scaled ratio: (0.687962962962963, 0.7111111111111111)
22:35:42.042 [JavaFX Application Thread] DEBUG PrimaryStageWindow   - Set initial scene to FXGLStartupScene
22:35:42.048 [JavaFX Application Thread] DEBUG PrimaryStageWindow   - Opening main window
22:35:42.109 [JavaFX Application Thread] DEBUG PrimaryStageWindow   - Window border size: (16.0, 39.0)
22:35:42.109 [JavaFX Application Thread] DEBUG PrimaryStageWindow   - Scaled size: 743.0 x 768.0
22:35:42.109 [JavaFX Application Thread] DEBUG PrimaryStageWindow   - Scaled ratio: (0.687962962962963, 0.7111111111111111)
22:35:42.110 [JavaFX Application Thread] DEBUG PrimaryStageWindow   - Scene size: 743.0 x 768.0
22:35:42.110 [JavaFX Application Thread] DEBUG PrimaryStageWindow   - Stage size: 759.0 x 807.0
22:35:42.213 [JavaFX Application Thread] DEBUG PrimaryStageWindow   - Going fullscreen
22:35:42.224 [FXGL Background Thread 1 ] DEBUG Engine               - Initializing environment variables
22:35:42.271 [FXGL Background Thread 1 ] DEBUG FXGLAssetLoaderServi - User app class for loading assets: class App.App
22:35:42.271 [FXGL Background Thread 1 ] DEBUG GameApplicationServi - Applying CSS: fxgl_dark.css
22:35:42.272 [FXGL Background Thread 1 ] DEBUG FXGLAssetLoaderServi - Loading from file system: jar:file:///C:/Users/Johan/.m2/repository/com/github/AlmasB/fxgl/17.3/fxgl-17.3.jar!/fxglassets/ui/css/fxgl_dark.css
22:35:42.321 [FXGL Background Thread 1 ] DEBUG GameApplicationServi - Initializing application scenes
22:35:42.363 [FXGL Background Thread 1 ] DEBUG GameWorld            - Game world initialized
22:35:42.436 [FXGL Background Thread 1 ] DEBUG PhysicsWorld         - Physics world initialized: appHeight=1080, physics.ppm=50.0
22:35:42.436 [FXGL Background Thread 1 ] DEBUG PhysicsWorld         - Using strategy: BRUTE_FORCE
22:35:42.440 [FXGL Background Thread 1 ] DEBUG GameScene            - Game scene initialized: 1080x1080
22:35:42.451 [FXGL Background Thread 1 ] DEBUG FXGL.DefaultMenu     - createMenuBodyGameMenu()
22:35:42.461 [FXGL Background Thread 1 ] DEBUG FXGL.DefaultMenu     - createOptionsMenu()
22:35:42.472 [FXGL Background Thread 1 ] DEBUG FXGLAssetLoaderServi - Loading from file system: jar:file:///C:/Users/Johan/.m2/repository/com/github/AlmasB/fxgl/17.3/fxgl-17.3.jar!/fxglassets/textures/particles/smoke.png
22:35:42.556 [FXGL Background Thread 1 ] DEBUG FXGLAssetLoaderServi - Loading from file system: jar:file:///C:/Users/Johan/.m2/repository/com/github/AlmasB/fxgl/17.3/fxgl-17.3.jar!/fxglassets/textures/particles/trace_horizontal.png
22:35:42.583 [FXGL Background Thread 1 ] DEBUG GameApplicationServi - Application scenes initialized
22:35:42.594 [FXGL Background Thread 1 ] DEBUG SystemBundleService  - Loading FXGL system data
22:35:42.600 [FXGL Background Thread 1 ] DEBUG FileSystemAccess     - Reading from: C:\UNI\juego\Galactic odyssey (2)\Galactic odyssey\system\fxgl.bundle
22:35:42.608 [FXGL Background Thread 1 ] DEBUG SystemBundleService  - Bundle FXGL: {}
22:35:42.608 [FXGL Background Thread 1 ] DEBUG UpdaterService       - Checking for updates
22:35:42.613 [FXGL Background Thread 4 ] DEBUG FXGLApplication      - Loading fonts
22:35:42.613 [FXGL Background Thread 1 ] DEBUG FXGLApplication      - Loading default localization
22:35:42.613 [FXGL Background Thread 4 ] DEBUG FXGLAssetLoaderServi - Loading from file system: jar:file:///C:/Users/Johan/.m2/repository/com/github/AlmasB/fxgl/17.3/fxgl-17.3.jar!/fxglassets/ui/fonts/VarelaRound-Regular.ttf
22:35:42.613 [FXGL Background Thread 1 ] DEBUG FXGLAssetLoaderServi - Loading from file system: jar:file:///C:/Users/Johan/.m2/repository/com/github/AlmasB/fxgl/17.3/fxgl-17.3.jar!/fxglassets/languages/english.lang
22:35:42.629 [FXGL Background Thread 1 ] INFO  FXGLApplication      - FXGL initialization took: 0.405 sec
22:35:42.630 [JavaFX Application Thread] DEBUG FXGLAssetLoaderServi - Loading from file system: jar:file:///C:/Users/Johan/.m2/repository/com/github/AlmasB/fxgl/17.3/fxgl-17.3.jar!/fxglassets/textures/fxgl_icon.png
22:35:42.646 [JavaFX Application Thread] DEBUG FXGLAssetLoaderServi - Loading from file system: jar:file:///C:/Users/Johan/.m2/repository/com/github/AlmasB/fxgl/17.3/fxgl-17.3.jar!/fxglassets/textures/fxgl_default_cursor.png
22:35:42.656 [JavaFX Application Thread] DEBUG Input                - Registered new binding: Screenshot - CTRL+8
22:35:42.657 [JavaFX Application Thread] DEBUG Input                - Registered new binding: System info dump - CTRL+9
22:35:42.657 [JavaFX Application Thread] DEBUG Input                - Registered new binding: Restart - CTRL+R
22:35:42.660 [JavaFX Application Thread] DEBUG Input                - Registered new binding: Toggle Debug Camera - CTRL+7
22:35:42.663 [JavaFX Application Thread] DEBUG LoopRunner           - Starting loop
22:35:42.663 [JavaFX Application Thread] DEBUG LoopRunner           - Initializing JavaFX AnimationTimerLoop
22:35:42.664 [JavaFX Application Thread] DEBUG GameApplicationServi - Starting new game
22:35:42.665 [JavaFX Application Thread] DEBUG Input                - Clearing active input actions
22:35:42.685 [JavaFX Application Thread] DEBUG GameApplicationServi - Removing overlay from FXGLStartupScene and adding to MyLoadingScene
22:35:42.685 [JavaFX Application Thread] DEBUG PrimaryStageWindow   - FXGLStartupScene -> MyLoadingScene
22:35:42.685 [JavaFX Application Thread] DEBUG GameApplicationServi - Clearing previous game
22:35:42.685 [JavaFX Application Thread] DEBUG GameScene            - Clearing game scene
22:35:42.686 [JavaFX Application Thread] DEBUG GameWorld            - Clearing game world
22:35:42.686 [JavaFX Application Thread] DEBUG PhysicsWorld         - Clearing physics world
22:35:42.687 [FXGL Background Thread 1 ] DEBUG FXGLApplication      - Initializing game
22:35:42.692 [FXGL Background Thread 4 ] DEBUG FXGLAssetLoaderServi - Loading from file system: jar:file:///C:/Users/Johan/.m2/repository/com/github/AlmasB/fxgl/17.3/fxgl-17.3.jar!/fxglassets/ui/fonts/Abel-Regular.ttf
22:35:42.696 [FXGL Background Thread 4 ] DEBUG FXGLAssetLoaderServi - Loading from file system: jar:file:///C:/Users/Johan/.m2/repository/com/github/AlmasB/fxgl/17.3/fxgl-17.3.jar!/fxglassets/ui/fonts/TerminalLandMono-Regular.otf
22:35:42.702 [FXGL Background Thread 1 ] DEBUG Input                - Registered new binding: Mostrar Puzzle - P
22:35:42.706 [FXGL Background Thread 1 ] DEBUG FXGLAssetLoaderServi - Loading from file system: file:/C:/UNI/juego/Galactic%20odyssey%20(2)/Galactic%20odyssey/target/classes/assets/textures/fondo_menu.png
22:35:42.713 [FXGL Background Thread 4 ] DEBUG FXGLAssetLoaderServi - Loading from file system: jar:file:///C:/Users/Johan/.m2/repository/com/github/AlmasB/fxgl/17.3/fxgl-17.3.jar!/fxglassets/ui/fonts/Courier-Prime.ttf
22:35:42.739 [JavaFX Application Thread] DEBUG FXGLApplication      - Registering font factories with UI factory
22:35:42.747 [FXGL Background Thread 1 ] DEBUG FXGLAssetLoaderServi - Loading from file system: file:/C:/UNI/juego/Galactic%20odyssey%20(2)/Galactic%20odyssey/target/classes/assets/music/intro.mp3
22:35:42.893 [FXGL Background Thread 1 ] DEBUG AudioPlayer          - Playing music com.almasb.fxgl.audio.Music@1a57ce56
22:35:42.899 [FXGL Background Thread 1 ] INFO  FXGLApplication      - Game initialization took: 0.210 sec
22:35:42.899 [JavaFX Application Thread] DEBUG Input                - Clearing active input actions
22:35:42.905 [JavaFX Application Thread] DEBUG GameApplicationServi - Removing overlay from MyLoadingScene and adding to GameScene
22:35:42.905 [JavaFX Application Thread] DEBUG PrimaryStageWindow   - MyLoadingScene -> GameScene
22:35:43.893 [FXGL Background Thread 2 ] INFO  UpdaterService       - Your current version:  17.3
22:35:43.894 [FXGL Background Thread 2 ] INFO  UpdaterService       - Latest stable version: 21.1
22:35:45.613 [FXGL Background Thread 3 ] DEBUG Engine               - Logging environment variables
22:35:45.616 [FXGL Background Thread 3 ] DEBUG Engine               - achievements: []
22:35:45.617 [FXGL Background Thread 3 ] DEBUG Engine               - actualHeight: 768.0
22:35:45.617 [FXGL Background Thread 3 ] DEBUG Engine               - actualHeightProperty: ReadOnlyDoubleProperty [value: 768.0]
22:35:45.618 [FXGL Background Thread 3 ] DEBUG Engine               - actualWidth: 1366.0
22:35:45.618 [FXGL Background Thread 3 ] DEBUG Engine               - actualWidthProperty: ReadOnlyDoubleProperty [value: 1366.0]
22:35:45.618 [FXGL Background Thread 3 ] DEBUG Engine               - appIcon: fxgl_icon.png
22:35:45.618 [FXGL Background Thread 3 ] DEBUG Engine               - applicationMode: DEVELOPER
22:35:45.619 [FXGL Background Thread 3 ] DEBUG Engine               - cSSList: [fxgl_dark.css]
22:35:45.619 [FXGL Background Thread 3 ] DEBUG Engine               - collisionDetectionStrategy: BRUTE_FORCE
22:35:45.619 [FXGL Background Thread 3 ] DEBUG Engine               - configClass: Optional.empty
22:35:45.619 [FXGL Background Thread 3 ] DEBUG Engine               - credits: []
22:35:45.620 [FXGL Background Thread 3 ] DEBUG Engine               - defaultCursor: CursorInfo(imageName=fxgl_default_cursor.png, hotspotX=7.0, hotspotY=6.0)
22:35:45.621 [FXGL Background Thread 3 ] DEBUG Engine               - devBBoxColorProperty: ObjectProperty [value: 0xff0000ff]
22:35:45.621 [FXGL Background Thread 3 ] DEBUG Engine               - devEnableDebugCameraProperty: BooleanProperty [value: false]
22:35:45.621 [FXGL Background Thread 3 ] DEBUG Engine               - devSensorColorProperty: ObjectProperty [value: 0xffff00ff]
22:35:45.622 [FXGL Background Thread 3 ] DEBUG Engine               - devShowBBoxProperty: BooleanProperty [value: false]
22:35:45.622 [FXGL Background Thread 3 ] DEBUG Engine               - devShowPositionProperty: BooleanProperty [value: false]
22:35:45.622 [FXGL Background Thread 3 ] DEBUG Engine               - enabledMenuItems: []
22:35:45.622 [FXGL Background Thread 3 ] DEBUG Engine               - engineServices: [class com.almasb.fxgl.app.services.FXGLAssetLoaderService, class com.almasb.fxgl.app.FXGLApplication$GameApplicationService, class com.almasb.fxgl.app.services.FXGLDialogService, class com.almasb.fxgl.app.services.IOTaskExecutorService, class com.almasb.fxgl.io.FileSystemService, class com.almasb.fxgl.localization.LocalizationService, class com.almasb.fxgl.app.services.SystemBundleService, class com.almasb.fxgl.profile.SaveLoadService, class com.almasb.fxgl.ui.FXGLUIFactoryServiceProvider, class com.almasb.fxgl.ui.FXGLDialogFactoryServiceProvider, class com.almasb.fxgl.audio.AudioPlayer, class com.almasb.fxgl.notification.impl.NotificationServiceProvider, class com.almasb.fxgl.achievement.AchievementService, class com.almasb.fxgl.cutscene.CutsceneService, class com.almasb.fxgl.minigames.MiniGameService, class com.almasb.fxgl.net.NetService, class com.almasb.fxgl.app.services.UpdaterService, class com.almasb.fxgl.dev.DevService]
22:35:45.622 [FXGL Background Thread 3 ] DEBUG Engine               - fontGame: Abel-Regular.ttf
22:35:45.622 [FXGL Background Thread 3 ] DEBUG Engine               - fontMono: TerminalLandMono-Regular.otf
22:35:45.622 [FXGL Background Thread 3 ] DEBUG Engine               - fontSizeScaleUI: 1.0
22:35:45.622 [FXGL Background Thread 3 ] DEBUG Engine               - fontText: Courier-Prime.ttf
22:35:45.622 [FXGL Background Thread 3 ] DEBUG Engine               - fontUI: VarelaRound-Regular.ttf
22:35:45.622 [FXGL Background Thread 3 ] DEBUG Engine               - fullScreen: BooleanProperty [value: true]
22:35:45.623 [FXGL Background Thread 3 ] DEBUG Engine               - gameDifficulty: MEDIUM
22:35:45.623 [FXGL Background Thread 3 ] DEBUG Engine               - gameDifficultyProperty: ObjectProperty [value: MEDIUM]
22:35:45.623 [FXGL Background Thread 3 ] DEBUG Engine               - globalMusicVolume: 0.5
22:35:45.623 [FXGL Background Thread 3 ] DEBUG Engine               - globalMusicVolumeProperty: DoubleProperty [value: 0.5]
22:35:45.624 [FXGL Background Thread 3 ] DEBUG Engine               - globalSoundVolume: 0.5
22:35:45.624 [FXGL Background Thread 3 ] DEBUG Engine               - globalSoundVolumeProperty: DoubleProperty [value: 0.5]
22:35:45.624 [FXGL Background Thread 3 ] DEBUG Engine               - height: 1080
22:35:45.624 [FXGL Background Thread 3 ] DEBUG Engine               - is3D: false
22:35:45.625 [FXGL Background Thread 3 ] DEBUG Engine               - isAndroid: false
22:35:45.625 [FXGL Background Thread 3 ] DEBUG Engine               - isBrowser: false
22:35:45.625 [FXGL Background Thread 3 ] DEBUG Engine               - isClickFeedbackEnabled: false
22:35:45.625 [FXGL Background Thread 3 ] DEBUG Engine               - isCloseConfirmation: false
22:35:45.625 [FXGL Background Thread 3 ] DEBUG Engine               - isDesktop: true
22:35:45.625 [FXGL Background Thread 3 ] DEBUG Engine               - isDeveloperMenuEnabled: false
22:35:45.625 [FXGL Background Thread 3 ] DEBUG Engine               - isEmbedded: false
22:35:45.625 [FXGL Background Thread 3 ] DEBUG Engine               - isEntityPreloadEnabled: true
22:35:45.625 [FXGL Background Thread 3 ] DEBUG Engine               - isExperimentalTiledLargeMap: false
22:35:45.626 [FXGL Background Thread 3 ] DEBUG Engine               - isFileSystemWriteAllowed: true
22:35:45.626 [FXGL Background Thread 3 ] DEBUG Engine               - isFullScreenAllowed: true
22:35:45.626 [FXGL Background Thread 3 ] DEBUG Engine               - isFullScreenFromStart: true
22:35:45.626 [FXGL Background Thread 3 ] DEBUG Engine               - isGameMenuEnabled: true
22:35:45.627 [FXGL Background Thread 3 ] DEBUG Engine               - isIOS: false
22:35:45.627 [FXGL Background Thread 3 ] DEBUG Engine               - isIntroEnabled: false
22:35:45.627 [FXGL Background Thread 3 ] DEBUG Engine               - isLinux: false
22:35:45.627 [FXGL Background Thread 3 ] DEBUG Engine               - isMac: false
22:35:45.627 [FXGL Background Thread 3 ] DEBUG Engine               - isMainMenuEnabled: false
22:35:45.628 [FXGL Background Thread 3 ] DEBUG Engine               - isManualResizeEnabled: false
22:35:45.628 [FXGL Background Thread 3 ] DEBUG Engine               - isMobile: false
22:35:45.628 [FXGL Background Thread 3 ] DEBUG Engine               - isNative: false
22:35:45.628 [FXGL Background Thread 3 ] DEBUG Engine               - isPauseMusicWhenMinimized: true
22:35:45.628 [FXGL Background Thread 3 ] DEBUG Engine               - isPreserveResizeRatio: false
22:35:45.628 [FXGL Background Thread 3 ] DEBUG Engine               - isProfilingEnabled: false
22:35:45.628 [FXGL Background Thread 3 ] DEBUG Engine               - isScaleAffectedOnResize: true
22:35:45.628 [FXGL Background Thread 3 ] DEBUG Engine               - isSingleStep: false
22:35:45.628 [FXGL Background Thread 3 ] DEBUG Engine               - isUserProfileEnabled: false
22:35:45.628 [FXGL Background Thread 3 ] DEBUG Engine               - isWindows: true
22:35:45.628 [FXGL Background Thread 3 ] DEBUG Engine               - language: ObjectProperty [value: ENGLISH]
22:35:45.628 [FXGL Background Thread 3 ] DEBUG Engine               - menuKey: ESCAPE
22:35:45.629 [FXGL Background Thread 3 ] DEBUG Engine               - mouseSensitivity: 0.2
22:35:45.629 [FXGL Background Thread 3 ] DEBUG Engine               - notificationViewClass: class com.almasb.fxgl.notification.view.XboxNotificationView
22:35:45.629 [FXGL Background Thread 3 ] DEBUG Engine               - pixelsPerMeter: 50.0
22:35:45.629 [FXGL Background Thread 3 ] DEBUG Engine               - platform: WINDOWS
22:35:45.629 [FXGL Background Thread 3 ] DEBUG Engine               - prefHeightProperty: ReadOnlyDoubleProperty [value: 1080.0]
22:35:45.629 [FXGL Background Thread 3 ] DEBUG Engine               - prefWidthProperty: ReadOnlyDoubleProperty [value: 1080.0]
22:35:45.629 [FXGL Background Thread 3 ] DEBUG Engine               - profileDir: profiles/
22:35:45.629 [FXGL Background Thread 3 ] DEBUG Engine               - profileName: StringProperty [value: DEFAULT]
22:35:45.629 [FXGL Background Thread 3 ] DEBUG Engine               - randomSeed: -1
22:35:45.630 [FXGL Background Thread 3 ] DEBUG Engine               - runtimeInfo: RuntimeInfo(platform=WINDOWS, version=17.3, build=30.03.2023 11.49)
22:35:45.631 [FXGL Background Thread 3 ] DEBUG Engine               - saveFileExt: sav
22:35:45.640 [FXGL Background Thread 3 ] DEBUG Engine               - scaledHeightProp$fxgl: DoubleProperty [bound, value: 768.0]
22:35:45.640 [FXGL Background Thread 3 ] DEBUG Engine               - scaledWidthProp$fxgl: DoubleProperty [bound, value: 1366.0]
22:35:45.640 [FXGL Background Thread 3 ] DEBUG Engine               - sceneFactory: App.App$1@28ff39af
22:35:45.640 [FXGL Background Thread 3 ] DEBUG Engine               - secondsIn24h: 60
22:35:45.640 [FXGL Background Thread 3 ] DEBUG Engine               - soundMenuBack: menu/back.wav
22:35:45.640 [FXGL Background Thread 3 ] DEBUG Engine               - soundMenuPress: menu/press.wav
22:35:45.640 [FXGL Background Thread 3 ] DEBUG Engine               - soundMenuSelect: menu/select.wav
22:35:45.640 [FXGL Background Thread 3 ] DEBUG Engine               - soundNotification: core/notification.wav
22:35:45.641 [FXGL Background Thread 3 ] DEBUG Engine               - stageStyle: DECORATED
22:35:45.641 [FXGL Background Thread 3 ] DEBUG Engine               - supportedLanguages: [ENGLISH, FRENCH, GERMAN, HUNGARIAN, RUSSIAN]
22:35:45.641 [FXGL Background Thread 3 ] DEBUG Engine               - ticksPerSecond: -1
22:35:45.641 [FXGL Background Thread 3 ] DEBUG Engine               - title: Galactic Odyssey
22:35:45.641 [FXGL Background Thread 3 ] DEBUG Engine               - urlGithub: https://github.com/AlmasB/FXGL
22:35:45.641 [FXGL Background Thread 3 ] DEBUG Engine               - urlLeaderboard: http://fxgl-top.herokuapp.com/
22:35:45.641 [FXGL Background Thread 3 ] DEBUG Engine               - urlPOM: https://raw.githubusercontent.com/AlmasB/FXGL/release/README.md
22:35:45.641 [FXGL Background Thread 3 ] DEBUG Engine               - userAppClass: class App.App
22:35:45.642 [FXGL Background Thread 3 ] DEBUG Engine               - version: 0.0.1
22:35:45.642 [FXGL Background Thread 3 ] DEBUG Engine               - versionCheckDays: 7
22:35:45.643 [FXGL Background Thread 3 ] DEBUG Engine               - width: 1080
22:35:45.644 [FXGL Background Thread 3 ] DEBUG Engine               - Logging services
22:35:45.644 [FXGL Background Thread 3 ] DEBUG Engine               - class com.almasb.fxgl.app.services.FXGLAssetLoaderService
22:35:45.644 [FXGL Background Thread 3 ] DEBUG Engine               - class com.almasb.fxgl.app.FXGLApplication$GameApplicationService
22:35:45.644 [FXGL Background Thread 3 ] DEBUG Engine               - class com.almasb.fxgl.app.services.FXGLDialogService
22:35:45.644 [FXGL Background Thread 3 ] DEBUG Engine               - class com.almasb.fxgl.app.services.IOTaskExecutorService
22:35:45.644 [FXGL Background Thread 3 ] DEBUG Engine               - class com.almasb.fxgl.io.FileSystemService
22:35:45.648 [FXGL Background Thread 3 ] DEBUG Engine               - class com.almasb.fxgl.localization.LocalizationService
22:35:45.650 [FXGL Background Thread 3 ] DEBUG Engine               - class com.almasb.fxgl.app.services.SystemBundleService
22:35:45.650 [FXGL Background Thread 3 ] DEBUG Engine               - class com.almasb.fxgl.profile.SaveLoadService
22:35:45.651 [FXGL Background Thread 3 ] DEBUG Engine               - class com.almasb.fxgl.ui.FXGLUIFactoryServiceProvider
22:35:45.651 [FXGL Background Thread 3 ] DEBUG Engine               - class com.almasb.fxgl.ui.FXGLDialogFactoryServiceProvider
22:35:45.651 [FXGL Background Thread 3 ] DEBUG Engine               - class com.almasb.fxgl.audio.AudioPlayer
22:35:45.651 [FXGL Background Thread 3 ] DEBUG Engine               - class com.almasb.fxgl.notification.impl.NotificationServiceProvider
22:35:45.652 [FXGL Background Thread 3 ] DEBUG Engine               - class com.almasb.fxgl.achievement.AchievementService
22:35:45.652 [FXGL Background Thread 3 ] DEBUG Engine               - class com.almasb.fxgl.cutscene.CutsceneService
22:35:45.652 [FXGL Background Thread 3 ] DEBUG Engine               - class com.almasb.fxgl.minigames.MiniGameService
22:35:45.652 [FXGL Background Thread 3 ] DEBUG Engine               - class com.almasb.fxgl.net.NetService
22:35:45.652 [FXGL Background Thread 3 ] DEBUG Engine               - class com.almasb.fxgl.app.services.UpdaterService
22:35:45.652 [FXGL Background Thread 3 ] DEBUG Engine               - class com.almasb.fxgl.dev.DevService
22:35:51.272 [JavaFX Application Thread] DEBUG AudioPlayer          - Playing music com.almasb.fxgl.audio.Music@1a57ce56
22:35:57.921 [JavaFX Application Thread] WARN  TMXLevelLoader       - TiledMap generated from 1.11.2. Supported version: 1.9.0. Some features may not be parsed fully.
22:35:57.957 [JavaFX Application Thread] DEBUG TMXLevelLoader       - Parsed TiledMap: file:/C:/UNI/juego/Galactic%20odyssey%20(2)/Galactic%20odyssey/target/classes/assets/levels/Map2.tmx
22:35:57.957 [JavaFX Application Thread] DEBUG TMXLevelLoader       - Creating tile layer entities
22:35:57.958 [JavaFX Application Thread] DEBUG TilesetLoader        - Loading view for layer Espacio
22:35:57.982 [JavaFX Application Thread] DEBUG TilesetLoader        - Created buffer with size 5600.0x3360.0
22:35:58.074 [JavaFX Application Thread] DEBUG TilesetLoader        - Loading view for layer Luna
22:35:58.087 [JavaFX Application Thread] DEBUG TilesetLoader        - Created buffer with size 5600.0x3360.0
22:35:58.167 [JavaFX Application Thread] DEBUG TilesetLoader        - Loading view for layer Suelo
22:35:58.199 [JavaFX Application Thread] DEBUG TilesetLoader        - Created buffer with size 5600.0x3360.0
22:35:58.208 [JavaFX Application Thread] DEBUG TilesetLoader        - Loading view for layer Nave
22:35:58.268 [JavaFX Application Thread] DEBUG TilesetLoader        - Created buffer with size 5600.0x3360.0
22:35:58.285 [JavaFX Application Thread] DEBUG TilesetLoader        - Loading view for layer Estrellas
22:35:58.321 [JavaFX Application Thread] DEBUG TilesetLoader        - Created buffer with size 5600.0x3360.0
22:35:58.548 [JavaFX Application Thread] DEBUG TMXLevelLoader       - Creating object layer entities
22:35:58.555 [JavaFX Application Thread] WARN  Entity               - Entity already has component: com.almasb.fxgl.entity.components.CollidableComponent
22:35:58.555 [JavaFX Application Thread] WARN  Entity               - Entity already has component: com.almasb.fxgl.entity.components.CollidableComponent
22:35:58.556 [JavaFX Application Thread] WARN  Entity               - Entity already has component: com.almasb.fxgl.entity.components.CollidableComponent
22:35:58.556 [JavaFX Application Thread] WARN  Entity               - Entity already has component: com.almasb.fxgl.entity.components.CollidableComponent
22:35:58.556 [JavaFX Application Thread] WARN  Entity               - Entity already has component: com.almasb.fxgl.entity.components.CollidableComponent
22:35:58.556 [JavaFX Application Thread] WARN  Entity               - Entity already has component: com.almasb.fxgl.entity.components.CollidableComponent
22:35:58.556 [JavaFX Application Thread] WARN  Entity               - Entity already has component: com.almasb.fxgl.entity.components.CollidableComponent
22:35:58.556 [JavaFX Application Thread] WARN  Entity               - Entity already has component: com.almasb.fxgl.entity.components.CollidableComponent
22:35:58.557 [JavaFX Application Thread] WARN  Entity               - Entity already has component: com.almasb.fxgl.entity.components.CollidableComponent
22:35:58.557 [JavaFX Application Thread] WARN  Entity               - Entity already has component: com.almasb.fxgl.entity.components.CollidableComponent
22:35:58.557 [JavaFX Application Thread] WARN  Entity               - Entity already has component: com.almasb.fxgl.entity.components.CollidableComponent
22:35:58.557 [JavaFX Application Thread] WARN  Entity               - Entity already has component: com.almasb.fxgl.entity.components.CollidableComponent
22:35:58.557 [JavaFX Application Thread] WARN  Entity               - Entity already has component: com.almasb.fxgl.entity.components.CollidableComponent
22:35:58.557 [JavaFX Application Thread] WARN  Entity               - Entity already has component: com.almasb.fxgl.entity.components.CollidableComponent
22:35:58.558 [JavaFX Application Thread] WARN  Entity               - Entity already has component: com.almasb.fxgl.entity.components.CollidableComponent
22:35:58.558 [JavaFX Application Thread] WARN  Entity               - Entity already has component: com.almasb.fxgl.entity.components.CollidableComponent
22:35:58.558 [JavaFX Application Thread] WARN  Entity               - Entity already has component: com.almasb.fxgl.entity.components.CollidableComponent
22:35:58.558 [JavaFX Application Thread] WARN  Entity               - Entity already has component: com.almasb.fxgl.entity.components.CollidableComponent
22:35:58.558 [JavaFX Application Thread] WARN  Entity               - Entity already has component: com.almasb.fxgl.entity.components.CollidableComponent
22:35:58.558 [JavaFX Application Thread] WARN  Entity               - Entity already has component: com.almasb.fxgl.entity.components.CollidableComponent
22:35:58.558 [JavaFX Application Thread] WARN  Entity               - Entity already has component: com.almasb.fxgl.entity.components.CollidableComponent
22:35:58.558 [JavaFX Application Thread] WARN  Entity               - Entity already has component: com.almasb.fxgl.entity.components.CollidableComponent
22:35:58.559 [JavaFX Application Thread] WARN  Entity               - Entity already has component: com.almasb.fxgl.entity.components.CollidableComponent
22:35:58.559 [JavaFX Application Thread] WARN  Entity               - Entity already has component: com.almasb.fxgl.entity.components.CollidableComponent
22:35:58.559 [JavaFX Application Thread] WARN  Entity               - Entity already has component: com.almasb.fxgl.entity.components.CollidableComponent
22:35:58.559 [JavaFX Application Thread] WARN  Entity               - Entity already has component: com.almasb.fxgl.entity.components.CollidableComponent
22:35:58.559 [JavaFX Application Thread] WARN  Entity               - Entity already has component: com.almasb.fxgl.entity.components.CollidableComponent
22:35:58.559 [JavaFX Application Thread] WARN  Entity               - Entity already has component: com.almasb.fxgl.entity.components.CollidableComponent
22:35:58.560 [JavaFX Application Thread] WARN  Entity               - Entity already has component: com.almasb.fxgl.entity.components.CollidableComponent
22:35:58.560 [JavaFX Application Thread] WARN  Entity               - Entity already has component: com.almasb.fxgl.entity.components.CollidableComponent
22:35:58.560 [JavaFX Application Thread] WARN  Entity               - Entity already has component: com.almasb.fxgl.entity.components.CollidableComponent
22:35:58.560 [JavaFX Application Thread] WARN  Entity               - Entity already has component: com.almasb.fxgl.entity.components.CollidableComponent
22:35:58.561 [JavaFX Application Thread] WARN  Entity               - Entity already has component: com.almasb.fxgl.entity.components.CollidableComponent
22:35:58.561 [JavaFX Application Thread] WARN  Entity               - Entity already has component: com.almasb.fxgl.entity.components.CollidableComponent
22:35:58.561 [JavaFX Application Thread] WARN  Entity               - Entity already has component: com.almasb.fxgl.entity.components.CollidableComponent
22:35:58.561 [JavaFX Application Thread] WARN  Entity               - Entity already has component: com.almasb.fxgl.entity.components.CollidableComponent
22:35:58.561 [JavaFX Application Thread] WARN  Entity               - Entity already has component: com.almasb.fxgl.entity.components.CollidableComponent
22:35:58.561 [JavaFX Application Thread] WARN  Entity               - Entity already has component: com.almasb.fxgl.entity.components.CollidableComponent
22:35:58.562 [JavaFX Application Thread] WARN  Entity               - Entity already has component: com.almasb.fxgl.entity.components.CollidableComponent
22:35:58.562 [JavaFX Application Thread] WARN  Entity               - Entity already has component: com.almasb.fxgl.entity.components.CollidableComponent
22:35:58.562 [JavaFX Application Thread] WARN  Entity               - Entity already has component: com.almasb.fxgl.entity.components.CollidableComponent
22:35:58.562 [JavaFX Application Thread] WARN  Entity               - Entity already has component: com.almasb.fxgl.entity.components.CollidableComponent
22:35:58.562 [JavaFX Application Thread] WARN  Entity               - Entity already has component: com.almasb.fxgl.entity.components.CollidableComponent
22:35:58.562 [JavaFX Application Thread] WARN  Entity               - Entity already has component: com.almasb.fxgl.entity.components.CollidableComponent
22:35:58.563 [JavaFX Application Thread] WARN  Entity               - Entity already has component: com.almasb.fxgl.entity.components.CollidableComponent
22:35:58.563 [JavaFX Application Thread] WARN  Entity               - Entity already has component: com.almasb.fxgl.entity.components.CollidableComponent
22:35:58.564 [JavaFX Application Thread] WARN  Entity               - Entity already has component: com.almasb.fxgl.entity.components.CollidableComponent
22:35:58.564 [JavaFX Application Thread] WARN  Entity               - Entity already has component: com.almasb.fxgl.entity.components.CollidableComponent
22:35:58.564 [JavaFX Application Thread] WARN  Entity               - Entity already has component: com.almasb.fxgl.entity.components.CollidableComponent
22:35:58.564 [JavaFX Application Thread] WARN  Entity               - Entity already has component: com.almasb.fxgl.entity.components.CollidableComponent
22:35:58.564 [JavaFX Application Thread] WARN  Entity               - Entity already has component: com.almasb.fxgl.entity.components.CollidableComponent
22:35:58.564 [JavaFX Application Thread] WARN  Entity               - Entity already has component: com.almasb.fxgl.entity.components.CollidableComponent
22:35:58.565 [JavaFX Application Thread] WARN  Entity               - Entity already has component: com.almasb.fxgl.entity.components.CollidableComponent
22:35:58.565 [JavaFX Application Thread] WARN  Entity               - Entity already has component: com.almasb.fxgl.entity.components.CollidableComponent
22:35:58.565 [JavaFX Application Thread] WARN  Entity               - Entity already has component: com.almasb.fxgl.entity.components.CollidableComponent
22:35:58.565 [JavaFX Application Thread] WARN  Entity               - Entity already has component: com.almasb.fxgl.entity.components.CollidableComponent
22:35:58.565 [JavaFX Application Thread] WARN  Entity               - Entity already has component: com.almasb.fxgl.entity.components.CollidableComponent
22:35:58.565 [JavaFX Application Thread] WARN  Entity               - Entity already has component: com.almasb.fxgl.entity.components.CollidableComponent
22:35:58.565 [JavaFX Application Thread] WARN  Entity               - Entity already has component: com.almasb.fxgl.entity.components.CollidableComponent
22:35:58.566 [JavaFX Application Thread] WARN  Entity               - Entity already has component: com.almasb.fxgl.entity.components.CollidableComponent
22:35:58.566 [JavaFX Application Thread] WARN  Entity               - Entity already has component: com.almasb.fxgl.entity.components.CollidableComponent
22:35:58.566 [JavaFX Application Thread] WARN  Entity               - Entity already has component: com.almasb.fxgl.entity.components.CollidableComponent
22:35:58.566 [JavaFX Application Thread] WARN  Entity               - Entity already has component: com.almasb.fxgl.entity.components.CollidableComponent
22:35:58.566 [JavaFX Application Thread] WARN  Entity               - Entity already has component: com.almasb.fxgl.entity.components.CollidableComponent
22:35:58.566 [JavaFX Application Thread] WARN  Entity               - Entity already has component: com.almasb.fxgl.entity.components.CollidableComponent
22:35:58.566 [JavaFX Application Thread] WARN  Entity               - Entity already has component: com.almasb.fxgl.entity.components.CollidableComponent
22:35:58.567 [JavaFX Application Thread] WARN  Entity               - Entity already has component: com.almasb.fxgl.entity.components.CollidableComponent
22:35:58.567 [JavaFX Application Thread] WARN  Entity               - Entity already has component: com.almasb.fxgl.entity.components.CollidableComponent
22:35:58.567 [JavaFX Application Thread] WARN  Entity               - Entity already has component: com.almasb.fxgl.entity.components.CollidableComponent
22:35:58.567 [JavaFX Application Thread] WARN  Entity               - Entity already has component: com.almasb.fxgl.entity.components.CollidableComponent
22:35:58.567 [JavaFX Application Thread] WARN  Entity               - Entity already has component: com.almasb.fxgl.entity.components.CollidableComponent
22:35:58.567 [JavaFX Application Thread] WARN  Entity               - Entity already has component: com.almasb.fxgl.entity.components.CollidableComponent
22:35:58.567 [JavaFX Application Thread] WARN  Entity               - Entity already has component: com.almasb.fxgl.entity.components.CollidableComponent
22:35:58.567 [JavaFX Application Thread] WARN  Entity               - Entity already has component: com.almasb.fxgl.entity.components.CollidableComponent
22:35:58.568 [JavaFX Application Thread] WARN  Entity               - Entity already has component: com.almasb.fxgl.entity.components.CollidableComponent
22:35:58.568 [JavaFX Application Thread] WARN  Entity               - Entity already has component: com.almasb.fxgl.entity.components.CollidableComponent
22:35:58.568 [JavaFX Application Thread] WARN  Entity               - Entity already has component: com.almasb.fxgl.entity.components.CollidableComponent
22:35:58.568 [JavaFX Application Thread] WARN  Entity               - Entity already has component: com.almasb.fxgl.entity.components.CollidableComponent
22:35:58.568 [JavaFX Application Thread] WARN  Entity               - Entity already has component: com.almasb.fxgl.entity.components.CollidableComponent
22:35:58.568 [JavaFX Application Thread] WARN  Entity               - Entity already has component: com.almasb.fxgl.entity.components.CollidableComponent
22:35:58.569 [JavaFX Application Thread] WARN  Entity               - Entity already has component: com.almasb.fxgl.entity.components.CollidableComponent
22:35:58.569 [JavaFX Application Thread] WARN  Entity               - Entity already has component: com.almasb.fxgl.entity.components.CollidableComponent
22:35:58.569 [JavaFX Application Thread] WARN  Entity               - Entity already has component: com.almasb.fxgl.entity.components.CollidableComponent
22:35:58.569 [JavaFX Application Thread] WARN  Entity               - Entity already has component: com.almasb.fxgl.entity.components.CollidableComponent
22:35:58.569 [JavaFX Application Thread] WARN  Entity               - Entity already has component: com.almasb.fxgl.entity.components.CollidableComponent
22:35:58.569 [JavaFX Application Thread] WARN  Entity               - Entity already has component: com.almasb.fxgl.entity.components.CollidableComponent
22:35:58.569 [JavaFX Application Thread] WARN  Entity               - Entity already has component: com.almasb.fxgl.entity.components.CollidableComponent
22:35:58.569 [JavaFX Application Thread] WARN  Entity               - Entity already has component: com.almasb.fxgl.entity.components.CollidableComponent
22:35:58.570 [JavaFX Application Thread] WARN  Entity               - Entity already has component: com.almasb.fxgl.entity.components.CollidableComponent
22:35:58.570 [JavaFX Application Thread] WARN  Entity               - Entity already has component: com.almasb.fxgl.entity.components.CollidableComponent
22:35:58.571 [JavaFX Application Thread] WARN  Entity               - Entity already has component: com.almasb.fxgl.entity.components.CollidableComponent
22:35:58.571 [JavaFX Application Thread] WARN  Entity               - Entity already has component: com.almasb.fxgl.entity.components.CollidableComponent
22:35:58.572 [JavaFX Application Thread] WARN  Entity               - Entity already has component: com.almasb.fxgl.entity.components.CollidableComponent
22:35:58.572 [JavaFX Application Thread] WARN  Entity               - Entity already has component: com.almasb.fxgl.entity.components.CollidableComponent
22:35:58.572 [JavaFX Application Thread] WARN  Entity               - Entity already has component: com.almasb.fxgl.entity.components.CollidableComponent
22:35:58.572 [JavaFX Application Thread] WARN  Entity               - Entity already has component: com.almasb.fxgl.entity.components.CollidableComponent
22:35:58.572 [JavaFX Application Thread] WARN  Entity               - Entity already has component: com.almasb.fxgl.entity.components.CollidableComponent
22:35:58.572 [JavaFX Application Thread] WARN  Entity               - Entity already has component: com.almasb.fxgl.entity.components.CollidableComponent
22:35:58.572 [JavaFX Application Thread] WARN  Entity               - Entity already has component: com.almasb.fxgl.entity.components.CollidableComponent
22:35:58.572 [JavaFX Application Thread] WARN  Entity               - Entity already has component: com.almasb.fxgl.entity.components.CollidableComponent
22:35:58.573 [JavaFX Application Thread] WARN  Entity               - Entity already has component: com.almasb.fxgl.entity.components.CollidableComponent
22:35:58.573 [JavaFX Application Thread] WARN  Entity               - Entity already has component: com.almasb.fxgl.entity.components.CollidableComponent
22:35:58.573 [JavaFX Application Thread] WARN  Entity               - Entity already has component: com.almasb.fxgl.entity.components.CollidableComponent
22:35:58.573 [JavaFX Application Thread] WARN  Entity               - Entity already has component: com.almasb.fxgl.entity.components.CollidableComponent
22:35:58.573 [JavaFX Application Thread] WARN  Entity               - Entity already has component: com.almasb.fxgl.entity.components.CollidableComponent
22:35:58.573 [JavaFX Application Thread] WARN  Entity               - Entity already has component: com.almasb.fxgl.entity.components.CollidableComponent
22:35:58.573 [JavaFX Application Thread] WARN  Entity               - Entity already has component: com.almasb.fxgl.entity.components.CollidableComponent
22:35:58.574 [JavaFX Application Thread] WARN  Entity               - Entity already has component: com.almasb.fxgl.entity.components.CollidableComponent
22:35:58.574 [JavaFX Application Thread] WARN  Entity               - Entity already has component: com.almasb.fxgl.entity.components.CollidableComponent
22:35:58.574 [JavaFX Application Thread] WARN  Entity               - Entity already has component: com.almasb.fxgl.entity.components.CollidableComponent
22:35:58.574 [JavaFX Application Thread] WARN  Entity               - Entity already has component: com.almasb.fxgl.entity.components.CollidableComponent
22:35:58.574 [JavaFX Application Thread] WARN  Entity               - Entity already has component: com.almasb.fxgl.entity.components.CollidableComponent
22:35:58.574 [JavaFX Application Thread] WARN  Entity               - Entity already has component: com.almasb.fxgl.entity.components.CollidableComponent
22:35:58.574 [JavaFX Application Thread] WARN  Entity               - Entity already has component: com.almasb.fxgl.entity.components.CollidableComponent
22:35:58.574 [JavaFX Application Thread] WARN  Entity               - Entity already has component: com.almasb.fxgl.entity.components.CollidableComponent
22:35:58.575 [JavaFX Application Thread] WARN  Entity               - Entity already has component: com.almasb.fxgl.entity.components.CollidableComponent
22:35:58.575 [JavaFX Application Thread] WARN  Entity               - Entity already has component: com.almasb.fxgl.entity.components.CollidableComponent
22:35:58.575 [JavaFX Application Thread] WARN  Entity               - Entity already has component: com.almasb.fxgl.entity.components.CollidableComponent
22:35:58.575 [JavaFX Application Thread] WARN  Entity               - Entity already has component: com.almasb.fxgl.entity.components.CollidableComponent
22:35:58.575 [JavaFX Application Thread] WARN  Entity               - Entity already has component: com.almasb.fxgl.entity.components.CollidableComponent
22:35:58.575 [JavaFX Application Thread] WARN  Entity               - Entity already has component: com.almasb.fxgl.entity.components.CollidableComponent
22:35:58.575 [JavaFX Application Thread] WARN  Entity               - Entity already has component: com.almasb.fxgl.entity.components.CollidableComponent
22:35:58.576 [JavaFX Application Thread] WARN  Entity               - Entity already has component: com.almasb.fxgl.entity.components.CollidableComponent
22:35:58.576 [JavaFX Application Thread] WARN  Entity               - Entity already has component: com.almasb.fxgl.entity.components.CollidableComponent
22:35:58.576 [JavaFX Application Thread] WARN  Entity               - Entity already has component: com.almasb.fxgl.entity.components.CollidableComponent
22:35:58.576 [JavaFX Application Thread] WARN  Entity               - Entity already has component: com.almasb.fxgl.entity.components.CollidableComponent
22:35:58.576 [JavaFX Application Thread] WARN  Entity               - Entity already has component: com.almasb.fxgl.entity.components.CollidableComponent
22:35:58.576 [JavaFX Application Thread] WARN  Entity               - Entity already has component: com.almasb.fxgl.entity.components.CollidableComponent
22:35:58.576 [JavaFX Application Thread] WARN  Entity               - Entity already has component: com.almasb.fxgl.entity.components.CollidableComponent
22:35:58.576 [JavaFX Application Thread] WARN  Entity               - Entity already has component: com.almasb.fxgl.entity.components.CollidableComponent
22:35:58.577 [JavaFX Application Thread] WARN  Entity               - Entity already has component: com.almasb.fxgl.entity.components.CollidableComponent
22:35:58.577 [JavaFX Application Thread] WARN  Entity               - Entity already has component: com.almasb.fxgl.entity.components.CollidableComponent
22:35:58.577 [JavaFX Application Thread] WARN  Entity               - Entity already has component: com.almasb.fxgl.entity.components.CollidableComponent
22:35:58.577 [JavaFX Application Thread] WARN  Entity               - Entity already has component: com.almasb.fxgl.entity.components.CollidableComponent
22:35:58.577 [JavaFX Application Thread] WARN  Entity               - Entity already has component: com.almasb.fxgl.entity.components.CollidableComponent
22:35:58.577 [JavaFX Application Thread] WARN  Entity               - Entity already has component: com.almasb.fxgl.entity.components.CollidableComponent
22:35:58.577 [JavaFX Application Thread] WARN  Entity               - Entity already has component: com.almasb.fxgl.entity.components.CollidableComponent
22:35:58.577 [JavaFX Application Thread] WARN  Entity               - Entity already has component: com.almasb.fxgl.entity.components.CollidableComponent
22:35:58.577 [JavaFX Application Thread] WARN  Entity               - Entity already has component: com.almasb.fxgl.entity.components.CollidableComponent
22:35:58.577 [JavaFX Application Thread] WARN  Entity               - Entity already has component: com.almasb.fxgl.entity.components.CollidableComponent
22:35:58.577 [JavaFX Application Thread] WARN  Entity               - Entity already has component: com.almasb.fxgl.entity.components.CollidableComponent
22:35:58.577 [JavaFX Application Thread] WARN  Entity               - Entity already has component: com.almasb.fxgl.entity.components.CollidableComponent
22:35:58.577 [JavaFX Application Thread] WARN  Entity               - Entity already has component: com.almasb.fxgl.entity.components.CollidableComponent
22:35:58.579 [JavaFX Application Thread] WARN  Entity               - Entity already has component: com.almasb.fxgl.entity.components.CollidableComponent
22:35:58.579 [JavaFX Application Thread] WARN  Entity               - Entity already has component: com.almasb.fxgl.entity.components.CollidableComponent
22:35:58.579 [JavaFX Application Thread] WARN  Entity               - Entity already has component: com.almasb.fxgl.entity.components.CollidableComponent
22:35:58.579 [JavaFX Application Thread] WARN  Entity               - Entity already has component: com.almasb.fxgl.entity.components.CollidableComponent
22:35:58.579 [JavaFX Application Thread] WARN  Entity               - Entity already has component: com.almasb.fxgl.entity.components.CollidableComponent
22:35:58.579 [JavaFX Application Thread] WARN  Entity               - Entity already has component: com.almasb.fxgl.entity.components.CollidableComponent
22:35:58.579 [JavaFX Application Thread] WARN  Entity               - Entity already has component: com.almasb.fxgl.entity.components.CollidableComponent
22:35:58.579 [JavaFX Application Thread] WARN  Entity               - Entity already has component: com.almasb.fxgl.entity.components.CollidableComponent
22:35:58.579 [JavaFX Application Thread] WARN  Entity               - Entity already has component: com.almasb.fxgl.entity.components.CollidableComponent
22:35:58.579 [JavaFX Application Thread] WARN  Entity               - Entity already has component: com.almasb.fxgl.entity.components.CollidableComponent
22:35:58.579 [JavaFX Application Thread] WARN  Entity               - Entity already has component: com.almasb.fxgl.entity.components.CollidableComponent
22:35:58.580 [JavaFX Application Thread] WARN  Entity               - Entity already has component: com.almasb.fxgl.entity.components.CollidableComponent
22:35:58.580 [JavaFX Application Thread] WARN  Entity               - Entity already has component: com.almasb.fxgl.entity.components.CollidableComponent
22:35:58.580 [JavaFX Application Thread] WARN  Entity               - Entity already has component: com.almasb.fxgl.entity.components.CollidableComponent
22:35:58.580 [JavaFX Application Thread] WARN  Entity               - Entity already has component: com.almasb.fxgl.entity.components.CollidableComponent
22:35:58.580 [JavaFX Application Thread] WARN  Entity               - Entity already has component: com.almasb.fxgl.entity.components.CollidableComponent
22:35:58.580 [JavaFX Application Thread] WARN  Entity               - Entity already has component: com.almasb.fxgl.entity.components.CollidableComponent
22:35:58.580 [JavaFX Application Thread] WARN  Entity               - Entity already has component: com.almasb.fxgl.entity.components.CollidableComponent
22:35:58.580 [JavaFX Application Thread] WARN  Entity               - Entity already has component: com.almasb.fxgl.entity.components.CollidableComponent
22:35:58.581 [JavaFX Application Thread] WARN  Entity               - Entity already has component: com.almasb.fxgl.entity.components.CollidableComponent
22:35:58.581 [JavaFX Application Thread] WARN  Entity               - Entity already has component: com.almasb.fxgl.entity.components.CollidableComponent
22:35:58.581 [JavaFX Application Thread] WARN  Entity               - Entity already has component: com.almasb.fxgl.entity.components.CollidableComponent
22:35:58.581 [JavaFX Application Thread] WARN  Entity               - Entity already has component: com.almasb.fxgl.entity.components.CollidableComponent
22:35:58.581 [JavaFX Application Thread] WARN  Entity               - Entity already has component: com.almasb.fxgl.entity.components.CollidableComponent
22:35:58.581 [JavaFX Application Thread] WARN  Entity               - Entity already has component: com.almasb.fxgl.entity.components.CollidableComponent
22:35:58.581 [JavaFX Application Thread] WARN  Entity               - Entity already has component: com.almasb.fxgl.entity.components.CollidableComponent
22:35:58.581 [JavaFX Application Thread] WARN  Entity               - Entity already has component: com.almasb.fxgl.entity.components.CollidableComponent
22:35:58.582 [JavaFX Application Thread] WARN  Entity               - Entity already has component: com.almasb.fxgl.entity.components.CollidableComponent
22:35:58.582 [JavaFX Application Thread] WARN  Entity               - Entity already has component: com.almasb.fxgl.entity.components.CollidableComponent
22:35:58.582 [JavaFX Application Thread] WARN  Entity               - Entity already has component: com.almasb.fxgl.entity.components.CollidableComponent
22:35:58.582 [JavaFX Application Thread] WARN  Entity               - Entity already has component: com.almasb.fxgl.entity.components.CollidableComponent
22:35:58.582 [JavaFX Application Thread] WARN  Entity               - Entity already has component: com.almasb.fxgl.entity.components.CollidableComponent
22:35:58.582 [JavaFX Application Thread] WARN  Entity               - Entity already has component: com.almasb.fxgl.entity.components.CollidableComponent
22:35:58.582 [JavaFX Application Thread] WARN  Entity               - Entity already has component: com.almasb.fxgl.entity.components.CollidableComponent
22:35:58.582 [JavaFX Application Thread] WARN  Entity               - Entity already has component: com.almasb.fxgl.entity.components.CollidableComponent
22:35:58.583 [JavaFX Application Thread] WARN  Entity               - Entity already has component: com.almasb.fxgl.entity.components.CollidableComponent
22:35:58.583 [JavaFX Application Thread] WARN  Entity               - Entity already has component: com.almasb.fxgl.entity.components.CollidableComponent
22:35:58.583 [JavaFX Application Thread] WARN  Entity               - Entity already has component: com.almasb.fxgl.entity.components.CollidableComponent
22:35:58.583 [JavaFX Application Thread] WARN  Entity               - Entity already has component: com.almasb.fxgl.entity.components.CollidableComponent
22:35:58.583 [JavaFX Application Thread] WARN  Entity               - Entity already has component: com.almasb.fxgl.entity.components.CollidableComponent
22:35:58.583 [JavaFX Application Thread] WARN  Entity               - Entity already has component: com.almasb.fxgl.entity.components.CollidableComponent
22:35:58.583 [JavaFX Application Thread] WARN  Entity               - Entity already has component: com.almasb.fxgl.entity.components.CollidableComponent
22:35:58.583 [JavaFX Application Thread] WARN  Entity               - Entity already has component: com.almasb.fxgl.entity.components.CollidableComponent
22:35:58.584 [JavaFX Application Thread] WARN  Entity               - Entity already has component: com.almasb.fxgl.entity.components.CollidableComponent
22:35:58.584 [JavaFX Application Thread] WARN  Entity               - Entity already has component: com.almasb.fxgl.entity.components.CollidableComponent
22:35:58.584 [JavaFX Application Thread] WARN  Entity               - Entity already has component: com.almasb.fxgl.entity.components.CollidableComponent
22:35:58.584 [JavaFX Application Thread] WARN  Entity               - Entity already has component: com.almasb.fxgl.entity.components.CollidableComponent
22:35:58.584 [JavaFX Application Thread] WARN  Entity               - Entity already has component: com.almasb.fxgl.entity.components.CollidableComponent
22:35:58.584 [JavaFX Application Thread] WARN  Entity               - Entity already has component: com.almasb.fxgl.entity.components.CollidableComponent
22:35:58.584 [JavaFX Application Thread] WARN  Entity               - Entity already has component: com.almasb.fxgl.entity.components.CollidableComponent
22:35:58.584 [JavaFX Application Thread] WARN  Entity               - Entity already has component: com.almasb.fxgl.entity.components.CollidableComponent
22:35:58.585 [JavaFX Application Thread] WARN  Entity               - Entity already has component: com.almasb.fxgl.entity.components.CollidableComponent
22:35:58.585 [JavaFX Application Thread] WARN  Entity               - Entity already has component: com.almasb.fxgl.entity.components.CollidableComponent
22:35:58.585 [JavaFX Application Thread] WARN  Entity               - Entity already has component: com.almasb.fxgl.entity.components.CollidableComponent
22:35:58.585 [JavaFX Application Thread] WARN  Entity               - Entity already has component: com.almasb.fxgl.entity.components.CollidableComponent
22:35:58.585 [JavaFX Application Thread] WARN  Entity               - Entity already has component: com.almasb.fxgl.entity.components.CollidableComponent
22:35:58.585 [JavaFX Application Thread] WARN  Entity               - Entity already has component: com.almasb.fxgl.entity.components.CollidableComponent
22:35:58.585 [JavaFX Application Thread] WARN  Entity               - Entity already has component: com.almasb.fxgl.entity.components.CollidableComponent
22:35:58.586 [JavaFX Application Thread] WARN  Entity               - Entity already has component: com.almasb.fxgl.entity.components.CollidableComponent
22:35:58.586 [JavaFX Application Thread] WARN  Entity               - Entity already has component: com.almasb.fxgl.entity.components.CollidableComponent
22:35:58.586 [JavaFX Application Thread] WARN  Entity               - Entity already has component: com.almasb.fxgl.entity.components.CollidableComponent
22:35:58.586 [JavaFX Application Thread] WARN  Entity               - Entity already has component: com.almasb.fxgl.entity.components.CollidableComponent
22:35:58.586 [JavaFX Application Thread] WARN  Entity               - Entity already has component: com.almasb.fxgl.entity.components.CollidableComponent
22:35:58.586 [JavaFX Application Thread] WARN  Entity               - Entity already has component: com.almasb.fxgl.entity.components.CollidableComponent
22:35:58.586 [JavaFX Application Thread] WARN  Entity               - Entity already has component: com.almasb.fxgl.entity.components.CollidableComponent
22:35:58.586 [JavaFX Application Thread] WARN  Entity               - Entity already has component: com.almasb.fxgl.entity.components.CollidableComponent
22:35:58.586 [JavaFX Application Thread] WARN  Entity               - Entity already has component: com.almasb.fxgl.entity.components.CollidableComponent
22:35:58.586 [JavaFX Application Thread] WARN  Entity               - Entity already has component: com.almasb.fxgl.entity.components.CollidableComponent
22:35:58.586 [JavaFX Application Thread] WARN  Entity               - Entity already has component: com.almasb.fxgl.entity.components.CollidableComponent
22:35:58.587 [JavaFX Application Thread] WARN  Entity               - Entity already has component: com.almasb.fxgl.entity.components.CollidableComponent
22:35:58.587 [JavaFX Application Thread] WARN  Entity               - Entity already has component: com.almasb.fxgl.entity.components.CollidableComponent
22:35:58.587 [JavaFX Application Thread] WARN  Entity               - Entity already has component: com.almasb.fxgl.entity.components.CollidableComponent
22:35:58.587 [JavaFX Application Thread] WARN  Entity               - Entity already has component: com.almasb.fxgl.entity.components.CollidableComponent
22:35:58.587 [JavaFX Application Thread] WARN  Entity               - Entity already has component: com.almasb.fxgl.entity.components.CollidableComponent
22:35:58.587 [JavaFX Application Thread] WARN  Entity               - Entity already has component: com.almasb.fxgl.entity.components.CollidableComponent
22:35:58.587 [JavaFX Application Thread] WARN  Entity               - Entity already has component: com.almasb.fxgl.entity.components.CollidableComponent
22:35:58.587 [JavaFX Application Thread] WARN  Entity               - Entity already has component: com.almasb.fxgl.entity.components.CollidableComponent
22:35:58.587 [JavaFX Application Thread] WARN  Entity               - Entity already has component: com.almasb.fxgl.entity.components.CollidableComponent
22:35:58.587 [JavaFX Application Thread] WARN  Entity               - Entity already has component: com.almasb.fxgl.entity.components.CollidableComponent
22:35:58.587 [JavaFX Application Thread] WARN  Entity               - Entity already has component: com.almasb.fxgl.entity.components.CollidableComponent
22:35:58.587 [JavaFX Application Thread] WARN  Entity               - Entity already has component: com.almasb.fxgl.entity.components.CollidableComponent
22:35:58.587 [JavaFX Application Thread] WARN  Entity               - Entity already has component: com.almasb.fxgl.entity.components.CollidableComponent
22:35:58.587 [JavaFX Application Thread] WARN  Entity               - Entity already has component: com.almasb.fxgl.entity.components.CollidableComponent
22:35:58.589 [JavaFX Application Thread] WARN  Entity               - Entity already has component: com.almasb.fxgl.entity.components.CollidableComponent
22:35:58.589 [JavaFX Application Thread] WARN  Entity               - Entity already has component: com.almasb.fxgl.entity.components.CollidableComponent
22:35:58.589 [JavaFX Application Thread] WARN  Entity               - Entity already has component: com.almasb.fxgl.entity.components.CollidableComponent
22:35:58.589 [JavaFX Application Thread] WARN  Entity               - Entity already has component: com.almasb.fxgl.entity.components.CollidableComponent
22:35:58.589 [JavaFX Application Thread] WARN  Entity               - Entity already has component: com.almasb.fxgl.entity.components.CollidableComponent
22:35:58.589 [JavaFX Application Thread] WARN  Entity               - Entity already has component: com.almasb.fxgl.entity.components.CollidableComponent
22:35:58.589 [JavaFX Application Thread] WARN  Entity               - Entity already has component: com.almasb.fxgl.entity.components.CollidableComponent
22:35:58.589 [JavaFX Application Thread] WARN  Entity               - Entity already has component: com.almasb.fxgl.entity.components.CollidableComponent
22:35:58.589 [JavaFX Application Thread] WARN  Entity               - Entity already has component: com.almasb.fxgl.entity.components.CollidableComponent
22:35:58.589 [JavaFX Application Thread] WARN  Entity               - Entity already has component: com.almasb.fxgl.entity.components.CollidableComponent
22:35:58.589 [JavaFX Application Thread] WARN  Entity               - Entity already has component: com.almasb.fxgl.entity.components.CollidableComponent
22:35:58.589 [JavaFX Application Thread] WARN  Entity               - Entity already has component: com.almasb.fxgl.entity.components.CollidableComponent
22:35:58.590 [JavaFX Application Thread] WARN  Entity               - Entity already has component: com.almasb.fxgl.entity.components.CollidableComponent
22:35:58.590 [JavaFX Application Thread] WARN  Entity               - Entity already has component: com.almasb.fxgl.entity.components.CollidableComponent
22:35:58.590 [JavaFX Application Thread] WARN  Entity               - Entity already has component: com.almasb.fxgl.entity.components.CollidableComponent
22:35:58.590 [JavaFX Application Thread] WARN  Entity               - Entity already has component: com.almasb.fxgl.entity.components.CollidableComponent
22:35:58.590 [JavaFX Application Thread] WARN  Entity               - Entity already has component: com.almasb.fxgl.entity.components.CollidableComponent
22:35:58.590 [JavaFX Application Thread] WARN  Entity               - Entity already has component: com.almasb.fxgl.entity.components.CollidableComponent
22:35:58.590 [JavaFX Application Thread] WARN  Entity               - Entity already has component: com.almasb.fxgl.entity.components.CollidableComponent
22:35:58.590 [JavaFX Application Thread] WARN  Entity               - Entity already has component: com.almasb.fxgl.entity.components.CollidableComponent
22:35:58.591 [JavaFX Application Thread] WARN  Entity               - Entity already has component: com.almasb.fxgl.entity.components.CollidableComponent
22:35:58.591 [JavaFX Application Thread] WARN  Entity               - Entity already has component: com.almasb.fxgl.entity.components.CollidableComponent
22:35:58.591 [JavaFX Application Thread] WARN  Entity               - Entity already has component: com.almasb.fxgl.entity.components.CollidableComponent
22:35:58.591 [JavaFX Application Thread] WARN  Entity               - Entity already has component: com.almasb.fxgl.entity.components.CollidableComponent
22:35:58.591 [JavaFX Application Thread] WARN  Entity               - Entity already has component: com.almasb.fxgl.entity.components.CollidableComponent
22:35:58.591 [JavaFX Application Thread] WARN  Entity               - Entity already has component: com.almasb.fxgl.entity.components.CollidableComponent
22:35:58.591 [JavaFX Application Thread] WARN  Entity               - Entity already has component: com.almasb.fxgl.entity.components.CollidableComponent
22:35:58.591 [JavaFX Application Thread] WARN  Entity               - Entity already has component: com.almasb.fxgl.entity.components.CollidableComponent
22:35:58.591 [JavaFX Application Thread] WARN  Entity               - Entity already has component: com.almasb.fxgl.entity.components.CollidableComponent
22:35:58.591 [JavaFX Application Thread] WARN  Entity               - Entity already has component: com.almasb.fxgl.entity.components.CollidableComponent
22:35:58.591 [JavaFX Application Thread] WARN  Entity               - Entity already has component: com.almasb.fxgl.entity.components.CollidableComponent
22:35:58.591 [JavaFX Application Thread] WARN  Entity               - Entity already has component: com.almasb.fxgl.entity.components.CollidableComponent
22:35:58.592 [JavaFX Application Thread] WARN  Entity               - Entity already has component: com.almasb.fxgl.entity.components.CollidableComponent
22:35:58.592 [JavaFX Application Thread] WARN  Entity               - Entity already has component: com.almasb.fxgl.entity.components.CollidableComponent
22:35:58.592 [JavaFX Application Thread] WARN  Entity               - Entity already has component: com.almasb.fxgl.entity.components.CollidableComponent
22:35:58.592 [JavaFX Application Thread] WARN  Entity               - Entity already has component: com.almasb.fxgl.entity.components.CollidableComponent
22:35:58.592 [JavaFX Application Thread] WARN  Entity               - Entity already has component: com.almasb.fxgl.entity.components.CollidableComponent
22:35:58.592 [JavaFX Application Thread] WARN  Entity               - Entity already has component: com.almasb.fxgl.entity.components.CollidableComponent
22:35:58.592 [JavaFX Application Thread] WARN  Entity               - Entity already has component: com.almasb.fxgl.entity.components.CollidableComponent
22:35:58.592 [JavaFX Application Thread] WARN  Entity               - Entity already has component: com.almasb.fxgl.entity.components.CollidableComponent
22:35:58.592 [JavaFX Application Thread] WARN  Entity               - Entity already has component: com.almasb.fxgl.entity.components.CollidableComponent
22:35:58.592 [JavaFX Application Thread] WARN  Entity               - Entity already has component: com.almasb.fxgl.entity.components.CollidableComponent
22:35:58.593 [JavaFX Application Thread] WARN  Entity               - Entity already has component: com.almasb.fxgl.entity.components.CollidableComponent
22:35:58.593 [JavaFX Application Thread] WARN  Entity               - Entity already has component: com.almasb.fxgl.entity.components.CollidableComponent
22:35:58.593 [JavaFX Application Thread] WARN  Entity               - Entity already has component: com.almasb.fxgl.entity.components.CollidableComponent
22:35:58.593 [JavaFX Application Thread] WARN  Entity               - Entity already has component: com.almasb.fxgl.entity.components.CollidableComponent
22:35:58.593 [JavaFX Application Thread] WARN  Entity               - Entity already has component: com.almasb.fxgl.entity.components.CollidableComponent
22:35:58.593 [JavaFX Application Thread] WARN  Entity               - Entity already has component: com.almasb.fxgl.entity.components.CollidableComponent
22:35:58.594 [JavaFX Application Thread] DEBUG GameWorld            - Clearing removable entities
22:35:58.595 [JavaFX Application Thread] DEBUG GameWorld            - Setting level: com.almasb.fxgl.entity.level.Level@60d13fdb
22:35:58.612 [JavaFX Application Thread] DEBUG Input                - Registered new binding: Abrir Acertijo - L
22:35:58.621 [JavaFX Application Thread] DEBUG FXGLAssetLoaderServi - Loading from file system: file:/C:/UNI/juego/Galactic%20odyssey%20(2)/Galactic%20odyssey/target/classes/assets/textures/comet.png
22:35:58.687 [JavaFX Application Thread] DEBUG Input                - Registered new binding: Move Right - D
22:35:58.687 [JavaFX Application Thread] DEBUG Input                - Registered new binding: Move Left - A
22:35:58.687 [JavaFX Application Thread] DEBUG Input                - Registered new binding: Move Up - W
22:35:58.687 [JavaFX Application Thread] DEBUG Input                - Registered new binding: Move Down - S
22:35:58.687 [JavaFX Application Thread] DEBUG Input                - Registered new binding: End Turn - Enter
22:35:58.688 [JavaFX Application Thread] DEBUG Input                - Registered new binding: Attack - LMB
22:35:58.688 [JavaFX Application Thread] DEBUG Input                - Registered new binding: Special Ability - E
22:35:58.688 [JavaFX Application Thread] DEBUG Input                - Registered new binding: Use Potion - 1
22:35:58.688 [JavaFX Application Thread] DEBUG Input                - Registered new binding: Use Shield - 2
22:35:58.688 [JavaFX Application Thread] DEBUG Input                - Registered new binding: LanzarBombaACasilla - RMB
22:35:58.688 [JavaFX Application Thread] DEBUG Input                - Registered new binding: Use Bomb - 3
22:35:58.689 [JavaFX Application Thread] DEBUG FXGLAssetLoaderServi - Loading from file system: file:/C:/UNI/juego/Galactic%20odyssey%20(2)/Galactic%20odyssey/target/classes/assets/textures/lyra.png
22:35:58.727 [JavaFX Application Thread] DEBUG FXGLAssetLoaderServi - Loading from file system: file:/C:/UNI/juego/Galactic%20odyssey%20(2)/Galactic%20odyssey/target/classes/assets/textures/luna.png
22:35:58.770 [JavaFX Application Thread] DEBUG FXGLAssetLoaderServi - Loading from file system: file:/C:/UNI/juego/Galactic%20odyssey%20(2)/Galactic%20odyssey/target/classes/assets/textures/cygnus.png
22:35:58.819 [JavaFX Application Thread] DEBUG FXGLAssetLoaderServi - Loading from file system: file:/C:/UNI/juego/Galactic%20odyssey%20(2)/Galactic%20odyssey/target/classes/assets/textures/deimos.png
22:35:58.866 [JavaFX Application Thread] DEBUG FXGLAssetLoaderServi - Loading from file system: file:/C:/UNI/juego/Galactic%20odyssey%20(2)/Galactic%20odyssey/target/classes/assets/textures/gigante.png
22:35:58.867 [JavaFX Application Thread] WARN  Entity               - Entity already has component: com.almasb.fxgl.entity.components.CollidableComponent
22:35:58.870 [JavaFX Application Thread] WARN  GameWorld            - Entity is already attached to world
22:35:58.871 [JavaFX Application Thread] WARN  Entity               - Entity already has component: com.almasb.fxgl.entity.components.CollidableComponent
22:35:58.871 [JavaFX Application Thread] WARN  GameWorld            - Entity is already attached to world
22:35:58.872 [JavaFX Application Thread] WARN  Entity               - Entity already has component: com.almasb.fxgl.entity.components.CollidableComponent
22:35:58.872 [JavaFX Application Thread] WARN  GameWorld            - Entity is already attached to world
22:35:58.873 [JavaFX Application Thread] WARN  Entity               - Entity already has component: com.almasb.fxgl.entity.components.CollidableComponent
22:35:58.874 [JavaFX Application Thread] WARN  GameWorld            - Entity is already attached to world
22:35:58.875 [JavaFX Application Thread] WARN  Entity               - Entity already has component: com.almasb.fxgl.entity.components.CollidableComponent
22:35:58.875 [JavaFX Application Thread] WARN  GameWorld            - Entity is already attached to world
22:35:58.875 [JavaFX Application Thread] WARN  Entity               - Entity already has component: com.almasb.fxgl.entity.components.CollidableComponent
22:35:58.876 [JavaFX Application Thread] WARN  GameWorld            - Entity is already attached to world
22:35:58.877 [JavaFX Application Thread] DEBUG FXGLAssetLoaderServi - Loading from file system: file:/C:/UNI/juego/Galactic%20odyssey%20(2)/Galactic%20odyssey/target/classes/assets/textures/pirata.png
22:35:58.878 [JavaFX Application Thread] WARN  Entity               - Entity already has component: com.almasb.fxgl.entity.components.CollidableComponent
22:35:58.878 [JavaFX Application Thread] WARN  GameWorld            - Entity is already attached to world
22:35:58.879 [JavaFX Application Thread] WARN  Entity               - Entity already has component: com.almasb.fxgl.entity.components.CollidableComponent
22:35:58.880 [JavaFX Application Thread] WARN  GameWorld            - Entity is already attached to world
22:35:58.881 [JavaFX Application Thread] WARN  Entity               - Entity already has component: com.almasb.fxgl.entity.components.CollidableComponent
22:35:58.881 [JavaFX Application Thread] WARN  GameWorld            - Entity is already attached to world
22:35:58.881 [JavaFX Application Thread] WARN  Entity               - Entity already has component: com.almasb.fxgl.entity.components.CollidableComponent
22:35:58.881 [JavaFX Application Thread] WARN  GameWorld            - Entity is already attached to world
22:35:58.882 [JavaFX Application Thread] WARN  Entity               - Entity already has component: com.almasb.fxgl.entity.components.CollidableComponent
22:35:58.883 [JavaFX Application Thread] WARN  GameWorld            - Entity is already attached to world
22:35:58.884 [JavaFX Application Thread] DEBUG FXGLAssetLoaderServi - Loading from file system: file:/C:/UNI/juego/Galactic%20odyssey%20(2)/Galactic%20odyssey/target/classes/assets/textures/pocion.png
22:35:58.887 [JavaFX Application Thread] DEBUG FXGLAssetLoaderServi - Loading from file system: file:/C:/UNI/juego/Galactic%20odyssey%20(2)/Galactic%20odyssey/target/classes/assets/textures/escudoEnergia.png
22:35:58.890 [JavaFX Application Thread] DEBUG FXGLAssetLoaderServi - Loading from file system: file:/C:/UNI/juego/Galactic%20odyssey%20(2)/Galactic%20odyssey/target/classes/assets/textures/BombaPlasma.png
22:35:58.893 [JavaFX Application Thread] DEBUG FXGLAssetLoaderServi - Loading from file system: file:/C:/UNI/juego/Galactic%20odyssey%20(2)/Galactic%20odyssey/target/classes/assets/textures/blackhole.png
22:35:58.894 [JavaFX Application Thread] DEBUG FXGLAssetLoaderServi - Loading from file system: file:/C:/UNI/juego/Galactic%20odyssey%20(2)/Galactic%20odyssey/target/classes/assets/textures/nebulosa.png
22:35:58.896 [JavaFX Application Thread] DEBUG FXGLAssetLoaderServi - Loading from file system: file:/C:/UNI/juego/Galactic%20odyssey%20(2)/Galactic%20odyssey/target/classes/assets/textures/trampa.png
22:36:01.726 [JavaFX Application Thread] DEBUG FXGLApplication      - Exiting FXGL
22:36:01.727 [JavaFX Application Thread] DEBUG LoopRunner           - Stopping loop
22:36:01.727 [JavaFX Application Thread] DEBUG SystemBundleService  - Saving FXGL system data
22:36:01.730 [JavaFX Application Thread] DEBUG FileSystemAccess     - Writing to: C:\UNI\juego\Galactic odyssey (2)\Galactic odyssey\system\fxgl.bundle
22:36:01.732 [JavaFX Application Thread] DEBUG Async                - Shutting down background threads
22:36:01.732 [JavaFX Application Thread] DEBUG PrimaryStageWindow   - Closing main window
22:36:01.838 [JavaFX Application Thread] DEBUG Logger               - Closing Logger
