12:01:44.408 [main                     ] DEBUG Logger               - Configured Logger
12:01:44.437 [main                     ] DEBUG GameApplication      - Logging settings
Title: Galactic Odyssey
Version: 0.0.1
Width: 800
Height: 617
Fullscreen: true
Intro: false
Profiling: false
Single step:false
App Mode: DEVELOPER
Menu Key: ESCAPE
Stage Style: DECORATED
Scene Factory: class App.App$1

12:01:45.032 [JavaFX Application Thread] DEBUG FXGLApplication      - Initializing FXGL
12:01:45.035 [JavaFX Application Thread] INFO  Engine               - FXGL-17.3 (30.03.2023 11.49) on WINDOWS (J:23.0.1 FX:17.0.2-ea)
12:01:45.035 [JavaFX Application Thread] DEBUG Engine               - JRE Vendor Name: Oracle Corporation
12:01:45.035 [JavaFX Application Thread] DEBUG Engine               - Running on OS: Windows 11 version 10.0
12:01:45.035 [JavaFX Application Thread] DEBUG Engine               - Architecture: amd64
12:01:45.035 [JavaFX Application Thread] INFO  Engine               - Source code and latest versions at: https://github.com/AlmasB/FXGL
12:01:45.035 [JavaFX Application Thread] INFO  Engine               -       Ask questions and discuss at: https://github.com/AlmasB/FXGL/discussions
12:01:45.035 [JavaFX Application Thread] INFO  Engine               -              Join the FXGL chat at: https://gitter.im/AlmasB/FXGL
12:01:45.096 [JavaFX Application Thread] DEBUG PrimaryStageWindow   - Creating a JavaFX scene
12:01:45.128 [JavaFX Application Thread] DEBUG PrimaryStageWindow   - Target settings size: 800.0 x 617.0
12:01:45.128 [JavaFX Application Thread] DEBUG PrimaryStageWindow   - Scaled scene size:    800.0 x 617.0
12:01:45.128 [JavaFX Application Thread] DEBUG PrimaryStageWindow   - Scaled ratio: (1.0, 1.0)
12:01:45.129 [JavaFX Application Thread] DEBUG PrimaryStageWindow   - Set initial scene to FXGLStartupScene
12:01:45.132 [JavaFX Application Thread] DEBUG PrimaryStageWindow   - Opening main window
12:01:45.183 [JavaFX Application Thread] DEBUG PrimaryStageWindow   - Window border size: (16.0, 39.0)
12:01:45.183 [JavaFX Application Thread] DEBUG PrimaryStageWindow   - Scaled size: 800.0 x 617.0
12:01:45.183 [JavaFX Application Thread] DEBUG PrimaryStageWindow   - Scaled ratio: (1.0, 1.0)
12:01:45.184 [JavaFX Application Thread] DEBUG PrimaryStageWindow   - Scene size: 800.0 x 617.0
12:01:45.184 [JavaFX Application Thread] DEBUG PrimaryStageWindow   - Stage size: 816.0 x 656.0
12:01:45.209 [JavaFX Application Thread] DEBUG PrimaryStageWindow   - Going fullscreen
12:01:45.216 [FXGL Background Thread 1 ] DEBUG Engine               - Initializing environment variables
12:01:45.269 [FXGL Background Thread 1 ] DEBUG FXGLAssetLoaderServi - User app class for loading assets: class App.App
12:01:45.269 [FXGL Background Thread 1 ] DEBUG GameApplicationServi - Applying CSS: fxgl_dark.css
12:01:45.270 [FXGL Background Thread 1 ] DEBUG FXGLAssetLoaderServi - Loading from file system: jar:file:///C:/Users/Johan/.m2/repository/com/github/AlmasB/fxgl/17.3/fxgl-17.3.jar!/fxglassets/ui/css/fxgl_dark.css
12:01:45.301 [FXGL Background Thread 1 ] DEBUG GameApplicationServi - Initializing application scenes
12:01:45.355 [FXGL Background Thread 1 ] DEBUG GameWorld            - Game world initialized
12:01:45.406 [FXGL Background Thread 1 ] DEBUG PhysicsWorld         - Physics world initialized: appHeight=617, physics.ppm=50.0
12:01:45.406 [FXGL Background Thread 1 ] DEBUG PhysicsWorld         - Using strategy: BRUTE_FORCE
12:01:45.411 [FXGL Background Thread 1 ] DEBUG GameScene            - Game scene initialized: 800x617
12:01:45.419 [FXGL Background Thread 1 ] DEBUG FXGL.DefaultMenu     - createMenuBodyGameMenu()
12:01:45.424 [FXGL Background Thread 1 ] DEBUG FXGL.DefaultMenu     - createOptionsMenu()
12:01:45.435 [FXGL Background Thread 1 ] DEBUG FXGLAssetLoaderServi - Loading from file system: jar:file:///C:/Users/Johan/.m2/repository/com/github/AlmasB/fxgl/17.3/fxgl-17.3.jar!/fxglassets/textures/particles/smoke.png
12:01:45.500 [FXGL Background Thread 1 ] DEBUG FXGLAssetLoaderServi - Loading from file system: jar:file:///C:/Users/Johan/.m2/repository/com/github/AlmasB/fxgl/17.3/fxgl-17.3.jar!/fxglassets/textures/particles/trace_horizontal.png
12:01:45.517 [FXGL Background Thread 1 ] DEBUG GameApplicationServi - Application scenes initialized
12:01:45.528 [FXGL Background Thread 1 ] DEBUG SystemBundleService  - Loading FXGL system data
12:01:45.532 [FXGL Background Thread 1 ] DEBUG FileSystemAccess     - Reading from: C:\UNI\lorenzo.alvarado-Proyecto-Final-DPOO-2025\system\fxgl.bundle
12:01:45.540 [FXGL Background Thread 1 ] DEBUG SystemBundleService  - Bundle FXGL: {}
12:01:45.540 [FXGL Background Thread 1 ] DEBUG UpdaterService       - Checking for updates
12:01:45.545 [FXGL Background Thread 4 ] DEBUG FXGLApplication      - Loading fonts
12:01:45.546 [FXGL Background Thread 4 ] DEBUG FXGLAssetLoaderServi - Loading from file system: jar:file:///C:/Users/Johan/.m2/repository/com/github/AlmasB/fxgl/17.3/fxgl-17.3.jar!/fxglassets/ui/fonts/VarelaRound-Regular.ttf
12:01:45.548 [FXGL Background Thread 1 ] DEBUG FXGLApplication      - Loading default localization
12:01:45.548 [FXGL Background Thread 1 ] DEBUG FXGLAssetLoaderServi - Loading from file system: jar:file:///C:/Users/Johan/.m2/repository/com/github/AlmasB/fxgl/17.3/fxgl-17.3.jar!/fxglassets/languages/english.lang
12:01:45.579 [FXGL Background Thread 4 ] DEBUG FXGLAssetLoaderServi - Loading from file system: jar:file:///C:/Users/Johan/.m2/repository/com/github/AlmasB/fxgl/17.3/fxgl-17.3.jar!/fxglassets/ui/fonts/Abel-Regular.ttf
12:01:45.582 [FXGL Background Thread 4 ] DEBUG FXGLAssetLoaderServi - Loading from file system: jar:file:///C:/Users/Johan/.m2/repository/com/github/AlmasB/fxgl/17.3/fxgl-17.3.jar!/fxglassets/ui/fonts/TerminalLandMono-Regular.otf
12:01:45.585 [FXGL Background Thread 4 ] DEBUG FXGLAssetLoaderServi - Loading from file system: jar:file:///C:/Users/Johan/.m2/repository/com/github/AlmasB/fxgl/17.3/fxgl-17.3.jar!/fxglassets/ui/fonts/Courier-Prime.ttf
12:01:45.591 [FXGL Background Thread 1 ] INFO  FXGLApplication      - FXGL initialization took: 0.375 sec
12:01:45.591 [JavaFX Application Thread] DEBUG FXGLApplication      - Registering font factories with UI factory
12:01:45.593 [JavaFX Application Thread] DEBUG FXGLAssetLoaderServi - Loading from file system: jar:file:///C:/Users/Johan/.m2/repository/com/github/AlmasB/fxgl/17.3/fxgl-17.3.jar!/fxglassets/textures/fxgl_icon.png
12:01:45.609 [JavaFX Application Thread] DEBUG FXGLAssetLoaderServi - Loading from file system: jar:file:///C:/Users/Johan/.m2/repository/com/github/AlmasB/fxgl/17.3/fxgl-17.3.jar!/fxglassets/textures/fxgl_default_cursor.png
12:01:45.617 [JavaFX Application Thread] DEBUG Input                - Registered new binding: Screenshot - CTRL+8
12:01:45.618 [JavaFX Application Thread] DEBUG Input                - Registered new binding: System info dump - CTRL+9
12:01:45.619 [JavaFX Application Thread] DEBUG Input                - Registered new binding: Restart - CTRL+R
12:01:45.619 [JavaFX Application Thread] DEBUG Input                - Registered new binding: Toggle Debug Camera - CTRL+7
12:01:45.622 [JavaFX Application Thread] DEBUG LoopRunner           - Starting loop
12:01:45.622 [JavaFX Application Thread] DEBUG LoopRunner           - Initializing JavaFX AnimationTimerLoop
12:01:45.623 [JavaFX Application Thread] DEBUG GameApplicationServi - Starting new game
12:01:45.624 [JavaFX Application Thread] DEBUG Input                - Clearing active input actions
12:01:45.637 [JavaFX Application Thread] DEBUG GameApplicationServi - Removing overlay from FXGLStartupScene and adding to MyLoadingScene
12:01:45.637 [JavaFX Application Thread] DEBUG PrimaryStageWindow   - FXGLStartupScene -> MyLoadingScene
12:01:45.637 [JavaFX Application Thread] DEBUG GameApplicationServi - Clearing previous game
12:01:45.637 [JavaFX Application Thread] DEBUG GameScene            - Clearing game scene
12:01:45.637 [JavaFX Application Thread] DEBUG GameWorld            - Clearing game world
12:01:45.637 [JavaFX Application Thread] DEBUG PhysicsWorld         - Clearing physics world
12:01:45.638 [FXGL Background Thread 1 ] DEBUG FXGLApplication      - Initializing game
12:01:45.653 [FXGL Background Thread 1 ] WARN  FXGLAssetLoaderServi - Asset "/assets/textures/fondo_menu.png" was not found!
12:01:45.653 [FXGL Background Thread 1 ] WARN  FXGLAssetLoaderServi - Failed to load IMAGE
12:01:45.706 [FXGL Background Thread 1 ] WARN  FXGLAssetLoaderServi - Asset "/assets/music/intro.mp3" was not found!
12:01:45.707 [FXGL Background Thread 1 ] WARN  FXGLAssetLoaderServi - Failed to load MUSIC
12:01:45.709 [FXGL Background Thread 1 ] DEBUG AudioPlayer          - Playing music com.almasb.fxgl.audio.Music@633d3572
12:01:45.723 [FXGL Background Thread 1 ] WARN  FXGLAssetLoaderServi - Asset "/assets/textures/fondo_menu.png" was not found!
12:01:45.724 [FXGL Background Thread 1 ] WARN  FXGLAssetLoaderServi - Failed to load IMAGE
12:01:45.724 [FXGL Background Thread 1 ] INFO  FXGLApplication      - Game initialization took: 0.085 sec
12:01:45.725 [JavaFX Application Thread] DEBUG Input                - Clearing active input actions
12:01:45.737 [JavaFX Application Thread] DEBUG GameApplicationServi - Removing overlay from MyLoadingScene and adding to GameScene
12:01:45.737 [JavaFX Application Thread] DEBUG PrimaryStageWindow   - MyLoadingScene -> GameScene
12:01:46.431 [FXGL Background Thread 2 ] INFO  UpdaterService       - Your current version:  17.3
12:01:46.432 [FXGL Background Thread 2 ] INFO  UpdaterService       - Latest stable version: 21.1
12:01:47.142 [JavaFX Application Thread] DEBUG FXGLApplication      - Exiting FXGL
12:01:47.142 [JavaFX Application Thread] DEBUG LoopRunner           - Stopping loop
12:01:47.142 [JavaFX Application Thread] DEBUG SystemBundleService  - Saving FXGL system data
12:01:47.145 [JavaFX Application Thread] DEBUG FileSystemAccess     - Writing to: C:\UNI\lorenzo.alvarado-Proyecto-Final-DPOO-2025\system\fxgl.bundle
12:01:47.149 [JavaFX Application Thread] DEBUG Async                - Shutting down background threads
12:01:47.149 [JavaFX Application Thread] DEBUG PrimaryStageWindow   - Closing main window
12:01:47.196 [JavaFX Application Thread] DEBUG Logger               - Closing Logger
