12:03:44.915 [main                     ] DEBUG Logger               - Configured Logger
12:03:44.934 [main                     ] DEBUG GameApplication      - Logging settings
Title: Galactic Odyssey
Version: 0.0.1
Width: 800
Height: 617
Fullscreen: true
Intro: false
Profiling: false
Single step:false
App Mode: DEVELOPER
Menu Key: ESCAPE
Stage Style: DECORATED
Scene Factory: class App.App$1

12:03:45.543 [JavaFX Application Thread] DEBUG FXGLApplication      - Initializing FXGL
12:03:45.547 [JavaFX Application Thread] INFO  Engine               - FXGL-17.3 (30.03.2023 11.49) on WINDOWS (J:23.0.1 FX:17.0.2-ea)
12:03:45.547 [JavaFX Application Thread] DEBUG Engine               - JRE Vendor Name: Oracle Corporation
12:03:45.547 [JavaFX Application Thread] DEBUG Engine               - Running on OS: Windows 11 version 10.0
12:03:45.547 [JavaFX Application Thread] DEBUG Engine               - Architecture: amd64
12:03:45.547 [JavaFX Application Thread] INFO  Engine               - Source code and latest versions at: https://github.com/AlmasB/FXGL
12:03:45.548 [JavaFX Application Thread] INFO  Engine               -       Ask questions and discuss at: https://github.com/AlmasB/FXGL/discussions
12:03:45.548 [JavaFX Application Thread] INFO  Engine               -              Join the FXGL chat at: https://gitter.im/AlmasB/FXGL
12:03:45.598 [JavaFX Application Thread] DEBUG PrimaryStageWindow   - Creating a JavaFX scene
12:03:45.632 [JavaFX Application Thread] DEBUG PrimaryStageWindow   - Target settings size: 800.0 x 617.0
12:03:45.632 [JavaFX Application Thread] DEBUG PrimaryStageWindow   - Scaled scene size:    800.0 x 617.0
12:03:45.632 [JavaFX Application Thread] DEBUG PrimaryStageWindow   - Scaled ratio: (1.0, 1.0)
12:03:45.633 [JavaFX Application Thread] DEBUG PrimaryStageWindow   - Set initial scene to FXGLStartupScene
12:03:45.637 [JavaFX Application Thread] DEBUG PrimaryStageWindow   - Opening main window
12:03:45.688 [JavaFX Application Thread] DEBUG PrimaryStageWindow   - Window border size: (16.0, 39.0)
12:03:45.688 [JavaFX Application Thread] DEBUG PrimaryStageWindow   - Scaled size: 800.0 x 617.0
12:03:45.688 [JavaFX Application Thread] DEBUG PrimaryStageWindow   - Scaled ratio: (1.0, 1.0)
12:03:45.688 [JavaFX Application Thread] DEBUG PrimaryStageWindow   - Scene size: 800.0 x 617.0
12:03:45.689 [JavaFX Application Thread] DEBUG PrimaryStageWindow   - Stage size: 816.0 x 656.0
12:03:45.719 [JavaFX Application Thread] DEBUG PrimaryStageWindow   - Going fullscreen
12:03:45.724 [FXGL Background Thread 1 ] DEBUG Engine               - Initializing environment variables
12:03:45.791 [FXGL Background Thread 1 ] DEBUG FXGLAssetLoaderServi - User app class for loading assets: class App.App
12:03:45.791 [FXGL Background Thread 1 ] DEBUG GameApplicationServi - Applying CSS: fxgl_dark.css
12:03:45.791 [FXGL Background Thread 1 ] DEBUG FXGLAssetLoaderServi - Loading from file system: jar:file:///C:/Users/Johan/.m2/repository/com/github/AlmasB/fxgl/17.3/fxgl-17.3.jar!/fxglassets/ui/css/fxgl_dark.css
12:03:45.823 [FXGL Background Thread 1 ] DEBUG GameApplicationServi - Initializing application scenes
12:03:45.861 [FXGL Background Thread 1 ] DEBUG GameWorld            - Game world initialized
12:03:45.915 [FXGL Background Thread 1 ] DEBUG PhysicsWorld         - Physics world initialized: appHeight=617, physics.ppm=50.0
12:03:45.915 [FXGL Background Thread 1 ] DEBUG PhysicsWorld         - Using strategy: BRUTE_FORCE
12:03:45.918 [FXGL Background Thread 1 ] DEBUG GameScene            - Game scene initialized: 800x617
12:03:45.923 [FXGL Background Thread 1 ] DEBUG FXGL.DefaultMenu     - createMenuBodyGameMenu()
12:03:45.931 [FXGL Background Thread 1 ] DEBUG FXGL.DefaultMenu     - createOptionsMenu()
12:03:45.937 [FXGL Background Thread 1 ] DEBUG FXGLAssetLoaderServi - Loading from file system: jar:file:///C:/Users/Johan/.m2/repository/com/github/AlmasB/fxgl/17.3/fxgl-17.3.jar!/fxglassets/textures/particles/smoke.png
12:03:46.016 [FXGL Background Thread 1 ] DEBUG FXGLAssetLoaderServi - Loading from file system: jar:file:///C:/Users/Johan/.m2/repository/com/github/AlmasB/fxgl/17.3/fxgl-17.3.jar!/fxglassets/textures/particles/trace_horizontal.png
12:03:46.037 [FXGL Background Thread 1 ] DEBUG GameApplicationServi - Application scenes initialized
12:03:46.050 [FXGL Background Thread 1 ] DEBUG SystemBundleService  - Loading FXGL system data
12:03:46.057 [FXGL Background Thread 1 ] DEBUG FileSystemAccess     - Reading from: C:\UNI\lorenzo.alvarado-Proyecto-Final-DPOO-2025\system\fxgl.bundle
12:03:46.065 [FXGL Background Thread 1 ] DEBUG SystemBundleService  - Bundle FXGL: {}
12:03:46.066 [FXGL Background Thread 1 ] DEBUG UpdaterService       - Checking for updates
12:03:46.073 [FXGL Background Thread 4 ] DEBUG FXGLApplication      - Loading fonts
12:03:46.073 [FXGL Background Thread 4 ] DEBUG FXGLAssetLoaderServi - Loading from file system: jar:file:///C:/Users/Johan/.m2/repository/com/github/AlmasB/fxgl/17.3/fxgl-17.3.jar!/fxglassets/ui/fonts/VarelaRound-Regular.ttf
12:03:46.076 [FXGL Background Thread 1 ] DEBUG FXGLApplication      - Loading default localization
12:03:46.076 [FXGL Background Thread 1 ] DEBUG FXGLAssetLoaderServi - Loading from file system: jar:file:///C:/Users/Johan/.m2/repository/com/github/AlmasB/fxgl/17.3/fxgl-17.3.jar!/fxglassets/languages/english.lang
12:03:46.120 [FXGL Background Thread 4 ] DEBUG FXGLAssetLoaderServi - Loading from file system: jar:file:///C:/Users/Johan/.m2/repository/com/github/AlmasB/fxgl/17.3/fxgl-17.3.jar!/fxglassets/ui/fonts/Abel-Regular.ttf
12:03:46.129 [FXGL Background Thread 4 ] DEBUG FXGLAssetLoaderServi - Loading from file system: jar:file:///C:/Users/Johan/.m2/repository/com/github/AlmasB/fxgl/17.3/fxgl-17.3.jar!/fxglassets/ui/fonts/TerminalLandMono-Regular.otf
12:03:46.132 [FXGL Background Thread 1 ] INFO  FXGLApplication      - FXGL initialization took: 0.407 sec
12:03:46.132 [JavaFX Application Thread] DEBUG FXGLAssetLoaderServi - Loading from file system: jar:file:///C:/Users/Johan/.m2/repository/com/github/AlmasB/fxgl/17.3/fxgl-17.3.jar!/fxglassets/textures/fxgl_icon.png
12:03:46.134 [FXGL Background Thread 4 ] DEBUG FXGLAssetLoaderServi - Loading from file system: jar:file:///C:/Users/Johan/.m2/repository/com/github/AlmasB/fxgl/17.3/fxgl-17.3.jar!/fxglassets/ui/fonts/Courier-Prime.ttf
12:03:46.148 [JavaFX Application Thread] DEBUG FXGLAssetLoaderServi - Loading from file system: jar:file:///C:/Users/Johan/.m2/repository/com/github/AlmasB/fxgl/17.3/fxgl-17.3.jar!/fxglassets/textures/fxgl_default_cursor.png
12:03:46.158 [JavaFX Application Thread] DEBUG Input                - Registered new binding: Screenshot - CTRL+8
12:03:46.159 [JavaFX Application Thread] DEBUG Input                - Registered new binding: System info dump - CTRL+9
12:03:46.159 [JavaFX Application Thread] DEBUG Input                - Registered new binding: Restart - CTRL+R
12:03:46.160 [JavaFX Application Thread] DEBUG Input                - Registered new binding: Toggle Debug Camera - CTRL+7
12:03:46.163 [JavaFX Application Thread] DEBUG LoopRunner           - Starting loop
12:03:46.163 [JavaFX Application Thread] DEBUG LoopRunner           - Initializing JavaFX AnimationTimerLoop
12:03:46.164 [JavaFX Application Thread] DEBUG GameApplicationServi - Starting new game
12:03:46.165 [JavaFX Application Thread] DEBUG Input                - Clearing active input actions
12:03:46.181 [JavaFX Application Thread] DEBUG GameApplicationServi - Removing overlay from FXGLStartupScene and adding to MyLoadingScene
12:03:46.181 [JavaFX Application Thread] DEBUG PrimaryStageWindow   - FXGLStartupScene -> MyLoadingScene
12:03:46.181 [JavaFX Application Thread] DEBUG GameApplicationServi - Clearing previous game
12:03:46.181 [JavaFX Application Thread] DEBUG GameScene            - Clearing game scene
12:03:46.181 [JavaFX Application Thread] DEBUG GameWorld            - Clearing game world
12:03:46.182 [JavaFX Application Thread] DEBUG PhysicsWorld         - Clearing physics world
12:03:46.182 [FXGL Background Thread 4 ] DEBUG FXGLApplication      - Initializing game
12:03:46.182 [JavaFX Application Thread] DEBUG FXGLApplication      - Registering font factories with UI factory
12:03:46.196 [FXGL Background Thread 4 ] DEBUG FXGLAssetLoaderServi - Loading from file system: file:/C:/UNI/lorenzo.alvarado-Proyecto-Final-DPOO-2025/Galactic%20odyssey/target/classes/assets/textures/fondo_menu.png
12:03:46.223 [FXGL Background Thread 4 ] DEBUG FXGLAssetLoaderServi - Loading from file system: file:/C:/UNI/lorenzo.alvarado-Proyecto-Final-DPOO-2025/Galactic%20odyssey/target/classes/assets/music/intro.mp3
12:03:46.379 [FXGL Background Thread 4 ] DEBUG AudioPlayer          - Playing music com.almasb.fxgl.audio.Music@6da021dc
12:03:46.385 [FXGL Background Thread 4 ] INFO  FXGLApplication      - Game initialization took: 0.202 sec
12:03:46.385 [JavaFX Application Thread] DEBUG Input                - Clearing active input actions
12:03:46.392 [JavaFX Application Thread] DEBUG GameApplicationServi - Removing overlay from MyLoadingScene and adding to GameScene
12:03:46.393 [JavaFX Application Thread] DEBUG PrimaryStageWindow   - MyLoadingScene -> GameScene
12:03:47.268 [FXGL Background Thread 2 ] INFO  UpdaterService       - Your current version:  17.3
12:03:47.269 [FXGL Background Thread 2 ] INFO  UpdaterService       - Latest stable version: 21.1
12:03:49.070 [FXGL Background Thread 3 ] DEBUG Engine               - Logging environment variables
12:03:49.071 [FXGL Background Thread 3 ] DEBUG Engine               - achievements: []
12:03:49.071 [FXGL Background Thread 3 ] DEBUG Engine               - actualHeight: 768.0
12:03:49.071 [FXGL Background Thread 3 ] DEBUG Engine               - actualHeightProperty: ReadOnlyDoubleProperty [value: 768.0]
12:03:49.071 [FXGL Background Thread 3 ] DEBUG Engine               - actualWidth: 1366.0
12:03:49.071 [FXGL Background Thread 3 ] DEBUG Engine               - actualWidthProperty: ReadOnlyDoubleProperty [value: 1366.0]
12:03:49.072 [FXGL Background Thread 3 ] DEBUG Engine               - appIcon: fxgl_icon.png
12:03:49.072 [FXGL Background Thread 3 ] DEBUG Engine               - applicationMode: DEVELOPER
12:03:49.072 [FXGL Background Thread 3 ] DEBUG Engine               - cSSList: [fxgl_dark.css]
12:03:49.072 [FXGL Background Thread 3 ] DEBUG Engine               - collisionDetectionStrategy: BRUTE_FORCE
12:03:49.073 [FXGL Background Thread 3 ] DEBUG Engine               - configClass: Optional.empty
12:03:49.073 [FXGL Background Thread 3 ] DEBUG Engine               - credits: []
12:03:49.073 [FXGL Background Thread 3 ] DEBUG Engine               - defaultCursor: CursorInfo(imageName=fxgl_default_cursor.png, hotspotX=7.0, hotspotY=6.0)
12:03:49.073 [FXGL Background Thread 3 ] DEBUG Engine               - devBBoxColorProperty: ObjectProperty [value: 0xff0000ff]
12:03:49.073 [FXGL Background Thread 3 ] DEBUG Engine               - devEnableDebugCameraProperty: BooleanProperty [value: false]
12:03:49.073 [FXGL Background Thread 3 ] DEBUG Engine               - devSensorColorProperty: ObjectProperty [value: 0xffff00ff]
12:03:49.074 [FXGL Background Thread 3 ] DEBUG Engine               - devShowBBoxProperty: BooleanProperty [value: false]
12:03:49.074 [FXGL Background Thread 3 ] DEBUG Engine               - devShowPositionProperty: BooleanProperty [value: false]
12:03:49.074 [FXGL Background Thread 3 ] DEBUG Engine               - enabledMenuItems: []
12:03:49.074 [FXGL Background Thread 3 ] DEBUG Engine               - engineServices: [class com.almasb.fxgl.app.services.FXGLAssetLoaderService, class com.almasb.fxgl.app.FXGLApplication$GameApplicationService, class com.almasb.fxgl.app.services.FXGLDialogService, class com.almasb.fxgl.app.services.IOTaskExecutorService, class com.almasb.fxgl.io.FileSystemService, class com.almasb.fxgl.localization.LocalizationService, class com.almasb.fxgl.app.services.SystemBundleService, class com.almasb.fxgl.profile.SaveLoadService, class com.almasb.fxgl.ui.FXGLUIFactoryServiceProvider, class com.almasb.fxgl.ui.FXGLDialogFactoryServiceProvider, class com.almasb.fxgl.audio.AudioPlayer, class com.almasb.fxgl.notification.impl.NotificationServiceProvider, class com.almasb.fxgl.achievement.AchievementService, class com.almasb.fxgl.cutscene.CutsceneService, class com.almasb.fxgl.minigames.MiniGameService, class com.almasb.fxgl.net.NetService, class com.almasb.fxgl.app.services.UpdaterService, class com.almasb.fxgl.dev.DevService]
12:03:49.074 [FXGL Background Thread 3 ] DEBUG Engine               - fontGame: Abel-Regular.ttf
12:03:49.074 [FXGL Background Thread 3 ] DEBUG Engine               - fontMono: TerminalLandMono-Regular.otf
12:03:49.076 [FXGL Background Thread 3 ] DEBUG Engine               - fontSizeScaleUI: 1.0
12:03:49.076 [FXGL Background Thread 3 ] DEBUG Engine               - fontText: Courier-Prime.ttf
12:03:49.076 [FXGL Background Thread 3 ] DEBUG Engine               - fontUI: VarelaRound-Regular.ttf
12:03:49.076 [FXGL Background Thread 3 ] DEBUG Engine               - fullScreen: BooleanProperty [value: true]
12:03:49.076 [FXGL Background Thread 3 ] DEBUG Engine               - gameDifficulty: MEDIUM
12:03:49.076 [FXGL Background Thread 3 ] DEBUG Engine               - gameDifficultyProperty: ObjectProperty [value: MEDIUM]
12:03:49.076 [FXGL Background Thread 3 ] DEBUG Engine               - globalMusicVolume: 0.5
12:03:49.077 [FXGL Background Thread 3 ] DEBUG Engine               - globalMusicVolumeProperty: DoubleProperty [value: 0.5]
12:03:49.077 [FXGL Background Thread 3 ] DEBUG Engine               - globalSoundVolume: 0.5
12:03:49.077 [FXGL Background Thread 3 ] DEBUG Engine               - globalSoundVolumeProperty: DoubleProperty [value: 0.5]
12:03:49.077 [FXGL Background Thread 3 ] DEBUG Engine               - height: 617
12:03:49.077 [FXGL Background Thread 3 ] DEBUG Engine               - is3D: false
12:03:49.077 [FXGL Background Thread 3 ] DEBUG Engine               - isAndroid: false
12:03:49.078 [FXGL Background Thread 3 ] DEBUG Engine               - isBrowser: false
12:03:49.078 [FXGL Background Thread 3 ] DEBUG Engine               - isClickFeedbackEnabled: false
12:03:49.078 [FXGL Background Thread 3 ] DEBUG Engine               - isCloseConfirmation: false
12:03:49.078 [FXGL Background Thread 3 ] DEBUG Engine               - isDesktop: true
12:03:49.078 [FXGL Background Thread 3 ] DEBUG Engine               - isDeveloperMenuEnabled: false
12:03:49.078 [FXGL Background Thread 3 ] DEBUG Engine               - isEmbedded: false
12:03:49.078 [FXGL Background Thread 3 ] DEBUG Engine               - isEntityPreloadEnabled: true
12:03:49.078 [FXGL Background Thread 3 ] DEBUG Engine               - isExperimentalTiledLargeMap: false
12:03:49.078 [FXGL Background Thread 3 ] DEBUG Engine               - isFileSystemWriteAllowed: true
12:03:49.078 [FXGL Background Thread 3 ] DEBUG Engine               - isFullScreenAllowed: true
12:03:49.078 [FXGL Background Thread 3 ] DEBUG Engine               - isFullScreenFromStart: true
12:03:49.078 [FXGL Background Thread 3 ] DEBUG Engine               - isGameMenuEnabled: true
12:03:49.078 [FXGL Background Thread 3 ] DEBUG Engine               - isIOS: false
12:03:49.079 [FXGL Background Thread 3 ] DEBUG Engine               - isIntroEnabled: false
12:03:49.079 [FXGL Background Thread 3 ] DEBUG Engine               - isLinux: false
12:03:49.079 [FXGL Background Thread 3 ] DEBUG Engine               - isMac: false
12:03:49.079 [FXGL Background Thread 3 ] DEBUG Engine               - isMainMenuEnabled: false
12:03:49.079 [FXGL Background Thread 3 ] DEBUG Engine               - isManualResizeEnabled: false
12:03:49.079 [FXGL Background Thread 3 ] DEBUG Engine               - isMobile: false
12:03:49.079 [FXGL Background Thread 3 ] DEBUG Engine               - isNative: false
12:03:49.079 [FXGL Background Thread 3 ] DEBUG Engine               - isPauseMusicWhenMinimized: true
12:03:49.079 [FXGL Background Thread 3 ] DEBUG Engine               - isPreserveResizeRatio: false
12:03:49.079 [FXGL Background Thread 3 ] DEBUG Engine               - isProfilingEnabled: false
12:03:49.079 [FXGL Background Thread 3 ] DEBUG Engine               - isScaleAffectedOnResize: true
12:03:49.079 [FXGL Background Thread 3 ] DEBUG Engine               - isSingleStep: false
12:03:49.080 [FXGL Background Thread 3 ] DEBUG Engine               - isUserProfileEnabled: false
12:03:49.080 [FXGL Background Thread 3 ] DEBUG Engine               - isWindows: true
12:03:49.080 [FXGL Background Thread 3 ] DEBUG Engine               - language: ObjectProperty [value: ENGLISH]
12:03:49.080 [FXGL Background Thread 3 ] DEBUG Engine               - menuKey: ESCAPE
12:03:49.080 [FXGL Background Thread 3 ] DEBUG Engine               - mouseSensitivity: 0.2
12:03:49.080 [FXGL Background Thread 3 ] DEBUG Engine               - notificationViewClass: class com.almasb.fxgl.notification.view.XboxNotificationView
12:03:49.080 [FXGL Background Thread 3 ] DEBUG Engine               - pixelsPerMeter: 50.0
12:03:49.080 [FXGL Background Thread 3 ] DEBUG Engine               - platform: WINDOWS
12:03:49.080 [FXGL Background Thread 3 ] DEBUG Engine               - prefHeightProperty: ReadOnlyDoubleProperty [value: 617.0]
12:03:49.080 [FXGL Background Thread 3 ] DEBUG Engine               - prefWidthProperty: ReadOnlyDoubleProperty [value: 800.0]
12:03:49.080 [FXGL Background Thread 3 ] DEBUG Engine               - profileDir: profiles/
12:03:49.081 [FXGL Background Thread 3 ] DEBUG Engine               - profileName: StringProperty [value: DEFAULT]
12:03:49.081 [FXGL Background Thread 3 ] DEBUG Engine               - randomSeed: -1
12:03:49.081 [FXGL Background Thread 3 ] DEBUG Engine               - runtimeInfo: RuntimeInfo(platform=WINDOWS, version=17.3, build=30.03.2023 11.49)
12:03:49.081 [FXGL Background Thread 3 ] DEBUG Engine               - saveFileExt: sav
12:03:49.081 [FXGL Background Thread 3 ] DEBUG Engine               - scaledHeightProp$fxgl: DoubleProperty [bound, value: 768.0]
12:03:49.081 [FXGL Background Thread 3 ] DEBUG Engine               - scaledWidthProp$fxgl: DoubleProperty [bound, value: 1366.0]
12:03:49.081 [FXGL Background Thread 3 ] DEBUG Engine               - sceneFactory: App.App$1@3e2b26ce
12:03:49.081 [FXGL Background Thread 3 ] DEBUG Engine               - secondsIn24h: 60
12:03:49.082 [FXGL Background Thread 3 ] DEBUG Engine               - soundMenuBack: menu/back.wav
12:03:49.082 [FXGL Background Thread 3 ] DEBUG Engine               - soundMenuPress: menu/press.wav
12:03:49.082 [FXGL Background Thread 3 ] DEBUG Engine               - soundMenuSelect: menu/select.wav
12:03:49.082 [FXGL Background Thread 3 ] DEBUG Engine               - soundNotification: core/notification.wav
12:03:49.082 [FXGL Background Thread 3 ] DEBUG Engine               - stageStyle: DECORATED
12:03:49.082 [FXGL Background Thread 3 ] DEBUG Engine               - supportedLanguages: [ENGLISH, FRENCH, GERMAN, HUNGARIAN, RUSSIAN]
12:03:49.083 [FXGL Background Thread 3 ] DEBUG Engine               - ticksPerSecond: -1
12:03:49.084 [FXGL Background Thread 3 ] DEBUG Engine               - title: Galactic Odyssey
12:03:49.084 [FXGL Background Thread 3 ] DEBUG Engine               - urlGithub: https://github.com/AlmasB/FXGL
12:03:49.084 [FXGL Background Thread 3 ] DEBUG Engine               - urlLeaderboard: http://fxgl-top.herokuapp.com/
12:03:49.084 [FXGL Background Thread 3 ] DEBUG Engine               - urlPOM: https://raw.githubusercontent.com/AlmasB/FXGL/release/README.md
12:03:49.084 [FXGL Background Thread 3 ] DEBUG Engine               - userAppClass: class App.App
12:03:49.084 [FXGL Background Thread 3 ] DEBUG Engine               - version: 0.0.1
12:03:49.084 [FXGL Background Thread 3 ] DEBUG Engine               - versionCheckDays: 7
12:03:49.084 [FXGL Background Thread 3 ] DEBUG Engine               - width: 800
12:03:49.084 [FXGL Background Thread 3 ] DEBUG Engine               - Logging services
12:03:49.085 [FXGL Background Thread 3 ] DEBUG Engine               - class com.almasb.fxgl.app.services.FXGLAssetLoaderService
12:03:49.085 [FXGL Background Thread 3 ] DEBUG Engine               - class com.almasb.fxgl.app.FXGLApplication$GameApplicationService
12:03:49.085 [FXGL Background Thread 3 ] DEBUG Engine               - class com.almasb.fxgl.app.services.FXGLDialogService
12:03:49.086 [FXGL Background Thread 3 ] DEBUG Engine               - class com.almasb.fxgl.app.services.IOTaskExecutorService
12:03:49.086 [FXGL Background Thread 3 ] DEBUG Engine               - class com.almasb.fxgl.io.FileSystemService
12:03:49.086 [FXGL Background Thread 3 ] DEBUG Engine               - class com.almasb.fxgl.localization.LocalizationService
12:03:49.086 [FXGL Background Thread 3 ] DEBUG Engine               - class com.almasb.fxgl.app.services.SystemBundleService
12:03:49.086 [FXGL Background Thread 3 ] DEBUG Engine               - class com.almasb.fxgl.profile.SaveLoadService
12:03:49.086 [FXGL Background Thread 3 ] DEBUG Engine               - class com.almasb.fxgl.ui.FXGLUIFactoryServiceProvider
12:03:49.086 [FXGL Background Thread 3 ] DEBUG Engine               - class com.almasb.fxgl.ui.FXGLDialogFactoryServiceProvider
12:03:49.086 [FXGL Background Thread 3 ] DEBUG Engine               - class com.almasb.fxgl.audio.AudioPlayer
12:03:49.086 [FXGL Background Thread 3 ] DEBUG Engine               - class com.almasb.fxgl.notification.impl.NotificationServiceProvider
12:03:49.086 [FXGL Background Thread 3 ] DEBUG Engine               - class com.almasb.fxgl.achievement.AchievementService
12:03:49.086 [FXGL Background Thread 3 ] DEBUG Engine               - class com.almasb.fxgl.cutscene.CutsceneService
12:03:49.087 [FXGL Background Thread 3 ] DEBUG Engine               - class com.almasb.fxgl.minigames.MiniGameService
12:03:49.087 [FXGL Background Thread 3 ] DEBUG Engine               - class com.almasb.fxgl.net.NetService
12:03:49.087 [FXGL Background Thread 3 ] DEBUG Engine               - class com.almasb.fxgl.app.services.UpdaterService
12:03:49.087 [FXGL Background Thread 3 ] DEBUG Engine               - class com.almasb.fxgl.dev.DevService
12:03:58.237 [JavaFX Application Thread] WARN  TMXLevelLoader       - TiledMap generated from 1.11.2. Supported version: 1.9.0. Some features may not be parsed fully.
12:03:58.259 [JavaFX Application Thread] DEBUG TMXLevelLoader       - Parsed TiledMap: file:/C:/UNI/lorenzo.alvarado-Proyecto-Final-DPOO-2025/Galactic%20odyssey/target/classes/assets/levels/Map1.tmx
12:03:58.260 [JavaFX Application Thread] DEBUG TMXLevelLoader       - Creating tile layer entities
12:03:58.261 [JavaFX Application Thread] DEBUG TilesetLoader        - Loading view for layer Espacio
12:03:58.268 [JavaFX Application Thread] DEBUG TilesetLoader        - Created buffer with size 3360.0x1680.0
12:03:58.343 [JavaFX Application Thread] DEBUG TilesetLoader        - Loading view for layer Planetas
12:03:58.370 [JavaFX Application Thread] DEBUG TilesetLoader        - Created buffer with size 3360.0x1680.0
12:03:58.371 [JavaFX Application Thread] DEBUG TilesetLoader        - Loading view for layer Naves
12:03:58.404 [JavaFX Application Thread] DEBUG TilesetLoader        - Created buffer with size 3360.0x1680.0
12:03:58.496 [JavaFX Application Thread] DEBUG TilesetLoader        - Loading view for layer Suelo
12:03:58.538 [JavaFX Application Thread] DEBUG TilesetLoader        - Created buffer with size 3360.0x1680.0
12:03:58.542 [JavaFX Application Thread] DEBUG TilesetLoader        - Loading view for layer rock
12:03:58.634 [JavaFX Application Thread] DEBUG TilesetLoader        - Created buffer with size 3360.0x1680.0
12:03:58.635 [JavaFX Application Thread] DEBUG TilesetLoader        - Loading view for layer Rocas
12:03:58.716 [JavaFX Application Thread] DEBUG TilesetLoader        - Created buffer with size 3360.0x1680.0
12:03:58.719 [JavaFX Application Thread] DEBUG TilesetLoader        - Loading view for layer Muro
12:03:58.767 [JavaFX Application Thread] DEBUG TilesetLoader        - Created buffer with size 3360.0x1680.0
12:03:58.768 [JavaFX Application Thread] DEBUG TilesetLoader        - Loading view for layer Rocas1
12:03:58.776 [JavaFX Application Thread] DEBUG TilesetLoader        - Created buffer with size 3360.0x1680.0
12:03:58.777 [JavaFX Application Thread] DEBUG TilesetLoader        - Loading view for layer SueloRuinas
12:03:58.784 [JavaFX Application Thread] DEBUG TilesetLoader        - Created buffer with size 3360.0x1680.0
12:03:58.815 [JavaFX Application Thread] DEBUG TilesetLoader        - Loading view for layer Ruinas
12:03:58.824 [JavaFX Application Thread] DEBUG TilesetLoader        - Created buffer with size 3360.0x1680.0
12:03:58.824 [JavaFX Application Thread] DEBUG TMXLevelLoader       - Creating object layer entities
12:03:58.841 [JavaFX Application Thread] WARN  Entity               - Entity already has component: com.almasb.fxgl.entity.components.CollidableComponent
12:03:58.842 [JavaFX Application Thread] WARN  Entity               - Entity already has component: com.almasb.fxgl.entity.components.CollidableComponent
12:03:58.843 [JavaFX Application Thread] WARN  Entity               - Entity already has component: com.almasb.fxgl.entity.components.CollidableComponent
12:03:58.843 [JavaFX Application Thread] WARN  Entity               - Entity already has component: com.almasb.fxgl.entity.components.CollidableComponent
12:03:58.843 [JavaFX Application Thread] WARN  Entity               - Entity already has component: com.almasb.fxgl.entity.components.CollidableComponent
12:03:58.843 [JavaFX Application Thread] WARN  Entity               - Entity already has component: com.almasb.fxgl.entity.components.CollidableComponent
12:03:58.844 [JavaFX Application Thread] WARN  Entity               - Entity already has component: com.almasb.fxgl.entity.components.CollidableComponent
12:03:58.844 [JavaFX Application Thread] WARN  Entity               - Entity already has component: com.almasb.fxgl.entity.components.CollidableComponent
12:03:58.844 [JavaFX Application Thread] WARN  Entity               - Entity already has component: com.almasb.fxgl.entity.components.CollidableComponent
12:03:58.844 [JavaFX Application Thread] WARN  Entity               - Entity already has component: com.almasb.fxgl.entity.components.CollidableComponent
12:03:58.845 [JavaFX Application Thread] WARN  Entity               - Entity already has component: com.almasb.fxgl.entity.components.CollidableComponent
12:03:58.845 [JavaFX Application Thread] WARN  Entity               - Entity already has component: com.almasb.fxgl.entity.components.CollidableComponent
12:03:58.845 [JavaFX Application Thread] WARN  Entity               - Entity already has component: com.almasb.fxgl.entity.components.CollidableComponent
12:03:58.846 [JavaFX Application Thread] WARN  Entity               - Entity already has component: com.almasb.fxgl.entity.components.CollidableComponent
12:03:58.846 [JavaFX Application Thread] WARN  Entity               - Entity already has component: com.almasb.fxgl.entity.components.CollidableComponent
12:03:58.846 [JavaFX Application Thread] WARN  Entity               - Entity already has component: com.almasb.fxgl.entity.components.CollidableComponent
12:03:58.846 [JavaFX Application Thread] WARN  Entity               - Entity already has component: com.almasb.fxgl.entity.components.CollidableComponent
12:03:58.847 [JavaFX Application Thread] WARN  Entity               - Entity already has component: com.almasb.fxgl.entity.components.CollidableComponent
12:03:58.847 [JavaFX Application Thread] WARN  Entity               - Entity already has component: com.almasb.fxgl.entity.components.CollidableComponent
12:03:58.847 [JavaFX Application Thread] WARN  Entity               - Entity already has component: com.almasb.fxgl.entity.components.CollidableComponent
12:03:58.847 [JavaFX Application Thread] WARN  Entity               - Entity already has component: com.almasb.fxgl.entity.components.CollidableComponent
12:03:58.848 [JavaFX Application Thread] WARN  Entity               - Entity already has component: com.almasb.fxgl.entity.components.CollidableComponent
12:03:58.848 [JavaFX Application Thread] WARN  Entity               - Entity already has component: com.almasb.fxgl.entity.components.CollidableComponent
12:03:58.848 [JavaFX Application Thread] WARN  Entity               - Entity already has component: com.almasb.fxgl.entity.components.CollidableComponent
12:03:58.848 [JavaFX Application Thread] WARN  Entity               - Entity already has component: com.almasb.fxgl.entity.components.CollidableComponent
12:03:58.849 [JavaFX Application Thread] WARN  Entity               - Entity already has component: com.almasb.fxgl.entity.components.CollidableComponent
12:03:58.849 [JavaFX Application Thread] WARN  Entity               - Entity already has component: com.almasb.fxgl.entity.components.CollidableComponent
12:03:58.849 [JavaFX Application Thread] WARN  Entity               - Entity already has component: com.almasb.fxgl.entity.components.CollidableComponent
12:03:58.849 [JavaFX Application Thread] WARN  Entity               - Entity already has component: com.almasb.fxgl.entity.components.CollidableComponent
12:03:58.850 [JavaFX Application Thread] WARN  Entity               - Entity already has component: com.almasb.fxgl.entity.components.CollidableComponent
12:03:58.850 [JavaFX Application Thread] WARN  Entity               - Entity already has component: com.almasb.fxgl.entity.components.CollidableComponent
12:03:58.850 [JavaFX Application Thread] WARN  Entity               - Entity already has component: com.almasb.fxgl.entity.components.CollidableComponent
12:03:58.850 [JavaFX Application Thread] WARN  Entity               - Entity already has component: com.almasb.fxgl.entity.components.CollidableComponent
12:03:58.851 [JavaFX Application Thread] WARN  Entity               - Entity already has component: com.almasb.fxgl.entity.components.CollidableComponent
12:03:58.851 [JavaFX Application Thread] WARN  Entity               - Entity already has component: com.almasb.fxgl.entity.components.CollidableComponent
12:03:58.852 [JavaFX Application Thread] DEBUG GameWorld            - Clearing removable entities
12:03:58.852 [JavaFX Application Thread] DEBUG GameWorld            - Setting level: com.almasb.fxgl.entity.level.Level@798500e1
12:03:58.874 [JavaFX Application Thread] DEBUG FXGLAssetLoaderServi - Loading from file system: file:/C:/UNI/lorenzo.alvarado-Proyecto-Final-DPOO-2025/Galactic%20odyssey/target/classes/assets/textures/personaje.png
12:03:58.875 [JavaFX Application Thread] DEBUG Input                - Registered new binding: Move Right - D
12:03:58.875 [JavaFX Application Thread] DEBUG Input                - Registered new binding: Move Left - A
12:03:58.875 [JavaFX Application Thread] DEBUG Input                - Registered new binding: Move Up - W
12:03:58.875 [JavaFX Application Thread] DEBUG Input                - Registered new binding: Move Down - S
12:03:58.875 [JavaFX Application Thread] DEBUG Input                - Registered new binding: End Turn - Enter
12:03:58.876 [JavaFX Application Thread] DEBUG Input                - Registered new binding: Attack - LMB
12:03:58.876 [JavaFX Application Thread] DEBUG Input                - Registered new binding: Special Ability - E
12:03:58.877 [JavaFX Application Thread] DEBUG Input                - Registered new binding: Use Potion - 1
12:03:58.877 [JavaFX Application Thread] DEBUG Input                - Registered new binding: Use Shield - 2
12:03:58.877 [JavaFX Application Thread] DEBUG Input                - Registered new binding: Use Bomb - 3
12:03:58.891 [JavaFX Application Thread] DEBUG FXGLAssetLoaderServi - Loading from file system: file:/C:/UNI/lorenzo.alvarado-Proyecto-Final-DPOO-2025/Galactic%20odyssey/target/classes/assets/textures/dronecombate.png
12:03:58.895 [JavaFX Application Thread] WARN  GameWorld            - Entity is already attached to world
12:03:58.896 [JavaFX Application Thread] WARN  GameWorld            - Entity is already attached to world
12:03:58.896 [JavaFX Application Thread] WARN  GameWorld            - Entity is already attached to world
12:03:58.896 [JavaFX Application Thread] WARN  GameWorld            - Entity is already attached to world
12:03:58.897 [JavaFX Application Thread] WARN  GameWorld            - Entity is already attached to world
12:03:58.897 [JavaFX Application Thread] WARN  GameWorld            - Entity is already attached to world
12:03:58.897 [JavaFX Application Thread] DEBUG FXGLAssetLoaderServi - Loading from file system: file:/C:/UNI/lorenzo.alvarado-Proyecto-Final-DPOO-2025/Galactic%20odyssey/target/classes/assets/textures/arana.png
12:03:58.898 [JavaFX Application Thread] WARN  GameWorld            - Entity is already attached to world
12:03:58.899 [JavaFX Application Thread] WARN  GameWorld            - Entity is already attached to world
12:03:58.899 [JavaFX Application Thread] WARN  GameWorld            - Entity is already attached to world
12:03:58.900 [JavaFX Application Thread] WARN  GameWorld            - Entity is already attached to world
12:03:58.900 [JavaFX Application Thread] WARN  GameWorld            - Entity is already attached to world
12:03:58.902 [JavaFX Application Thread] DEBUG FXGLAssetLoaderServi - Loading from file system: file:/C:/UNI/lorenzo.alvarado-Proyecto-Final-DPOO-2025/Galactic%20odyssey/target/classes/assets/textures/pocion.png
12:03:58.904 [JavaFX Application Thread] DEBUG FXGLAssetLoaderServi - Loading from file system: file:/C:/UNI/lorenzo.alvarado-Proyecto-Final-DPOO-2025/Galactic%20odyssey/target/classes/assets/textures/escudoEnergia.png
12:03:58.906 [JavaFX Application Thread] DEBUG FXGLAssetLoaderServi - Loading from file system: file:/C:/UNI/lorenzo.alvarado-Proyecto-Final-DPOO-2025/Galactic%20odyssey/target/classes/assets/textures/blackhole.png
12:03:58.908 [JavaFX Application Thread] DEBUG FXGLAssetLoaderServi - Loading from file system: file:/C:/UNI/lorenzo.alvarado-Proyecto-Final-DPOO-2025/Galactic%20odyssey/target/classes/assets/textures/nebulosa.png
12:03:58.909 [JavaFX Application Thread] DEBUG FXGLAssetLoaderServi - Loading from file system: file:/C:/UNI/lorenzo.alvarado-Proyecto-Final-DPOO-2025/Galactic%20odyssey/target/classes/assets/textures/trampa.png
12:05:19.189 [JavaFX Application Thread] DEBUG FXGLApplication      - Exiting FXGL
12:05:19.189 [JavaFX Application Thread] DEBUG LoopRunner           - Stopping loop
12:05:19.189 [JavaFX Application Thread] DEBUG SystemBundleService  - Saving FXGL system data
12:05:19.193 [JavaFX Application Thread] DEBUG FileSystemAccess     - Writing to: C:\UNI\lorenzo.alvarado-Proyecto-Final-DPOO-2025\system\fxgl.bundle
12:05:19.196 [JavaFX Application Thread] DEBUG Async                - Shutting down background threads
12:05:19.196 [JavaFX Application Thread] DEBUG PrimaryStageWindow   - Closing main window
12:05:19.264 [JavaFX Application Thread] DEBUG Logger               - Closing Logger
