12:00:10.558 [main                     ] DEBUG Logger               - Configured Logger
12:00:10.573 [main                     ] DEBUG GameApplication      - Logging settings
Title: Galactic Odyssey
Version: 0.0.1
Width: 800
Height: 617
Fullscreen: true
Intro: false
Profiling: false
Single step:false
App Mode: DEVELOPER
Menu Key: ESCAPE
Stage Style: DECORATED
Scene Factory: class App.App$1

12:00:11.189 [JavaFX Application Thread] DEBUG FXGLApplication      - Initializing FXGL
12:00:11.191 [JavaFX Application Thread] INFO  Engine               - FXGL-17.3 (30.03.2023 11.49) on WINDOWS (J:23.0.1 FX:17.0.2-ea)
12:00:11.192 [JavaFX Application Thread] DEBUG Engine               - JRE Vendor Name: Oracle Corporation
12:00:11.192 [JavaFX Application Thread] DEBUG Engine               - Running on OS: Windows 11 version 10.0
12:00:11.192 [JavaFX Application Thread] DEBUG Engine               - Architecture: amd64
12:00:11.192 [JavaFX Application Thread] INFO  Engine               - Source code and latest versions at: https://github.com/AlmasB/FXGL
12:00:11.192 [JavaFX Application Thread] INFO  Engine               -       Ask questions and discuss at: https://github.com/AlmasB/FXGL/discussions
12:00:11.192 [JavaFX Application Thread] INFO  Engine               -              Join the FXGL chat at: https://gitter.im/AlmasB/FXGL
12:00:11.237 [JavaFX Application Thread] DEBUG PrimaryStageWindow   - Creating a JavaFX scene
12:00:11.273 [JavaFX Application Thread] DEBUG PrimaryStageWindow   - Target settings size: 800.0 x 617.0
12:00:11.273 [JavaFX Application Thread] DEBUG PrimaryStageWindow   - Scaled scene size:    800.0 x 617.0
12:00:11.273 [JavaFX Application Thread] DEBUG PrimaryStageWindow   - Scaled ratio: (1.0, 1.0)
12:00:11.273 [JavaFX Application Thread] DEBUG PrimaryStageWindow   - Set initial scene to FXGLStartupScene
12:00:11.277 [JavaFX Application Thread] DEBUG PrimaryStageWindow   - Opening main window
12:00:11.329 [JavaFX Application Thread] DEBUG PrimaryStageWindow   - Window border size: (16.0, 39.0)
12:00:11.329 [JavaFX Application Thread] DEBUG PrimaryStageWindow   - Scaled size: 800.0 x 617.0
12:00:11.329 [JavaFX Application Thread] DEBUG PrimaryStageWindow   - Scaled ratio: (1.0, 1.0)
12:00:11.330 [JavaFX Application Thread] DEBUG PrimaryStageWindow   - Scene size: 800.0 x 617.0
12:00:11.330 [JavaFX Application Thread] DEBUG PrimaryStageWindow   - Stage size: 816.0 x 656.0
12:00:11.358 [JavaFX Application Thread] DEBUG PrimaryStageWindow   - Going fullscreen
12:00:11.363 [FXGL Background Thread 1 ] DEBUG Engine               - Initializing environment variables
12:00:11.416 [FXGL Background Thread 1 ] DEBUG FXGLAssetLoaderServi - User app class for loading assets: class App.App
12:00:11.416 [FXGL Background Thread 1 ] DEBUG GameApplicationServi - Applying CSS: fxgl_dark.css
12:00:11.417 [FXGL Background Thread 1 ] DEBUG FXGLAssetLoaderServi - Loading from file system: jar:file:///C:/Users/Johan/.m2/repository/com/github/AlmasB/fxgl/17.3/fxgl-17.3.jar!/fxglassets/ui/css/fxgl_dark.css
12:00:11.451 [FXGL Background Thread 1 ] DEBUG GameApplicationServi - Initializing application scenes
12:00:11.492 [FXGL Background Thread 1 ] DEBUG GameWorld            - Game world initialized
12:00:11.542 [FXGL Background Thread 1 ] DEBUG PhysicsWorld         - Physics world initialized: appHeight=617, physics.ppm=50.0
12:00:11.542 [FXGL Background Thread 1 ] DEBUG PhysicsWorld         - Using strategy: BRUTE_FORCE
12:00:11.544 [FXGL Background Thread 1 ] DEBUG GameScene            - Game scene initialized: 800x617
12:00:11.548 [FXGL Background Thread 1 ] DEBUG FXGL.DefaultMenu     - createMenuBodyGameMenu()
12:00:11.555 [FXGL Background Thread 1 ] DEBUG FXGL.DefaultMenu     - createOptionsMenu()
12:00:11.560 [FXGL Background Thread 1 ] DEBUG FXGLAssetLoaderServi - Loading from file system: jar:file:///C:/Users/Johan/.m2/repository/com/github/AlmasB/fxgl/17.3/fxgl-17.3.jar!/fxglassets/textures/particles/smoke.png
12:00:11.625 [FXGL Background Thread 1 ] DEBUG FXGLAssetLoaderServi - Loading from file system: jar:file:///C:/Users/Johan/.m2/repository/com/github/AlmasB/fxgl/17.3/fxgl-17.3.jar!/fxglassets/textures/particles/trace_horizontal.png
12:00:11.645 [FXGL Background Thread 1 ] DEBUG GameApplicationServi - Application scenes initialized
12:00:11.654 [FXGL Background Thread 1 ] DEBUG SystemBundleService  - Loading FXGL system data
12:00:11.666 [FXGL Background Thread 1 ] DEBUG FileSystemAccess     - Reading from: C:\UNI\lorenzo.alvarado-Proyecto-Final-DPOO-2025\system\fxgl.bundle
12:00:11.673 [FXGL Background Thread 1 ] DEBUG SystemBundleService  - Bundle FXGL: {}
12:00:11.673 [FXGL Background Thread 1 ] DEBUG UpdaterService       - Checking for updates
12:00:11.676 [FXGL Background Thread 4 ] DEBUG FXGLApplication      - Loading fonts
12:00:11.677 [FXGL Background Thread 1 ] DEBUG FXGLApplication      - Loading default localization
12:00:11.677 [FXGL Background Thread 4 ] DEBUG FXGLAssetLoaderServi - Loading from file system: jar:file:///C:/Users/Johan/.m2/repository/com/github/AlmasB/fxgl/17.3/fxgl-17.3.jar!/fxglassets/ui/fonts/VarelaRound-Regular.ttf
12:00:11.677 [FXGL Background Thread 1 ] DEBUG FXGLAssetLoaderServi - Loading from file system: jar:file:///C:/Users/Johan/.m2/repository/com/github/AlmasB/fxgl/17.3/fxgl-17.3.jar!/fxglassets/languages/english.lang
12:00:11.702 [FXGL Background Thread 1 ] INFO  FXGLApplication      - FXGL initialization took: 0.339 sec
12:00:11.704 [JavaFX Application Thread] DEBUG FXGLAssetLoaderServi - Loading from file system: jar:file:///C:/Users/Johan/.m2/repository/com/github/AlmasB/fxgl/17.3/fxgl-17.3.jar!/fxglassets/textures/fxgl_icon.png
12:00:11.712 [FXGL Background Thread 4 ] DEBUG FXGLAssetLoaderServi - Loading from file system: jar:file:///C:/Users/Johan/.m2/repository/com/github/AlmasB/fxgl/17.3/fxgl-17.3.jar!/fxglassets/ui/fonts/Abel-Regular.ttf
12:00:11.715 [FXGL Background Thread 4 ] DEBUG FXGLAssetLoaderServi - Loading from file system: jar:file:///C:/Users/Johan/.m2/repository/com/github/AlmasB/fxgl/17.3/fxgl-17.3.jar!/fxglassets/ui/fonts/TerminalLandMono-Regular.otf
12:00:11.720 [FXGL Background Thread 4 ] DEBUG FXGLAssetLoaderServi - Loading from file system: jar:file:///C:/Users/Johan/.m2/repository/com/github/AlmasB/fxgl/17.3/fxgl-17.3.jar!/fxglassets/ui/fonts/Courier-Prime.ttf
12:00:11.724 [JavaFX Application Thread] DEBUG FXGLAssetLoaderServi - Loading from file system: jar:file:///C:/Users/Johan/.m2/repository/com/github/AlmasB/fxgl/17.3/fxgl-17.3.jar!/fxglassets/textures/fxgl_default_cursor.png
12:00:11.734 [JavaFX Application Thread] DEBUG Input                - Registered new binding: Screenshot - CTRL+8
12:00:11.734 [JavaFX Application Thread] DEBUG Input                - Registered new binding: System info dump - CTRL+9
12:00:11.735 [JavaFX Application Thread] DEBUG Input                - Registered new binding: Restart - CTRL+R
12:00:11.736 [JavaFX Application Thread] DEBUG Input                - Registered new binding: Toggle Debug Camera - CTRL+7
12:00:11.739 [JavaFX Application Thread] DEBUG LoopRunner           - Starting loop
12:00:11.739 [JavaFX Application Thread] DEBUG LoopRunner           - Initializing JavaFX AnimationTimerLoop
12:00:11.741 [JavaFX Application Thread] DEBUG GameApplicationServi - Starting new game
12:00:11.741 [JavaFX Application Thread] DEBUG Input                - Clearing active input actions
12:00:11.754 [JavaFX Application Thread] DEBUG GameApplicationServi - Removing overlay from FXGLStartupScene and adding to MyLoadingScene
12:00:11.755 [JavaFX Application Thread] DEBUG PrimaryStageWindow   - FXGLStartupScene -> MyLoadingScene
12:00:11.755 [JavaFX Application Thread] DEBUG GameApplicationServi - Clearing previous game
12:00:11.755 [JavaFX Application Thread] DEBUG GameScene            - Clearing game scene
12:00:11.755 [JavaFX Application Thread] DEBUG GameWorld            - Clearing game world
12:00:11.755 [JavaFX Application Thread] DEBUG PhysicsWorld         - Clearing physics world
12:00:11.756 [JavaFX Application Thread] DEBUG FXGLApplication      - Registering font factories with UI factory
12:00:11.756 [FXGL Background Thread 4 ] DEBUG FXGLApplication      - Initializing game
12:00:11.767 [FXGL Background Thread 4 ] WARN  FXGLAssetLoaderServi - Asset "/assets/textures/fondo_menu.png" was not found!
12:00:11.767 [FXGL Background Thread 4 ] WARN  FXGLAssetLoaderServi - Failed to load IMAGE
12:00:11.828 [FXGL Background Thread 4 ] WARN  FXGLAssetLoaderServi - Asset "/assets/music/intro.mp3" was not found!
12:00:11.828 [FXGL Background Thread 4 ] WARN  FXGLAssetLoaderServi - Failed to load MUSIC
12:00:11.829 [FXGL Background Thread 4 ] DEBUG AudioPlayer          - Playing music com.almasb.fxgl.audio.Music@74e8a084
12:00:11.837 [FXGL Background Thread 4 ] WARN  FXGLAssetLoaderServi - Asset "/assets/textures/fondo_menu.png" was not found!
12:00:11.837 [FXGL Background Thread 4 ] WARN  FXGLAssetLoaderServi - Failed to load IMAGE
12:00:11.838 [FXGL Background Thread 4 ] INFO  FXGLApplication      - Game initialization took: 0.081 sec
12:00:11.838 [JavaFX Application Thread] DEBUG Input                - Clearing active input actions
12:00:11.847 [JavaFX Application Thread] DEBUG GameApplicationServi - Removing overlay from MyLoadingScene and adding to GameScene
12:00:11.847 [JavaFX Application Thread] DEBUG PrimaryStageWindow   - MyLoadingScene -> GameScene
12:00:12.745 [FXGL Background Thread 2 ] INFO  UpdaterService       - Your current version:  17.3
12:00:12.746 [FXGL Background Thread 2 ] INFO  UpdaterService       - Latest stable version: 21.1
12:00:13.168 [JavaFX Application Thread] WARN  FXGLAssetLoaderServi - Asset "/assets/textures/default_character.png" was not found!
12:00:13.168 [JavaFX Application Thread] WARN  FXGLAssetLoaderServi - Failed to load IMAGE
12:00:13.189 [JavaFX Application Thread] WARN  FXGLAssetLoaderServi - Asset "/assets/textures/default_character.png" was not found!
12:00:13.189 [JavaFX Application Thread] WARN  FXGLAssetLoaderServi - Failed to load IMAGE
12:00:13.190 [JavaFX Application Thread] WARN  FXGLAssetLoaderServi - Asset "/assets/textures/default_character.png" was not found!
12:00:13.190 [JavaFX Application Thread] WARN  FXGLAssetLoaderServi - Failed to load IMAGE
12:00:13.192 [JavaFX Application Thread] WARN  FXGLAssetLoaderServi - Asset "/assets/textures/default_character.png" was not found!
12:00:13.192 [JavaFX Application Thread] WARN  FXGLAssetLoaderServi - Failed to load IMAGE
12:00:13.194 [JavaFX Application Thread] WARN  FXGLAssetLoaderServi - Asset "/assets/textures/default_character.png" was not found!
12:00:13.194 [JavaFX Application Thread] WARN  FXGLAssetLoaderServi - Failed to load IMAGE
12:00:13.195 [JavaFX Application Thread] WARN  FXGLAssetLoaderServi - Asset "/assets/textures/default_character.png" was not found!
12:00:13.195 [JavaFX Application Thread] WARN  FXGLAssetLoaderServi - Failed to load IMAGE
12:00:13.196 [JavaFX Application Thread] WARN  FXGLAssetLoaderServi - Asset "/assets/textures/default_character.png" was not found!
12:00:13.196 [JavaFX Application Thread] WARN  FXGLAssetLoaderServi - Failed to load IMAGE
12:00:13.197 [JavaFX Application Thread] WARN  FXGLAssetLoaderServi - Asset "/assets/textures/default_character.png" was not found!
12:00:13.197 [JavaFX Application Thread] WARN  FXGLAssetLoaderServi - Failed to load IMAGE
12:00:13.198 [JavaFX Application Thread] WARN  FXGLAssetLoaderServi - Asset "/assets/textures/default_character.png" was not found!
12:00:13.198 [JavaFX Application Thread] WARN  FXGLAssetLoaderServi - Failed to load IMAGE
12:00:13.199 [JavaFX Application Thread] WARN  FXGLAssetLoaderServi - Asset "/assets/textures/default_character.png" was not found!
12:00:13.199 [JavaFX Application Thread] WARN  FXGLAssetLoaderServi - Failed to load IMAGE
12:00:13.200 [JavaFX Application Thread] WARN  FXGLAssetLoaderServi - Asset "/assets/textures/default_character.png" was not found!
12:00:13.200 [JavaFX Application Thread] WARN  FXGLAssetLoaderServi - Failed to load IMAGE
12:00:13.201 [JavaFX Application Thread] WARN  FXGLAssetLoaderServi - Asset "/assets/textures/default_character.png" was not found!
12:00:13.201 [JavaFX Application Thread] WARN  FXGLAssetLoaderServi - Failed to load IMAGE
12:00:13.201 [JavaFX Application Thread] WARN  FXGLAssetLoaderServi - Asset "/assets/textures/default_character.png" was not found!
12:00:13.202 [JavaFX Application Thread] WARN  FXGLAssetLoaderServi - Failed to load IMAGE
12:00:13.202 [JavaFX Application Thread] WARN  FXGLAssetLoaderServi - Asset "/assets/textures/default_character.png" was not found!
12:00:13.202 [JavaFX Application Thread] WARN  FXGLAssetLoaderServi - Failed to load IMAGE
12:00:13.204 [JavaFX Application Thread] WARN  FXGLAssetLoaderServi - Asset "/assets/textures/default_character.png" was not found!
12:00:13.204 [JavaFX Application Thread] WARN  FXGLAssetLoaderServi - Failed to load IMAGE
12:00:13.204 [JavaFX Application Thread] WARN  FXGLAssetLoaderServi - Asset "/assets/textures/default_character.png" was not found!
12:00:13.204 [JavaFX Application Thread] WARN  FXGLAssetLoaderServi - Failed to load IMAGE
12:00:13.205 [JavaFX Application Thread] WARN  FXGLAssetLoaderServi - Asset "/assets/textures/default_character.png" was not found!
12:00:13.205 [JavaFX Application Thread] WARN  FXGLAssetLoaderServi - Failed to load IMAGE
12:00:13.207 [JavaFX Application Thread] WARN  FXGLAssetLoaderServi - Asset "/assets/textures/default_character.png" was not found!
12:00:13.207 [JavaFX Application Thread] WARN  FXGLAssetLoaderServi - Failed to load IMAGE
12:00:13.208 [JavaFX Application Thread] WARN  FXGLAssetLoaderServi - Asset "/assets/textures/default_character.png" was not found!
12:00:13.208 [JavaFX Application Thread] WARN  FXGLAssetLoaderServi - Failed to load IMAGE
12:00:13.210 [JavaFX Application Thread] WARN  FXGLAssetLoaderServi - Asset "/assets/textures/default_character.png" was not found!
12:00:13.210 [JavaFX Application Thread] WARN  FXGLAssetLoaderServi - Failed to load IMAGE
12:00:13.213 [JavaFX Application Thread] WARN  FXGLAssetLoaderServi - Asset "/assets/textures/fondo_menu.png" was not found!
12:00:13.213 [JavaFX Application Thread] WARN  FXGLAssetLoaderServi - Failed to load IMAGE
12:00:14.676 [FXGL Background Thread 3 ] DEBUG Engine               - Logging environment variables
12:00:14.677 [FXGL Background Thread 3 ] DEBUG Engine               - achievements: []
12:00:14.677 [FXGL Background Thread 3 ] DEBUG Engine               - actualHeight: 768.0
12:00:14.677 [FXGL Background Thread 3 ] DEBUG Engine               - actualHeightProperty: ReadOnlyDoubleProperty [value: 768.0]
12:00:14.677 [FXGL Background Thread 3 ] DEBUG Engine               - actualWidth: 1366.0
12:00:14.677 [FXGL Background Thread 3 ] DEBUG Engine               - actualWidthProperty: ReadOnlyDoubleProperty [value: 1366.0]
12:00:14.677 [FXGL Background Thread 3 ] DEBUG Engine               - appIcon: fxgl_icon.png
12:00:14.677 [FXGL Background Thread 3 ] DEBUG Engine               - applicationMode: DEVELOPER
12:00:14.677 [FXGL Background Thread 3 ] DEBUG Engine               - cSSList: [fxgl_dark.css]
12:00:14.678 [FXGL Background Thread 3 ] DEBUG Engine               - collisionDetectionStrategy: BRUTE_FORCE
12:00:14.678 [FXGL Background Thread 3 ] DEBUG Engine               - configClass: Optional.empty
12:00:14.678 [FXGL Background Thread 3 ] DEBUG Engine               - credits: []
12:00:14.678 [FXGL Background Thread 3 ] DEBUG Engine               - defaultCursor: CursorInfo(imageName=fxgl_default_cursor.png, hotspotX=7.0, hotspotY=6.0)
12:00:14.678 [FXGL Background Thread 3 ] DEBUG Engine               - devBBoxColorProperty: ObjectProperty [value: 0xff0000ff]
12:00:14.679 [FXGL Background Thread 3 ] DEBUG Engine               - devEnableDebugCameraProperty: BooleanProperty [value: false]
12:00:14.679 [FXGL Background Thread 3 ] DEBUG Engine               - devSensorColorProperty: ObjectProperty [value: 0xffff00ff]
12:00:14.679 [FXGL Background Thread 3 ] DEBUG Engine               - devShowBBoxProperty: BooleanProperty [value: false]
12:00:14.679 [FXGL Background Thread 3 ] DEBUG Engine               - devShowPositionProperty: BooleanProperty [value: false]
12:00:14.679 [FXGL Background Thread 3 ] DEBUG Engine               - enabledMenuItems: []
12:00:14.679 [FXGL Background Thread 3 ] DEBUG Engine               - engineServices: [class com.almasb.fxgl.app.services.FXGLAssetLoaderService, class com.almasb.fxgl.app.FXGLApplication$GameApplicationService, class com.almasb.fxgl.app.services.FXGLDialogService, class com.almasb.fxgl.app.services.IOTaskExecutorService, class com.almasb.fxgl.io.FileSystemService, class com.almasb.fxgl.localization.LocalizationService, class com.almasb.fxgl.app.services.SystemBundleService, class com.almasb.fxgl.profile.SaveLoadService, class com.almasb.fxgl.ui.FXGLUIFactoryServiceProvider, class com.almasb.fxgl.ui.FXGLDialogFactoryServiceProvider, class com.almasb.fxgl.audio.AudioPlayer, class com.almasb.fxgl.notification.impl.NotificationServiceProvider, class com.almasb.fxgl.achievement.AchievementService, class com.almasb.fxgl.cutscene.CutsceneService, class com.almasb.fxgl.minigames.MiniGameService, class com.almasb.fxgl.net.NetService, class com.almasb.fxgl.app.services.UpdaterService, class com.almasb.fxgl.dev.DevService]
12:00:14.679 [FXGL Background Thread 3 ] DEBUG Engine               - fontGame: Abel-Regular.ttf
12:00:14.679 [FXGL Background Thread 3 ] DEBUG Engine               - fontMono: TerminalLandMono-Regular.otf
12:00:14.679 [FXGL Background Thread 3 ] DEBUG Engine               - fontSizeScaleUI: 1.0
12:00:14.679 [FXGL Background Thread 3 ] DEBUG Engine               - fontText: Courier-Prime.ttf
12:00:14.679 [FXGL Background Thread 3 ] DEBUG Engine               - fontUI: VarelaRound-Regular.ttf
12:00:14.679 [FXGL Background Thread 3 ] DEBUG Engine               - fullScreen: BooleanProperty [value: true]
12:00:14.680 [FXGL Background Thread 3 ] DEBUG Engine               - gameDifficulty: MEDIUM
12:00:14.680 [FXGL Background Thread 3 ] DEBUG Engine               - gameDifficultyProperty: ObjectProperty [value: MEDIUM]
12:00:14.680 [FXGL Background Thread 3 ] DEBUG Engine               - globalMusicVolume: 0.5
12:00:14.681 [FXGL Background Thread 3 ] DEBUG Engine               - globalMusicVolumeProperty: DoubleProperty [value: 0.5]
12:00:14.681 [FXGL Background Thread 3 ] DEBUG Engine               - globalSoundVolume: 0.5
12:00:14.681 [FXGL Background Thread 3 ] DEBUG Engine               - globalSoundVolumeProperty: DoubleProperty [value: 0.5]
12:00:14.681 [FXGL Background Thread 3 ] DEBUG Engine               - height: 617
12:00:14.681 [FXGL Background Thread 3 ] DEBUG Engine               - is3D: false
12:00:14.681 [FXGL Background Thread 3 ] DEBUG Engine               - isAndroid: false
12:00:14.681 [FXGL Background Thread 3 ] DEBUG Engine               - isBrowser: false
12:00:14.682 [FXGL Background Thread 3 ] DEBUG Engine               - isClickFeedbackEnabled: false
12:00:14.682 [FXGL Background Thread 3 ] DEBUG Engine               - isCloseConfirmation: false
12:00:14.682 [FXGL Background Thread 3 ] DEBUG Engine               - isDesktop: true
12:00:14.682 [FXGL Background Thread 3 ] DEBUG Engine               - isDeveloperMenuEnabled: false
12:00:14.682 [FXGL Background Thread 3 ] DEBUG Engine               - isEmbedded: false
12:00:14.682 [FXGL Background Thread 3 ] DEBUG Engine               - isEntityPreloadEnabled: true
12:00:14.682 [FXGL Background Thread 3 ] DEBUG Engine               - isExperimentalTiledLargeMap: false
12:00:14.682 [FXGL Background Thread 3 ] DEBUG Engine               - isFileSystemWriteAllowed: true
12:00:14.682 [FXGL Background Thread 3 ] DEBUG Engine               - isFullScreenAllowed: true
12:00:14.683 [FXGL Background Thread 3 ] DEBUG Engine               - isFullScreenFromStart: true
12:00:14.683 [FXGL Background Thread 3 ] DEBUG Engine               - isGameMenuEnabled: true
12:00:14.683 [FXGL Background Thread 3 ] DEBUG Engine               - isIOS: false
12:00:14.683 [FXGL Background Thread 3 ] DEBUG Engine               - isIntroEnabled: false
12:00:14.683 [FXGL Background Thread 3 ] DEBUG Engine               - isLinux: false
12:00:14.683 [FXGL Background Thread 3 ] DEBUG Engine               - isMac: false
12:00:14.684 [FXGL Background Thread 3 ] DEBUG Engine               - isMainMenuEnabled: false
12:00:14.684 [FXGL Background Thread 3 ] DEBUG Engine               - isManualResizeEnabled: false
12:00:14.684 [FXGL Background Thread 3 ] DEBUG Engine               - isMobile: false
12:00:14.684 [FXGL Background Thread 3 ] DEBUG Engine               - isNative: false
12:00:14.684 [FXGL Background Thread 3 ] DEBUG Engine               - isPauseMusicWhenMinimized: true
12:00:14.684 [FXGL Background Thread 3 ] DEBUG Engine               - isPreserveResizeRatio: false
12:00:14.684 [FXGL Background Thread 3 ] DEBUG Engine               - isProfilingEnabled: false
12:00:14.684 [FXGL Background Thread 3 ] DEBUG Engine               - isScaleAffectedOnResize: true
12:00:14.684 [FXGL Background Thread 3 ] DEBUG Engine               - isSingleStep: false
12:00:14.685 [FXGL Background Thread 3 ] DEBUG Engine               - isUserProfileEnabled: false
12:00:14.685 [FXGL Background Thread 3 ] DEBUG Engine               - isWindows: true
12:00:14.685 [FXGL Background Thread 3 ] DEBUG Engine               - language: ObjectProperty [value: ENGLISH]
12:00:14.685 [FXGL Background Thread 3 ] DEBUG Engine               - menuKey: ESCAPE
12:00:14.685 [FXGL Background Thread 3 ] DEBUG Engine               - mouseSensitivity: 0.2
12:00:14.685 [FXGL Background Thread 3 ] DEBUG Engine               - notificationViewClass: class com.almasb.fxgl.notification.view.XboxNotificationView
12:00:14.685 [FXGL Background Thread 3 ] DEBUG Engine               - pixelsPerMeter: 50.0
12:00:14.685 [FXGL Background Thread 3 ] DEBUG Engine               - platform: WINDOWS
12:00:14.686 [FXGL Background Thread 3 ] DEBUG Engine               - prefHeightProperty: ReadOnlyDoubleProperty [value: 617.0]
12:00:14.686 [FXGL Background Thread 3 ] DEBUG Engine               - prefWidthProperty: ReadOnlyDoubleProperty [value: 800.0]
12:00:14.686 [FXGL Background Thread 3 ] DEBUG Engine               - profileDir: profiles/
12:00:14.686 [FXGL Background Thread 3 ] DEBUG Engine               - profileName: StringProperty [value: DEFAULT]
12:00:14.686 [FXGL Background Thread 3 ] DEBUG Engine               - randomSeed: -1
12:00:14.686 [FXGL Background Thread 3 ] DEBUG Engine               - runtimeInfo: RuntimeInfo(platform=WINDOWS, version=17.3, build=30.03.2023 11.49)
12:00:14.687 [FXGL Background Thread 3 ] DEBUG Engine               - saveFileExt: sav
12:00:14.687 [FXGL Background Thread 3 ] DEBUG Engine               - scaledHeightProp$fxgl: DoubleProperty [bound, value: 768.0]
12:00:14.687 [FXGL Background Thread 3 ] DEBUG Engine               - scaledWidthProp$fxgl: DoubleProperty [bound, value: 1366.0]
12:00:14.687 [FXGL Background Thread 3 ] DEBUG Engine               - sceneFactory: App.App$1@33f32e0d
12:00:14.687 [FXGL Background Thread 3 ] DEBUG Engine               - secondsIn24h: 60
12:00:14.687 [FXGL Background Thread 3 ] DEBUG Engine               - soundMenuBack: menu/back.wav
12:00:14.687 [FXGL Background Thread 3 ] DEBUG Engine               - soundMenuPress: menu/press.wav
12:00:14.688 [FXGL Background Thread 3 ] DEBUG Engine               - soundMenuSelect: menu/select.wav
12:00:14.688 [FXGL Background Thread 3 ] DEBUG Engine               - soundNotification: core/notification.wav
12:00:14.688 [FXGL Background Thread 3 ] DEBUG Engine               - stageStyle: DECORATED
12:00:14.688 [FXGL Background Thread 3 ] DEBUG Engine               - supportedLanguages: [ENGLISH, FRENCH, GERMAN, HUNGARIAN, RUSSIAN]
12:00:14.688 [FXGL Background Thread 3 ] DEBUG Engine               - ticksPerSecond: -1
12:00:14.688 [FXGL Background Thread 3 ] DEBUG Engine               - title: Galactic Odyssey
12:00:14.688 [FXGL Background Thread 3 ] DEBUG Engine               - urlGithub: https://github.com/AlmasB/FXGL
12:00:14.688 [FXGL Background Thread 3 ] DEBUG Engine               - urlLeaderboard: http://fxgl-top.herokuapp.com/
12:00:14.688 [FXGL Background Thread 3 ] DEBUG Engine               - urlPOM: https://raw.githubusercontent.com/AlmasB/FXGL/release/README.md
12:00:14.688 [FXGL Background Thread 3 ] DEBUG Engine               - userAppClass: class App.App
12:00:14.689 [FXGL Background Thread 3 ] DEBUG Engine               - version: 0.0.1
12:00:14.689 [FXGL Background Thread 3 ] DEBUG Engine               - versionCheckDays: 7
12:00:14.689 [FXGL Background Thread 3 ] DEBUG Engine               - width: 800
12:00:14.689 [FXGL Background Thread 3 ] DEBUG Engine               - Logging services
12:00:14.689 [FXGL Background Thread 3 ] DEBUG Engine               - class com.almasb.fxgl.app.services.FXGLAssetLoaderService
12:00:14.689 [FXGL Background Thread 3 ] DEBUG Engine               - class com.almasb.fxgl.app.FXGLApplication$GameApplicationService
12:00:14.689 [FXGL Background Thread 3 ] DEBUG Engine               - class com.almasb.fxgl.app.services.FXGLDialogService
12:00:14.689 [FXGL Background Thread 3 ] DEBUG Engine               - class com.almasb.fxgl.app.services.IOTaskExecutorService
12:00:14.689 [FXGL Background Thread 3 ] DEBUG Engine               - class com.almasb.fxgl.io.FileSystemService
12:00:14.689 [FXGL Background Thread 3 ] DEBUG Engine               - class com.almasb.fxgl.localization.LocalizationService
12:00:14.689 [FXGL Background Thread 3 ] DEBUG Engine               - class com.almasb.fxgl.app.services.SystemBundleService
12:00:14.689 [FXGL Background Thread 3 ] DEBUG Engine               - class com.almasb.fxgl.profile.SaveLoadService
12:00:14.689 [FXGL Background Thread 3 ] DEBUG Engine               - class com.almasb.fxgl.ui.FXGLUIFactoryServiceProvider
12:00:14.689 [FXGL Background Thread 3 ] DEBUG Engine               - class com.almasb.fxgl.ui.FXGLDialogFactoryServiceProvider
12:00:14.689 [FXGL Background Thread 3 ] DEBUG Engine               - class com.almasb.fxgl.audio.AudioPlayer
12:00:14.689 [FXGL Background Thread 3 ] DEBUG Engine               - class com.almasb.fxgl.notification.impl.NotificationServiceProvider
12:00:14.690 [FXGL Background Thread 3 ] DEBUG Engine               - class com.almasb.fxgl.achievement.AchievementService
12:00:14.690 [FXGL Background Thread 3 ] DEBUG Engine               - class com.almasb.fxgl.cutscene.CutsceneService
12:00:14.690 [FXGL Background Thread 3 ] DEBUG Engine               - class com.almasb.fxgl.minigames.MiniGameService
12:00:14.690 [FXGL Background Thread 3 ] DEBUG Engine               - class com.almasb.fxgl.net.NetService
12:00:14.690 [FXGL Background Thread 3 ] DEBUG Engine               - class com.almasb.fxgl.app.services.UpdaterService
12:00:14.690 [FXGL Background Thread 3 ] DEBUG Engine               - class com.almasb.fxgl.dev.DevService
12:00:19.096 [JavaFX Application Thread] WARN  FXGLAssetLoaderServi - Asset "/assets/textures/default_level.png" was not found!
12:00:19.097 [JavaFX Application Thread] WARN  FXGLAssetLoaderServi - Failed to load IMAGE
12:00:19.102 [JavaFX Application Thread] WARN  FXGLAssetLoaderServi - Asset "/assets/textures/default_level.png" was not found!
12:00:19.102 [JavaFX Application Thread] WARN  FXGLAssetLoaderServi - Failed to load IMAGE
12:00:19.104 [JavaFX Application Thread] WARN  FXGLAssetLoaderServi - Asset "/assets/textures/default_level.png" was not found!
12:00:19.105 [JavaFX Application Thread] WARN  FXGLAssetLoaderServi - Failed to load IMAGE
12:00:19.108 [JavaFX Application Thread] WARN  FXGLAssetLoaderServi - Asset "/assets/textures/fondo_menu.png" was not found!
12:00:19.109 [JavaFX Application Thread] WARN  FXGLAssetLoaderServi - Failed to load IMAGE
12:00:21.372 [JavaFX Application Thread] WARN  FXGLAssetLoaderServi - Asset "/assets/levels/Map1.tmx" was not found!
12:00:21.372 [JavaFX Application Thread] DEBUG LoopRunner           - Stopping loop
12:00:21.375 [JavaFX Application Thread] FATAL FXGLApplication      - Uncaught Exception:
java.lang.IllegalArgumentException: Loading level failed. Asset not found: Map1.tmx
	at com.almasb.fxgl.all@17.3/com.almasb.fxgl.app.services.FXGLAssetLoaderService.loadLevel(FXGLAssetLoaderService.kt:427)
	at com.almasb.fxgl.all@17.3/com.almasb.fxgl.dsl.FXGL$Companion.setLevelFromMap(FXGL.kt:634)
	at com.almasb.fxgl.all@17.3/com.almasb.fxgl.dsl.FXGL.setLevelFromMap(FXGL.kt)
	at Game.main/View.Maps.MapLoader.loadMap(MapLoader.java:15)
	at Game.main/Domain.Levels.Level1.initialize(Level1.java:54)
	at Game.main/App.App.startNewGame(App.java:94)
	at Game.main/View.UI.Menu.MenuController.lambda$showLevelSelectorScreen$6(MenuController.java:119)
	at Game.main/View.UI.Menu.LevelSelectorController.lambda$showLevelSelection$3(LevelSelectorController.java:173)
	at Game.main/View.UI.Menu.LevelSelectorController.lambda$createMenuButton$7(LevelSelectorController.java:224)
	at javafx.base/com.sun.javafx.event.CompositeEventHandler.dispatchBubblingEvent(CompositeEventHandler.java:86)
	at javafx.base/com.sun.javafx.event.EventHandlerManager.dispatchBubblingEvent(EventHandlerManager.java:234)
	at javafx.base/com.sun.javafx.event.EventHandlerManager.dispatchBubblingEvent(EventHandlerManager.java:191)
	at javafx.base/com.sun.javafx.event.CompositeEventDispatcher.dispatchBubblingEvent(CompositeEventDispatcher.java:59)
	at javafx.base/com.sun.javafx.event.BasicEventDispatcher.dispatchEvent(BasicEventDispatcher.java:58)
	at javafx.base/com.sun.javafx.event.EventDispatchChainImpl.dispatchEvent(EventDispatchChainImpl.java:114)
	at javafx.base/com.sun.javafx.event.BasicEventDispatcher.dispatchEvent(BasicEventDispatcher.java:56)
	at javafx.base/com.sun.javafx.event.EventDispatchChainImpl.dispatchEvent(EventDispatchChainImpl.java:114)
	at javafx.base/com.sun.javafx.event.BasicEventDispatcher.dispatchEvent(BasicEventDispatcher.java:56)
	at javafx.base/com.sun.javafx.event.EventDispatchChainImpl.dispatchEvent(EventDispatchChainImpl.java:114)
	at javafx.base/com.sun.javafx.event.EventUtil.fireEventImpl(EventUtil.java:74)
	at javafx.base/com.sun.javafx.event.EventUtil.fireEvent(EventUtil.java:49)
	at javafx.base/javafx.event.Event.fireEvent(Event.java:198)
	at javafx.graphics/javafx.scene.Node.fireEvent(Node.java:8792)
	at javafx.controls/javafx.scene.control.Button.fire(Button.java:203)
	at javafx.controls/com.sun.javafx.scene.control.behavior.ButtonBehavior.mouseReleased(ButtonBehavior.java:208)
	at javafx.controls/com.sun.javafx.scene.control.inputmap.InputMap.handle(InputMap.java:274)
	at javafx.base/com.sun.javafx.event.CompositeEventHandler$NormalEventHandlerRecord.handleBubblingEvent(CompositeEventHandler.java:247)
	at javafx.base/com.sun.javafx.event.CompositeEventHandler.dispatchBubblingEvent(CompositeEventHandler.java:80)
	at javafx.base/com.sun.javafx.event.EventHandlerManager.dispatchBubblingEvent(EventHandlerManager.java:234)
	at javafx.base/com.sun.javafx.event.EventHandlerManager.dispatchBubblingEvent(EventHandlerManager.java:191)
	at javafx.base/com.sun.javafx.event.CompositeEventDispatcher.dispatchBubblingEvent(CompositeEventDispatcher.java:59)
	at javafx.base/com.sun.javafx.event.BasicEventDispatcher.dispatchEvent(BasicEventDispatcher.java:58)
	at javafx.base/com.sun.javafx.event.EventDispatchChainImpl.dispatchEvent(EventDispatchChainImpl.java:114)
	at javafx.base/com.sun.javafx.event.BasicEventDispatcher.dispatchEvent(BasicEventDispatcher.java:56)
	at javafx.base/com.sun.javafx.event.EventDispatchChainImpl.dispatchEvent(EventDispatchChainImpl.java:114)
	at javafx.base/com.sun.javafx.event.BasicEventDispatcher.dispatchEvent(BasicEventDispatcher.java:56)
	at javafx.base/com.sun.javafx.event.EventDispatchChainImpl.dispatchEvent(EventDispatchChainImpl.java:114)
	at javafx.base/com.sun.javafx.event.EventUtil.fireEventImpl(EventUtil.java:74)
	at javafx.base/com.sun.javafx.event.EventUtil.fireEvent(EventUtil.java:54)
	at javafx.base/javafx.event.Event.fireEvent(Event.java:198)
	at javafx.graphics/javafx.scene.Scene$MouseHandler.process(Scene.java:3897)
	at javafx.graphics/javafx.scene.Scene.processMouseEvent(Scene.java:1878)
	at javafx.graphics/javafx.scene.Scene$ScenePeerListener.mouseEvent(Scene.java:2623)
	at javafx.graphics/com.sun.javafx.tk.quantum.GlassViewEventHandler$MouseEventNotification.run(GlassViewEventHandler.java:411)
	at javafx.graphics/com.sun.javafx.tk.quantum.GlassViewEventHandler$MouseEventNotification.run(GlassViewEventHandler.java:301)
	at java.base/java.security.AccessController.doPrivileged(AccessController.java:400)
	at javafx.graphics/com.sun.javafx.tk.quantum.GlassViewEventHandler.lambda$handleMouseEvent$2(GlassViewEventHandler.java:450)
	at javafx.graphics/com.sun.javafx.tk.quantum.QuantumToolkit.runWithoutRenderLock(QuantumToolkit.java:424)
	at javafx.graphics/com.sun.javafx.tk.quantum.GlassViewEventHandler.handleMouseEvent(GlassViewEventHandler.java:449)
	at javafx.graphics/com.sun.glass.ui.View.handleMouseEvent(View.java:557)
	at javafx.graphics/com.sun.glass.ui.View.notifyMouse(View.java:943)
	at javafx.graphics/com.sun.glass.ui.win.WinApplication._runLoop(Native Method)
	at javafx.graphics/com.sun.glass.ui.win.WinApplication.lambda$runLoop$3(WinApplication.java:184)
	at java.base/java.lang.Thread.run(Thread.java:1575)

12:00:21.376 [JavaFX Application Thread] FATAL FXGLApplication      - Application will now exit
12:00:21.409 [JavaFX Application Thread] DEBUG PrimaryStageWindow   - Push state: ErrorSubScene
12:00:21.409 [JavaFX Application Thread] DEBUG Input                - Clearing active input actions
12:00:21.410 [JavaFX Application Thread] DEBUG GameApplicationServi - Removing overlay from GameScene and adding to ErrorSubScene
12:00:21.410 [JavaFX Application Thread] DEBUG PrimaryStageWindow   - GameScene -> ErrorSubScene
12:00:24.386 [JavaFX Application Thread] DEBUG FXGLApplication      - Exiting FXGL
12:00:24.386 [JavaFX Application Thread] DEBUG Async                - Shutting down background threads
12:00:24.386 [JavaFX Application Thread] DEBUG PrimaryStageWindow   - Closing main window
12:00:24.446 [JavaFX Application Thread] DEBUG Logger               - Closing Logger
