11:57:28.515 [main                     ] DEBUG Logger               - Configured Logger
11:57:28.539 [main                     ] DEBUG GameApplication      - Logging settings
Title: Galactic Odyssey
Version: 0.0.1
Width: 800
Height: 617
Fullscreen: true
Intro: false
Profiling: false
Single step:false
App Mode: DEVELOPER
Menu Key: ESCAPE
Stage Style: DECORATED
Scene Factory: class App.App$1

11:57:29.131 [JavaFX Application Thread] DEBUG FXGLApplication      - Initializing FXGL
11:57:29.135 [JavaFX Application Thread] INFO  Engine               - FXGL-17.3 (30.03.2023 11.49) on WINDOWS (J:23.0.1 FX:17.0.2-ea)
11:57:29.135 [JavaFX Application Thread] DEBUG Engine               - JRE Vendor Name: Oracle Corporation
11:57:29.135 [JavaFX Application Thread] DEBUG Engine               - Running on OS: Windows 11 version 10.0
11:57:29.135 [JavaFX Application Thread] DEBUG Engine               - Architecture: amd64
11:57:29.135 [JavaFX Application Thread] INFO  Engine               - Source code and latest versions at: https://github.com/AlmasB/FXGL
11:57:29.135 [JavaFX Application Thread] INFO  Engine               -       Ask questions and discuss at: https://github.com/AlmasB/FXGL/discussions
11:57:29.135 [JavaFX Application Thread] INFO  Engine               -              Join the FXGL chat at: https://gitter.im/AlmasB/FXGL
11:57:29.189 [JavaFX Application Thread] DEBUG PrimaryStageWindow   - Creating a JavaFX scene
11:57:29.222 [JavaFX Application Thread] DEBUG PrimaryStageWindow   - Target settings size: 800.0 x 617.0
11:57:29.222 [JavaFX Application Thread] DEBUG PrimaryStageWindow   - Scaled scene size:    800.0 x 617.0
11:57:29.222 [JavaFX Application Thread] DEBUG PrimaryStageWindow   - Scaled ratio: (1.0, 1.0)
11:57:29.223 [JavaFX Application Thread] DEBUG PrimaryStageWindow   - Set initial scene to FXGLStartupScene
11:57:29.226 [JavaFX Application Thread] DEBUG PrimaryStageWindow   - Opening main window
11:57:29.281 [JavaFX Application Thread] DEBUG PrimaryStageWindow   - Window border size: (16.0, 39.0)
11:57:29.281 [JavaFX Application Thread] DEBUG PrimaryStageWindow   - Scaled size: 800.0 x 617.0
11:57:29.282 [JavaFX Application Thread] DEBUG PrimaryStageWindow   - Scaled ratio: (1.0, 1.0)
11:57:29.282 [JavaFX Application Thread] DEBUG PrimaryStageWindow   - Scene size: 800.0 x 617.0
11:57:29.282 [JavaFX Application Thread] DEBUG PrimaryStageWindow   - Stage size: 816.0 x 656.0
11:57:29.313 [JavaFX Application Thread] DEBUG PrimaryStageWindow   - Going fullscreen
11:57:29.319 [FXGL Background Thread 1 ] DEBUG Engine               - Initializing environment variables
11:57:29.384 [FXGL Background Thread 1 ] DEBUG FXGLAssetLoaderServi - User app class for loading assets: class App.App
11:57:29.384 [FXGL Background Thread 1 ] DEBUG GameApplicationServi - Applying CSS: fxgl_dark.css
11:57:29.384 [FXGL Background Thread 1 ] DEBUG FXGLAssetLoaderServi - Loading from file system: jar:file:///C:/Users/Johan/.m2/repository/com/github/AlmasB/fxgl/17.3/fxgl-17.3.jar!/fxglassets/ui/css/fxgl_dark.css
11:57:29.418 [FXGL Background Thread 1 ] DEBUG GameApplicationServi - Initializing application scenes
11:57:29.468 [FXGL Background Thread 1 ] DEBUG GameWorld            - Game world initialized
11:57:29.522 [FXGL Background Thread 1 ] DEBUG PhysicsWorld         - Physics world initialized: appHeight=617, physics.ppm=50.0
11:57:29.522 [FXGL Background Thread 1 ] DEBUG PhysicsWorld         - Using strategy: BRUTE_FORCE
11:57:29.524 [FXGL Background Thread 1 ] DEBUG GameScene            - Game scene initialized: 800x617
11:57:29.531 [FXGL Background Thread 1 ] DEBUG FXGL.DefaultMenu     - createMenuBodyGameMenu()
11:57:29.538 [FXGL Background Thread 1 ] DEBUG FXGL.DefaultMenu     - createOptionsMenu()
11:57:29.542 [FXGL Background Thread 1 ] DEBUG FXGLAssetLoaderServi - Loading from file system: jar:file:///C:/Users/Johan/.m2/repository/com/github/AlmasB/fxgl/17.3/fxgl-17.3.jar!/fxglassets/textures/particles/smoke.png
11:57:29.619 [FXGL Background Thread 1 ] DEBUG FXGLAssetLoaderServi - Loading from file system: jar:file:///C:/Users/Johan/.m2/repository/com/github/AlmasB/fxgl/17.3/fxgl-17.3.jar!/fxglassets/textures/particles/trace_horizontal.png
11:57:29.639 [FXGL Background Thread 1 ] DEBUG GameApplicationServi - Application scenes initialized
11:57:29.652 [FXGL Background Thread 1 ] DEBUG SystemBundleService  - Loading default FXGL system data
11:57:29.652 [FXGL Background Thread 1 ] DEBUG UpdaterService       - Checking for updates
11:57:29.656 [FXGL Background Thread 4 ] DEBUG FXGLApplication      - Loading fonts
11:57:29.657 [FXGL Background Thread 4 ] DEBUG FXGLAssetLoaderServi - Loading from file system: jar:file:///C:/Users/Johan/.m2/repository/com/github/AlmasB/fxgl/17.3/fxgl-17.3.jar!/fxglassets/ui/fonts/VarelaRound-Regular.ttf
11:57:29.658 [FXGL Background Thread 1 ] DEBUG FXGLApplication      - Loading default localization
11:57:29.658 [FXGL Background Thread 1 ] DEBUG FXGLAssetLoaderServi - Loading from file system: jar:file:///C:/Users/Johan/.m2/repository/com/github/AlmasB/fxgl/17.3/fxgl-17.3.jar!/fxglassets/languages/english.lang
11:57:29.678 [FXGL Background Thread 1 ] INFO  FXGLApplication      - FXGL initialization took: 0.359 sec
11:57:29.679 [JavaFX Application Thread] DEBUG FXGLAssetLoaderServi - Loading from file system: jar:file:///C:/Users/Johan/.m2/repository/com/github/AlmasB/fxgl/17.3/fxgl-17.3.jar!/fxglassets/textures/fxgl_icon.png
11:57:29.688 [FXGL Background Thread 4 ] DEBUG FXGLAssetLoaderServi - Loading from file system: jar:file:///C:/Users/Johan/.m2/repository/com/github/AlmasB/fxgl/17.3/fxgl-17.3.jar!/fxglassets/ui/fonts/Abel-Regular.ttf
11:57:29.691 [FXGL Background Thread 4 ] DEBUG FXGLAssetLoaderServi - Loading from file system: jar:file:///C:/Users/Johan/.m2/repository/com/github/AlmasB/fxgl/17.3/fxgl-17.3.jar!/fxglassets/ui/fonts/TerminalLandMono-Regular.otf
11:57:29.696 [FXGL Background Thread 4 ] DEBUG FXGLAssetLoaderServi - Loading from file system: jar:file:///C:/Users/Johan/.m2/repository/com/github/AlmasB/fxgl/17.3/fxgl-17.3.jar!/fxglassets/ui/fonts/Courier-Prime.ttf
11:57:29.699 [JavaFX Application Thread] DEBUG FXGLAssetLoaderServi - Loading from file system: jar:file:///C:/Users/Johan/.m2/repository/com/github/AlmasB/fxgl/17.3/fxgl-17.3.jar!/fxglassets/textures/fxgl_default_cursor.png
11:57:29.708 [JavaFX Application Thread] DEBUG Input                - Registered new binding: Screenshot - CTRL+8
11:57:29.708 [JavaFX Application Thread] DEBUG Input                - Registered new binding: System info dump - CTRL+9
11:57:29.709 [JavaFX Application Thread] DEBUG Input                - Registered new binding: Restart - CTRL+R
11:57:29.710 [JavaFX Application Thread] DEBUG Input                - Registered new binding: Toggle Debug Camera - CTRL+7
11:57:29.712 [JavaFX Application Thread] DEBUG LoopRunner           - Starting loop
11:57:29.712 [JavaFX Application Thread] DEBUG LoopRunner           - Initializing JavaFX AnimationTimerLoop
11:57:29.713 [JavaFX Application Thread] DEBUG GameApplicationServi - Starting new game
11:57:29.714 [JavaFX Application Thread] DEBUG Input                - Clearing active input actions
11:57:29.726 [JavaFX Application Thread] DEBUG GameApplicationServi - Removing overlay from FXGLStartupScene and adding to MyLoadingScene
11:57:29.726 [JavaFX Application Thread] DEBUG PrimaryStageWindow   - FXGLStartupScene -> MyLoadingScene
11:57:29.726 [JavaFX Application Thread] DEBUG GameApplicationServi - Clearing previous game
11:57:29.726 [JavaFX Application Thread] DEBUG GameScene            - Clearing game scene
11:57:29.727 [JavaFX Application Thread] DEBUG GameWorld            - Clearing game world
11:57:29.727 [JavaFX Application Thread] DEBUG PhysicsWorld         - Clearing physics world
11:57:29.729 [FXGL Background Thread 4 ] DEBUG FXGLApplication      - Initializing game
11:57:29.729 [JavaFX Application Thread] DEBUG FXGLApplication      - Registering font factories with UI factory
11:57:29.745 [FXGL Background Thread 4 ] WARN  FXGLAssetLoaderServi - Asset "/assets/textures/fondo_menu.png" was not found!
11:57:29.745 [FXGL Background Thread 4 ] WARN  FXGLAssetLoaderServi - Failed to load IMAGE
11:57:29.806 [FXGL Background Thread 4 ] WARN  FXGLAssetLoaderServi - Asset "/assets/music/intro.mp3" was not found!
11:57:29.806 [FXGL Background Thread 4 ] WARN  FXGLAssetLoaderServi - Failed to load MUSIC
11:57:29.812 [FXGL Background Thread 4 ] DEBUG AudioPlayer          - Playing music com.almasb.fxgl.audio.Music@699f2e1
11:57:29.821 [FXGL Background Thread 4 ] WARN  FXGLAssetLoaderServi - Asset "/assets/textures/fondo_menu.png" was not found!
11:57:29.821 [FXGL Background Thread 4 ] WARN  FXGLAssetLoaderServi - Failed to load IMAGE
11:57:29.822 [FXGL Background Thread 4 ] INFO  FXGLApplication      - Game initialization took: 0.093 sec
11:57:29.823 [JavaFX Application Thread] DEBUG Input                - Clearing active input actions
11:57:29.835 [JavaFX Application Thread] DEBUG GameApplicationServi - Removing overlay from MyLoadingScene and adding to GameScene
11:57:29.836 [JavaFX Application Thread] DEBUG PrimaryStageWindow   - MyLoadingScene -> GameScene
11:57:30.956 [FXGL Background Thread 2 ] INFO  UpdaterService       - Your current version:  17.3
11:57:30.957 [FXGL Background Thread 2 ] INFO  UpdaterService       - Latest stable version: 21.1
11:57:31.048 [JavaFX Application Thread] WARN  FXGLAssetLoaderServi - Asset "/assets/textures/default_character.png" was not found!
11:57:31.048 [JavaFX Application Thread] WARN  FXGLAssetLoaderServi - Failed to load IMAGE
11:57:31.064 [JavaFX Application Thread] WARN  FXGLAssetLoaderServi - Asset "/assets/textures/default_character.png" was not found!
11:57:31.064 [JavaFX Application Thread] WARN  FXGLAssetLoaderServi - Failed to load IMAGE
11:57:31.065 [JavaFX Application Thread] WARN  FXGLAssetLoaderServi - Asset "/assets/textures/default_character.png" was not found!
11:57:31.065 [JavaFX Application Thread] WARN  FXGLAssetLoaderServi - Failed to load IMAGE
11:57:31.067 [JavaFX Application Thread] WARN  FXGLAssetLoaderServi - Asset "/assets/textures/default_character.png" was not found!
11:57:31.067 [JavaFX Application Thread] WARN  FXGLAssetLoaderServi - Failed to load IMAGE
11:57:31.069 [JavaFX Application Thread] WARN  FXGLAssetLoaderServi - Asset "/assets/textures/default_character.png" was not found!
11:57:31.069 [JavaFX Application Thread] WARN  FXGLAssetLoaderServi - Failed to load IMAGE
11:57:31.070 [JavaFX Application Thread] WARN  FXGLAssetLoaderServi - Asset "/assets/textures/default_character.png" was not found!
11:57:31.070 [JavaFX Application Thread] WARN  FXGLAssetLoaderServi - Failed to load IMAGE
11:57:31.071 [JavaFX Application Thread] WARN  FXGLAssetLoaderServi - Asset "/assets/textures/default_character.png" was not found!
11:57:31.071 [JavaFX Application Thread] WARN  FXGLAssetLoaderServi - Failed to load IMAGE
11:57:31.073 [JavaFX Application Thread] WARN  FXGLAssetLoaderServi - Asset "/assets/textures/default_character.png" was not found!
11:57:31.073 [JavaFX Application Thread] WARN  FXGLAssetLoaderServi - Failed to load IMAGE
11:57:31.075 [JavaFX Application Thread] WARN  FXGLAssetLoaderServi - Asset "/assets/textures/default_character.png" was not found!
11:57:31.075 [JavaFX Application Thread] WARN  FXGLAssetLoaderServi - Failed to load IMAGE
11:57:31.075 [JavaFX Application Thread] WARN  FXGLAssetLoaderServi - Asset "/assets/textures/default_character.png" was not found!
11:57:31.075 [JavaFX Application Thread] WARN  FXGLAssetLoaderServi - Failed to load IMAGE
11:57:31.077 [JavaFX Application Thread] WARN  FXGLAssetLoaderServi - Asset "/assets/textures/default_character.png" was not found!
11:57:31.077 [JavaFX Application Thread] WARN  FXGLAssetLoaderServi - Failed to load IMAGE
11:57:31.078 [JavaFX Application Thread] WARN  FXGLAssetLoaderServi - Asset "/assets/textures/default_character.png" was not found!
11:57:31.078 [JavaFX Application Thread] WARN  FXGLAssetLoaderServi - Failed to load IMAGE
11:57:31.079 [JavaFX Application Thread] WARN  FXGLAssetLoaderServi - Asset "/assets/textures/default_character.png" was not found!
11:57:31.080 [JavaFX Application Thread] WARN  FXGLAssetLoaderServi - Failed to load IMAGE
11:57:31.081 [JavaFX Application Thread] WARN  FXGLAssetLoaderServi - Asset "/assets/textures/default_character.png" was not found!
11:57:31.081 [JavaFX Application Thread] WARN  FXGLAssetLoaderServi - Failed to load IMAGE
11:57:31.081 [JavaFX Application Thread] WARN  FXGLAssetLoaderServi - Asset "/assets/textures/default_character.png" was not found!
11:57:31.082 [JavaFX Application Thread] WARN  FXGLAssetLoaderServi - Failed to load IMAGE
11:57:31.082 [JavaFX Application Thread] WARN  FXGLAssetLoaderServi - Asset "/assets/textures/default_character.png" was not found!
11:57:31.082 [JavaFX Application Thread] WARN  FXGLAssetLoaderServi - Failed to load IMAGE
11:57:31.083 [JavaFX Application Thread] WARN  FXGLAssetLoaderServi - Asset "/assets/textures/default_character.png" was not found!
11:57:31.083 [JavaFX Application Thread] WARN  FXGLAssetLoaderServi - Failed to load IMAGE
11:57:31.084 [JavaFX Application Thread] WARN  FXGLAssetLoaderServi - Asset "/assets/textures/default_character.png" was not found!
11:57:31.084 [JavaFX Application Thread] WARN  FXGLAssetLoaderServi - Failed to load IMAGE
11:57:31.086 [JavaFX Application Thread] WARN  FXGLAssetLoaderServi - Asset "/assets/textures/default_character.png" was not found!
11:57:31.086 [JavaFX Application Thread] WARN  FXGLAssetLoaderServi - Failed to load IMAGE
11:57:31.087 [JavaFX Application Thread] WARN  FXGLAssetLoaderServi - Asset "/assets/textures/default_character.png" was not found!
11:57:31.087 [JavaFX Application Thread] WARN  FXGLAssetLoaderServi - Failed to load IMAGE
11:57:31.090 [JavaFX Application Thread] WARN  FXGLAssetLoaderServi - Asset "/assets/textures/fondo_menu.png" was not found!
11:57:31.090 [JavaFX Application Thread] WARN  FXGLAssetLoaderServi - Failed to load IMAGE
11:57:32.655 [FXGL Background Thread 3 ] DEBUG Engine               - Logging environment variables
11:57:32.657 [FXGL Background Thread 3 ] DEBUG Engine               - achievements: []
11:57:32.657 [FXGL Background Thread 3 ] DEBUG Engine               - actualHeight: 768.0
11:57:32.657 [FXGL Background Thread 3 ] DEBUG Engine               - actualHeightProperty: ReadOnlyDoubleProperty [value: 768.0]
11:57:32.657 [FXGL Background Thread 3 ] DEBUG Engine               - actualWidth: 1366.0
11:57:32.658 [FXGL Background Thread 3 ] DEBUG Engine               - actualWidthProperty: ReadOnlyDoubleProperty [value: 1366.0]
11:57:32.658 [FXGL Background Thread 3 ] DEBUG Engine               - appIcon: fxgl_icon.png
11:57:32.658 [FXGL Background Thread 3 ] DEBUG Engine               - applicationMode: DEVELOPER
11:57:32.658 [FXGL Background Thread 3 ] DEBUG Engine               - cSSList: [fxgl_dark.css]
11:57:32.658 [FXGL Background Thread 3 ] DEBUG Engine               - collisionDetectionStrategy: BRUTE_FORCE
11:57:32.658 [FXGL Background Thread 3 ] DEBUG Engine               - configClass: Optional.empty
11:57:32.659 [FXGL Background Thread 3 ] DEBUG Engine               - credits: []
11:57:32.659 [FXGL Background Thread 3 ] DEBUG Engine               - defaultCursor: CursorInfo(imageName=fxgl_default_cursor.png, hotspotX=7.0, hotspotY=6.0)
11:57:32.660 [FXGL Background Thread 3 ] DEBUG Engine               - devBBoxColorProperty: ObjectProperty [value: 0xff0000ff]
11:57:32.660 [FXGL Background Thread 3 ] DEBUG Engine               - devEnableDebugCameraProperty: BooleanProperty [value: false]
11:57:32.660 [FXGL Background Thread 3 ] DEBUG Engine               - devSensorColorProperty: ObjectProperty [value: 0xffff00ff]
11:57:32.660 [FXGL Background Thread 3 ] DEBUG Engine               - devShowBBoxProperty: BooleanProperty [value: false]
11:57:32.660 [FXGL Background Thread 3 ] DEBUG Engine               - devShowPositionProperty: BooleanProperty [value: false]
11:57:32.660 [FXGL Background Thread 3 ] DEBUG Engine               - enabledMenuItems: []
11:57:32.660 [FXGL Background Thread 3 ] DEBUG Engine               - engineServices: [class com.almasb.fxgl.app.services.FXGLAssetLoaderService, class com.almasb.fxgl.app.FXGLApplication$GameApplicationService, class com.almasb.fxgl.app.services.FXGLDialogService, class com.almasb.fxgl.app.services.IOTaskExecutorService, class com.almasb.fxgl.io.FileSystemService, class com.almasb.fxgl.localization.LocalizationService, class com.almasb.fxgl.app.services.SystemBundleService, class com.almasb.fxgl.profile.SaveLoadService, class com.almasb.fxgl.ui.FXGLUIFactoryServiceProvider, class com.almasb.fxgl.ui.FXGLDialogFactoryServiceProvider, class com.almasb.fxgl.audio.AudioPlayer, class com.almasb.fxgl.notification.impl.NotificationServiceProvider, class com.almasb.fxgl.achievement.AchievementService, class com.almasb.fxgl.cutscene.CutsceneService, class com.almasb.fxgl.minigames.MiniGameService, class com.almasb.fxgl.net.NetService, class com.almasb.fxgl.app.services.UpdaterService, class com.almasb.fxgl.dev.DevService]
11:57:32.660 [FXGL Background Thread 3 ] DEBUG Engine               - fontGame: Abel-Regular.ttf
11:57:32.661 [FXGL Background Thread 3 ] DEBUG Engine               - fontMono: TerminalLandMono-Regular.otf
11:57:32.661 [FXGL Background Thread 3 ] DEBUG Engine               - fontSizeScaleUI: 1.0
11:57:32.661 [FXGL Background Thread 3 ] DEBUG Engine               - fontText: Courier-Prime.ttf
11:57:32.661 [FXGL Background Thread 3 ] DEBUG Engine               - fontUI: VarelaRound-Regular.ttf
11:57:32.661 [FXGL Background Thread 3 ] DEBUG Engine               - fullScreen: BooleanProperty [value: true]
11:57:32.661 [FXGL Background Thread 3 ] DEBUG Engine               - gameDifficulty: MEDIUM
11:57:32.661 [FXGL Background Thread 3 ] DEBUG Engine               - gameDifficultyProperty: ObjectProperty [value: MEDIUM]
11:57:32.661 [FXGL Background Thread 3 ] DEBUG Engine               - globalMusicVolume: 0.5
11:57:32.661 [FXGL Background Thread 3 ] DEBUG Engine               - globalMusicVolumeProperty: DoubleProperty [value: 0.5]
11:57:32.661 [FXGL Background Thread 3 ] DEBUG Engine               - globalSoundVolume: 0.5
11:57:32.661 [FXGL Background Thread 3 ] DEBUG Engine               - globalSoundVolumeProperty: DoubleProperty [value: 0.5]
11:57:32.662 [FXGL Background Thread 3 ] DEBUG Engine               - height: 617
11:57:32.662 [FXGL Background Thread 3 ] DEBUG Engine               - is3D: false
11:57:32.662 [FXGL Background Thread 3 ] DEBUG Engine               - isAndroid: false
11:57:32.662 [FXGL Background Thread 3 ] DEBUG Engine               - isBrowser: false
11:57:32.662 [FXGL Background Thread 3 ] DEBUG Engine               - isClickFeedbackEnabled: false
11:57:32.662 [FXGL Background Thread 3 ] DEBUG Engine               - isCloseConfirmation: false
11:57:32.662 [FXGL Background Thread 3 ] DEBUG Engine               - isDesktop: true
11:57:32.662 [FXGL Background Thread 3 ] DEBUG Engine               - isDeveloperMenuEnabled: false
11:57:32.662 [FXGL Background Thread 3 ] DEBUG Engine               - isEmbedded: false
11:57:32.662 [FXGL Background Thread 3 ] DEBUG Engine               - isEntityPreloadEnabled: true
11:57:32.662 [FXGL Background Thread 3 ] DEBUG Engine               - isExperimentalTiledLargeMap: false
11:57:32.662 [FXGL Background Thread 3 ] DEBUG Engine               - isFileSystemWriteAllowed: true
11:57:32.662 [FXGL Background Thread 3 ] DEBUG Engine               - isFullScreenAllowed: true
11:57:32.662 [FXGL Background Thread 3 ] DEBUG Engine               - isFullScreenFromStart: true
11:57:32.663 [FXGL Background Thread 3 ] DEBUG Engine               - isGameMenuEnabled: true
11:57:32.663 [FXGL Background Thread 3 ] DEBUG Engine               - isIOS: false
11:57:32.663 [FXGL Background Thread 3 ] DEBUG Engine               - isIntroEnabled: false
11:57:32.663 [FXGL Background Thread 3 ] DEBUG Engine               - isLinux: false
11:57:32.663 [FXGL Background Thread 3 ] DEBUG Engine               - isMac: false
11:57:32.663 [FXGL Background Thread 3 ] DEBUG Engine               - isMainMenuEnabled: false
11:57:32.663 [FXGL Background Thread 3 ] DEBUG Engine               - isManualResizeEnabled: false
11:57:32.663 [FXGL Background Thread 3 ] DEBUG Engine               - isMobile: false
11:57:32.664 [FXGL Background Thread 3 ] DEBUG Engine               - isNative: false
11:57:32.664 [FXGL Background Thread 3 ] DEBUG Engine               - isPauseMusicWhenMinimized: true
11:57:32.664 [FXGL Background Thread 3 ] DEBUG Engine               - isPreserveResizeRatio: false
11:57:32.664 [FXGL Background Thread 3 ] DEBUG Engine               - isProfilingEnabled: false
11:57:32.664 [FXGL Background Thread 3 ] DEBUG Engine               - isScaleAffectedOnResize: true
11:57:32.664 [FXGL Background Thread 3 ] DEBUG Engine               - isSingleStep: false
11:57:32.664 [FXGL Background Thread 3 ] DEBUG Engine               - isUserProfileEnabled: false
11:57:32.664 [FXGL Background Thread 3 ] DEBUG Engine               - isWindows: true
11:57:32.664 [FXGL Background Thread 3 ] DEBUG Engine               - language: ObjectProperty [value: ENGLISH]
11:57:32.664 [FXGL Background Thread 3 ] DEBUG Engine               - menuKey: ESCAPE
11:57:32.664 [FXGL Background Thread 3 ] DEBUG Engine               - mouseSensitivity: 0.2
11:57:32.664 [FXGL Background Thread 3 ] DEBUG Engine               - notificationViewClass: class com.almasb.fxgl.notification.view.XboxNotificationView
11:57:32.664 [FXGL Background Thread 3 ] DEBUG Engine               - pixelsPerMeter: 50.0
11:57:32.664 [FXGL Background Thread 3 ] DEBUG Engine               - platform: WINDOWS
11:57:32.665 [FXGL Background Thread 3 ] DEBUG Engine               - prefHeightProperty: ReadOnlyDoubleProperty [value: 617.0]
11:57:32.665 [FXGL Background Thread 3 ] DEBUG Engine               - prefWidthProperty: ReadOnlyDoubleProperty [value: 800.0]
11:57:32.665 [FXGL Background Thread 3 ] DEBUG Engine               - profileDir: profiles/
11:57:32.665 [FXGL Background Thread 3 ] DEBUG Engine               - profileName: StringProperty [value: DEFAULT]
11:57:32.665 [FXGL Background Thread 3 ] DEBUG Engine               - randomSeed: -1
11:57:32.665 [FXGL Background Thread 3 ] DEBUG Engine               - runtimeInfo: RuntimeInfo(platform=WINDOWS, version=17.3, build=30.03.2023 11.49)
11:57:32.665 [FXGL Background Thread 3 ] DEBUG Engine               - saveFileExt: sav
11:57:32.665 [FXGL Background Thread 3 ] DEBUG Engine               - scaledHeightProp$fxgl: DoubleProperty [bound, value: 768.0]
11:57:32.666 [FXGL Background Thread 3 ] DEBUG Engine               - scaledWidthProp$fxgl: DoubleProperty [bound, value: 1366.0]
11:57:32.666 [FXGL Background Thread 3 ] DEBUG Engine               - sceneFactory: App.App$1@49bd2531
11:57:32.666 [FXGL Background Thread 3 ] DEBUG Engine               - secondsIn24h: 60
11:57:32.666 [FXGL Background Thread 3 ] DEBUG Engine               - soundMenuBack: menu/back.wav
11:57:32.666 [FXGL Background Thread 3 ] DEBUG Engine               - soundMenuPress: menu/press.wav
11:57:32.666 [FXGL Background Thread 3 ] DEBUG Engine               - soundMenuSelect: menu/select.wav
11:57:32.666 [FXGL Background Thread 3 ] DEBUG Engine               - soundNotification: core/notification.wav
11:57:32.666 [FXGL Background Thread 3 ] DEBUG Engine               - stageStyle: DECORATED
11:57:32.666 [FXGL Background Thread 3 ] DEBUG Engine               - supportedLanguages: [ENGLISH, FRENCH, GERMAN, HUNGARIAN, RUSSIAN]
11:57:32.667 [FXGL Background Thread 3 ] DEBUG Engine               - ticksPerSecond: -1
11:57:32.667 [FXGL Background Thread 3 ] DEBUG Engine               - title: Galactic Odyssey
11:57:32.667 [FXGL Background Thread 3 ] DEBUG Engine               - urlGithub: https://github.com/AlmasB/FXGL
11:57:32.667 [FXGL Background Thread 3 ] DEBUG Engine               - urlLeaderboard: http://fxgl-top.herokuapp.com/
11:57:32.667 [FXGL Background Thread 3 ] DEBUG Engine               - urlPOM: https://raw.githubusercontent.com/AlmasB/FXGL/release/README.md
11:57:32.667 [FXGL Background Thread 3 ] DEBUG Engine               - userAppClass: class App.App
11:57:32.667 [FXGL Background Thread 3 ] DEBUG Engine               - version: 0.0.1
11:57:32.667 [FXGL Background Thread 3 ] DEBUG Engine               - versionCheckDays: 7
11:57:32.667 [FXGL Background Thread 3 ] DEBUG Engine               - width: 800
11:57:32.667 [FXGL Background Thread 3 ] DEBUG Engine               - Logging services
11:57:32.667 [FXGL Background Thread 3 ] DEBUG Engine               - class com.almasb.fxgl.app.services.FXGLAssetLoaderService
11:57:32.667 [FXGL Background Thread 3 ] DEBUG Engine               - class com.almasb.fxgl.app.FXGLApplication$GameApplicationService
11:57:32.667 [FXGL Background Thread 3 ] DEBUG Engine               - class com.almasb.fxgl.app.services.FXGLDialogService
11:57:32.667 [FXGL Background Thread 3 ] DEBUG Engine               - class com.almasb.fxgl.app.services.IOTaskExecutorService
11:57:32.667 [FXGL Background Thread 3 ] DEBUG Engine               - class com.almasb.fxgl.io.FileSystemService
11:57:32.667 [FXGL Background Thread 3 ] DEBUG Engine               - class com.almasb.fxgl.localization.LocalizationService
11:57:32.668 [FXGL Background Thread 3 ] DEBUG Engine               - class com.almasb.fxgl.app.services.SystemBundleService
11:57:32.668 [FXGL Background Thread 3 ] DEBUG Engine               - class com.almasb.fxgl.profile.SaveLoadService
11:57:32.668 [FXGL Background Thread 3 ] DEBUG Engine               - class com.almasb.fxgl.ui.FXGLUIFactoryServiceProvider
11:57:32.668 [FXGL Background Thread 3 ] DEBUG Engine               - class com.almasb.fxgl.ui.FXGLDialogFactoryServiceProvider
11:57:32.668 [FXGL Background Thread 3 ] DEBUG Engine               - class com.almasb.fxgl.audio.AudioPlayer
11:57:32.668 [FXGL Background Thread 3 ] DEBUG Engine               - class com.almasb.fxgl.notification.impl.NotificationServiceProvider
11:57:32.668 [FXGL Background Thread 3 ] DEBUG Engine               - class com.almasb.fxgl.achievement.AchievementService
11:57:32.668 [FXGL Background Thread 3 ] DEBUG Engine               - class com.almasb.fxgl.cutscene.CutsceneService
11:57:32.668 [FXGL Background Thread 3 ] DEBUG Engine               - class com.almasb.fxgl.minigames.MiniGameService
11:57:32.668 [FXGL Background Thread 3 ] DEBUG Engine               - class com.almasb.fxgl.net.NetService
11:57:32.668 [FXGL Background Thread 3 ] DEBUG Engine               - class com.almasb.fxgl.app.services.UpdaterService
11:57:32.668 [FXGL Background Thread 3 ] DEBUG Engine               - class com.almasb.fxgl.dev.DevService
11:57:34.065 [JavaFX Application Thread] DEBUG FXGLApplication      - Exiting FXGL
11:57:34.066 [JavaFX Application Thread] DEBUG LoopRunner           - Stopping loop
11:57:34.066 [JavaFX Application Thread] DEBUG SystemBundleService  - Saving FXGL system data
11:57:34.075 [JavaFX Application Thread] DEBUG FileSystemAccess     - Writing to: C:\UNI\lorenzo.alvarado-Proyecto-Final-DPOO-2025\system\fxgl.bundle
11:57:34.089 [JavaFX Application Thread] DEBUG Async                - Shutting down background threads
11:57:34.090 [JavaFX Application Thread] DEBUG PrimaryStageWindow   - Closing main window
11:57:34.145 [JavaFX Application Thread] DEBUG Logger               - Closing Logger
