14:27:28.182 [main                     ] DEBUG Logger               - Configured Logger
14:27:28.252 [main                     ] DEBUG GameApplication      - Logging settings
Title: Galactic Odyssey
Version: 0.0
Width: 1500
Height: 800
Fullscreen: false
Intro: false
Profiling: false
Single step:false
App Mode: DEVELOPER
Menu Key: ESCAPE
Stage Style: DECORATED
Scene Factory: class com.almasb.fxgl.app.scene.SceneFactory

14:27:28.806 [JavaFX Application Thread] DEBUG FXGLApplication      - Initializing FXGL
14:27:28.823 [JavaFX Application Thread] INFO  Engine               - FXGL-17.3 (30.03.2023 11.49) on WINDOWS (J:17.0.12 FX:17.0.2-ea)
14:27:28.824 [JavaFX Application Thread] DEBUG Engine               - JRE Vendor Name: Oracle Corporation
14:27:28.824 [JavaFX Application Thread] DEBUG Engine               - Running on OS: Windows 10 version 10.0
14:27:28.825 [JavaFX Application Thread] DEBUG Engine               - Architecture: amd64
14:27:28.825 [JavaFX Application Thread] INFO  Engine               - Source code and latest versions at: https://github.com/AlmasB/FXGL
14:27:28.825 [JavaFX Application Thread] INFO  Engine               -       Ask questions and discuss at: https://github.com/AlmasB/FXGL/discussions
14:27:28.826 [JavaFX Application Thread] INFO  Engine               -              Join the FXGL chat at: https://gitter.im/AlmasB/FXGL
14:27:29.021 [JavaFX Application Thread] DEBUG PrimaryStageWindow   - Creating a JavaFX scene
14:27:29.021 [JavaFX Application Thread] DEBUG PrimaryStageWindow   - Target size > screen size
14:27:29.104 [JavaFX Application Thread] DEBUG PrimaryStageWindow   - Target settings size: 1500.0 x 800.0
14:27:29.104 [JavaFX Application Thread] DEBUG PrimaryStageWindow   - Scaled scene size:    1340.0 x 728.0
14:27:29.105 [JavaFX Application Thread] DEBUG PrimaryStageWindow   - Scaled ratio: (0.8933333333333333, 0.91)
14:27:29.107 [JavaFX Application Thread] DEBUG PrimaryStageWindow   - Set initial scene to FXGLStartupScene
14:27:29.122 [JavaFX Application Thread] DEBUG PrimaryStageWindow   - Opening main window
14:27:29.288 [JavaFX Application Thread] DEBUG PrimaryStageWindow   - Window border size: (16.0, 39.0)
14:27:29.288 [JavaFX Application Thread] DEBUG PrimaryStageWindow   - Scaled size: 1340.0 x 728.0
14:27:29.289 [JavaFX Application Thread] DEBUG PrimaryStageWindow   - Scaled ratio: (0.8933333333333333, 0.91)
14:27:29.289 [JavaFX Application Thread] DEBUG PrimaryStageWindow   - Scene size: 1340.0 x 728.0
14:27:29.290 [JavaFX Application Thread] DEBUG PrimaryStageWindow   - Stage size: 1356.0 x 767.0
14:27:29.322 [FXGL Background Thread 1 ] DEBUG Engine               - Initializing environment variables
14:27:29.422 [FXGL Background Thread 1 ] DEBUG FXGLAssetLoaderServi - User app class for loading assets: class App.App
14:27:29.423 [FXGL Background Thread 1 ] DEBUG GameApplicationServi - Applying CSS: fxgl_dark.css
14:27:29.424 [FXGL Background Thread 1 ] DEBUG FXGLAssetLoaderServi - Loading from file system: jar:file:///C:/Users/Jonathan/.m2/repository/com/github/almasb/fxgl/17.3/fxgl-17.3.jar!/fxglassets/ui/css/fxgl_dark.css
14:27:29.528 [FXGL Background Thread 1 ] DEBUG GameApplicationServi - Initializing application scenes
14:27:29.711 [FXGL Background Thread 1 ] DEBUG GameWorld            - Game world initialized
14:27:29.837 [FXGL Background Thread 1 ] DEBUG PhysicsWorld         - Physics world initialized: appHeight=800, physics.ppm=50,0
14:27:29.837 [FXGL Background Thread 1 ] DEBUG PhysicsWorld         - Using strategy: BRUTE_FORCE
14:27:29.847 [FXGL Background Thread 1 ] DEBUG GameScene            - Game scene initialized: 1500x800
14:27:29.873 [FXGL Background Thread 1 ] DEBUG FXGL.DefaultMenu     - createMenuBodyGameMenu()
14:27:29.901 [FXGL Background Thread 1 ] DEBUG FXGL.DefaultMenu     - createOptionsMenu()
14:27:29.925 [FXGL Background Thread 1 ] DEBUG FXGLAssetLoaderServi - Loading from file system: jar:file:///C:/Users/Jonathan/.m2/repository/com/github/almasb/fxgl/17.3/fxgl-17.3.jar!/fxglassets/textures/particles/smoke.png
14:27:30.127 [FXGL Background Thread 1 ] DEBUG FXGLAssetLoaderServi - Loading from file system: jar:file:///C:/Users/Jonathan/.m2/repository/com/github/almasb/fxgl/17.3/fxgl-17.3.jar!/fxglassets/textures/particles/trace_horizontal.png
14:27:30.181 [FXGL Background Thread 1 ] DEBUG GameApplicationServi - Application scenes initialized
14:27:30.208 [FXGL Background Thread 1 ] DEBUG SystemBundleService  - Loading FXGL system data
14:27:30.219 [FXGL Background Thread 1 ] DEBUG FileSystemAccess     - Reading from: C:\Users\Jonathan\Documents\Galactic odyssey\system\fxgl.bundle
14:27:30.234 [FXGL Background Thread 1 ] DEBUG SystemBundleService  - Bundle FXGL: {}
14:27:30.234 [FXGL Background Thread 1 ] DEBUG UpdaterService       - Checking for updates
14:27:30.247 [FXGL Background Thread 1 ] DEBUG FXGLApplication      - Loading default localization
14:27:30.248 [FXGL Background Thread 1 ] DEBUG FXGLAssetLoaderServi - Loading from file system: jar:file:///C:/Users/Jonathan/.m2/repository/com/github/almasb/fxgl/17.3/fxgl-17.3.jar!/fxglassets/languages/english.lang
14:27:30.252 [FXGL Background Thread 4 ] DEBUG FXGLApplication      - Loading fonts
14:27:30.256 [FXGL Background Thread 4 ] DEBUG FXGLAssetLoaderServi - Loading from file system: jar:file:///C:/Users/Jonathan/.m2/repository/com/github/almasb/fxgl/17.3/fxgl-17.3.jar!/fxglassets/ui/fonts/VarelaRound-Regular.ttf
14:27:30.314 [FXGL Background Thread 1 ] INFO  FXGLApplication      - FXGL initialization took: 0,993 sec
14:27:30.316 [JavaFX Application Thread] DEBUG FXGLAssetLoaderServi - Loading from file system: jar:file:///C:/Users/Jonathan/.m2/repository/com/github/almasb/fxgl/17.3/fxgl-17.3.jar!/fxglassets/textures/fxgl_icon.png
14:27:30.355 [JavaFX Application Thread] DEBUG FXGLAssetLoaderServi - Loading from file system: jar:file:///C:/Users/Jonathan/.m2/repository/com/github/almasb/fxgl/17.3/fxgl-17.3.jar!/fxglassets/textures/fxgl_default_cursor.png
14:27:30.379 [JavaFX Application Thread] DEBUG Input                - Registered new binding: Screenshot - CTRL+8
14:27:30.380 [JavaFX Application Thread] DEBUG Input                - Registered new binding: System info dump - CTRL+9
14:27:30.382 [JavaFX Application Thread] DEBUG Input                - Registered new binding: Restart - CTRL+R
14:27:30.383 [JavaFX Application Thread] DEBUG Input                - Registered new binding: Toggle Debug Camera - CTRL+7
14:27:30.390 [JavaFX Application Thread] DEBUG LoopRunner           - Starting loop
14:27:30.390 [JavaFX Application Thread] DEBUG LoopRunner           - Initializing JavaFX AnimationTimerLoop
14:27:30.393 [JavaFX Application Thread] DEBUG GameApplicationServi - Starting new game
14:27:30.394 [JavaFX Application Thread] DEBUG Input                - Clearing active input actions
14:27:30.427 [JavaFX Application Thread] DEBUG GameApplicationServi - Removing overlay from FXGLStartupScene and adding to FXGLLoadingScene
14:27:30.428 [JavaFX Application Thread] DEBUG PrimaryStageWindow   - FXGLStartupScene -> FXGLLoadingScene
14:27:30.428 [JavaFX Application Thread] DEBUG GameApplicationServi - Clearing previous game
14:27:30.428 [JavaFX Application Thread] DEBUG GameScene            - Clearing game scene
14:27:30.429 [JavaFX Application Thread] DEBUG GameWorld            - Clearing game world
14:27:30.429 [JavaFX Application Thread] DEBUG PhysicsWorld         - Clearing physics world
14:27:30.431 [FXGL Background Thread 1 ] DEBUG FXGLApplication      - Initializing game
14:27:30.469 [FXGL Background Thread 1 ] DEBUG FXGLAssetLoaderServi - Loading from file system: file:/C:/Users/Jonathan/Documents/Galactic%20odyssey/target/classes/assets/textures/fondo_menu.png
14:27:30.527 [FXGL Background Thread 1 ] INFO  FXGLApplication      - Game initialization took: 0,095 sec
14:27:30.579 [JavaFX Application Thread] DEBUG Input                - Clearing active input actions
14:27:30.608 [JavaFX Application Thread] DEBUG GameApplicationServi - Removing overlay from FXGLLoadingScene and adding to GameScene
14:27:30.609 [JavaFX Application Thread] DEBUG PrimaryStageWindow   - FXGLLoadingScene -> GameScene
14:27:30.982 [FXGL Background Thread 4 ] DEBUG FXGLAssetLoaderServi - Loading from file system: jar:file:///C:/Users/Jonathan/.m2/repository/com/github/almasb/fxgl/17.3/fxgl-17.3.jar!/fxglassets/ui/fonts/Abel-Regular.ttf
14:27:31.005 [FXGL Background Thread 4 ] DEBUG FXGLAssetLoaderServi - Loading from file system: jar:file:///C:/Users/Jonathan/.m2/repository/com/github/almasb/fxgl/17.3/fxgl-17.3.jar!/fxglassets/ui/fonts/TerminalLandMono-Regular.otf
14:27:31.028 [FXGL Background Thread 4 ] DEBUG FXGLAssetLoaderServi - Loading from file system: jar:file:///C:/Users/Jonathan/.m2/repository/com/github/almasb/fxgl/17.3/fxgl-17.3.jar!/fxglassets/ui/fonts/Courier-Prime.ttf
14:27:31.054 [JavaFX Application Thread] DEBUG FXGLApplication      - Registering font factories with UI factory
14:27:32.844 [JavaFX Application Thread] WARN  TMXLevelLoader       - TiledMap generated from 1.11.2. Supported version: 1.9.0. Some features may not be parsed fully.
14:27:32.921 [JavaFX Application Thread] DEBUG TMXLevelLoader       - Parsed TiledMap: file:/C:/Users/Jonathan/Documents/Galactic%20odyssey/target/classes/assets/levels/MapGame1.tmx
14:27:32.923 [JavaFX Application Thread] DEBUG TMXLevelLoader       - Creating tile layer entities
14:27:32.928 [JavaFX Application Thread] DEBUG TilesetLoader        - Loading view for layer Espacio
14:27:32.933 [JavaFX Application Thread] DEBUG TilesetLoader        - Created buffer with size 1920.0x960.0
14:27:33.035 [JavaFX Application Thread] DEBUG TilesetLoader        - Loading view for layer Planetas
14:27:33.040 [JavaFX Application Thread] DEBUG TilesetLoader        - Created buffer with size 1920.0x960.0
14:27:33.043 [JavaFX Application Thread] DEBUG TilesetLoader        - Loading view for layer Suelo
14:27:33.065 [JavaFX Application Thread] DEBUG TilesetLoader        - Created buffer with size 1920.0x960.0
14:27:33.076 [FXGL Background Thread 2 ] INFO  UpdaterService       - Your current version:  17.3
14:27:33.076 [FXGL Background Thread 2 ] INFO  UpdaterService       - Latest stable version: 21.1
14:27:33.085 [JavaFX Application Thread] DEBUG TilesetLoader        - Loading view for layer Suelo ruinas
14:27:33.096 [JavaFX Application Thread] DEBUG TilesetLoader        - Created buffer with size 1920.0x960.0
14:27:33.098 [JavaFX Application Thread] DEBUG TilesetLoader        - Loading view for layer Torres ruinas
14:27:33.105 [JavaFX Application Thread] DEBUG TilesetLoader        - Created buffer with size 1920.0x960.0
14:27:33.230 [JavaFX Application Thread] DEBUG TilesetLoader        - Loading view for layer Cristales espaciales
14:27:33.236 [JavaFX Application Thread] DEBUG TilesetLoader        - Created buffer with size 1920.0x960.0
14:27:33.238 [JavaFX Application Thread] DEBUG TilesetLoader        - Loading view for layer Rocas1
14:27:33.242 [FXGL Background Thread 3 ] DEBUG Engine               - Logging environment variables
14:27:33.244 [FXGL Background Thread 3 ] DEBUG Engine               - achievements: []
14:27:33.244 [JavaFX Application Thread] DEBUG TilesetLoader        - Created buffer with size 1920.0x960.0
14:27:33.244 [FXGL Background Thread 3 ] DEBUG Engine               - actualHeight: 728.0
14:27:33.246 [FXGL Background Thread 3 ] DEBUG Engine               - actualHeightProperty: ReadOnlyDoubleProperty [value: 728.0]
14:27:33.247 [FXGL Background Thread 3 ] DEBUG Engine               - actualWidth: 1340.0
14:27:33.247 [FXGL Background Thread 3 ] DEBUG Engine               - actualWidthProperty: ReadOnlyDoubleProperty [value: 1340.0]
14:27:33.248 [FXGL Background Thread 3 ] DEBUG Engine               - appIcon: fxgl_icon.png
14:27:33.248 [FXGL Background Thread 3 ] DEBUG Engine               - applicationMode: DEVELOPER
14:27:33.248 [FXGL Background Thread 3 ] DEBUG Engine               - cSSList: [fxgl_dark.css]
14:27:33.248 [FXGL Background Thread 3 ] DEBUG Engine               - collisionDetectionStrategy: BRUTE_FORCE
14:27:33.248 [FXGL Background Thread 3 ] DEBUG Engine               - configClass: Optional.empty
14:27:33.249 [FXGL Background Thread 3 ] DEBUG Engine               - credits: []
14:27:33.251 [FXGL Background Thread 3 ] DEBUG Engine               - defaultCursor: CursorInfo(imageName=fxgl_default_cursor.png, hotspotX=7.0, hotspotY=6.0)
14:27:33.251 [FXGL Background Thread 3 ] DEBUG Engine               - devBBoxColorProperty: ObjectProperty [value: 0xff0000ff]
14:27:33.252 [FXGL Background Thread 3 ] DEBUG Engine               - devEnableDebugCameraProperty: BooleanProperty [value: false]
14:27:33.252 [FXGL Background Thread 3 ] DEBUG Engine               - devSensorColorProperty: ObjectProperty [value: 0xffff00ff]
14:27:33.253 [FXGL Background Thread 3 ] DEBUG Engine               - devShowBBoxProperty: BooleanProperty [value: false]
14:27:33.253 [FXGL Background Thread 3 ] DEBUG Engine               - devShowPositionProperty: BooleanProperty [value: false]
14:27:33.253 [FXGL Background Thread 3 ] DEBUG Engine               - enabledMenuItems: []
14:27:33.253 [FXGL Background Thread 3 ] DEBUG Engine               - engineServices: [class com.almasb.fxgl.app.services.FXGLAssetLoaderService, class com.almasb.fxgl.app.FXGLApplication$GameApplicationService, class com.almasb.fxgl.app.services.FXGLDialogService, class com.almasb.fxgl.app.services.IOTaskExecutorService, class com.almasb.fxgl.io.FileSystemService, class com.almasb.fxgl.localization.LocalizationService, class com.almasb.fxgl.app.services.SystemBundleService, class com.almasb.fxgl.profile.SaveLoadService, class com.almasb.fxgl.ui.FXGLUIFactoryServiceProvider, class com.almasb.fxgl.ui.FXGLDialogFactoryServiceProvider, class com.almasb.fxgl.audio.AudioPlayer, class com.almasb.fxgl.notification.impl.NotificationServiceProvider, class com.almasb.fxgl.achievement.AchievementService, class com.almasb.fxgl.cutscene.CutsceneService, class com.almasb.fxgl.minigames.MiniGameService, class com.almasb.fxgl.net.NetService, class com.almasb.fxgl.app.services.UpdaterService, class com.almasb.fxgl.dev.DevService]
14:27:33.253 [FXGL Background Thread 3 ] DEBUG Engine               - fontGame: Abel-Regular.ttf
14:27:33.253 [FXGL Background Thread 3 ] DEBUG Engine               - fontMono: TerminalLandMono-Regular.otf
14:27:33.254 [FXGL Background Thread 3 ] DEBUG Engine               - fontSizeScaleUI: 1.0
14:27:33.254 [FXGL Background Thread 3 ] DEBUG Engine               - fontText: Courier-Prime.ttf
14:27:33.254 [FXGL Background Thread 3 ] DEBUG Engine               - fontUI: VarelaRound-Regular.ttf
14:27:33.256 [FXGL Background Thread 3 ] DEBUG Engine               - fullScreen: BooleanProperty [value: false]
14:27:33.259 [FXGL Background Thread 3 ] DEBUG Engine               - gameDifficulty: MEDIUM
14:27:33.259 [FXGL Background Thread 3 ] DEBUG Engine               - gameDifficultyProperty: ObjectProperty [value: MEDIUM]
14:27:33.259 [FXGL Background Thread 3 ] DEBUG Engine               - globalMusicVolume: 0.5
14:27:33.260 [FXGL Background Thread 3 ] DEBUG Engine               - globalMusicVolumeProperty: DoubleProperty [value: 0.5]
14:27:33.260 [FXGL Background Thread 3 ] DEBUG Engine               - globalSoundVolume: 0.5
14:27:33.260 [FXGL Background Thread 3 ] DEBUG Engine               - globalSoundVolumeProperty: DoubleProperty [value: 0.5]
14:27:33.260 [FXGL Background Thread 3 ] DEBUG Engine               - height: 800
14:27:33.260 [FXGL Background Thread 3 ] DEBUG Engine               - is3D: false
14:27:33.261 [FXGL Background Thread 3 ] DEBUG Engine               - isAndroid: false
14:27:33.261 [FXGL Background Thread 3 ] DEBUG Engine               - isBrowser: false
14:27:33.261 [FXGL Background Thread 3 ] DEBUG Engine               - isClickFeedbackEnabled: false
14:27:33.261 [FXGL Background Thread 3 ] DEBUG Engine               - isCloseConfirmation: false
14:27:33.262 [FXGL Background Thread 3 ] DEBUG Engine               - isDesktop: true
14:27:33.262 [FXGL Background Thread 3 ] DEBUG Engine               - isDeveloperMenuEnabled: false
14:27:33.262 [FXGL Background Thread 3 ] DEBUG Engine               - isEmbedded: false
14:27:33.262 [FXGL Background Thread 3 ] DEBUG Engine               - isEntityPreloadEnabled: true
14:27:33.262 [FXGL Background Thread 3 ] DEBUG Engine               - isExperimentalTiledLargeMap: false
14:27:33.262 [FXGL Background Thread 3 ] DEBUG Engine               - isFileSystemWriteAllowed: true
14:27:33.263 [FXGL Background Thread 3 ] DEBUG Engine               - isFullScreenAllowed: false
14:27:33.263 [FXGL Background Thread 3 ] DEBUG Engine               - isFullScreenFromStart: false
14:27:33.264 [FXGL Background Thread 3 ] DEBUG Engine               - isGameMenuEnabled: true
14:27:33.264 [FXGL Background Thread 3 ] DEBUG Engine               - isIOS: false
14:27:33.264 [FXGL Background Thread 3 ] DEBUG Engine               - isIntroEnabled: false
14:27:33.264 [FXGL Background Thread 3 ] DEBUG Engine               - isLinux: false
14:27:33.264 [FXGL Background Thread 3 ] DEBUG Engine               - isMac: false
14:27:33.265 [FXGL Background Thread 3 ] DEBUG Engine               - isMainMenuEnabled: false
14:27:33.265 [FXGL Background Thread 3 ] DEBUG Engine               - isManualResizeEnabled: false
14:27:33.265 [FXGL Background Thread 3 ] DEBUG Engine               - isMobile: false
14:27:33.266 [FXGL Background Thread 3 ] DEBUG Engine               - isNative: false
14:27:33.267 [FXGL Background Thread 3 ] DEBUG Engine               - isPauseMusicWhenMinimized: true
14:27:33.267 [FXGL Background Thread 3 ] DEBUG Engine               - isPreserveResizeRatio: false
14:27:33.268 [FXGL Background Thread 3 ] DEBUG Engine               - isProfilingEnabled: false
14:27:33.269 [FXGL Background Thread 3 ] DEBUG Engine               - isScaleAffectedOnResize: true
14:27:33.269 [FXGL Background Thread 3 ] DEBUG Engine               - isSingleStep: false
14:27:33.269 [FXGL Background Thread 3 ] DEBUG Engine               - isUserProfileEnabled: false
14:27:33.269 [FXGL Background Thread 3 ] DEBUG Engine               - isWindows: true
14:27:33.269 [FXGL Background Thread 3 ] DEBUG Engine               - language: ObjectProperty [value: ENGLISH]
14:27:33.270 [FXGL Background Thread 3 ] DEBUG Engine               - menuKey: ESCAPE
14:27:33.270 [FXGL Background Thread 3 ] DEBUG Engine               - mouseSensitivity: 0.2
14:27:33.270 [FXGL Background Thread 3 ] DEBUG Engine               - notificationViewClass: class com.almasb.fxgl.notification.view.XboxNotificationView
14:27:33.270 [FXGL Background Thread 3 ] DEBUG Engine               - pixelsPerMeter: 50.0
14:27:33.270 [FXGL Background Thread 3 ] DEBUG Engine               - platform: WINDOWS
14:27:33.270 [FXGL Background Thread 3 ] DEBUG Engine               - prefHeightProperty: ReadOnlyDoubleProperty [value: 800.0]
14:27:33.270 [FXGL Background Thread 3 ] DEBUG Engine               - prefWidthProperty: ReadOnlyDoubleProperty [value: 1500.0]
14:27:33.270 [FXGL Background Thread 3 ] DEBUG Engine               - profileDir: profiles/
14:27:33.271 [FXGL Background Thread 3 ] DEBUG Engine               - profileName: StringProperty [value: DEFAULT]
14:27:33.271 [FXGL Background Thread 3 ] DEBUG Engine               - randomSeed: -1
14:27:33.271 [FXGL Background Thread 3 ] DEBUG Engine               - runtimeInfo: RuntimeInfo(platform=WINDOWS, version=17.3, build=30.03.2023 11.49)
14:27:33.271 [FXGL Background Thread 3 ] DEBUG Engine               - saveFileExt: sav
14:27:33.271 [FXGL Background Thread 3 ] DEBUG Engine               - scaledHeightProp$fxgl: DoubleProperty [bound, value: 728.0]
14:27:33.271 [FXGL Background Thread 3 ] DEBUG Engine               - scaledWidthProp$fxgl: DoubleProperty [bound, value: 1340.0]
14:27:33.272 [FXGL Background Thread 3 ] DEBUG Engine               - sceneFactory: com.almasb.fxgl.app.scene.SceneFactory@5ccfbeb8
14:27:33.272 [FXGL Background Thread 3 ] DEBUG Engine               - secondsIn24h: 60
14:27:33.272 [FXGL Background Thread 3 ] DEBUG Engine               - soundMenuBack: menu/back.wav
14:27:33.272 [FXGL Background Thread 3 ] DEBUG Engine               - soundMenuPress: menu/press.wav
14:27:33.272 [FXGL Background Thread 3 ] DEBUG Engine               - soundMenuSelect: menu/select.wav
14:27:33.272 [FXGL Background Thread 3 ] DEBUG Engine               - soundNotification: core/notification.wav
14:27:33.272 [FXGL Background Thread 3 ] DEBUG Engine               - stageStyle: DECORATED
14:27:33.272 [FXGL Background Thread 3 ] DEBUG Engine               - supportedLanguages: [ENGLISH, FRENCH, GERMAN, HUNGARIAN, RUSSIAN]
14:27:33.273 [FXGL Background Thread 3 ] DEBUG Engine               - ticksPerSecond: -1
14:27:33.273 [FXGL Background Thread 3 ] DEBUG Engine               - title: Galactic Odyssey
14:27:33.273 [FXGL Background Thread 3 ] DEBUG Engine               - urlGithub: https://github.com/AlmasB/FXGL
14:27:33.273 [FXGL Background Thread 3 ] DEBUG Engine               - urlLeaderboard: http://fxgl-top.herokuapp.com/
14:27:33.273 [FXGL Background Thread 3 ] DEBUG Engine               - urlPOM: https://raw.githubusercontent.com/AlmasB/FXGL/release/README.md
14:27:33.273 [FXGL Background Thread 3 ] DEBUG Engine               - userAppClass: class App.App
14:27:33.273 [FXGL Background Thread 3 ] DEBUG Engine               - version: 0.0
14:27:33.273 [FXGL Background Thread 3 ] DEBUG Engine               - versionCheckDays: 7
14:27:33.273 [FXGL Background Thread 3 ] DEBUG Engine               - width: 1500
14:27:33.273 [FXGL Background Thread 3 ] DEBUG Engine               - Logging services
14:27:33.274 [FXGL Background Thread 3 ] DEBUG Engine               - class com.almasb.fxgl.app.services.FXGLAssetLoaderService
14:27:33.274 [FXGL Background Thread 3 ] DEBUG Engine               - class com.almasb.fxgl.app.FXGLApplication$GameApplicationService
14:27:33.274 [FXGL Background Thread 3 ] DEBUG Engine               - class com.almasb.fxgl.app.services.FXGLDialogService
14:27:33.274 [FXGL Background Thread 3 ] DEBUG Engine               - class com.almasb.fxgl.app.services.IOTaskExecutorService
14:27:33.274 [FXGL Background Thread 3 ] DEBUG Engine               - class com.almasb.fxgl.io.FileSystemService
14:27:33.274 [FXGL Background Thread 3 ] DEBUG Engine               - class com.almasb.fxgl.localization.LocalizationService
14:27:33.274 [FXGL Background Thread 3 ] DEBUG Engine               - class com.almasb.fxgl.app.services.SystemBundleService
14:27:33.274 [FXGL Background Thread 3 ] DEBUG Engine               - class com.almasb.fxgl.profile.SaveLoadService
14:27:33.274 [FXGL Background Thread 3 ] DEBUG Engine               - class com.almasb.fxgl.ui.FXGLUIFactoryServiceProvider
14:27:33.275 [FXGL Background Thread 3 ] DEBUG Engine               - class com.almasb.fxgl.ui.FXGLDialogFactoryServiceProvider
14:27:33.275 [FXGL Background Thread 3 ] DEBUG Engine               - class com.almasb.fxgl.audio.AudioPlayer
14:27:33.275 [FXGL Background Thread 3 ] DEBUG Engine               - class com.almasb.fxgl.notification.impl.NotificationServiceProvider
14:27:33.275 [FXGL Background Thread 3 ] DEBUG Engine               - class com.almasb.fxgl.achievement.AchievementService
14:27:33.275 [FXGL Background Thread 3 ] DEBUG Engine               - class com.almasb.fxgl.cutscene.CutsceneService
14:27:33.275 [FXGL Background Thread 3 ] DEBUG Engine               - class com.almasb.fxgl.minigames.MiniGameService
14:27:33.275 [FXGL Background Thread 3 ] DEBUG Engine               - class com.almasb.fxgl.net.NetService
14:27:33.275 [FXGL Background Thread 3 ] DEBUG Engine               - class com.almasb.fxgl.app.services.UpdaterService
14:27:33.275 [FXGL Background Thread 3 ] DEBUG Engine               - class com.almasb.fxgl.dev.DevService
14:27:33.327 [JavaFX Application Thread] DEBUG TilesetLoader        - Loading view for layer Muro
14:27:33.333 [JavaFX Application Thread] DEBUG TilesetLoader        - Created buffer with size 1920.0x960.0
14:27:33.337 [JavaFX Application Thread] DEBUG TilesetLoader        - Loading view for layer Rocas
14:27:33.341 [JavaFX Application Thread] DEBUG TilesetLoader        - Created buffer with size 1920.0x960.0
14:27:33.349 [JavaFX Application Thread] DEBUG TilesetLoader        - Loading view for layer Rocas2
14:27:33.353 [JavaFX Application Thread] DEBUG TilesetLoader        - Created buffer with size 1920.0x960.0
14:27:33.355 [JavaFX Application Thread] DEBUG TilesetLoader        - Loading view for layer Naves
14:27:33.361 [JavaFX Application Thread] DEBUG TilesetLoader        - Created buffer with size 1920.0x960.0
14:27:33.364 [JavaFX Application Thread] DEBUG TilesetLoader        - Loading view for layer Objetos
14:27:33.368 [JavaFX Application Thread] DEBUG TilesetLoader        - Created buffer with size 1920.0x960.0
14:27:33.369 [JavaFX Application Thread] DEBUG TMXLevelLoader       - Creating object layer entities
14:27:33.423 [JavaFX Application Thread] DEBUG GameWorld            - Clearing removable entities
14:27:33.424 [JavaFX Application Thread] DEBUG GameWorld            - Setting level: com.almasb.fxgl.entity.level.Level@fc9037b
14:27:33.446 [JavaFX Application Thread] WARN  Entity               - Entity already has component: com.almasb.fxgl.entity.components.CollidableComponent
14:27:33.446 [JavaFX Application Thread] WARN  Entity               - Entity already has component: com.almasb.fxgl.entity.components.CollidableComponent
14:27:33.446 [JavaFX Application Thread] WARN  Entity               - Entity already has component: com.almasb.fxgl.entity.components.CollidableComponent
14:27:33.446 [JavaFX Application Thread] WARN  Entity               - Entity already has component: com.almasb.fxgl.entity.components.CollidableComponent
14:27:33.446 [JavaFX Application Thread] WARN  Entity               - Entity already has component: com.almasb.fxgl.entity.components.CollidableComponent
14:27:33.446 [JavaFX Application Thread] WARN  Entity               - Entity already has component: com.almasb.fxgl.entity.components.CollidableComponent
14:27:33.447 [JavaFX Application Thread] WARN  Entity               - Entity already has component: com.almasb.fxgl.entity.components.CollidableComponent
14:27:33.447 [JavaFX Application Thread] WARN  Entity               - Entity already has component: com.almasb.fxgl.entity.components.CollidableComponent
14:27:33.447 [JavaFX Application Thread] WARN  Entity               - Entity already has component: com.almasb.fxgl.entity.components.CollidableComponent
14:27:33.447 [JavaFX Application Thread] WARN  Entity               - Entity already has component: com.almasb.fxgl.entity.components.CollidableComponent
14:27:33.447 [JavaFX Application Thread] WARN  Entity               - Entity already has component: com.almasb.fxgl.entity.components.CollidableComponent
14:27:33.447 [JavaFX Application Thread] WARN  Entity               - Entity already has component: com.almasb.fxgl.entity.components.CollidableComponent
14:27:33.447 [JavaFX Application Thread] WARN  Entity               - Entity already has component: com.almasb.fxgl.entity.components.CollidableComponent
14:27:33.448 [JavaFX Application Thread] WARN  Entity               - Entity already has component: com.almasb.fxgl.entity.components.CollidableComponent
14:27:33.448 [JavaFX Application Thread] WARN  Entity               - Entity already has component: com.almasb.fxgl.entity.components.CollidableComponent
14:27:33.448 [JavaFX Application Thread] WARN  Entity               - Entity already has component: com.almasb.fxgl.entity.components.CollidableComponent
14:27:33.448 [JavaFX Application Thread] WARN  Entity               - Entity already has component: com.almasb.fxgl.entity.components.CollidableComponent
14:27:33.448 [JavaFX Application Thread] WARN  Entity               - Entity already has component: com.almasb.fxgl.entity.components.CollidableComponent
14:27:33.448 [JavaFX Application Thread] WARN  Entity               - Entity already has component: com.almasb.fxgl.entity.components.CollidableComponent
14:27:33.448 [JavaFX Application Thread] WARN  Entity               - Entity already has component: com.almasb.fxgl.entity.components.CollidableComponent
14:27:33.449 [JavaFX Application Thread] WARN  Entity               - Entity already has component: com.almasb.fxgl.entity.components.CollidableComponent
14:27:33.449 [JavaFX Application Thread] WARN  Entity               - Entity already has component: com.almasb.fxgl.entity.components.CollidableComponent
14:27:33.449 [JavaFX Application Thread] WARN  Entity               - Entity already has component: com.almasb.fxgl.entity.components.CollidableComponent
14:27:33.449 [JavaFX Application Thread] WARN  Entity               - Entity already has component: com.almasb.fxgl.entity.components.CollidableComponent
14:27:33.449 [JavaFX Application Thread] WARN  Entity               - Entity already has component: com.almasb.fxgl.entity.components.CollidableComponent
14:27:33.449 [JavaFX Application Thread] WARN  Entity               - Entity already has component: com.almasb.fxgl.entity.components.CollidableComponent
14:27:33.449 [JavaFX Application Thread] WARN  Entity               - Entity already has component: com.almasb.fxgl.entity.components.CollidableComponent
14:27:33.449 [JavaFX Application Thread] WARN  Entity               - Entity already has component: com.almasb.fxgl.entity.components.CollidableComponent
14:27:33.450 [JavaFX Application Thread] WARN  Entity               - Entity already has component: com.almasb.fxgl.entity.components.CollidableComponent
14:27:33.450 [JavaFX Application Thread] WARN  Entity               - Entity already has component: com.almasb.fxgl.entity.components.CollidableComponent
14:27:33.450 [JavaFX Application Thread] WARN  Entity               - Entity already has component: com.almasb.fxgl.entity.components.CollidableComponent
14:27:33.450 [JavaFX Application Thread] WARN  Entity               - Entity already has component: com.almasb.fxgl.entity.components.CollidableComponent
14:27:33.450 [JavaFX Application Thread] WARN  Entity               - Entity already has component: com.almasb.fxgl.entity.components.CollidableComponent
14:27:33.461 [JavaFX Application Thread] DEBUG Input                - Registered new binding: Move Right - D
14:27:33.462 [JavaFX Application Thread] DEBUG Input                - Registered new binding: Move Left - A
14:27:33.462 [JavaFX Application Thread] DEBUG Input                - Registered new binding: Move Up - W
14:27:33.462 [JavaFX Application Thread] DEBUG Input                - Registered new binding: Move Down - S
14:27:47.587 [JavaFX Application Thread] DEBUG FXGLApplication      - Exiting FXGL
14:27:47.588 [JavaFX Application Thread] DEBUG LoopRunner           - Stopping loop
14:27:47.588 [JavaFX Application Thread] DEBUG SystemBundleService  - Saving FXGL system data
14:27:47.592 [JavaFX Application Thread] DEBUG FileSystemAccess     - Writing to: C:\Users\Jonathan\Documents\Galactic odyssey\system\fxgl.bundle
14:27:47.596 [JavaFX Application Thread] DEBUG Async                - Shutting down background threads
14:27:47.596 [JavaFX Application Thread] DEBUG PrimaryStageWindow   - Closing main window
14:27:47.639 [JavaFX Application Thread] DEBUG Logger               - Closing Logger
