18:28:20.522 [main                     ] DEBUG Logger               - Configured Logger
18:28:20.638 [main                     ] DEBUG GameApplication      - Logging settings
Title: Galactic Odyssey
Version: 0.0
Width: 1500
Height: 800
Fullscreen: false
Intro: false
Profiling: false
Single step:false
App Mode: DEVELOPER
Menu Key: ESCAPE
Stage Style: DECORATED
Scene Factory: class com.almasb.fxgl.app.scene.SceneFactory

18:28:21.396 [JavaFX Application Thread] DEBUG FXGLApplication      - Initializing FXGL
18:28:21.441 [JavaFX Application Thread] INFO  Engine               - FXGL-17.3 (30.03.2023 11.49) on WINDOWS (J:17.0.12 FX:17.0.2-ea)
18:28:21.442 [JavaFX Application Thread] DEBUG Engine               - JRE Vendor Name: Oracle Corporation
18:28:21.443 [JavaFX Application Thread] DEBUG Engine               - Running on OS: Windows 10 version 10.0
18:28:21.443 [JavaFX Application Thread] DEBUG Engine               - Architecture: amd64
18:28:21.443 [JavaFX Application Thread] INFO  Engine               - Source code and latest versions at: https://github.com/AlmasB/FXGL
18:28:21.444 [JavaFX Application Thread] INFO  Engine               -       Ask questions and discuss at: https://github.com/AlmasB/FXGL/discussions
18:28:21.444 [JavaFX Application Thread] INFO  Engine               -              Join the FXGL chat at: https://gitter.im/AlmasB/FXGL
18:28:21.707 [JavaFX Application Thread] DEBUG PrimaryStageWindow   - Creating a JavaFX scene
18:28:21.708 [JavaFX Application Thread] DEBUG PrimaryStageWindow   - Target size > screen size
18:28:21.837 [JavaFX Application Thread] DEBUG PrimaryStageWindow   - Target settings size: 1500.0 x 800.0
18:28:21.839 [JavaFX Application Thread] DEBUG PrimaryStageWindow   - Scaled scene size:    1340.0 x 728.0
18:28:21.841 [JavaFX Application Thread] DEBUG PrimaryStageWindow   - Scaled ratio: (0.8933333333333333, 0.91)
18:28:21.844 [JavaFX Application Thread] DEBUG PrimaryStageWindow   - Set initial scene to FXGLStartupScene
18:28:21.868 [JavaFX Application Thread] DEBUG PrimaryStageWindow   - Opening main window
18:28:22.053 [JavaFX Application Thread] DEBUG PrimaryStageWindow   - Window border size: (16.0, 39.0)
18:28:22.053 [JavaFX Application Thread] DEBUG PrimaryStageWindow   - Scaled size: 1340.0 x 728.0
18:28:22.054 [JavaFX Application Thread] DEBUG PrimaryStageWindow   - Scaled ratio: (0.8933333333333333, 0.91)
18:28:22.055 [JavaFX Application Thread] DEBUG PrimaryStageWindow   - Scene size: 1340.0 x 728.0
18:28:22.055 [JavaFX Application Thread] DEBUG PrimaryStageWindow   - Stage size: 1356.0 x 767.0
18:28:22.180 [FXGL Background Thread 1 ] DEBUG Engine               - Initializing environment variables
18:28:22.260 [FXGL Background Thread 1 ] DEBUG FXGLAssetLoaderServi - User app class for loading assets: class App.App
18:28:22.261 [FXGL Background Thread 1 ] DEBUG GameApplicationServi - Applying CSS: fxgl_dark.css
18:28:22.263 [FXGL Background Thread 1 ] DEBUG FXGLAssetLoaderServi - Loading from file system: jar:file:///C:/Users/Jonathan/.m2/repository/com/github/almasb/fxgl/17.3/fxgl-17.3.jar!/fxglassets/ui/css/fxgl_dark.css
18:28:22.413 [FXGL Background Thread 1 ] DEBUG GameApplicationServi - Initializing application scenes
18:28:22.590 [FXGL Background Thread 1 ] DEBUG GameWorld            - Game world initialized
18:28:22.783 [FXGL Background Thread 1 ] DEBUG PhysicsWorld         - Physics world initialized: appHeight=800, physics.ppm=50,0
18:28:22.783 [FXGL Background Thread 1 ] DEBUG PhysicsWorld         - Using strategy: BRUTE_FORCE
18:28:22.794 [FXGL Background Thread 1 ] DEBUG GameScene            - Game scene initialized: 1500x800
18:28:22.822 [FXGL Background Thread 1 ] DEBUG FXGL.DefaultMenu     - createMenuBodyGameMenu()
18:28:22.864 [FXGL Background Thread 1 ] DEBUG FXGL.DefaultMenu     - createOptionsMenu()
18:28:22.889 [FXGL Background Thread 1 ] DEBUG FXGLAssetLoaderServi - Loading from file system: jar:file:///C:/Users/Jonathan/.m2/repository/com/github/almasb/fxgl/17.3/fxgl-17.3.jar!/fxglassets/textures/particles/smoke.png
18:28:23.142 [FXGL Background Thread 1 ] DEBUG FXGLAssetLoaderServi - Loading from file system: jar:file:///C:/Users/Jonathan/.m2/repository/com/github/almasb/fxgl/17.3/fxgl-17.3.jar!/fxglassets/textures/particles/trace_horizontal.png
18:28:23.222 [FXGL Background Thread 1 ] DEBUG GameApplicationServi - Application scenes initialized
18:28:23.252 [FXGL Background Thread 1 ] DEBUG SystemBundleService  - Loading FXGL system data
18:28:23.264 [FXGL Background Thread 1 ] DEBUG FileSystemAccess     - Reading from: C:\Users\Jonathan\Documents\Galactic odyssey\system\fxgl.bundle
18:28:23.281 [FXGL Background Thread 1 ] DEBUG SystemBundleService  - Bundle FXGL: {}
18:28:23.281 [FXGL Background Thread 1 ] DEBUG UpdaterService       - Checking for updates
18:28:23.295 [FXGL Background Thread 1 ] DEBUG FXGLApplication      - Loading default localization
18:28:23.296 [FXGL Background Thread 1 ] DEBUG FXGLAssetLoaderServi - Loading from file system: jar:file:///C:/Users/Jonathan/.m2/repository/com/github/almasb/fxgl/17.3/fxgl-17.3.jar!/fxglassets/languages/english.lang
18:28:23.302 [FXGL Background Thread 4 ] DEBUG FXGLApplication      - Loading fonts
18:28:23.303 [FXGL Background Thread 4 ] DEBUG FXGLAssetLoaderServi - Loading from file system: jar:file:///C:/Users/Jonathan/.m2/repository/com/github/almasb/fxgl/17.3/fxgl-17.3.jar!/fxglassets/ui/fonts/VarelaRound-Regular.ttf
18:28:23.362 [FXGL Background Thread 1 ] INFO  FXGLApplication      - FXGL initialization took: 1,183 sec
18:28:23.365 [JavaFX Application Thread] DEBUG FXGLAssetLoaderServi - Loading from file system: jar:file:///C:/Users/Jonathan/.m2/repository/com/github/almasb/fxgl/17.3/fxgl-17.3.jar!/fxglassets/textures/fxgl_icon.png
18:28:23.413 [JavaFX Application Thread] DEBUG FXGLAssetLoaderServi - Loading from file system: jar:file:///C:/Users/Jonathan/.m2/repository/com/github/almasb/fxgl/17.3/fxgl-17.3.jar!/fxglassets/textures/fxgl_default_cursor.png
18:28:23.439 [JavaFX Application Thread] DEBUG Input                - Registered new binding: Screenshot - CTRL+8
18:28:23.445 [JavaFX Application Thread] DEBUG Input                - Registered new binding: System info dump - CTRL+9
18:28:23.445 [JavaFX Application Thread] DEBUG Input                - Registered new binding: Restart - CTRL+R
18:28:23.447 [JavaFX Application Thread] DEBUG Input                - Registered new binding: Toggle Debug Camera - CTRL+7
18:28:23.455 [JavaFX Application Thread] DEBUG LoopRunner           - Starting loop
18:28:23.457 [JavaFX Application Thread] DEBUG LoopRunner           - Initializing JavaFX AnimationTimerLoop
18:28:23.459 [JavaFX Application Thread] DEBUG GameApplicationServi - Starting new game
18:28:23.461 [JavaFX Application Thread] DEBUG Input                - Clearing active input actions
18:28:23.492 [JavaFX Application Thread] DEBUG GameApplicationServi - Removing overlay from FXGLStartupScene and adding to FXGLLoadingScene
18:28:23.493 [JavaFX Application Thread] DEBUG PrimaryStageWindow   - FXGLStartupScene -> FXGLLoadingScene
18:28:23.493 [JavaFX Application Thread] DEBUG GameApplicationServi - Clearing previous game
18:28:23.494 [JavaFX Application Thread] DEBUG GameScene            - Clearing game scene
18:28:23.494 [JavaFX Application Thread] DEBUG GameWorld            - Clearing game world
18:28:23.494 [JavaFX Application Thread] DEBUG PhysicsWorld         - Clearing physics world
18:28:23.499 [FXGL Background Thread 1 ] DEBUG FXGLApplication      - Initializing game
18:28:23.575 [FXGL Background Thread 1 ] DEBUG FXGLAssetLoaderServi - Loading from file system: file:/C:/Users/Jonathan/Documents/Galactic%20odyssey/target/classes/assets/textures/fondo_menu.png
18:28:23.653 [FXGL Background Thread 1 ] INFO  FXGLApplication      - Game initialization took: 0,151 sec
18:28:23.674 [JavaFX Application Thread] DEBUG Input                - Clearing active input actions
18:28:23.705 [JavaFX Application Thread] DEBUG GameApplicationServi - Removing overlay from FXGLLoadingScene and adding to GameScene
18:28:23.706 [JavaFX Application Thread] DEBUG PrimaryStageWindow   - FXGLLoadingScene -> GameScene
18:28:24.085 [FXGL Background Thread 4 ] DEBUG FXGLAssetLoaderServi - Loading from file system: jar:file:///C:/Users/Jonathan/.m2/repository/com/github/almasb/fxgl/17.3/fxgl-17.3.jar!/fxglassets/ui/fonts/Abel-Regular.ttf
18:28:24.136 [FXGL Background Thread 4 ] DEBUG FXGLAssetLoaderServi - Loading from file system: jar:file:///C:/Users/Jonathan/.m2/repository/com/github/almasb/fxgl/17.3/fxgl-17.3.jar!/fxglassets/ui/fonts/TerminalLandMono-Regular.otf
18:28:24.162 [FXGL Background Thread 4 ] DEBUG FXGLAssetLoaderServi - Loading from file system: jar:file:///C:/Users/Jonathan/.m2/repository/com/github/almasb/fxgl/17.3/fxgl-17.3.jar!/fxglassets/ui/fonts/Courier-Prime.ttf
18:28:24.194 [JavaFX Application Thread] DEBUG FXGLApplication      - Registering font factories with UI factory
18:28:24.203 [FXGL Background Thread 2 ] WARN  UpdaterService       - Failed to find updates: java.net.UnknownHostException: raw.githubusercontent.com
18:28:25.226 [JavaFX Application Thread] WARN  TMXLevelLoader       - TiledMap generated from 1.11.2. Supported version: 1.9.0. Some features may not be parsed fully.
18:28:25.312 [JavaFX Application Thread] DEBUG TMXLevelLoader       - Parsed TiledMap: file:/C:/Users/Jonathan/Documents/Galactic%20odyssey/target/classes/assets/levels/MapGame1.tmx
18:28:25.314 [JavaFX Application Thread] DEBUG TMXLevelLoader       - Creating tile layer entities
18:28:25.318 [JavaFX Application Thread] DEBUG TilesetLoader        - Loading view for layer Espacio
18:28:25.324 [JavaFX Application Thread] DEBUG TilesetLoader        - Created buffer with size 1920.0x960.0
18:28:25.487 [JavaFX Application Thread] DEBUG TilesetLoader        - Loading view for layer Planetas
18:28:25.493 [JavaFX Application Thread] DEBUG TilesetLoader        - Created buffer with size 1920.0x960.0
18:28:25.498 [JavaFX Application Thread] DEBUG TilesetLoader        - Loading view for layer Suelo
18:28:25.504 [JavaFX Application Thread] DEBUG TilesetLoader        - Created buffer with size 1920.0x960.0
18:28:25.516 [JavaFX Application Thread] DEBUG TilesetLoader        - Loading view for layer Suelo ruinas
18:28:25.533 [JavaFX Application Thread] DEBUG TilesetLoader        - Created buffer with size 1920.0x960.0
18:28:25.534 [JavaFX Application Thread] DEBUG TilesetLoader        - Loading view for layer Torres ruinas
18:28:25.541 [JavaFX Application Thread] DEBUG TilesetLoader        - Created buffer with size 1920.0x960.0
18:28:25.706 [JavaFX Application Thread] DEBUG TilesetLoader        - Loading view for layer Cristales espaciales
18:28:25.713 [JavaFX Application Thread] DEBUG TilesetLoader        - Created buffer with size 1920.0x960.0
18:28:25.716 [JavaFX Application Thread] DEBUG TilesetLoader        - Loading view for layer Rocas1
18:28:25.722 [JavaFX Application Thread] DEBUG TilesetLoader        - Created buffer with size 1920.0x960.0
18:28:25.831 [JavaFX Application Thread] DEBUG TilesetLoader        - Loading view for layer Muro
18:28:25.839 [JavaFX Application Thread] DEBUG TilesetLoader        - Created buffer with size 1920.0x960.0
18:28:25.843 [JavaFX Application Thread] DEBUG TilesetLoader        - Loading view for layer Rocas
18:28:25.849 [JavaFX Application Thread] DEBUG TilesetLoader        - Created buffer with size 1920.0x960.0
18:28:25.855 [JavaFX Application Thread] DEBUG TilesetLoader        - Loading view for layer Rocas2
18:28:25.861 [JavaFX Application Thread] DEBUG TilesetLoader        - Created buffer with size 1920.0x960.0
18:28:25.864 [JavaFX Application Thread] DEBUG TilesetLoader        - Loading view for layer Naves
18:28:25.870 [JavaFX Application Thread] DEBUG TilesetLoader        - Created buffer with size 1920.0x960.0
18:28:25.873 [JavaFX Application Thread] DEBUG TilesetLoader        - Loading view for layer Objetos
18:28:25.883 [JavaFX Application Thread] DEBUG TilesetLoader        - Created buffer with size 1920.0x960.0
18:28:25.885 [JavaFX Application Thread] DEBUG TMXLevelLoader       - Creating object layer entities
18:28:25.958 [JavaFX Application Thread] DEBUG GameWorld            - Clearing removable entities
18:28:25.961 [JavaFX Application Thread] DEBUG GameWorld            - Setting level: com.almasb.fxgl.entity.level.Level@5773e435
18:28:25.992 [JavaFX Application Thread] DEBUG FXGLAssetLoaderServi - Loading from file system: file:/C:/Users/Jonathan/Documents/Galactic%20odyssey/target/classes/assets/textures/personaje.png
18:28:25.995 [JavaFX Application Thread] DEBUG Input                - Registered new binding: Move Right - D
18:28:25.995 [JavaFX Application Thread] DEBUG Input                - Registered new binding: Move Left - A
18:28:25.996 [JavaFX Application Thread] DEBUG Input                - Registered new binding: Move Up - W
18:28:25.996 [JavaFX Application Thread] DEBUG Input                - Registered new binding: Move Down - S
18:28:26.290 [FXGL Background Thread 3 ] DEBUG Engine               - Logging environment variables
18:28:26.291 [FXGL Background Thread 3 ] DEBUG Engine               - achievements: []
18:28:26.291 [FXGL Background Thread 3 ] DEBUG Engine               - actualHeight: 728.0
18:28:26.291 [FXGL Background Thread 3 ] DEBUG Engine               - actualHeightProperty: ReadOnlyDoubleProperty [value: 728.0]
18:28:26.291 [FXGL Background Thread 3 ] DEBUG Engine               - actualWidth: 1340.0
18:28:26.291 [FXGL Background Thread 3 ] DEBUG Engine               - actualWidthProperty: ReadOnlyDoubleProperty [value: 1340.0]
18:28:26.292 [FXGL Background Thread 3 ] DEBUG Engine               - appIcon: fxgl_icon.png
18:28:26.292 [FXGL Background Thread 3 ] DEBUG Engine               - applicationMode: DEVELOPER
18:28:26.292 [FXGL Background Thread 3 ] DEBUG Engine               - cSSList: [fxgl_dark.css]
18:28:26.292 [FXGL Background Thread 3 ] DEBUG Engine               - collisionDetectionStrategy: BRUTE_FORCE
18:28:26.293 [FXGL Background Thread 3 ] DEBUG Engine               - configClass: Optional.empty
18:28:26.293 [FXGL Background Thread 3 ] DEBUG Engine               - credits: []
18:28:26.294 [FXGL Background Thread 3 ] DEBUG Engine               - defaultCursor: CursorInfo(imageName=fxgl_default_cursor.png, hotspotX=7.0, hotspotY=6.0)
18:28:26.294 [FXGL Background Thread 3 ] DEBUG Engine               - devBBoxColorProperty: ObjectProperty [value: 0xff0000ff]
18:28:26.294 [FXGL Background Thread 3 ] DEBUG Engine               - devEnableDebugCameraProperty: BooleanProperty [value: false]
18:28:26.295 [FXGL Background Thread 3 ] DEBUG Engine               - devSensorColorProperty: ObjectProperty [value: 0xffff00ff]
18:28:26.295 [FXGL Background Thread 3 ] DEBUG Engine               - devShowBBoxProperty: BooleanProperty [value: false]
18:28:26.295 [FXGL Background Thread 3 ] DEBUG Engine               - devShowPositionProperty: BooleanProperty [value: false]
18:28:26.296 [FXGL Background Thread 3 ] DEBUG Engine               - enabledMenuItems: []
18:28:26.296 [FXGL Background Thread 3 ] DEBUG Engine               - engineServices: [class com.almasb.fxgl.app.services.FXGLAssetLoaderService, class com.almasb.fxgl.app.FXGLApplication$GameApplicationService, class com.almasb.fxgl.app.services.FXGLDialogService, class com.almasb.fxgl.app.services.IOTaskExecutorService, class com.almasb.fxgl.io.FileSystemService, class com.almasb.fxgl.localization.LocalizationService, class com.almasb.fxgl.app.services.SystemBundleService, class com.almasb.fxgl.profile.SaveLoadService, class com.almasb.fxgl.ui.FXGLUIFactoryServiceProvider, class com.almasb.fxgl.ui.FXGLDialogFactoryServiceProvider, class com.almasb.fxgl.audio.AudioPlayer, class com.almasb.fxgl.notification.impl.NotificationServiceProvider, class com.almasb.fxgl.achievement.AchievementService, class com.almasb.fxgl.cutscene.CutsceneService, class com.almasb.fxgl.minigames.MiniGameService, class com.almasb.fxgl.net.NetService, class com.almasb.fxgl.app.services.UpdaterService, class com.almasb.fxgl.dev.DevService]
18:28:26.296 [FXGL Background Thread 3 ] DEBUG Engine               - fontGame: Abel-Regular.ttf
18:28:26.296 [FXGL Background Thread 3 ] DEBUG Engine               - fontMono: TerminalLandMono-Regular.otf
18:28:26.296 [FXGL Background Thread 3 ] DEBUG Engine               - fontSizeScaleUI: 1.0
18:28:26.297 [FXGL Background Thread 3 ] DEBUG Engine               - fontText: Courier-Prime.ttf
18:28:26.297 [FXGL Background Thread 3 ] DEBUG Engine               - fontUI: VarelaRound-Regular.ttf
18:28:26.297 [FXGL Background Thread 3 ] DEBUG Engine               - fullScreen: BooleanProperty [value: false]
18:28:26.297 [FXGL Background Thread 3 ] DEBUG Engine               - gameDifficulty: MEDIUM
18:28:26.297 [FXGL Background Thread 3 ] DEBUG Engine               - gameDifficultyProperty: ObjectProperty [value: MEDIUM]
18:28:26.297 [FXGL Background Thread 3 ] DEBUG Engine               - globalMusicVolume: 0.5
18:28:26.298 [FXGL Background Thread 3 ] DEBUG Engine               - globalMusicVolumeProperty: DoubleProperty [value: 0.5]
18:28:26.298 [FXGL Background Thread 3 ] DEBUG Engine               - globalSoundVolume: 0.5
18:28:26.298 [FXGL Background Thread 3 ] DEBUG Engine               - globalSoundVolumeProperty: DoubleProperty [value: 0.5]
18:28:26.298 [FXGL Background Thread 3 ] DEBUG Engine               - height: 800
18:28:26.298 [FXGL Background Thread 3 ] DEBUG Engine               - is3D: false
18:28:26.298 [FXGL Background Thread 3 ] DEBUG Engine               - isAndroid: false
18:28:26.298 [FXGL Background Thread 3 ] DEBUG Engine               - isBrowser: false
18:28:26.298 [FXGL Background Thread 3 ] DEBUG Engine               - isClickFeedbackEnabled: false
18:28:26.299 [FXGL Background Thread 3 ] DEBUG Engine               - isCloseConfirmation: false
18:28:26.299 [FXGL Background Thread 3 ] DEBUG Engine               - isDesktop: true
18:28:26.299 [FXGL Background Thread 3 ] DEBUG Engine               - isDeveloperMenuEnabled: false
18:28:26.299 [FXGL Background Thread 3 ] DEBUG Engine               - isEmbedded: false
18:28:26.299 [FXGL Background Thread 3 ] DEBUG Engine               - isEntityPreloadEnabled: true
18:28:26.299 [FXGL Background Thread 3 ] DEBUG Engine               - isExperimentalTiledLargeMap: false
18:28:26.299 [FXGL Background Thread 3 ] DEBUG Engine               - isFileSystemWriteAllowed: true
18:28:26.300 [FXGL Background Thread 3 ] DEBUG Engine               - isFullScreenAllowed: false
18:28:26.300 [FXGL Background Thread 3 ] DEBUG Engine               - isFullScreenFromStart: false
18:28:26.300 [FXGL Background Thread 3 ] DEBUG Engine               - isGameMenuEnabled: true
18:28:26.300 [FXGL Background Thread 3 ] DEBUG Engine               - isIOS: false
18:28:26.300 [FXGL Background Thread 3 ] DEBUG Engine               - isIntroEnabled: false
18:28:26.300 [FXGL Background Thread 3 ] DEBUG Engine               - isLinux: false
18:28:26.300 [FXGL Background Thread 3 ] DEBUG Engine               - isMac: false
18:28:26.300 [FXGL Background Thread 3 ] DEBUG Engine               - isMainMenuEnabled: false
18:28:26.300 [FXGL Background Thread 3 ] DEBUG Engine               - isManualResizeEnabled: false
18:28:26.301 [FXGL Background Thread 3 ] DEBUG Engine               - isMobile: false
18:28:26.301 [FXGL Background Thread 3 ] DEBUG Engine               - isNative: false
18:28:26.301 [FXGL Background Thread 3 ] DEBUG Engine               - isPauseMusicWhenMinimized: true
18:28:26.301 [FXGL Background Thread 3 ] DEBUG Engine               - isPreserveResizeRatio: false
18:28:26.301 [FXGL Background Thread 3 ] DEBUG Engine               - isProfilingEnabled: false
18:28:26.301 [FXGL Background Thread 3 ] DEBUG Engine               - isScaleAffectedOnResize: true
18:28:26.301 [FXGL Background Thread 3 ] DEBUG Engine               - isSingleStep: false
18:28:26.301 [FXGL Background Thread 3 ] DEBUG Engine               - isUserProfileEnabled: false
18:28:26.301 [FXGL Background Thread 3 ] DEBUG Engine               - isWindows: true
18:28:26.302 [FXGL Background Thread 3 ] DEBUG Engine               - language: ObjectProperty [value: ENGLISH]
18:28:26.302 [FXGL Background Thread 3 ] DEBUG Engine               - menuKey: ESCAPE
18:28:26.302 [FXGL Background Thread 3 ] DEBUG Engine               - mouseSensitivity: 0.2
18:28:26.302 [FXGL Background Thread 3 ] DEBUG Engine               - notificationViewClass: class com.almasb.fxgl.notification.view.XboxNotificationView
18:28:26.302 [FXGL Background Thread 3 ] DEBUG Engine               - pixelsPerMeter: 50.0
18:28:26.302 [FXGL Background Thread 3 ] DEBUG Engine               - platform: WINDOWS
18:28:26.302 [FXGL Background Thread 3 ] DEBUG Engine               - prefHeightProperty: ReadOnlyDoubleProperty [value: 800.0]
18:28:26.303 [FXGL Background Thread 3 ] DEBUG Engine               - prefWidthProperty: ReadOnlyDoubleProperty [value: 1500.0]
18:28:26.303 [FXGL Background Thread 3 ] DEBUG Engine               - profileDir: profiles/
18:28:26.303 [FXGL Background Thread 3 ] DEBUG Engine               - profileName: StringProperty [value: DEFAULT]
18:28:26.303 [FXGL Background Thread 3 ] DEBUG Engine               - randomSeed: -1
18:28:26.304 [FXGL Background Thread 3 ] DEBUG Engine               - runtimeInfo: RuntimeInfo(platform=WINDOWS, version=17.3, build=30.03.2023 11.49)
18:28:26.304 [FXGL Background Thread 3 ] DEBUG Engine               - saveFileExt: sav
18:28:26.304 [FXGL Background Thread 3 ] DEBUG Engine               - scaledHeightProp$fxgl: DoubleProperty [bound, value: 728.0]
18:28:26.304 [FXGL Background Thread 3 ] DEBUG Engine               - scaledWidthProp$fxgl: DoubleProperty [bound, value: 1340.0]
18:28:26.304 [FXGL Background Thread 3 ] DEBUG Engine               - sceneFactory: com.almasb.fxgl.app.scene.SceneFactory@62c38651
18:28:26.305 [FXGL Background Thread 3 ] DEBUG Engine               - secondsIn24h: 60
18:28:26.305 [FXGL Background Thread 3 ] DEBUG Engine               - soundMenuBack: menu/back.wav
18:28:26.305 [FXGL Background Thread 3 ] DEBUG Engine               - soundMenuPress: menu/press.wav
18:28:26.305 [FXGL Background Thread 3 ] DEBUG Engine               - soundMenuSelect: menu/select.wav
18:28:26.305 [FXGL Background Thread 3 ] DEBUG Engine               - soundNotification: core/notification.wav
18:28:26.305 [FXGL Background Thread 3 ] DEBUG Engine               - stageStyle: DECORATED
18:28:26.305 [FXGL Background Thread 3 ] DEBUG Engine               - supportedLanguages: [ENGLISH, FRENCH, GERMAN, HUNGARIAN, RUSSIAN]
18:28:26.306 [FXGL Background Thread 3 ] DEBUG Engine               - ticksPerSecond: -1
18:28:26.306 [FXGL Background Thread 3 ] DEBUG Engine               - title: Galactic Odyssey
18:28:26.306 [FXGL Background Thread 3 ] DEBUG Engine               - urlGithub: https://github.com/AlmasB/FXGL
18:28:26.306 [FXGL Background Thread 3 ] DEBUG Engine               - urlLeaderboard: http://fxgl-top.herokuapp.com/
18:28:26.306 [FXGL Background Thread 3 ] DEBUG Engine               - urlPOM: https://raw.githubusercontent.com/AlmasB/FXGL/release/README.md
18:28:26.306 [FXGL Background Thread 3 ] DEBUG Engine               - userAppClass: class App.App
18:28:26.306 [FXGL Background Thread 3 ] DEBUG Engine               - version: 0.0
18:28:26.307 [FXGL Background Thread 3 ] DEBUG Engine               - versionCheckDays: 7
18:28:26.307 [FXGL Background Thread 3 ] DEBUG Engine               - width: 1500
18:28:26.307 [FXGL Background Thread 3 ] DEBUG Engine               - Logging services
18:28:26.307 [FXGL Background Thread 3 ] DEBUG Engine               - class com.almasb.fxgl.app.services.FXGLAssetLoaderService
18:28:26.307 [FXGL Background Thread 3 ] DEBUG Engine               - class com.almasb.fxgl.app.FXGLApplication$GameApplicationService
18:28:26.307 [FXGL Background Thread 3 ] DEBUG Engine               - class com.almasb.fxgl.app.services.FXGLDialogService
18:28:26.307 [FXGL Background Thread 3 ] DEBUG Engine               - class com.almasb.fxgl.app.services.IOTaskExecutorService
18:28:26.307 [FXGL Background Thread 3 ] DEBUG Engine               - class com.almasb.fxgl.io.FileSystemService
18:28:26.308 [FXGL Background Thread 3 ] DEBUG Engine               - class com.almasb.fxgl.localization.LocalizationService
18:28:26.308 [FXGL Background Thread 3 ] DEBUG Engine               - class com.almasb.fxgl.app.services.SystemBundleService
18:28:26.308 [FXGL Background Thread 3 ] DEBUG Engine               - class com.almasb.fxgl.profile.SaveLoadService
18:28:26.308 [FXGL Background Thread 3 ] DEBUG Engine               - class com.almasb.fxgl.ui.FXGLUIFactoryServiceProvider
18:28:26.308 [FXGL Background Thread 3 ] DEBUG Engine               - class com.almasb.fxgl.ui.FXGLDialogFactoryServiceProvider
18:28:26.308 [FXGL Background Thread 3 ] DEBUG Engine               - class com.almasb.fxgl.audio.AudioPlayer
18:28:26.308 [FXGL Background Thread 3 ] DEBUG Engine               - class com.almasb.fxgl.notification.impl.NotificationServiceProvider
18:28:26.308 [FXGL Background Thread 3 ] DEBUG Engine               - class com.almasb.fxgl.achievement.AchievementService
18:28:26.308 [FXGL Background Thread 3 ] DEBUG Engine               - class com.almasb.fxgl.cutscene.CutsceneService
18:28:26.309 [FXGL Background Thread 3 ] DEBUG Engine               - class com.almasb.fxgl.minigames.MiniGameService
18:28:26.309 [FXGL Background Thread 3 ] DEBUG Engine               - class com.almasb.fxgl.net.NetService
18:28:26.309 [FXGL Background Thread 3 ] DEBUG Engine               - class com.almasb.fxgl.app.services.UpdaterService
18:28:26.309 [FXGL Background Thread 3 ] DEBUG Engine               - class com.almasb.fxgl.dev.DevService
18:28:35.098 [JavaFX Application Thread] DEBUG FXGLApplication      - Exiting FXGL
18:28:35.098 [JavaFX Application Thread] DEBUG LoopRunner           - Stopping loop
18:28:35.098 [JavaFX Application Thread] DEBUG SystemBundleService  - Saving FXGL system data
18:28:35.102 [JavaFX Application Thread] DEBUG FileSystemAccess     - Writing to: C:\Users\Jonathan\Documents\Galactic odyssey\system\fxgl.bundle
18:28:35.105 [JavaFX Application Thread] DEBUG Async                - Shutting down background threads
18:28:35.106 [JavaFX Application Thread] DEBUG PrimaryStageWindow   - Closing main window
18:28:35.143 [JavaFX Application Thread] DEBUG Logger               - Closing Logger
