20:38:51.592 [main                     ] DEBUG Logger               - Configured Logger
20:38:51.670 [main                     ] DEBUG GameApplication      - Logging settings
Title: Galactic Odyssey
Version: 0.0
Width: 1080
Height: 617
Fullscreen: false
Intro: false
Profiling: false
Single step:false
App Mode: DEVELOPER
Menu Key: ESCAPE
Stage Style: DECORATED
Scene Factory: class com.almasb.fxgl.app.scene.SceneFactory

20:38:52.214 [JavaFX Application Thread] DEBUG FXGLApplication      - Initializing FXGL
20:38:52.243 [JavaFX Application Thread] INFO  Engine               - FXGL-17.3 (30.03.2023 11.49) on WINDOWS (J:17.0.12 FX:17.0.2-ea)
20:38:52.244 [JavaFX Application Thread] DEBUG Engine               - JRE Vendor Name: Oracle Corporation
20:38:52.244 [JavaFX Application Thread] DEBUG Engine               - Running on OS: Windows 10 version 10.0
20:38:52.245 [JavaFX Application Thread] DEBUG Engine               - Architecture: amd64
20:38:52.245 [JavaFX Application Thread] INFO  Engine               - Source code and latest versions at: https://github.com/AlmasB/FXGL
20:38:52.246 [JavaFX Application Thread] INFO  Engine               -       Ask questions and discuss at: https://github.com/AlmasB/FXGL/discussions
20:38:52.247 [JavaFX Application Thread] INFO  Engine               -              Join the FXGL chat at: https://gitter.im/AlmasB/FXGL
20:38:52.433 [JavaFX Application Thread] DEBUG PrimaryStageWindow   - Creating a JavaFX scene
20:38:52.512 [JavaFX Application Thread] DEBUG PrimaryStageWindow   - Target settings size: 1080.0 x 617.0
20:38:52.512 [JavaFX Application Thread] DEBUG PrimaryStageWindow   - Scaled scene size:    1080.0 x 617.0
20:38:52.513 [JavaFX Application Thread] DEBUG PrimaryStageWindow   - Scaled ratio: (1.0, 1.0)
20:38:52.515 [JavaFX Application Thread] DEBUG PrimaryStageWindow   - Set initial scene to FXGLStartupScene
20:38:52.531 [JavaFX Application Thread] DEBUG PrimaryStageWindow   - Opening main window
20:38:52.697 [JavaFX Application Thread] DEBUG PrimaryStageWindow   - Window border size: (16.0, 39.0)
20:38:52.698 [JavaFX Application Thread] DEBUG PrimaryStageWindow   - Scaled size: 1080.0 x 617.0
20:38:52.699 [JavaFX Application Thread] DEBUG PrimaryStageWindow   - Scaled ratio: (1.0, 1.0)
20:38:52.700 [JavaFX Application Thread] DEBUG PrimaryStageWindow   - Scene size: 1080.0 x 617.0
20:38:52.700 [JavaFX Application Thread] DEBUG PrimaryStageWindow   - Stage size: 1096.0 x 656.0
20:38:52.715 [FXGL Background Thread 1 ] DEBUG Engine               - Initializing environment variables
20:38:52.806 [FXGL Background Thread 1 ] DEBUG FXGLAssetLoaderServi - User app class for loading assets: class App.App
20:38:52.806 [FXGL Background Thread 1 ] DEBUG GameApplicationServi - Applying CSS: fxgl_dark.css
20:38:52.808 [FXGL Background Thread 1 ] DEBUG FXGLAssetLoaderServi - Loading from file system: jar:file:///C:/Users/Jonathan/.m2/repository/com/github/almasb/fxgl/17.3/fxgl-17.3.jar!/fxglassets/ui/css/fxgl_dark.css
20:38:52.915 [FXGL Background Thread 1 ] DEBUG GameApplicationServi - Initializing application scenes
20:38:53.065 [FXGL Background Thread 1 ] DEBUG GameWorld            - Game world initialized
20:38:53.201 [FXGL Background Thread 1 ] DEBUG PhysicsWorld         - Physics world initialized: appHeight=617, physics.ppm=50,0
20:38:53.201 [FXGL Background Thread 1 ] DEBUG PhysicsWorld         - Using strategy: BRUTE_FORCE
20:38:53.212 [FXGL Background Thread 1 ] DEBUG GameScene            - Game scene initialized: 1080x617
20:38:53.238 [FXGL Background Thread 1 ] DEBUG FXGL.DefaultMenu     - createMenuBodyGameMenu()
20:38:53.271 [FXGL Background Thread 1 ] DEBUG FXGL.DefaultMenu     - createOptionsMenu()
20:38:53.294 [FXGL Background Thread 1 ] DEBUG FXGLAssetLoaderServi - Loading from file system: jar:file:///C:/Users/Jonathan/.m2/repository/com/github/almasb/fxgl/17.3/fxgl-17.3.jar!/fxglassets/textures/particles/smoke.png
20:38:53.502 [FXGL Background Thread 1 ] DEBUG FXGLAssetLoaderServi - Loading from file system: jar:file:///C:/Users/Jonathan/.m2/repository/com/github/almasb/fxgl/17.3/fxgl-17.3.jar!/fxglassets/textures/particles/trace_horizontal.png
20:38:53.565 [FXGL Background Thread 1 ] DEBUG GameApplicationServi - Application scenes initialized
20:38:53.595 [FXGL Background Thread 1 ] DEBUG SystemBundleService  - Loading FXGL system data
20:38:53.606 [FXGL Background Thread 1 ] DEBUG FileSystemAccess     - Reading from: C:\Users\Jonathan\Documents\Galactic oddisseycopia 1\system\fxgl.bundle
20:38:53.621 [FXGL Background Thread 1 ] DEBUG SystemBundleService  - Bundle FXGL: {}
20:38:53.621 [FXGL Background Thread 1 ] DEBUG UpdaterService       - Checking for updates
20:38:53.631 [FXGL Background Thread 4 ] DEBUG FXGLApplication      - Loading fonts
20:38:53.632 [FXGL Background Thread 4 ] DEBUG FXGLAssetLoaderServi - Loading from file system: jar:file:///C:/Users/Jonathan/.m2/repository/com/github/almasb/fxgl/17.3/fxgl-17.3.jar!/fxglassets/ui/fonts/VarelaRound-Regular.ttf
20:38:53.633 [FXGL Background Thread 1 ] DEBUG FXGLApplication      - Loading default localization
20:38:53.635 [FXGL Background Thread 1 ] DEBUG FXGLAssetLoaderServi - Loading from file system: jar:file:///C:/Users/Jonathan/.m2/repository/com/github/almasb/fxgl/17.3/fxgl-17.3.jar!/fxglassets/languages/english.lang
20:38:53.691 [FXGL Background Thread 1 ] INFO  FXGLApplication      - FXGL initialization took: 0,975 sec
20:38:53.693 [JavaFX Application Thread] DEBUG FXGLAssetLoaderServi - Loading from file system: jar:file:///C:/Users/Jonathan/.m2/repository/com/github/almasb/fxgl/17.3/fxgl-17.3.jar!/fxglassets/textures/fxgl_icon.png
20:38:53.758 [JavaFX Application Thread] DEBUG FXGLAssetLoaderServi - Loading from file system: jar:file:///C:/Users/Jonathan/.m2/repository/com/github/almasb/fxgl/17.3/fxgl-17.3.jar!/fxglassets/textures/fxgl_default_cursor.png
20:38:53.807 [JavaFX Application Thread] DEBUG Input                - Registered new binding: Screenshot - CTRL+8
20:38:53.808 [JavaFX Application Thread] DEBUG Input                - Registered new binding: System info dump - CTRL+9
20:38:53.811 [JavaFX Application Thread] DEBUG Input                - Registered new binding: Restart - CTRL+R
20:38:53.812 [JavaFX Application Thread] DEBUG Input                - Registered new binding: Toggle Debug Camera - CTRL+7
20:38:53.820 [JavaFX Application Thread] DEBUG LoopRunner           - Starting loop
20:38:53.820 [JavaFX Application Thread] DEBUG LoopRunner           - Initializing JavaFX AnimationTimerLoop
20:38:53.823 [JavaFX Application Thread] DEBUG GameApplicationServi - Starting new game
20:38:53.824 [JavaFX Application Thread] DEBUG Input                - Clearing active input actions
20:38:53.861 [JavaFX Application Thread] DEBUG GameApplicationServi - Removing overlay from FXGLStartupScene and adding to FXGLLoadingScene
20:38:53.862 [JavaFX Application Thread] DEBUG PrimaryStageWindow   - FXGLStartupScene -> FXGLLoadingScene
20:38:53.862 [JavaFX Application Thread] DEBUG GameApplicationServi - Clearing previous game
20:38:53.862 [JavaFX Application Thread] DEBUG GameScene            - Clearing game scene
20:38:53.863 [JavaFX Application Thread] DEBUG GameWorld            - Clearing game world
20:38:53.863 [JavaFX Application Thread] DEBUG PhysicsWorld         - Clearing physics world
20:38:53.870 [FXGL Background Thread 1 ] DEBUG FXGLApplication      - Initializing game
20:38:53.892 [FXGL Background Thread 1 ] DEBUG FXGLAssetLoaderServi - Loading from file system: file:/C:/Users/Jonathan/Documents/Galactic%20oddisseycopia%201/target/classes/assets/textures/fondo_menu.png
20:38:53.945 [FXGL Background Thread 1 ] INFO  FXGLApplication      - Game initialization took: 0,075 sec
20:38:54.030 [JavaFX Application Thread] DEBUG Input                - Clearing active input actions
20:38:54.054 [JavaFX Application Thread] DEBUG GameApplicationServi - Removing overlay from FXGLLoadingScene and adding to GameScene
20:38:54.054 [JavaFX Application Thread] DEBUG PrimaryStageWindow   - FXGLLoadingScene -> GameScene
20:38:54.303 [FXGL Background Thread 4 ] DEBUG FXGLAssetLoaderServi - Loading from file system: jar:file:///C:/Users/Jonathan/.m2/repository/com/github/almasb/fxgl/17.3/fxgl-17.3.jar!/fxglassets/ui/fonts/Abel-Regular.ttf
20:38:54.329 [FXGL Background Thread 4 ] DEBUG FXGLAssetLoaderServi - Loading from file system: jar:file:///C:/Users/Jonathan/.m2/repository/com/github/almasb/fxgl/17.3/fxgl-17.3.jar!/fxglassets/ui/fonts/TerminalLandMono-Regular.otf
20:38:54.353 [FXGL Background Thread 4 ] DEBUG FXGLAssetLoaderServi - Loading from file system: jar:file:///C:/Users/Jonathan/.m2/repository/com/github/almasb/fxgl/17.3/fxgl-17.3.jar!/fxglassets/ui/fonts/Courier-Prime.ttf
20:38:54.383 [JavaFX Application Thread] DEBUG FXGLApplication      - Registering font factories with UI factory
20:38:55.228 [JavaFX Application Thread] WARN  TMXLevelLoader       - TiledMap generated from 1.11.2. Supported version: 1.9.0. Some features may not be parsed fully.
20:38:55.290 [JavaFX Application Thread] DEBUG TMXLevelLoader       - Parsed TiledMap: file:/C:/Users/Jonathan/Documents/Galactic%20oddisseycopia%201/target/classes/assets/levels/MapGame1.tmx
20:38:55.291 [JavaFX Application Thread] DEBUG TMXLevelLoader       - Creating tile layer entities
20:38:55.294 [JavaFX Application Thread] DEBUG TilesetLoader        - Loading view for layer Espacio
20:38:55.299 [JavaFX Application Thread] DEBUG TilesetLoader        - Created buffer with size 1920.0x960.0
20:38:55.423 [JavaFX Application Thread] DEBUG TilesetLoader        - Loading view for layer Planetas
20:38:55.428 [JavaFX Application Thread] DEBUG TilesetLoader        - Created buffer with size 1920.0x960.0
20:38:55.432 [JavaFX Application Thread] DEBUG TilesetLoader        - Loading view for layer Suelo
20:38:55.448 [JavaFX Application Thread] DEBUG TilesetLoader        - Created buffer with size 1920.0x960.0
20:38:55.462 [JavaFX Application Thread] DEBUG TilesetLoader        - Loading view for layer Suelo ruinas
20:38:55.465 [JavaFX Application Thread] DEBUG TilesetLoader        - Created buffer with size 1920.0x960.0
20:38:55.467 [JavaFX Application Thread] DEBUG TilesetLoader        - Loading view for layer Torres ruinas
20:38:55.472 [JavaFX Application Thread] DEBUG TilesetLoader        - Created buffer with size 1920.0x960.0
20:38:55.572 [JavaFX Application Thread] DEBUG TilesetLoader        - Loading view for layer Cristales espaciales
20:38:55.576 [JavaFX Application Thread] DEBUG TilesetLoader        - Created buffer with size 1920.0x960.0
20:38:55.578 [JavaFX Application Thread] DEBUG TilesetLoader        - Loading view for layer Rocas1
20:38:55.582 [JavaFX Application Thread] DEBUG TilesetLoader        - Created buffer with size 1920.0x960.0
20:38:55.646 [JavaFX Application Thread] DEBUG TilesetLoader        - Loading view for layer Muro
20:38:55.652 [JavaFX Application Thread] DEBUG TilesetLoader        - Created buffer with size 1920.0x960.0
20:38:55.654 [JavaFX Application Thread] DEBUG TilesetLoader        - Loading view for layer Rocas
20:38:55.659 [JavaFX Application Thread] DEBUG TilesetLoader        - Created buffer with size 1920.0x960.0
20:38:55.664 [JavaFX Application Thread] DEBUG TilesetLoader        - Loading view for layer Rocas2
20:38:55.670 [JavaFX Application Thread] DEBUG TilesetLoader        - Created buffer with size 1920.0x960.0
20:38:55.673 [JavaFX Application Thread] DEBUG TilesetLoader        - Loading view for layer Naves
20:38:55.678 [JavaFX Application Thread] DEBUG TilesetLoader        - Created buffer with size 1920.0x960.0
20:38:55.680 [JavaFX Application Thread] DEBUG TilesetLoader        - Loading view for layer Objetos
20:38:55.686 [JavaFX Application Thread] DEBUG TilesetLoader        - Created buffer with size 1920.0x960.0
20:38:55.687 [JavaFX Application Thread] DEBUG TMXLevelLoader       - Creating object layer entities
20:38:55.734 [JavaFX Application Thread] DEBUG GameWorld            - Clearing removable entities
20:38:55.735 [JavaFX Application Thread] DEBUG GameWorld            - Setting level: com.almasb.fxgl.entity.level.Level@5ec04a9d
20:38:55.757 [JavaFX Application Thread] DEBUG Input                - Registered new binding: Move Right - D
20:38:55.757 [JavaFX Application Thread] DEBUG Input                - Registered new binding: Move Left - A
20:38:55.758 [JavaFX Application Thread] DEBUG Input                - Registered new binding: Move Up - W
20:38:55.758 [JavaFX Application Thread] DEBUG Input                - Registered new binding: Move Down - S
20:38:56.628 [FXGL Background Thread 3 ] DEBUG Engine               - Logging environment variables
20:38:56.629 [FXGL Background Thread 3 ] DEBUG Engine               - achievements: []
20:38:56.629 [FXGL Background Thread 3 ] DEBUG Engine               - actualHeight: 617.0
20:38:56.629 [FXGL Background Thread 3 ] DEBUG Engine               - actualHeightProperty: ReadOnlyDoubleProperty [value: 617.0]
20:38:56.629 [FXGL Background Thread 3 ] DEBUG Engine               - actualWidth: 1080.0
20:38:56.629 [FXGL Background Thread 3 ] DEBUG Engine               - actualWidthProperty: ReadOnlyDoubleProperty [value: 1080.0]
20:38:56.629 [FXGL Background Thread 3 ] DEBUG Engine               - appIcon: fxgl_icon.png
20:38:56.629 [FXGL Background Thread 3 ] DEBUG Engine               - applicationMode: DEVELOPER
20:38:56.630 [FXGL Background Thread 3 ] DEBUG Engine               - cSSList: [fxgl_dark.css]
20:38:56.630 [FXGL Background Thread 3 ] DEBUG Engine               - collisionDetectionStrategy: BRUTE_FORCE
20:38:56.630 [FXGL Background Thread 3 ] DEBUG Engine               - configClass: Optional.empty
20:38:56.630 [FXGL Background Thread 3 ] DEBUG Engine               - credits: []
20:38:56.630 [FXGL Background Thread 3 ] DEBUG Engine               - defaultCursor: CursorInfo(imageName=fxgl_default_cursor.png, hotspotX=7.0, hotspotY=6.0)
20:38:56.631 [FXGL Background Thread 3 ] DEBUG Engine               - devBBoxColorProperty: ObjectProperty [value: 0xff0000ff]
20:38:56.631 [FXGL Background Thread 3 ] DEBUG Engine               - devEnableDebugCameraProperty: BooleanProperty [value: false]
20:38:56.631 [FXGL Background Thread 3 ] DEBUG Engine               - devSensorColorProperty: ObjectProperty [value: 0xffff00ff]
20:38:56.631 [FXGL Background Thread 3 ] DEBUG Engine               - devShowBBoxProperty: BooleanProperty [value: false]
20:38:56.631 [FXGL Background Thread 3 ] DEBUG Engine               - devShowPositionProperty: BooleanProperty [value: false]
20:38:56.633 [FXGL Background Thread 3 ] DEBUG Engine               - enabledMenuItems: []
20:38:56.633 [FXGL Background Thread 3 ] DEBUG Engine               - engineServices: [class com.almasb.fxgl.app.services.FXGLAssetLoaderService, class com.almasb.fxgl.app.FXGLApplication$GameApplicationService, class com.almasb.fxgl.app.services.FXGLDialogService, class com.almasb.fxgl.app.services.IOTaskExecutorService, class com.almasb.fxgl.io.FileSystemService, class com.almasb.fxgl.localization.LocalizationService, class com.almasb.fxgl.app.services.SystemBundleService, class com.almasb.fxgl.profile.SaveLoadService, class com.almasb.fxgl.ui.FXGLUIFactoryServiceProvider, class com.almasb.fxgl.ui.FXGLDialogFactoryServiceProvider, class com.almasb.fxgl.audio.AudioPlayer, class com.almasb.fxgl.notification.impl.NotificationServiceProvider, class com.almasb.fxgl.achievement.AchievementService, class com.almasb.fxgl.cutscene.CutsceneService, class com.almasb.fxgl.minigames.MiniGameService, class com.almasb.fxgl.net.NetService, class com.almasb.fxgl.app.services.UpdaterService, class com.almasb.fxgl.dev.DevService]
20:38:56.633 [FXGL Background Thread 3 ] DEBUG Engine               - fontGame: Abel-Regular.ttf
20:38:56.633 [FXGL Background Thread 3 ] DEBUG Engine               - fontMono: TerminalLandMono-Regular.otf
20:38:56.633 [FXGL Background Thread 3 ] DEBUG Engine               - fontSizeScaleUI: 1.0
20:38:56.633 [FXGL Background Thread 3 ] DEBUG Engine               - fontText: Courier-Prime.ttf
20:38:56.633 [FXGL Background Thread 3 ] DEBUG Engine               - fontUI: VarelaRound-Regular.ttf
20:38:56.633 [FXGL Background Thread 3 ] DEBUG Engine               - fullScreen: BooleanProperty [value: false]
20:38:56.633 [FXGL Background Thread 3 ] DEBUG Engine               - gameDifficulty: MEDIUM
20:38:56.634 [FXGL Background Thread 3 ] DEBUG Engine               - gameDifficultyProperty: ObjectProperty [value: MEDIUM]
20:38:56.634 [FXGL Background Thread 3 ] DEBUG Engine               - globalMusicVolume: 0.5
20:38:56.634 [FXGL Background Thread 3 ] DEBUG Engine               - globalMusicVolumeProperty: DoubleProperty [value: 0.5]
20:38:56.634 [FXGL Background Thread 3 ] DEBUG Engine               - globalSoundVolume: 0.5
20:38:56.634 [FXGL Background Thread 3 ] DEBUG Engine               - globalSoundVolumeProperty: DoubleProperty [value: 0.5]
20:38:56.634 [FXGL Background Thread 3 ] DEBUG Engine               - height: 617
20:38:56.634 [FXGL Background Thread 3 ] DEBUG Engine               - is3D: false
20:38:56.634 [FXGL Background Thread 3 ] DEBUG Engine               - isAndroid: false
20:38:56.634 [FXGL Background Thread 3 ] DEBUG Engine               - isBrowser: false
20:38:56.634 [FXGL Background Thread 3 ] DEBUG Engine               - isClickFeedbackEnabled: false
20:38:56.634 [FXGL Background Thread 3 ] DEBUG Engine               - isCloseConfirmation: false
20:38:56.635 [FXGL Background Thread 3 ] DEBUG Engine               - isDesktop: true
20:38:56.635 [FXGL Background Thread 3 ] DEBUG Engine               - isDeveloperMenuEnabled: false
20:38:56.635 [FXGL Background Thread 3 ] DEBUG Engine               - isEmbedded: false
20:38:56.635 [FXGL Background Thread 3 ] DEBUG Engine               - isEntityPreloadEnabled: true
20:38:56.635 [FXGL Background Thread 3 ] DEBUG Engine               - isExperimentalTiledLargeMap: false
20:38:56.635 [FXGL Background Thread 3 ] DEBUG Engine               - isFileSystemWriteAllowed: true
20:38:56.635 [FXGL Background Thread 3 ] DEBUG Engine               - isFullScreenAllowed: false
20:38:56.635 [FXGL Background Thread 3 ] DEBUG Engine               - isFullScreenFromStart: false
20:38:56.635 [FXGL Background Thread 3 ] DEBUG Engine               - isGameMenuEnabled: true
20:38:56.636 [FXGL Background Thread 3 ] DEBUG Engine               - isIOS: false
20:38:56.636 [FXGL Background Thread 3 ] DEBUG Engine               - isIntroEnabled: false
20:38:56.636 [FXGL Background Thread 3 ] DEBUG Engine               - isLinux: false
20:38:56.636 [FXGL Background Thread 3 ] DEBUG Engine               - isMac: false
20:38:56.636 [FXGL Background Thread 3 ] DEBUG Engine               - isMainMenuEnabled: false
20:38:56.636 [FXGL Background Thread 3 ] DEBUG Engine               - isManualResizeEnabled: false
20:38:56.636 [FXGL Background Thread 3 ] DEBUG Engine               - isMobile: false
20:38:56.636 [FXGL Background Thread 3 ] DEBUG Engine               - isNative: false
20:38:56.636 [FXGL Background Thread 3 ] DEBUG Engine               - isPauseMusicWhenMinimized: true
20:38:56.637 [FXGL Background Thread 3 ] DEBUG Engine               - isPreserveResizeRatio: false
20:38:56.637 [FXGL Background Thread 3 ] DEBUG Engine               - isProfilingEnabled: false
20:38:56.637 [FXGL Background Thread 3 ] DEBUG Engine               - isScaleAffectedOnResize: true
20:38:56.637 [FXGL Background Thread 3 ] DEBUG Engine               - isSingleStep: false
20:38:56.637 [FXGL Background Thread 3 ] DEBUG Engine               - isUserProfileEnabled: false
20:38:56.637 [FXGL Background Thread 3 ] DEBUG Engine               - isWindows: true
20:38:56.637 [FXGL Background Thread 3 ] DEBUG Engine               - language: ObjectProperty [value: ENGLISH]
20:38:56.637 [FXGL Background Thread 3 ] DEBUG Engine               - menuKey: ESCAPE
20:38:56.637 [FXGL Background Thread 3 ] DEBUG Engine               - mouseSensitivity: 0.2
20:38:56.638 [FXGL Background Thread 3 ] DEBUG Engine               - notificationViewClass: class com.almasb.fxgl.notification.view.XboxNotificationView
20:38:56.638 [FXGL Background Thread 3 ] DEBUG Engine               - pixelsPerMeter: 50.0
20:38:56.638 [FXGL Background Thread 3 ] DEBUG Engine               - platform: WINDOWS
20:38:56.638 [FXGL Background Thread 3 ] DEBUG Engine               - prefHeightProperty: ReadOnlyDoubleProperty [value: 617.0]
20:38:56.638 [FXGL Background Thread 3 ] DEBUG Engine               - prefWidthProperty: ReadOnlyDoubleProperty [value: 1080.0]
20:38:56.638 [FXGL Background Thread 3 ] DEBUG Engine               - profileDir: profiles/
20:38:56.638 [FXGL Background Thread 3 ] DEBUG Engine               - profileName: StringProperty [value: DEFAULT]
20:38:56.639 [FXGL Background Thread 3 ] DEBUG Engine               - randomSeed: -1
20:38:56.639 [FXGL Background Thread 3 ] DEBUG Engine               - runtimeInfo: RuntimeInfo(platform=WINDOWS, version=17.3, build=30.03.2023 11.49)
20:38:56.639 [FXGL Background Thread 3 ] DEBUG Engine               - saveFileExt: sav
20:38:56.640 [FXGL Background Thread 3 ] DEBUG Engine               - scaledHeightProp$fxgl: DoubleProperty [bound, value: 617.0]
20:38:56.640 [FXGL Background Thread 3 ] DEBUG Engine               - scaledWidthProp$fxgl: DoubleProperty [bound, value: 1080.0]
20:38:56.640 [FXGL Background Thread 3 ] DEBUG Engine               - sceneFactory: com.almasb.fxgl.app.scene.SceneFactory@2d340377
20:38:56.640 [FXGL Background Thread 3 ] DEBUG Engine               - secondsIn24h: 60
20:38:56.640 [FXGL Background Thread 3 ] DEBUG Engine               - soundMenuBack: menu/back.wav
20:38:56.640 [FXGL Background Thread 3 ] DEBUG Engine               - soundMenuPress: menu/press.wav
20:38:56.640 [FXGL Background Thread 3 ] DEBUG Engine               - soundMenuSelect: menu/select.wav
20:38:56.640 [FXGL Background Thread 3 ] DEBUG Engine               - soundNotification: core/notification.wav
20:38:56.640 [FXGL Background Thread 3 ] DEBUG Engine               - stageStyle: DECORATED
20:38:56.641 [FXGL Background Thread 3 ] DEBUG Engine               - supportedLanguages: [ENGLISH, FRENCH, GERMAN, HUNGARIAN, RUSSIAN]
20:38:56.641 [FXGL Background Thread 3 ] DEBUG Engine               - ticksPerSecond: -1
20:38:56.641 [FXGL Background Thread 3 ] DEBUG Engine               - title: Galactic Odyssey
20:38:56.641 [FXGL Background Thread 3 ] DEBUG Engine               - urlGithub: https://github.com/AlmasB/FXGL
20:38:56.641 [FXGL Background Thread 3 ] DEBUG Engine               - urlLeaderboard: http://fxgl-top.herokuapp.com/
20:38:56.641 [FXGL Background Thread 3 ] DEBUG Engine               - urlPOM: https://raw.githubusercontent.com/AlmasB/FXGL/release/README.md
20:38:56.641 [FXGL Background Thread 3 ] DEBUG Engine               - userAppClass: class App.App
20:38:56.641 [FXGL Background Thread 3 ] DEBUG Engine               - version: 0.0
20:38:56.641 [FXGL Background Thread 3 ] DEBUG Engine               - versionCheckDays: 7
20:38:56.642 [FXGL Background Thread 3 ] DEBUG Engine               - width: 1080
20:38:56.642 [FXGL Background Thread 3 ] DEBUG Engine               - Logging services
20:38:56.642 [FXGL Background Thread 3 ] DEBUG Engine               - class com.almasb.fxgl.app.services.FXGLAssetLoaderService
20:38:56.642 [FXGL Background Thread 3 ] DEBUG Engine               - class com.almasb.fxgl.app.FXGLApplication$GameApplicationService
20:38:56.642 [FXGL Background Thread 3 ] DEBUG Engine               - class com.almasb.fxgl.app.services.FXGLDialogService
20:38:56.642 [FXGL Background Thread 3 ] DEBUG Engine               - class com.almasb.fxgl.app.services.IOTaskExecutorService
20:38:56.642 [FXGL Background Thread 3 ] DEBUG Engine               - class com.almasb.fxgl.io.FileSystemService
20:38:56.642 [FXGL Background Thread 3 ] DEBUG Engine               - class com.almasb.fxgl.localization.LocalizationService
20:38:56.642 [FXGL Background Thread 3 ] DEBUG Engine               - class com.almasb.fxgl.app.services.SystemBundleService
20:38:56.643 [FXGL Background Thread 3 ] DEBUG Engine               - class com.almasb.fxgl.profile.SaveLoadService
20:38:56.643 [FXGL Background Thread 3 ] DEBUG Engine               - class com.almasb.fxgl.ui.FXGLUIFactoryServiceProvider
20:38:56.643 [FXGL Background Thread 3 ] DEBUG Engine               - class com.almasb.fxgl.ui.FXGLDialogFactoryServiceProvider
20:38:56.643 [FXGL Background Thread 3 ] DEBUG Engine               - class com.almasb.fxgl.audio.AudioPlayer
20:38:56.643 [FXGL Background Thread 3 ] DEBUG Engine               - class com.almasb.fxgl.notification.impl.NotificationServiceProvider
20:38:56.643 [FXGL Background Thread 3 ] DEBUG Engine               - class com.almasb.fxgl.achievement.AchievementService
20:38:56.643 [FXGL Background Thread 3 ] DEBUG Engine               - class com.almasb.fxgl.cutscene.CutsceneService
20:38:56.644 [FXGL Background Thread 3 ] DEBUG Engine               - class com.almasb.fxgl.minigames.MiniGameService
20:38:56.644 [FXGL Background Thread 3 ] DEBUG Engine               - class com.almasb.fxgl.net.NetService
20:38:56.644 [FXGL Background Thread 3 ] DEBUG Engine               - class com.almasb.fxgl.app.services.UpdaterService
20:38:56.644 [FXGL Background Thread 3 ] DEBUG Engine               - class com.almasb.fxgl.dev.DevService
20:39:06.462 [FXGL Background Thread 2 ] WARN  UpdaterService       - Failed to find updates: java.net.UnknownHostException: raw.githubusercontent.com
20:39:17.173 [JavaFX Application Thread] DEBUG FXGLApplication      - Exiting FXGL
20:39:17.173 [JavaFX Application Thread] DEBUG LoopRunner           - Stopping loop
20:39:17.173 [JavaFX Application Thread] DEBUG SystemBundleService  - Saving FXGL system data
20:39:17.176 [JavaFX Application Thread] DEBUG FileSystemAccess     - Writing to: C:\Users\Jonathan\Documents\Galactic oddisseycopia 1\system\fxgl.bundle
20:39:17.179 [JavaFX Application Thread] DEBUG Async                - Shutting down background threads
20:39:17.179 [JavaFX Application Thread] DEBUG PrimaryStageWindow   - Closing main window
20:39:17.222 [JavaFX Application Thread] DEBUG Logger               - Closing Logger
