18:32:06.299 [main                     ] DEBUG Logger               - Configured Logger
18:32:06.330 [main                     ] DEBUG GameApplication      - Logging settings
Title: Galactic Odyssey
Version: 0.0.1
Width: 800
Height: 617
Fullscreen: true
Intro: false
Profiling: false
Single step:false
App Mode: DEVELOPER
Menu Key: ESCAPE
Stage Style: DECORATED
Scene Factory: class App.App$1

18:32:06.688 [JavaFX Application Thread] DEBUG FXGLApplication      - Initializing FXGL
18:32:06.693 [JavaFX Application Thread] INFO  Engine               - FXGL-17.3 (30.03.2023 11.49) on WINDOWS (J:17.0.12 FX:17.0.2-ea)
18:32:06.693 [JavaFX Application Thread] DEBUG Engine               - JRE Vendor Name: Oracle Corporation
18:32:06.694 [JavaFX Application Thread] DEBUG Engine               - Running on OS: Windows 11 version 10.0
18:32:06.694 [JavaFX Application Thread] DEBUG Engine               - Architecture: amd64
18:32:06.694 [JavaFX Application Thread] INFO  Engine               - Source code and latest versions at: https://github.com/AlmasB/FXGL
18:32:06.694 [JavaFX Application Thread] INFO  Engine               -       Ask questions and discuss at: https://github.com/AlmasB/FXGL/discussions
18:32:06.694 [JavaFX Application Thread] INFO  Engine               -              Join the FXGL chat at: https://gitter.im/AlmasB/FXGL
18:32:06.763 [JavaFX Application Thread] DEBUG PrimaryStageWindow   - Creating a JavaFX scene
18:32:06.794 [JavaFX Application Thread] DEBUG PrimaryStageWindow   - Target settings size: 800.0 x 617.0
18:32:06.794 [JavaFX Application Thread] DEBUG PrimaryStageWindow   - Scaled scene size:    800.0 x 617.0
18:32:06.794 [JavaFX Application Thread] DEBUG PrimaryStageWindow   - Scaled ratio: (1.0, 1.0)
18:32:06.795 [JavaFX Application Thread] DEBUG PrimaryStageWindow   - Set initial scene to FXGLStartupScene
18:32:06.803 [JavaFX Application Thread] DEBUG PrimaryStageWindow   - Opening main window
18:32:06.862 [JavaFX Application Thread] DEBUG PrimaryStageWindow   - Window border size: (16.0, 39.0)
18:32:06.862 [JavaFX Application Thread] DEBUG PrimaryStageWindow   - Scaled size: 800.0 x 617.0
18:32:06.862 [JavaFX Application Thread] DEBUG PrimaryStageWindow   - Scaled ratio: (1.0, 1.0)
18:32:06.863 [JavaFX Application Thread] DEBUG PrimaryStageWindow   - Scene size: 800.0 x 617.0
18:32:06.864 [JavaFX Application Thread] DEBUG PrimaryStageWindow   - Stage size: 816.0 x 656.0
18:32:06.903 [JavaFX Application Thread] DEBUG PrimaryStageWindow   - Going fullscreen
18:32:06.912 [FXGL Background Thread 1 ] DEBUG Engine               - Initializing environment variables
18:32:06.956 [FXGL Background Thread 1 ] DEBUG FXGLAssetLoaderServi - User app class for loading assets: class App.App
18:32:06.957 [FXGL Background Thread 1 ] DEBUG GameApplicationServi - Applying CSS: fxgl_dark.css
18:32:06.958 [FXGL Background Thread 1 ] DEBUG FXGLAssetLoaderServi - Loading from file system: jar:file:///C:/Users/Johan/.m2/repository/com/github/AlmasB/fxgl/17.3/fxgl-17.3.jar!/fxglassets/ui/css/fxgl_dark.css
18:32:07.008 [FXGL Background Thread 1 ] DEBUG GameApplicationServi - Initializing application scenes
18:32:07.076 [FXGL Background Thread 1 ] DEBUG GameWorld            - Game world initialized
18:32:07.126 [FXGL Background Thread 1 ] DEBUG PhysicsWorld         - Physics world initialized: appHeight=617, physics.ppm=50.0
18:32:07.127 [FXGL Background Thread 1 ] DEBUG PhysicsWorld         - Using strategy: BRUTE_FORCE
18:32:07.131 [FXGL Background Thread 1 ] DEBUG GameScene            - Game scene initialized: 800x617
18:32:07.141 [FXGL Background Thread 1 ] DEBUG FXGL.DefaultMenu     - createMenuBodyGameMenu()
18:32:07.153 [FXGL Background Thread 1 ] DEBUG FXGL.DefaultMenu     - createOptionsMenu()
18:32:07.164 [FXGL Background Thread 1 ] DEBUG FXGLAssetLoaderServi - Loading from file system: jar:file:///C:/Users/Johan/.m2/repository/com/github/AlmasB/fxgl/17.3/fxgl-17.3.jar!/fxglassets/textures/particles/smoke.png
18:32:07.248 [FXGL Background Thread 1 ] DEBUG FXGLAssetLoaderServi - Loading from file system: jar:file:///C:/Users/Johan/.m2/repository/com/github/AlmasB/fxgl/17.3/fxgl-17.3.jar!/fxglassets/textures/particles/trace_horizontal.png
18:32:07.275 [FXGL Background Thread 1 ] DEBUG GameApplicationServi - Application scenes initialized
18:32:07.289 [FXGL Background Thread 1 ] DEBUG SystemBundleService  - Loading FXGL system data
18:32:07.303 [FXGL Background Thread 1 ] DEBUG FileSystemAccess     - Reading from: C:\UNI\juego\Galactic oddisey 2.0\Galactic odyssey-1\Galactic odyssey\system\fxgl.bundle
18:32:07.308 [FXGL Background Thread 1 ] DEBUG SystemBundleService  - Bundle FXGL: {}
18:32:07.308 [FXGL Background Thread 1 ] DEBUG UpdaterService       - Checking for updates
18:32:07.314 [FXGL Background Thread 4 ] DEBUG FXGLApplication      - Loading fonts
18:32:07.314 [FXGL Background Thread 1 ] DEBUG FXGLApplication      - Loading default localization
18:32:07.314 [FXGL Background Thread 4 ] DEBUG FXGLAssetLoaderServi - Loading from file system: jar:file:///C:/Users/Johan/.m2/repository/com/github/AlmasB/fxgl/17.3/fxgl-17.3.jar!/fxglassets/ui/fonts/VarelaRound-Regular.ttf
18:32:07.315 [FXGL Background Thread 1 ] DEBUG FXGLAssetLoaderServi - Loading from file system: jar:file:///C:/Users/Johan/.m2/repository/com/github/AlmasB/fxgl/17.3/fxgl-17.3.jar!/fxglassets/languages/english.lang
18:32:07.348 [FXGL Background Thread 1 ] INFO  FXGLApplication      - FXGL initialization took: 0.436 sec
18:32:07.349 [JavaFX Application Thread] DEBUG FXGLAssetLoaderServi - Loading from file system: jar:file:///C:/Users/Johan/.m2/repository/com/github/AlmasB/fxgl/17.3/fxgl-17.3.jar!/fxglassets/textures/fxgl_icon.png
18:32:07.370 [JavaFX Application Thread] DEBUG FXGLAssetLoaderServi - Loading from file system: jar:file:///C:/Users/Johan/.m2/repository/com/github/AlmasB/fxgl/17.3/fxgl-17.3.jar!/fxglassets/textures/fxgl_default_cursor.png
18:32:07.384 [JavaFX Application Thread] DEBUG Input                - Registered new binding: Screenshot - CTRL+8
18:32:07.386 [JavaFX Application Thread] DEBUG Input                - Registered new binding: System info dump - CTRL+9
18:32:07.387 [JavaFX Application Thread] DEBUG Input                - Registered new binding: Restart - CTRL+R
18:32:07.388 [JavaFX Application Thread] DEBUG Input                - Registered new binding: Toggle Debug Camera - CTRL+7
18:32:07.395 [JavaFX Application Thread] DEBUG LoopRunner           - Starting loop
18:32:07.396 [JavaFX Application Thread] DEBUG LoopRunner           - Initializing JavaFX AnimationTimerLoop
18:32:07.401 [JavaFX Application Thread] DEBUG GameApplicationServi - Starting new game
18:32:07.401 [FXGL Background Thread 4 ] DEBUG FXGLAssetLoaderServi - Loading from file system: jar:file:///C:/Users/Johan/.m2/repository/com/github/AlmasB/fxgl/17.3/fxgl-17.3.jar!/fxglassets/ui/fonts/Abel-Regular.ttf
18:32:07.402 [JavaFX Application Thread] DEBUG Input                - Clearing active input actions
18:32:07.408 [FXGL Background Thread 4 ] DEBUG FXGLAssetLoaderServi - Loading from file system: jar:file:///C:/Users/Johan/.m2/repository/com/github/AlmasB/fxgl/17.3/fxgl-17.3.jar!/fxglassets/ui/fonts/TerminalLandMono-Regular.otf
18:32:07.415 [FXGL Background Thread 4 ] DEBUG FXGLAssetLoaderServi - Loading from file system: jar:file:///C:/Users/Johan/.m2/repository/com/github/AlmasB/fxgl/17.3/fxgl-17.3.jar!/fxglassets/ui/fonts/Courier-Prime.ttf
18:32:07.424 [JavaFX Application Thread] DEBUG GameApplicationServi - Removing overlay from FXGLStartupScene and adding to MyLoadingScene
18:32:07.425 [JavaFX Application Thread] DEBUG PrimaryStageWindow   - FXGLStartupScene -> MyLoadingScene
18:32:07.425 [JavaFX Application Thread] DEBUG GameApplicationServi - Clearing previous game
18:32:07.425 [JavaFX Application Thread] DEBUG GameScene            - Clearing game scene
18:32:07.425 [JavaFX Application Thread] DEBUG GameWorld            - Clearing game world
18:32:07.425 [JavaFX Application Thread] DEBUG PhysicsWorld         - Clearing physics world
18:32:07.426 [FXGL Background Thread 4 ] DEBUG FXGLApplication      - Initializing game
18:32:07.436 [FXGL Background Thread 4 ] DEBUG FXGLAssetLoaderServi - Loading from file system: file:/C:/UNI/juego/Galactic%20oddisey%202.0/Galactic%20odyssey-1/Galactic%20odyssey/target/classes/assets/textures/fondo_menu.png
18:32:07.457 [FXGL Background Thread 4 ] DEBUG FXGLAssetLoaderServi - Loading from file system: file:/C:/UNI/juego/Galactic%20oddisey%202.0/Galactic%20odyssey-1/Galactic%20odyssey/target/classes/assets/music/intro.mp3
18:32:07.463 [JavaFX Application Thread] DEBUG FXGLApplication      - Registering font factories with UI factory
18:32:07.636 [FXGL Background Thread 2 ] WARN  UpdaterService       - Failed to find updates: java.net.UnknownHostException: raw.githubusercontent.com
18:32:07.658 [FXGL Background Thread 4 ] DEBUG AudioPlayer          - Playing music com.almasb.fxgl.audio.Music@7bb1d580
18:32:07.666 [FXGL Background Thread 4 ] INFO  FXGLApplication      - Game initialization took: 0.241 sec
18:32:07.666 [JavaFX Application Thread] DEBUG Input                - Clearing active input actions
18:32:07.673 [JavaFX Application Thread] DEBUG GameApplicationServi - Removing overlay from MyLoadingScene and adding to GameScene
18:32:07.673 [JavaFX Application Thread] DEBUG PrimaryStageWindow   - MyLoadingScene -> GameScene
18:32:10.312 [FXGL Background Thread 3 ] DEBUG Engine               - Logging environment variables
18:32:10.314 [FXGL Background Thread 3 ] DEBUG Engine               - achievements: []
18:32:10.314 [FXGL Background Thread 3 ] DEBUG Engine               - actualHeight: 768.0
18:32:10.315 [FXGL Background Thread 3 ] DEBUG Engine               - actualHeightProperty: ReadOnlyDoubleProperty [value: 768.0]
18:32:10.315 [FXGL Background Thread 3 ] DEBUG Engine               - actualWidth: 1366.0
18:32:10.315 [FXGL Background Thread 3 ] DEBUG Engine               - actualWidthProperty: ReadOnlyDoubleProperty [value: 1366.0]
18:32:10.315 [FXGL Background Thread 3 ] DEBUG Engine               - appIcon: fxgl_icon.png
18:32:10.315 [FXGL Background Thread 3 ] DEBUG Engine               - applicationMode: DEVELOPER
18:32:10.315 [FXGL Background Thread 3 ] DEBUG Engine               - cSSList: [fxgl_dark.css]
18:32:10.316 [FXGL Background Thread 3 ] DEBUG Engine               - collisionDetectionStrategy: BRUTE_FORCE
18:32:10.316 [FXGL Background Thread 3 ] DEBUG Engine               - configClass: Optional.empty
18:32:10.316 [FXGL Background Thread 3 ] DEBUG Engine               - credits: []
18:32:10.317 [FXGL Background Thread 3 ] DEBUG Engine               - defaultCursor: CursorInfo(imageName=fxgl_default_cursor.png, hotspotX=7.0, hotspotY=6.0)
18:32:10.317 [FXGL Background Thread 3 ] DEBUG Engine               - devBBoxColorProperty: ObjectProperty [value: 0xff0000ff]
18:32:10.317 [FXGL Background Thread 3 ] DEBUG Engine               - devEnableDebugCameraProperty: BooleanProperty [value: false]
18:32:10.318 [FXGL Background Thread 3 ] DEBUG Engine               - devSensorColorProperty: ObjectProperty [value: 0xffff00ff]
18:32:10.318 [FXGL Background Thread 3 ] DEBUG Engine               - devShowBBoxProperty: BooleanProperty [value: false]
18:32:10.318 [FXGL Background Thread 3 ] DEBUG Engine               - devShowPositionProperty: BooleanProperty [value: false]
18:32:10.318 [FXGL Background Thread 3 ] DEBUG Engine               - enabledMenuItems: []
18:32:10.318 [FXGL Background Thread 3 ] DEBUG Engine               - engineServices: [class com.almasb.fxgl.app.services.FXGLAssetLoaderService, class com.almasb.fxgl.app.FXGLApplication$GameApplicationService, class com.almasb.fxgl.app.services.FXGLDialogService, class com.almasb.fxgl.app.services.IOTaskExecutorService, class com.almasb.fxgl.io.FileSystemService, class com.almasb.fxgl.localization.LocalizationService, class com.almasb.fxgl.app.services.SystemBundleService, class com.almasb.fxgl.profile.SaveLoadService, class com.almasb.fxgl.ui.FXGLUIFactoryServiceProvider, class com.almasb.fxgl.ui.FXGLDialogFactoryServiceProvider, class com.almasb.fxgl.audio.AudioPlayer, class com.almasb.fxgl.notification.impl.NotificationServiceProvider, class com.almasb.fxgl.achievement.AchievementService, class com.almasb.fxgl.cutscene.CutsceneService, class com.almasb.fxgl.minigames.MiniGameService, class com.almasb.fxgl.net.NetService, class com.almasb.fxgl.app.services.UpdaterService, class com.almasb.fxgl.dev.DevService]
18:32:10.319 [FXGL Background Thread 3 ] DEBUG Engine               - fontGame: Abel-Regular.ttf
18:32:10.319 [FXGL Background Thread 3 ] DEBUG Engine               - fontMono: TerminalLandMono-Regular.otf
18:32:10.319 [FXGL Background Thread 3 ] DEBUG Engine               - fontSizeScaleUI: 1.0
18:32:10.319 [FXGL Background Thread 3 ] DEBUG Engine               - fontText: Courier-Prime.ttf
18:32:10.319 [FXGL Background Thread 3 ] DEBUG Engine               - fontUI: VarelaRound-Regular.ttf
18:32:10.319 [FXGL Background Thread 3 ] DEBUG Engine               - fullScreen: BooleanProperty [value: true]
18:32:10.320 [FXGL Background Thread 3 ] DEBUG Engine               - gameDifficulty: MEDIUM
18:32:10.320 [FXGL Background Thread 3 ] DEBUG Engine               - gameDifficultyProperty: ObjectProperty [value: MEDIUM]
18:32:10.320 [FXGL Background Thread 3 ] DEBUG Engine               - globalMusicVolume: 0.5
18:32:10.320 [FXGL Background Thread 3 ] DEBUG Engine               - globalMusicVolumeProperty: DoubleProperty [value: 0.5]
18:32:10.320 [FXGL Background Thread 3 ] DEBUG Engine               - globalSoundVolume: 0.5
18:32:10.321 [FXGL Background Thread 3 ] DEBUG Engine               - globalSoundVolumeProperty: DoubleProperty [value: 0.5]
18:32:10.321 [FXGL Background Thread 3 ] DEBUG Engine               - height: 617
18:32:10.321 [FXGL Background Thread 3 ] DEBUG Engine               - is3D: false
18:32:10.321 [FXGL Background Thread 3 ] DEBUG Engine               - isAndroid: false
18:32:10.321 [FXGL Background Thread 3 ] DEBUG Engine               - isBrowser: false
18:32:10.321 [FXGL Background Thread 3 ] DEBUG Engine               - isClickFeedbackEnabled: false
18:32:10.321 [FXGL Background Thread 3 ] DEBUG Engine               - isCloseConfirmation: false
18:32:10.321 [FXGL Background Thread 3 ] DEBUG Engine               - isDesktop: true
18:32:10.321 [FXGL Background Thread 3 ] DEBUG Engine               - isDeveloperMenuEnabled: false
18:32:10.321 [FXGL Background Thread 3 ] DEBUG Engine               - isEmbedded: false
18:32:10.321 [FXGL Background Thread 3 ] DEBUG Engine               - isEntityPreloadEnabled: true
18:32:10.322 [FXGL Background Thread 3 ] DEBUG Engine               - isExperimentalTiledLargeMap: false
18:32:10.322 [FXGL Background Thread 3 ] DEBUG Engine               - isFileSystemWriteAllowed: true
18:32:10.322 [FXGL Background Thread 3 ] DEBUG Engine               - isFullScreenAllowed: true
18:32:10.322 [FXGL Background Thread 3 ] DEBUG Engine               - isFullScreenFromStart: true
18:32:10.322 [FXGL Background Thread 3 ] DEBUG Engine               - isGameMenuEnabled: true
18:32:10.322 [FXGL Background Thread 3 ] DEBUG Engine               - isIOS: false
18:32:10.323 [FXGL Background Thread 3 ] DEBUG Engine               - isIntroEnabled: false
18:32:10.323 [FXGL Background Thread 3 ] DEBUG Engine               - isLinux: false
18:32:10.323 [FXGL Background Thread 3 ] DEBUG Engine               - isMac: false
18:32:10.323 [FXGL Background Thread 3 ] DEBUG Engine               - isMainMenuEnabled: false
18:32:10.323 [FXGL Background Thread 3 ] DEBUG Engine               - isManualResizeEnabled: false
18:32:10.323 [FXGL Background Thread 3 ] DEBUG Engine               - isMobile: false
18:32:10.324 [FXGL Background Thread 3 ] DEBUG Engine               - isNative: false
18:32:10.324 [FXGL Background Thread 3 ] DEBUG Engine               - isPauseMusicWhenMinimized: true
18:32:10.324 [FXGL Background Thread 3 ] DEBUG Engine               - isPreserveResizeRatio: false
18:32:10.324 [FXGL Background Thread 3 ] DEBUG Engine               - isProfilingEnabled: false
18:32:10.324 [FXGL Background Thread 3 ] DEBUG Engine               - isScaleAffectedOnResize: true
18:32:10.324 [FXGL Background Thread 3 ] DEBUG Engine               - isSingleStep: false
18:32:10.324 [FXGL Background Thread 3 ] DEBUG Engine               - isUserProfileEnabled: false
18:32:10.324 [FXGL Background Thread 3 ] DEBUG Engine               - isWindows: true
18:32:10.325 [FXGL Background Thread 3 ] DEBUG Engine               - language: ObjectProperty [value: ENGLISH]
18:32:10.325 [FXGL Background Thread 3 ] DEBUG Engine               - menuKey: ESCAPE
18:32:10.325 [FXGL Background Thread 3 ] DEBUG Engine               - mouseSensitivity: 0.2
18:32:10.325 [FXGL Background Thread 3 ] DEBUG Engine               - notificationViewClass: class com.almasb.fxgl.notification.view.XboxNotificationView
18:32:10.325 [FXGL Background Thread 3 ] DEBUG Engine               - pixelsPerMeter: 50.0
18:32:10.325 [FXGL Background Thread 3 ] DEBUG Engine               - platform: WINDOWS
18:32:10.325 [FXGL Background Thread 3 ] DEBUG Engine               - prefHeightProperty: ReadOnlyDoubleProperty [value: 617.0]
18:32:10.326 [FXGL Background Thread 3 ] DEBUG Engine               - prefWidthProperty: ReadOnlyDoubleProperty [value: 800.0]
18:32:10.326 [FXGL Background Thread 3 ] DEBUG Engine               - profileDir: profiles/
18:32:10.326 [FXGL Background Thread 3 ] DEBUG Engine               - profileName: StringProperty [value: DEFAULT]
18:32:10.326 [FXGL Background Thread 3 ] DEBUG Engine               - randomSeed: -1
18:32:10.327 [FXGL Background Thread 3 ] DEBUG Engine               - runtimeInfo: RuntimeInfo(platform=WINDOWS, version=17.3, build=30.03.2023 11.49)
18:32:10.327 [FXGL Background Thread 3 ] DEBUG Engine               - saveFileExt: sav
18:32:10.327 [FXGL Background Thread 3 ] DEBUG Engine               - scaledHeightProp$fxgl: DoubleProperty [bound, value: 768.0]
18:32:10.327 [FXGL Background Thread 3 ] DEBUG Engine               - scaledWidthProp$fxgl: DoubleProperty [bound, value: 1366.0]
18:32:10.327 [FXGL Background Thread 3 ] DEBUG Engine               - sceneFactory: App.App$1@ed08706
18:32:10.327 [FXGL Background Thread 3 ] DEBUG Engine               - secondsIn24h: 60
18:32:10.327 [FXGL Background Thread 3 ] DEBUG Engine               - soundMenuBack: menu/back.wav
18:32:10.327 [FXGL Background Thread 3 ] DEBUG Engine               - soundMenuPress: menu/press.wav
18:32:10.327 [FXGL Background Thread 3 ] DEBUG Engine               - soundMenuSelect: menu/select.wav
18:32:10.327 [FXGL Background Thread 3 ] DEBUG Engine               - soundNotification: core/notification.wav
18:32:10.327 [FXGL Background Thread 3 ] DEBUG Engine               - stageStyle: DECORATED
18:32:10.327 [FXGL Background Thread 3 ] DEBUG Engine               - supportedLanguages: [ENGLISH, FRENCH, GERMAN, HUNGARIAN, RUSSIAN]
18:32:10.329 [FXGL Background Thread 3 ] DEBUG Engine               - ticksPerSecond: -1
18:32:10.329 [FXGL Background Thread 3 ] DEBUG Engine               - title: Galactic Odyssey
18:32:10.329 [FXGL Background Thread 3 ] DEBUG Engine               - urlGithub: https://github.com/AlmasB/FXGL
18:32:10.329 [FXGL Background Thread 3 ] DEBUG Engine               - urlLeaderboard: http://fxgl-top.herokuapp.com/
18:32:10.329 [FXGL Background Thread 3 ] DEBUG Engine               - urlPOM: https://raw.githubusercontent.com/AlmasB/FXGL/release/README.md
18:32:10.329 [FXGL Background Thread 3 ] DEBUG Engine               - userAppClass: class App.App
18:32:10.329 [FXGL Background Thread 3 ] DEBUG Engine               - version: 0.0.1
18:32:10.329 [FXGL Background Thread 3 ] DEBUG Engine               - versionCheckDays: 7
18:32:10.330 [FXGL Background Thread 3 ] DEBUG Engine               - width: 800
18:32:10.330 [FXGL Background Thread 3 ] DEBUG Engine               - Logging services
18:32:10.330 [FXGL Background Thread 3 ] DEBUG Engine               - class com.almasb.fxgl.app.services.FXGLAssetLoaderService
18:32:10.330 [FXGL Background Thread 3 ] DEBUG Engine               - class com.almasb.fxgl.app.FXGLApplication$GameApplicationService
18:32:10.330 [FXGL Background Thread 3 ] DEBUG Engine               - class com.almasb.fxgl.app.services.FXGLDialogService
18:32:10.330 [FXGL Background Thread 3 ] DEBUG Engine               - class com.almasb.fxgl.app.services.IOTaskExecutorService
18:32:10.330 [FXGL Background Thread 3 ] DEBUG Engine               - class com.almasb.fxgl.io.FileSystemService
18:32:10.330 [FXGL Background Thread 3 ] DEBUG Engine               - class com.almasb.fxgl.localization.LocalizationService
18:32:10.331 [FXGL Background Thread 3 ] DEBUG Engine               - class com.almasb.fxgl.app.services.SystemBundleService
18:32:10.335 [FXGL Background Thread 3 ] DEBUG Engine               - class com.almasb.fxgl.profile.SaveLoadService
18:32:10.335 [FXGL Background Thread 3 ] DEBUG Engine               - class com.almasb.fxgl.ui.FXGLUIFactoryServiceProvider
18:32:10.336 [FXGL Background Thread 3 ] DEBUG Engine               - class com.almasb.fxgl.ui.FXGLDialogFactoryServiceProvider
18:32:10.336 [FXGL Background Thread 3 ] DEBUG Engine               - class com.almasb.fxgl.audio.AudioPlayer
18:32:10.336 [FXGL Background Thread 3 ] DEBUG Engine               - class com.almasb.fxgl.notification.impl.NotificationServiceProvider
18:32:10.336 [FXGL Background Thread 3 ] DEBUG Engine               - class com.almasb.fxgl.achievement.AchievementService
18:32:10.336 [FXGL Background Thread 3 ] DEBUG Engine               - class com.almasb.fxgl.cutscene.CutsceneService
18:32:10.336 [FXGL Background Thread 3 ] DEBUG Engine               - class com.almasb.fxgl.minigames.MiniGameService
18:32:10.336 [FXGL Background Thread 3 ] DEBUG Engine               - class com.almasb.fxgl.net.NetService
18:32:10.336 [FXGL Background Thread 3 ] DEBUG Engine               - class com.almasb.fxgl.app.services.UpdaterService
18:32:10.336 [FXGL Background Thread 3 ] DEBUG Engine               - class com.almasb.fxgl.dev.DevService
18:32:35.621 [JavaFX Application Thread] WARN  TMXLevelLoader       - TiledMap generated from 1.11.2. Supported version: 1.9.0. Some features may not be parsed fully.
18:32:35.651 [JavaFX Application Thread] DEBUG TMXLevelLoader       - Parsed TiledMap: file:/C:/UNI/juego/Galactic%20oddisey%202.0/Galactic%20odyssey-1/Galactic%20odyssey/target/classes/assets/levels/Map1.tmx
18:32:35.652 [JavaFX Application Thread] DEBUG TMXLevelLoader       - Creating tile layer entities
18:32:35.653 [JavaFX Application Thread] DEBUG TilesetLoader        - Loading view for layer Espacio
18:32:35.670 [JavaFX Application Thread] DEBUG TilesetLoader        - Created buffer with size 3360.0x1680.0
18:32:35.786 [JavaFX Application Thread] DEBUG TilesetLoader        - Loading view for layer Planetas
18:32:35.790 [JavaFX Application Thread] DEBUG TilesetLoader        - Created buffer with size 3360.0x1680.0
18:32:35.791 [JavaFX Application Thread] DEBUG TilesetLoader        - Loading view for layer Naves
18:32:35.794 [JavaFX Application Thread] DEBUG TilesetLoader        - Created buffer with size 3360.0x1680.0
18:32:35.858 [JavaFX Application Thread] DEBUG TilesetLoader        - Loading view for layer Suelo
18:32:35.871 [JavaFX Application Thread] DEBUG TilesetLoader        - Created buffer with size 3360.0x1680.0
18:32:35.874 [JavaFX Application Thread] DEBUG TilesetLoader        - Loading view for layer rock
18:32:35.881 [JavaFX Application Thread] DEBUG TilesetLoader        - Created buffer with size 3360.0x1680.0
18:32:35.882 [JavaFX Application Thread] DEBUG TilesetLoader        - Loading view for layer Rocas
18:32:35.887 [JavaFX Application Thread] DEBUG TilesetLoader        - Created buffer with size 3360.0x1680.0
18:32:35.888 [JavaFX Application Thread] DEBUG TilesetLoader        - Loading view for layer Muro
18:32:35.896 [JavaFX Application Thread] DEBUG TilesetLoader        - Created buffer with size 3360.0x1680.0
18:32:35.897 [JavaFX Application Thread] DEBUG TilesetLoader        - Loading view for layer Rocas1
18:32:35.904 [JavaFX Application Thread] DEBUG TilesetLoader        - Created buffer with size 3360.0x1680.0
18:32:35.906 [JavaFX Application Thread] DEBUG TilesetLoader        - Loading view for layer SueloRuinas
18:32:35.913 [JavaFX Application Thread] DEBUG TilesetLoader        - Created buffer with size 3360.0x1680.0
18:32:35.946 [JavaFX Application Thread] DEBUG TilesetLoader        - Loading view for layer Ruinas
18:32:35.955 [JavaFX Application Thread] DEBUG TilesetLoader        - Created buffer with size 3360.0x1680.0
18:32:35.956 [JavaFX Application Thread] DEBUG TMXLevelLoader       - Creating object layer entities
18:32:35.981 [JavaFX Application Thread] DEBUG GameWorld            - Clearing removable entities
18:32:35.984 [JavaFX Application Thread] DEBUG GameWorld            - Setting level: com.almasb.fxgl.entity.level.Level@549d47f1
18:32:36.001 [JavaFX Application Thread] DEBUG FXGLAssetLoaderServi - Loading from file system: file:/C:/UNI/juego/Galactic%20oddisey%202.0/Galactic%20odyssey-1/Galactic%20odyssey/target/classes/assets/textures/personaje.png
18:32:36.003 [JavaFX Application Thread] DEBUG Input                - Registered new binding: Move Right - D
18:32:36.003 [JavaFX Application Thread] DEBUG Input                - Registered new binding: Move Left - A
18:32:36.003 [JavaFX Application Thread] DEBUG Input                - Registered new binding: Move Up - W
18:32:36.003 [JavaFX Application Thread] DEBUG Input                - Registered new binding: Move Down - S
18:32:36.003 [JavaFX Application Thread] DEBUG Input                - Registered new binding: End Turn - Enter
18:32:36.003 [JavaFX Application Thread] DEBUG Input                - Registered new binding: Attack - Space
18:32:36.003 [JavaFX Application Thread] DEBUG Input                - Registered new binding: Special Ability - E
18:32:36.013 [JavaFX Application Thread] DEBUG FXGLAssetLoaderServi - Loading from file system: file:/C:/UNI/juego/Galactic%20oddisey%202.0/Galactic%20odyssey-1/Galactic%20odyssey/target/classes/assets/textures/drone.png
18:33:17.417 [JavaFX Application Thread] DEBUG PrimaryStageWindow   - Push state: FXGLDefaultMenu
18:33:17.417 [JavaFX Application Thread] DEBUG Input                - Clearing active input actions
18:33:17.419 [JavaFX Application Thread] DEBUG GameApplicationServi - Removing overlay from GameScene and adding to FXGLDefaultMenu
18:33:17.420 [JavaFX Application Thread] DEBUG PrimaryStageWindow   - GameScene -> FXGLDefaultMenu
18:33:19.365 [JavaFX Application Thread] DEBUG Menu                 - fireExit()
18:33:19.368 [JavaFX Application Thread] DEBUG PrimaryStageWindow   - Push state: DialogSubScene
18:33:19.368 [JavaFX Application Thread] DEBUG Input                - Clearing active input actions
18:33:19.368 [JavaFX Application Thread] DEBUG GameApplicationServi - Removing overlay from FXGLDefaultMenu and adding to DialogSubScene
18:33:19.369 [JavaFX Application Thread] DEBUG PrimaryStageWindow   - FXGLDefaultMenu -> DialogSubScene
18:33:21.207 [JavaFX Application Thread] DEBUG PrimaryStageWindow   - Pop state: DialogSubScene
18:33:21.207 [JavaFX Application Thread] DEBUG Input                - Clearing active input actions
18:33:21.208 [JavaFX Application Thread] DEBUG GameApplicationServi - Removing overlay from DialogSubScene and adding to FXGLDefaultMenu
18:33:21.208 [JavaFX Application Thread] DEBUG PrimaryStageWindow   - FXGLDefaultMenu <- DialogSubScene
18:33:21.209 [JavaFX Application Thread] DEBUG FXGLApplication      - Exiting FXGL
18:33:21.209 [JavaFX Application Thread] DEBUG LoopRunner           - Stopping loop
18:33:21.209 [JavaFX Application Thread] DEBUG SystemBundleService  - Saving FXGL system data
18:33:21.211 [JavaFX Application Thread] DEBUG FileSystemAccess     - Writing to: C:\UNI\juego\Galactic oddisey 2.0\Galactic odyssey-1\Galactic odyssey\system\fxgl.bundle
18:33:21.214 [JavaFX Application Thread] DEBUG Async                - Shutting down background threads
18:33:21.214 [JavaFX Application Thread] DEBUG PrimaryStageWindow   - Closing main window
18:33:21.231 [JavaFX Application Thread] DEBUG Logger               - Closing Logger
