18:39:03.621 [main                     ] DEBUG Logger               - Configured Logger
18:39:03.645 [main                     ] DEBUG GameApplication      - Logging settings
Title: Galactic Odyssey
Version: 0.0.1
Width: 800
Height: 617
Fullscreen: true
Intro: false
Profiling: false
Single step:false
App Mode: DEVELOPER
Menu Key: ESCAPE
Stage Style: DECORATED
Scene Factory: class App.App$1

18:39:04.005 [JavaFX Application Thread] DEBUG FXGLApplication      - Initializing FXGL
18:39:04.010 [JavaFX Application Thread] INFO  Engine               - FXGL-17.3 (30.03.2023 11.49) on WINDOWS (J:17.0.12 FX:17.0.2-ea)
18:39:04.010 [JavaFX Application Thread] DEBUG Engine               - JRE Vendor Name: Oracle Corporation
18:39:04.011 [JavaFX Application Thread] DEBUG Engine               - Running on OS: Windows 11 version 10.0
18:39:04.011 [JavaFX Application Thread] DEBUG Engine               - Architecture: amd64
18:39:04.011 [JavaFX Application Thread] INFO  Engine               - Source code and latest versions at: https://github.com/AlmasB/FXGL
18:39:04.011 [JavaFX Application Thread] INFO  Engine               -       Ask questions and discuss at: https://github.com/AlmasB/FXGL/discussions
18:39:04.011 [JavaFX Application Thread] INFO  Engine               -              Join the FXGL chat at: https://gitter.im/AlmasB/FXGL
18:39:04.068 [JavaFX Application Thread] DEBUG PrimaryStageWindow   - Creating a JavaFX scene
18:39:04.099 [JavaFX Application Thread] DEBUG PrimaryStageWindow   - Target settings size: 800.0 x 617.0
18:39:04.099 [JavaFX Application Thread] DEBUG PrimaryStageWindow   - Scaled scene size:    800.0 x 617.0
18:39:04.099 [JavaFX Application Thread] DEBUG PrimaryStageWindow   - Scaled ratio: (1.0, 1.0)
18:39:04.100 [JavaFX Application Thread] DEBUG PrimaryStageWindow   - Set initial scene to FXGLStartupScene
18:39:04.105 [JavaFX Application Thread] DEBUG PrimaryStageWindow   - Opening main window
18:39:04.194 [JavaFX Application Thread] DEBUG PrimaryStageWindow   - Window border size: (16.0, 39.0)
18:39:04.194 [JavaFX Application Thread] DEBUG PrimaryStageWindow   - Scaled size: 800.0 x 617.0
18:39:04.194 [JavaFX Application Thread] DEBUG PrimaryStageWindow   - Scaled ratio: (1.0, 1.0)
18:39:04.195 [JavaFX Application Thread] DEBUG PrimaryStageWindow   - Scene size: 800.0 x 617.0
18:39:04.195 [JavaFX Application Thread] DEBUG PrimaryStageWindow   - Stage size: 816.0 x 656.0
18:39:04.234 [JavaFX Application Thread] DEBUG PrimaryStageWindow   - Going fullscreen
18:39:04.241 [FXGL Background Thread 1 ] DEBUG Engine               - Initializing environment variables
18:39:04.276 [FXGL Background Thread 1 ] DEBUG FXGLAssetLoaderServi - User app class for loading assets: class App.App
18:39:04.277 [FXGL Background Thread 1 ] DEBUG GameApplicationServi - Applying CSS: fxgl_dark.css
18:39:04.279 [FXGL Background Thread 1 ] DEBUG FXGLAssetLoaderServi - Loading from file system: jar:file:///C:/Users/Johan/.m2/repository/com/github/AlmasB/fxgl/17.3/fxgl-17.3.jar!/fxglassets/ui/css/fxgl_dark.css
18:39:04.316 [FXGL Background Thread 1 ] DEBUG GameApplicationServi - Initializing application scenes
18:39:04.432 [FXGL Background Thread 1 ] DEBUG GameWorld            - Game world initialized
18:39:04.474 [FXGL Background Thread 1 ] DEBUG PhysicsWorld         - Physics world initialized: appHeight=617, physics.ppm=50.0
18:39:04.475 [FXGL Background Thread 1 ] DEBUG PhysicsWorld         - Using strategy: BRUTE_FORCE
18:39:04.478 [FXGL Background Thread 1 ] DEBUG GameScene            - Game scene initialized: 800x617
18:39:04.491 [FXGL Background Thread 1 ] DEBUG FXGL.DefaultMenu     - createMenuBodyGameMenu()
18:39:04.503 [FXGL Background Thread 1 ] DEBUG FXGL.DefaultMenu     - createOptionsMenu()
18:39:04.514 [FXGL Background Thread 1 ] DEBUG FXGLAssetLoaderServi - Loading from file system: jar:file:///C:/Users/Johan/.m2/repository/com/github/AlmasB/fxgl/17.3/fxgl-17.3.jar!/fxglassets/textures/particles/smoke.png
18:39:04.595 [FXGL Background Thread 1 ] DEBUG FXGLAssetLoaderServi - Loading from file system: jar:file:///C:/Users/Johan/.m2/repository/com/github/AlmasB/fxgl/17.3/fxgl-17.3.jar!/fxglassets/textures/particles/trace_horizontal.png
18:39:04.617 [FXGL Background Thread 1 ] DEBUG GameApplicationServi - Application scenes initialized
18:39:04.629 [FXGL Background Thread 1 ] DEBUG SystemBundleService  - Loading FXGL system data
18:39:04.635 [FXGL Background Thread 1 ] DEBUG FileSystemAccess     - Reading from: C:\UNI\juego\Galactic oddisey 2.0\Galactic odyssey-1\Galactic odyssey\system\fxgl.bundle
18:39:04.642 [FXGL Background Thread 1 ] DEBUG SystemBundleService  - Bundle FXGL: {}
18:39:04.642 [FXGL Background Thread 1 ] DEBUG UpdaterService       - Checking for updates
18:39:04.647 [FXGL Background Thread 4 ] DEBUG FXGLApplication      - Loading fonts
18:39:04.647 [FXGL Background Thread 4 ] DEBUG FXGLAssetLoaderServi - Loading from file system: jar:file:///C:/Users/Johan/.m2/repository/com/github/AlmasB/fxgl/17.3/fxgl-17.3.jar!/fxglassets/ui/fonts/VarelaRound-Regular.ttf
18:39:04.648 [FXGL Background Thread 1 ] DEBUG FXGLApplication      - Loading default localization
18:39:04.648 [FXGL Background Thread 1 ] DEBUG FXGLAssetLoaderServi - Loading from file system: jar:file:///C:/Users/Johan/.m2/repository/com/github/AlmasB/fxgl/17.3/fxgl-17.3.jar!/fxglassets/languages/english.lang
18:39:04.665 [FXGL Background Thread 1 ] INFO  FXGLApplication      - FXGL initialization took: 0.425 sec
18:39:04.666 [JavaFX Application Thread] DEBUG FXGLAssetLoaderServi - Loading from file system: jar:file:///C:/Users/Johan/.m2/repository/com/github/AlmasB/fxgl/17.3/fxgl-17.3.jar!/fxglassets/textures/fxgl_icon.png
18:39:04.682 [JavaFX Application Thread] DEBUG FXGLAssetLoaderServi - Loading from file system: jar:file:///C:/Users/Johan/.m2/repository/com/github/AlmasB/fxgl/17.3/fxgl-17.3.jar!/fxglassets/textures/fxgl_default_cursor.png
18:39:04.693 [JavaFX Application Thread] DEBUG Input                - Registered new binding: Screenshot - CTRL+8
18:39:04.693 [JavaFX Application Thread] DEBUG Input                - Registered new binding: System info dump - CTRL+9
18:39:04.694 [JavaFX Application Thread] DEBUG Input                - Registered new binding: Restart - CTRL+R
18:39:04.694 [JavaFX Application Thread] DEBUG Input                - Registered new binding: Toggle Debug Camera - CTRL+7
18:39:04.696 [JavaFX Application Thread] DEBUG LoopRunner           - Starting loop
18:39:04.696 [JavaFX Application Thread] DEBUG LoopRunner           - Initializing JavaFX AnimationTimerLoop
18:39:04.697 [JavaFX Application Thread] DEBUG GameApplicationServi - Starting new game
18:39:04.699 [JavaFX Application Thread] DEBUG Input                - Clearing active input actions
18:39:04.710 [JavaFX Application Thread] DEBUG GameApplicationServi - Removing overlay from FXGLStartupScene and adding to MyLoadingScene
18:39:04.710 [JavaFX Application Thread] DEBUG PrimaryStageWindow   - FXGLStartupScene -> MyLoadingScene
18:39:04.711 [JavaFX Application Thread] DEBUG GameApplicationServi - Clearing previous game
18:39:04.711 [JavaFX Application Thread] DEBUG GameScene            - Clearing game scene
18:39:04.711 [JavaFX Application Thread] DEBUG GameWorld            - Clearing game world
18:39:04.711 [JavaFX Application Thread] DEBUG PhysicsWorld         - Clearing physics world
18:39:04.712 [FXGL Background Thread 1 ] DEBUG FXGLApplication      - Initializing game
18:39:04.729 [FXGL Background Thread 1 ] DEBUG FXGLAssetLoaderServi - Loading from file system: file:/C:/UNI/juego/Galactic%20oddisey%202.0/Galactic%20odyssey-1/Galactic%20odyssey/target/classes/assets/textures/fondo_menu.png
18:39:04.757 [FXGL Background Thread 1 ] DEBUG FXGLAssetLoaderServi - Loading from file system: file:/C:/UNI/juego/Galactic%20oddisey%202.0/Galactic%20odyssey-1/Galactic%20odyssey/target/classes/assets/music/intro.mp3
18:39:04.779 [FXGL Background Thread 4 ] DEBUG FXGLAssetLoaderServi - Loading from file system: jar:file:///C:/Users/Johan/.m2/repository/com/github/AlmasB/fxgl/17.3/fxgl-17.3.jar!/fxglassets/ui/fonts/Abel-Regular.ttf
18:39:04.785 [FXGL Background Thread 4 ] DEBUG FXGLAssetLoaderServi - Loading from file system: jar:file:///C:/Users/Johan/.m2/repository/com/github/AlmasB/fxgl/17.3/fxgl-17.3.jar!/fxglassets/ui/fonts/TerminalLandMono-Regular.otf
18:39:04.790 [FXGL Background Thread 4 ] DEBUG FXGLAssetLoaderServi - Loading from file system: jar:file:///C:/Users/Johan/.m2/repository/com/github/AlmasB/fxgl/17.3/fxgl-17.3.jar!/fxglassets/ui/fonts/Courier-Prime.ttf
18:39:04.800 [JavaFX Application Thread] DEBUG FXGLApplication      - Registering font factories with UI factory
18:39:04.880 [FXGL Background Thread 2 ] WARN  UpdaterService       - Failed to find updates: java.net.UnknownHostException: raw.githubusercontent.com
18:39:04.914 [FXGL Background Thread 1 ] DEBUG AudioPlayer          - Playing music com.almasb.fxgl.audio.Music@29cec378
18:39:04.925 [FXGL Background Thread 1 ] INFO  FXGLApplication      - Game initialization took: 0.212 sec
18:39:04.926 [JavaFX Application Thread] DEBUG Input                - Clearing active input actions
18:39:04.954 [JavaFX Application Thread] DEBUG GameApplicationServi - Removing overlay from MyLoadingScene and adding to GameScene
18:39:04.954 [JavaFX Application Thread] DEBUG PrimaryStageWindow   - MyLoadingScene -> GameScene
18:39:07.647 [FXGL Background Thread 3 ] DEBUG Engine               - Logging environment variables
18:39:07.648 [FXGL Background Thread 3 ] DEBUG Engine               - achievements: []
18:39:07.649 [FXGL Background Thread 3 ] DEBUG Engine               - actualHeight: 768.0
18:39:07.649 [FXGL Background Thread 3 ] DEBUG Engine               - actualHeightProperty: ReadOnlyDoubleProperty [value: 768.0]
18:39:07.649 [FXGL Background Thread 3 ] DEBUG Engine               - actualWidth: 1366.0
18:39:07.649 [FXGL Background Thread 3 ] DEBUG Engine               - actualWidthProperty: ReadOnlyDoubleProperty [value: 1366.0]
18:39:07.649 [FXGL Background Thread 3 ] DEBUG Engine               - appIcon: fxgl_icon.png
18:39:07.649 [FXGL Background Thread 3 ] DEBUG Engine               - applicationMode: DEVELOPER
18:39:07.649 [FXGL Background Thread 3 ] DEBUG Engine               - cSSList: [fxgl_dark.css]
18:39:07.649 [FXGL Background Thread 3 ] DEBUG Engine               - collisionDetectionStrategy: BRUTE_FORCE
18:39:07.649 [FXGL Background Thread 3 ] DEBUG Engine               - configClass: Optional.empty
18:39:07.651 [FXGL Background Thread 3 ] DEBUG Engine               - credits: []
18:39:07.652 [FXGL Background Thread 3 ] DEBUG Engine               - defaultCursor: CursorInfo(imageName=fxgl_default_cursor.png, hotspotX=7.0, hotspotY=6.0)
18:39:07.652 [FXGL Background Thread 3 ] DEBUG Engine               - devBBoxColorProperty: ObjectProperty [value: 0xff0000ff]
18:39:07.652 [FXGL Background Thread 3 ] DEBUG Engine               - devEnableDebugCameraProperty: BooleanProperty [value: false]
18:39:07.652 [FXGL Background Thread 3 ] DEBUG Engine               - devSensorColorProperty: ObjectProperty [value: 0xffff00ff]
18:39:07.652 [FXGL Background Thread 3 ] DEBUG Engine               - devShowBBoxProperty: BooleanProperty [value: false]
18:39:07.652 [FXGL Background Thread 3 ] DEBUG Engine               - devShowPositionProperty: BooleanProperty [value: false]
18:39:07.652 [FXGL Background Thread 3 ] DEBUG Engine               - enabledMenuItems: []
18:39:07.652 [FXGL Background Thread 3 ] DEBUG Engine               - engineServices: [class com.almasb.fxgl.app.services.FXGLAssetLoaderService, class com.almasb.fxgl.app.FXGLApplication$GameApplicationService, class com.almasb.fxgl.app.services.FXGLDialogService, class com.almasb.fxgl.app.services.IOTaskExecutorService, class com.almasb.fxgl.io.FileSystemService, class com.almasb.fxgl.localization.LocalizationService, class com.almasb.fxgl.app.services.SystemBundleService, class com.almasb.fxgl.profile.SaveLoadService, class com.almasb.fxgl.ui.FXGLUIFactoryServiceProvider, class com.almasb.fxgl.ui.FXGLDialogFactoryServiceProvider, class com.almasb.fxgl.audio.AudioPlayer, class com.almasb.fxgl.notification.impl.NotificationServiceProvider, class com.almasb.fxgl.achievement.AchievementService, class com.almasb.fxgl.cutscene.CutsceneService, class com.almasb.fxgl.minigames.MiniGameService, class com.almasb.fxgl.net.NetService, class com.almasb.fxgl.app.services.UpdaterService, class com.almasb.fxgl.dev.DevService]
18:39:07.653 [FXGL Background Thread 3 ] DEBUG Engine               - fontGame: Abel-Regular.ttf
18:39:07.653 [FXGL Background Thread 3 ] DEBUG Engine               - fontMono: TerminalLandMono-Regular.otf
18:39:07.653 [FXGL Background Thread 3 ] DEBUG Engine               - fontSizeScaleUI: 1.0
18:39:07.653 [FXGL Background Thread 3 ] DEBUG Engine               - fontText: Courier-Prime.ttf
18:39:07.653 [FXGL Background Thread 3 ] DEBUG Engine               - fontUI: VarelaRound-Regular.ttf
18:39:07.653 [FXGL Background Thread 3 ] DEBUG Engine               - fullScreen: BooleanProperty [value: true]
18:39:07.653 [FXGL Background Thread 3 ] DEBUG Engine               - gameDifficulty: MEDIUM
18:39:07.653 [FXGL Background Thread 3 ] DEBUG Engine               - gameDifficultyProperty: ObjectProperty [value: MEDIUM]
18:39:07.654 [FXGL Background Thread 3 ] DEBUG Engine               - globalMusicVolume: 0.5
18:39:07.654 [FXGL Background Thread 3 ] DEBUG Engine               - globalMusicVolumeProperty: DoubleProperty [value: 0.5]
18:39:07.654 [FXGL Background Thread 3 ] DEBUG Engine               - globalSoundVolume: 0.5
18:39:07.654 [FXGL Background Thread 3 ] DEBUG Engine               - globalSoundVolumeProperty: DoubleProperty [value: 0.5]
18:39:07.654 [FXGL Background Thread 3 ] DEBUG Engine               - height: 617
18:39:07.654 [FXGL Background Thread 3 ] DEBUG Engine               - is3D: false
18:39:07.654 [FXGL Background Thread 3 ] DEBUG Engine               - isAndroid: false
18:39:07.654 [FXGL Background Thread 3 ] DEBUG Engine               - isBrowser: false
18:39:07.654 [FXGL Background Thread 3 ] DEBUG Engine               - isClickFeedbackEnabled: false
18:39:07.654 [FXGL Background Thread 3 ] DEBUG Engine               - isCloseConfirmation: false
18:39:07.654 [FXGL Background Thread 3 ] DEBUG Engine               - isDesktop: true
18:39:07.654 [FXGL Background Thread 3 ] DEBUG Engine               - isDeveloperMenuEnabled: false
18:39:07.654 [FXGL Background Thread 3 ] DEBUG Engine               - isEmbedded: false
18:39:07.654 [FXGL Background Thread 3 ] DEBUG Engine               - isEntityPreloadEnabled: true
18:39:07.654 [FXGL Background Thread 3 ] DEBUG Engine               - isExperimentalTiledLargeMap: false
18:39:07.654 [FXGL Background Thread 3 ] DEBUG Engine               - isFileSystemWriteAllowed: true
18:39:07.655 [FXGL Background Thread 3 ] DEBUG Engine               - isFullScreenAllowed: true
18:39:07.655 [FXGL Background Thread 3 ] DEBUG Engine               - isFullScreenFromStart: true
18:39:07.655 [FXGL Background Thread 3 ] DEBUG Engine               - isGameMenuEnabled: true
18:39:07.655 [FXGL Background Thread 3 ] DEBUG Engine               - isIOS: false
18:39:07.655 [FXGL Background Thread 3 ] DEBUG Engine               - isIntroEnabled: false
18:39:07.655 [FXGL Background Thread 3 ] DEBUG Engine               - isLinux: false
18:39:07.656 [FXGL Background Thread 3 ] DEBUG Engine               - isMac: false
18:39:07.656 [FXGL Background Thread 3 ] DEBUG Engine               - isMainMenuEnabled: false
18:39:07.656 [FXGL Background Thread 3 ] DEBUG Engine               - isManualResizeEnabled: false
18:39:07.656 [FXGL Background Thread 3 ] DEBUG Engine               - isMobile: false
18:39:07.657 [FXGL Background Thread 3 ] DEBUG Engine               - isNative: false
18:39:07.657 [FXGL Background Thread 3 ] DEBUG Engine               - isPauseMusicWhenMinimized: true
18:39:07.657 [FXGL Background Thread 3 ] DEBUG Engine               - isPreserveResizeRatio: false
18:39:07.657 [FXGL Background Thread 3 ] DEBUG Engine               - isProfilingEnabled: false
18:39:07.657 [FXGL Background Thread 3 ] DEBUG Engine               - isScaleAffectedOnResize: true
18:39:07.657 [FXGL Background Thread 3 ] DEBUG Engine               - isSingleStep: false
18:39:07.659 [FXGL Background Thread 3 ] DEBUG Engine               - isUserProfileEnabled: false
18:39:07.659 [FXGL Background Thread 3 ] DEBUG Engine               - isWindows: true
18:39:07.659 [FXGL Background Thread 3 ] DEBUG Engine               - language: ObjectProperty [value: ENGLISH]
18:39:07.659 [FXGL Background Thread 3 ] DEBUG Engine               - menuKey: ESCAPE
18:39:07.659 [FXGL Background Thread 3 ] DEBUG Engine               - mouseSensitivity: 0.2
18:39:07.659 [FXGL Background Thread 3 ] DEBUG Engine               - notificationViewClass: class com.almasb.fxgl.notification.view.XboxNotificationView
18:39:07.659 [FXGL Background Thread 3 ] DEBUG Engine               - pixelsPerMeter: 50.0
18:39:07.659 [FXGL Background Thread 3 ] DEBUG Engine               - platform: WINDOWS
18:39:07.659 [FXGL Background Thread 3 ] DEBUG Engine               - prefHeightProperty: ReadOnlyDoubleProperty [value: 617.0]
18:39:07.659 [FXGL Background Thread 3 ] DEBUG Engine               - prefWidthProperty: ReadOnlyDoubleProperty [value: 800.0]
18:39:07.659 [FXGL Background Thread 3 ] DEBUG Engine               - profileDir: profiles/
18:39:07.660 [FXGL Background Thread 3 ] DEBUG Engine               - profileName: StringProperty [value: DEFAULT]
18:39:07.660 [FXGL Background Thread 3 ] DEBUG Engine               - randomSeed: -1
18:39:07.660 [FXGL Background Thread 3 ] DEBUG Engine               - runtimeInfo: RuntimeInfo(platform=WINDOWS, version=17.3, build=30.03.2023 11.49)
18:39:07.660 [FXGL Background Thread 3 ] DEBUG Engine               - saveFileExt: sav
18:39:07.660 [FXGL Background Thread 3 ] DEBUG Engine               - scaledHeightProp$fxgl: DoubleProperty [bound, value: 768.0]
18:39:07.660 [FXGL Background Thread 3 ] DEBUG Engine               - scaledWidthProp$fxgl: DoubleProperty [bound, value: 1366.0]
18:39:07.660 [FXGL Background Thread 3 ] DEBUG Engine               - sceneFactory: App.App$1@1a2eaf3
18:39:07.660 [FXGL Background Thread 3 ] DEBUG Engine               - secondsIn24h: 60
18:39:07.660 [FXGL Background Thread 3 ] DEBUG Engine               - soundMenuBack: menu/back.wav
18:39:07.660 [FXGL Background Thread 3 ] DEBUG Engine               - soundMenuPress: menu/press.wav
18:39:07.660 [FXGL Background Thread 3 ] DEBUG Engine               - soundMenuSelect: menu/select.wav
18:39:07.660 [FXGL Background Thread 3 ] DEBUG Engine               - soundNotification: core/notification.wav
18:39:07.660 [FXGL Background Thread 3 ] DEBUG Engine               - stageStyle: DECORATED
18:39:07.661 [FXGL Background Thread 3 ] DEBUG Engine               - supportedLanguages: [ENGLISH, FRENCH, GERMAN, HUNGARIAN, RUSSIAN]
18:39:07.661 [FXGL Background Thread 3 ] DEBUG Engine               - ticksPerSecond: -1
18:39:07.661 [FXGL Background Thread 3 ] DEBUG Engine               - title: Galactic Odyssey
18:39:07.661 [FXGL Background Thread 3 ] DEBUG Engine               - urlGithub: https://github.com/AlmasB/FXGL
18:39:07.661 [FXGL Background Thread 3 ] DEBUG Engine               - urlLeaderboard: http://fxgl-top.herokuapp.com/
18:39:07.661 [FXGL Background Thread 3 ] DEBUG Engine               - urlPOM: https://raw.githubusercontent.com/AlmasB/FXGL/release/README.md
18:39:07.661 [FXGL Background Thread 3 ] DEBUG Engine               - userAppClass: class App.App
18:39:07.661 [FXGL Background Thread 3 ] DEBUG Engine               - version: 0.0.1
18:39:07.661 [FXGL Background Thread 3 ] DEBUG Engine               - versionCheckDays: 7
18:39:07.661 [FXGL Background Thread 3 ] DEBUG Engine               - width: 800
18:39:07.661 [FXGL Background Thread 3 ] DEBUG Engine               - Logging services
18:39:07.661 [FXGL Background Thread 3 ] DEBUG Engine               - class com.almasb.fxgl.app.services.FXGLAssetLoaderService
18:39:07.661 [FXGL Background Thread 3 ] DEBUG Engine               - class com.almasb.fxgl.app.FXGLApplication$GameApplicationService
18:39:07.661 [FXGL Background Thread 3 ] DEBUG Engine               - class com.almasb.fxgl.app.services.FXGLDialogService
18:39:07.661 [FXGL Background Thread 3 ] DEBUG Engine               - class com.almasb.fxgl.app.services.IOTaskExecutorService
18:39:07.661 [FXGL Background Thread 3 ] DEBUG Engine               - class com.almasb.fxgl.io.FileSystemService
18:39:07.661 [FXGL Background Thread 3 ] DEBUG Engine               - class com.almasb.fxgl.localization.LocalizationService
18:39:07.661 [FXGL Background Thread 3 ] DEBUG Engine               - class com.almasb.fxgl.app.services.SystemBundleService
18:39:07.661 [FXGL Background Thread 3 ] DEBUG Engine               - class com.almasb.fxgl.profile.SaveLoadService
18:39:07.661 [FXGL Background Thread 3 ] DEBUG Engine               - class com.almasb.fxgl.ui.FXGLUIFactoryServiceProvider
18:39:07.661 [FXGL Background Thread 3 ] DEBUG Engine               - class com.almasb.fxgl.ui.FXGLDialogFactoryServiceProvider
18:39:07.661 [FXGL Background Thread 3 ] DEBUG Engine               - class com.almasb.fxgl.audio.AudioPlayer
18:39:07.661 [FXGL Background Thread 3 ] DEBUG Engine               - class com.almasb.fxgl.notification.impl.NotificationServiceProvider
18:39:07.661 [FXGL Background Thread 3 ] DEBUG Engine               - class com.almasb.fxgl.achievement.AchievementService
18:39:07.662 [FXGL Background Thread 3 ] DEBUG Engine               - class com.almasb.fxgl.cutscene.CutsceneService
18:39:07.662 [FXGL Background Thread 3 ] DEBUG Engine               - class com.almasb.fxgl.minigames.MiniGameService
18:39:07.662 [FXGL Background Thread 3 ] DEBUG Engine               - class com.almasb.fxgl.net.NetService
18:39:07.662 [FXGL Background Thread 3 ] DEBUG Engine               - class com.almasb.fxgl.app.services.UpdaterService
18:39:07.662 [FXGL Background Thread 3 ] DEBUG Engine               - class com.almasb.fxgl.dev.DevService
18:39:19.011 [JavaFX Application Thread] WARN  TMXLevelLoader       - TiledMap generated from 1.11.2. Supported version: 1.9.0. Some features may not be parsed fully.
18:39:19.040 [JavaFX Application Thread] DEBUG TMXLevelLoader       - Parsed TiledMap: file:/C:/UNI/juego/Galactic%20oddisey%202.0/Galactic%20odyssey-1/Galactic%20odyssey/target/classes/assets/levels/Map1.tmx
18:39:19.041 [JavaFX Application Thread] DEBUG TMXLevelLoader       - Creating tile layer entities
18:39:19.043 [JavaFX Application Thread] DEBUG TilesetLoader        - Loading view for layer Espacio
18:39:19.062 [JavaFX Application Thread] DEBUG TilesetLoader        - Created buffer with size 3360.0x1680.0
18:39:19.179 [JavaFX Application Thread] DEBUG TilesetLoader        - Loading view for layer Planetas
18:39:19.247 [JavaFX Application Thread] DEBUG TilesetLoader        - Created buffer with size 3360.0x1680.0
18:39:19.249 [JavaFX Application Thread] DEBUG TilesetLoader        - Loading view for layer Naves
18:39:19.327 [JavaFX Application Thread] DEBUG TilesetLoader        - Created buffer with size 3360.0x1680.0
18:39:19.438 [JavaFX Application Thread] DEBUG TilesetLoader        - Loading view for layer Suelo
18:39:19.508 [JavaFX Application Thread] DEBUG TilesetLoader        - Created buffer with size 3360.0x1680.0
18:39:19.514 [JavaFX Application Thread] DEBUG TilesetLoader        - Loading view for layer rock
18:39:19.550 [JavaFX Application Thread] DEBUG TilesetLoader        - Created buffer with size 3360.0x1680.0
18:39:19.551 [JavaFX Application Thread] DEBUG TilesetLoader        - Loading view for layer Rocas
18:39:19.615 [JavaFX Application Thread] DEBUG TilesetLoader        - Created buffer with size 3360.0x1680.0
18:39:19.617 [JavaFX Application Thread] DEBUG TilesetLoader        - Loading view for layer Muro
18:39:19.650 [JavaFX Application Thread] DEBUG TilesetLoader        - Created buffer with size 3360.0x1680.0
18:39:19.652 [JavaFX Application Thread] DEBUG TilesetLoader        - Loading view for layer Rocas1
18:39:19.734 [JavaFX Application Thread] DEBUG TilesetLoader        - Created buffer with size 3360.0x1680.0
18:39:19.736 [JavaFX Application Thread] DEBUG TilesetLoader        - Loading view for layer SueloRuinas
18:39:19.859 [JavaFX Application Thread] DEBUG TilesetLoader        - Created buffer with size 3360.0x1680.0
18:39:19.933 [JavaFX Application Thread] DEBUG TilesetLoader        - Loading view for layer Ruinas
18:39:20.090 [JavaFX Application Thread] DEBUG TilesetLoader        - Created buffer with size 3360.0x1680.0
18:39:20.091 [JavaFX Application Thread] DEBUG TMXLevelLoader       - Creating object layer entities
18:39:20.179 [JavaFX Application Thread] DEBUG GameWorld            - Clearing removable entities
18:39:20.180 [JavaFX Application Thread] DEBUG GameWorld            - Setting level: com.almasb.fxgl.entity.level.Level@24e7ae10
18:39:20.241 [JavaFX Application Thread] DEBUG FXGLAssetLoaderServi - Loading from file system: file:/C:/UNI/juego/Galactic%20oddisey%202.0/Galactic%20odyssey-1/Galactic%20odyssey/target/classes/assets/textures/personaje.png
18:39:20.247 [JavaFX Application Thread] DEBUG Input                - Registered new binding: Move Right - D
18:39:20.247 [JavaFX Application Thread] DEBUG Input                - Registered new binding: Move Left - A
18:39:20.247 [JavaFX Application Thread] DEBUG Input                - Registered new binding: Move Up - W
18:39:20.247 [JavaFX Application Thread] DEBUG Input                - Registered new binding: Move Down - S
18:39:20.247 [JavaFX Application Thread] DEBUG Input                - Registered new binding: End Turn - Enter
18:39:20.249 [JavaFX Application Thread] DEBUG Input                - Registered new binding: Attack - Space
18:39:20.249 [JavaFX Application Thread] DEBUG Input                - Registered new binding: Special Ability - E
18:39:20.289 [JavaFX Application Thread] DEBUG FXGLAssetLoaderServi - Loading from file system: file:/C:/UNI/juego/Galactic%20oddisey%202.0/Galactic%20odyssey-1/Galactic%20odyssey/target/classes/assets/textures/drone.png
18:39:44.193 [JavaFX Application Thread] DEBUG LoopRunner           - Stopping loop
18:39:44.196 [JavaFX Application Thread] FATAL FXGLApplication      - Uncaught Exception:
java.lang.IllegalArgumentException: Component EnemyComponent not found!
	at com.almasb.fxgl.entity@17.3/com.almasb.fxgl.entity.Entity.getComponent(Entity.java:366)
	at Game.main/Domain.Entity.Characters.Players.Aurora.lambda$useSpecialAbility$0(Aurora.java:29)
	at java.base/java.util.ArrayList.forEach(ArrayList.java:1511)
	at Game.main/Domain.Entity.Characters.Players.Aurora.useSpecialAbility(Aurora.java:28)
	at Game.main/Domain.Entity.Characters.Players.PlayerEntity$7.onActionBegin(PlayerEntity.java:246)
	at com.almasb.fxgl.core@17.3/com.almasb.fxgl.input.UserAction.begin$fxgl_core(UserAction.kt:37)
	at com.almasb.fxgl.core@17.3/com.almasb.fxgl.input.Input.handlePressed(Input.kt:375)
	at com.almasb.fxgl.core@17.3/com.almasb.fxgl.input.Input.onKeyEvent(Input.kt:318)
	at com.almasb.fxgl.all@17.3/com.almasb.fxgl.app.PrimaryStageWindow$1$1.invoke(MainWindow.kt:308)
	at com.almasb.fxgl.all@17.3/com.almasb.fxgl.app.PrimaryStageWindow$1$1.invoke(MainWindow.kt:308)
	at com.almasb.fxgl.core@17.3/com.almasb.fxgl.core.fsm.StateMachine.runOnActiveStates(StateMachine.kt:69)
	at com.almasb.fxgl.all@17.3/com.almasb.fxgl.app.PrimaryStageWindow$1.invoke(MainWindow.kt:308)
	at com.almasb.fxgl.all@17.3/com.almasb.fxgl.app.PrimaryStageWindow$1.invoke(MainWindow.kt:306)
	at com.almasb.fxgl.all@17.3/com.almasb.fxgl.app.MainWindow.addKeyHandler$lambda$1(MainWindow.kt:221)
	at javafx.base/com.sun.javafx.event.CompositeEventHandler$NormalEventHandlerRecord.handleBubblingEvent(CompositeEventHandler.java:247)
	at javafx.base/com.sun.javafx.event.CompositeEventHandler.dispatchBubblingEvent(CompositeEventHandler.java:80)
	at javafx.base/com.sun.javafx.event.EventHandlerManager.dispatchBubblingEvent(EventHandlerManager.java:234)
	at javafx.base/com.sun.javafx.event.EventHandlerManager.dispatchBubblingEvent(EventHandlerManager.java:191)
	at javafx.base/com.sun.javafx.event.CompositeEventDispatcher.dispatchBubblingEvent(CompositeEventDispatcher.java:59)
	at javafx.base/com.sun.javafx.event.BasicEventDispatcher.dispatchEvent(BasicEventDispatcher.java:58)
	at javafx.base/com.sun.javafx.event.EventDispatchChainImpl.dispatchEvent(EventDispatchChainImpl.java:114)
	at javafx.base/com.sun.javafx.event.BasicEventDispatcher.dispatchEvent(BasicEventDispatcher.java:56)
	at javafx.base/com.sun.javafx.event.EventDispatchChainImpl.dispatchEvent(EventDispatchChainImpl.java:114)
	at javafx.base/com.sun.javafx.event.EventUtil.fireEventImpl(EventUtil.java:74)
	at javafx.base/com.sun.javafx.event.EventUtil.fireEvent(EventUtil.java:54)
	at javafx.base/javafx.event.Event.fireEvent(Event.java:198)
	at javafx.graphics/javafx.scene.Scene$KeyHandler.process(Scene.java:4105)
	at javafx.graphics/javafx.scene.Scene.processKeyEvent(Scene.java:2156)
	at javafx.graphics/javafx.scene.Scene$ScenePeerListener.keyEvent(Scene.java:2630)
	at javafx.graphics/com.sun.javafx.tk.quantum.GlassViewEventHandler$KeyEventNotification.run(GlassViewEventHandler.java:218)
	at javafx.graphics/com.sun.javafx.tk.quantum.GlassViewEventHandler$KeyEventNotification.run(GlassViewEventHandler.java:150)
	at java.base/java.security.AccessController.doPrivileged(AccessController.java:399)
	at javafx.graphics/com.sun.javafx.tk.quantum.GlassViewEventHandler.lambda$handleKeyEvent$1(GlassViewEventHandler.java:250)
	at javafx.graphics/com.sun.javafx.tk.quantum.QuantumToolkit.runWithoutRenderLock(QuantumToolkit.java:424)
	at javafx.graphics/com.sun.javafx.tk.quantum.GlassViewEventHandler.handleKeyEvent(GlassViewEventHandler.java:249)
	at javafx.graphics/com.sun.glass.ui.View.handleKeyEvent(View.java:548)
	at javafx.graphics/com.sun.glass.ui.View.notifyKey(View.java:972)
	at javafx.graphics/com.sun.glass.ui.win.WinApplication._runLoop(Native Method)
	at javafx.graphics/com.sun.glass.ui.win.WinApplication.lambda$runLoop$3(WinApplication.java:184)
	at java.base/java.lang.Thread.run(Thread.java:842)

18:39:44.196 [JavaFX Application Thread] FATAL FXGLApplication      - Application will now exit
18:39:44.244 [JavaFX Application Thread] DEBUG PrimaryStageWindow   - Push state: ErrorSubScene
18:39:44.244 [JavaFX Application Thread] DEBUG Input                - Clearing active input actions
18:39:44.245 [JavaFX Application Thread] DEBUG GameApplicationServi - Removing overlay from GameScene and adding to ErrorSubScene
18:39:44.245 [JavaFX Application Thread] DEBUG PrimaryStageWindow   - GameScene -> ErrorSubScene
18:40:05.921 [JavaFX Application Thread] DEBUG FXGLApplication      - Exiting FXGL
18:40:05.921 [JavaFX Application Thread] DEBUG Async                - Shutting down background threads
18:40:05.922 [JavaFX Application Thread] DEBUG PrimaryStageWindow   - Closing main window
18:40:05.961 [JavaFX Application Thread] DEBUG Logger               - Closing Logger
