18:23:44.596 [main                     ] DEBUG Logger               - Configured Logger
18:23:44.702 [main                     ] DEBUG GameApplication      - Logging settings
Title: Galactic Odyssey
Version: 0.0
Width: 1500
Height: 800
Fullscreen: false
Intro: false
Profiling: false
Single step:false
App Mode: DEVELOPER
Menu Key: ESCAPE
Stage Style: DECORATED
Scene Factory: class com.almasb.fxgl.app.scene.SceneFactory

18:23:45.355 [JavaFX Application Thread] DEBUG FXGLApplication      - Initializing FXGL
18:23:45.379 [JavaFX Application Thread] INFO  Engine               - FXGL-17.3 (30.03.2023 11.49) on WINDOWS (J:17.0.12 FX:17.0.2-ea)
18:23:45.381 [JavaFX Application Thread] DEBUG Engine               - JRE Vendor Name: Oracle Corporation
18:23:45.384 [JavaFX Application Thread] DEBUG Engine               - Running on OS: Windows 10 version 10.0
18:23:45.385 [JavaFX Application Thread] DEBUG Engine               - Architecture: amd64
18:23:45.385 [JavaFX Application Thread] INFO  Engine               - Source code and latest versions at: https://github.com/AlmasB/FXGL
18:23:45.386 [JavaFX Application Thread] INFO  Engine               -       Ask questions and discuss at: https://github.com/AlmasB/FXGL/discussions
18:23:45.386 [JavaFX Application Thread] INFO  Engine               -              Join the FXGL chat at: https://gitter.im/AlmasB/FXGL
18:23:45.607 [JavaFX Application Thread] DEBUG PrimaryStageWindow   - Creating a JavaFX scene
18:23:45.608 [JavaFX Application Thread] DEBUG PrimaryStageWindow   - Target size > screen size
18:23:45.720 [JavaFX Application Thread] DEBUG PrimaryStageWindow   - Target settings size: 1500.0 x 800.0
18:23:45.722 [JavaFX Application Thread] DEBUG PrimaryStageWindow   - Scaled scene size:    1340.0 x 728.0
18:23:45.723 [JavaFX Application Thread] DEBUG PrimaryStageWindow   - Scaled ratio: (0.8933333333333333, 0.91)
18:23:45.725 [JavaFX Application Thread] DEBUG PrimaryStageWindow   - Set initial scene to FXGLStartupScene
18:23:45.743 [JavaFX Application Thread] DEBUG PrimaryStageWindow   - Opening main window
18:23:45.942 [JavaFX Application Thread] DEBUG PrimaryStageWindow   - Window border size: (16.0, 39.0)
18:23:45.942 [JavaFX Application Thread] DEBUG PrimaryStageWindow   - Scaled size: 1340.0 x 728.0
18:23:45.943 [JavaFX Application Thread] DEBUG PrimaryStageWindow   - Scaled ratio: (0.8933333333333333, 0.91)
18:23:45.944 [JavaFX Application Thread] DEBUG PrimaryStageWindow   - Scene size: 1340.0 x 728.0
18:23:45.945 [JavaFX Application Thread] DEBUG PrimaryStageWindow   - Stage size: 1356.0 x 767.0
18:23:45.965 [FXGL Background Thread 1 ] DEBUG Engine               - Initializing environment variables
18:23:46.066 [FXGL Background Thread 1 ] DEBUG FXGLAssetLoaderServi - User app class for loading assets: class App.App
18:23:46.067 [FXGL Background Thread 1 ] DEBUG GameApplicationServi - Applying CSS: fxgl_dark.css
18:23:46.069 [FXGL Background Thread 1 ] DEBUG FXGLAssetLoaderServi - Loading from file system: jar:file:///C:/Users/Jonathan/.m2/repository/com/github/almasb/fxgl/17.3/fxgl-17.3.jar!/fxglassets/ui/css/fxgl_dark.css
18:23:46.238 [FXGL Background Thread 1 ] DEBUG GameApplicationServi - Initializing application scenes
18:23:46.456 [FXGL Background Thread 1 ] DEBUG GameWorld            - Game world initialized
18:23:46.644 [FXGL Background Thread 1 ] DEBUG PhysicsWorld         - Physics world initialized: appHeight=800, physics.ppm=50,0
18:23:46.645 [FXGL Background Thread 1 ] DEBUG PhysicsWorld         - Using strategy: BRUTE_FORCE
18:23:46.656 [FXGL Background Thread 1 ] DEBUG GameScene            - Game scene initialized: 1500x800
18:23:46.694 [FXGL Background Thread 1 ] DEBUG FXGL.DefaultMenu     - createMenuBodyGameMenu()
18:23:46.746 [FXGL Background Thread 1 ] DEBUG FXGL.DefaultMenu     - createOptionsMenu()
18:23:46.786 [FXGL Background Thread 1 ] DEBUG FXGLAssetLoaderServi - Loading from file system: jar:file:///C:/Users/Jonathan/.m2/repository/com/github/almasb/fxgl/17.3/fxgl-17.3.jar!/fxglassets/textures/particles/smoke.png
18:23:47.132 [FXGL Background Thread 1 ] DEBUG FXGLAssetLoaderServi - Loading from file system: jar:file:///C:/Users/Jonathan/.m2/repository/com/github/almasb/fxgl/17.3/fxgl-17.3.jar!/fxglassets/textures/particles/trace_horizontal.png
18:23:47.255 [FXGL Background Thread 1 ] DEBUG GameApplicationServi - Application scenes initialized
18:23:47.302 [FXGL Background Thread 1 ] DEBUG SystemBundleService  - Loading FXGL system data
18:23:47.315 [FXGL Background Thread 1 ] DEBUG FileSystemAccess     - Reading from: C:\Users\Jonathan\Documents\Galactic odyssey\system\fxgl.bundle
18:23:47.336 [FXGL Background Thread 1 ] DEBUG SystemBundleService  - Bundle FXGL: {}
18:23:47.337 [FXGL Background Thread 1 ] DEBUG UpdaterService       - Checking for updates
18:23:47.350 [FXGL Background Thread 4 ] DEBUG FXGLApplication      - Loading fonts
18:23:47.351 [FXGL Background Thread 1 ] DEBUG FXGLApplication      - Loading default localization
18:23:47.351 [FXGL Background Thread 4 ] DEBUG FXGLAssetLoaderServi - Loading from file system: jar:file:///C:/Users/Jonathan/.m2/repository/com/github/almasb/fxgl/17.3/fxgl-17.3.jar!/fxglassets/ui/fonts/VarelaRound-Regular.ttf
18:23:47.352 [FXGL Background Thread 1 ] DEBUG FXGLAssetLoaderServi - Loading from file system: jar:file:///C:/Users/Jonathan/.m2/repository/com/github/almasb/fxgl/17.3/fxgl-17.3.jar!/fxglassets/languages/english.lang
18:23:47.429 [FXGL Background Thread 1 ] INFO  FXGLApplication      - FXGL initialization took: 1,463 sec
18:23:47.431 [JavaFX Application Thread] DEBUG FXGLAssetLoaderServi - Loading from file system: jar:file:///C:/Users/Jonathan/.m2/repository/com/github/almasb/fxgl/17.3/fxgl-17.3.jar!/fxglassets/textures/fxgl_icon.png
18:23:47.476 [JavaFX Application Thread] DEBUG FXGLAssetLoaderServi - Loading from file system: jar:file:///C:/Users/Jonathan/.m2/repository/com/github/almasb/fxgl/17.3/fxgl-17.3.jar!/fxglassets/textures/fxgl_default_cursor.png
18:23:47.516 [JavaFX Application Thread] DEBUG Input                - Registered new binding: Screenshot - CTRL+8
18:23:47.538 [JavaFX Application Thread] DEBUG Input                - Registered new binding: System info dump - CTRL+9
18:23:47.539 [JavaFX Application Thread] DEBUG Input                - Registered new binding: Restart - CTRL+R
18:23:47.542 [JavaFX Application Thread] DEBUG Input                - Registered new binding: Toggle Debug Camera - CTRL+7
18:23:47.548 [JavaFX Application Thread] DEBUG LoopRunner           - Starting loop
18:23:47.548 [JavaFX Application Thread] DEBUG LoopRunner           - Initializing JavaFX AnimationTimerLoop
18:23:47.552 [JavaFX Application Thread] DEBUG GameApplicationServi - Starting new game
18:23:47.554 [JavaFX Application Thread] DEBUG Input                - Clearing active input actions
18:23:47.611 [JavaFX Application Thread] DEBUG GameApplicationServi - Removing overlay from FXGLStartupScene and adding to FXGLLoadingScene
18:23:47.612 [JavaFX Application Thread] DEBUG PrimaryStageWindow   - FXGLStartupScene -> FXGLLoadingScene
18:23:47.613 [JavaFX Application Thread] DEBUG GameApplicationServi - Clearing previous game
18:23:47.613 [JavaFX Application Thread] DEBUG GameScene            - Clearing game scene
18:23:47.613 [JavaFX Application Thread] DEBUG GameWorld            - Clearing game world
18:23:47.613 [JavaFX Application Thread] DEBUG PhysicsWorld         - Clearing physics world
18:23:47.619 [FXGL Background Thread 1 ] DEBUG FXGLApplication      - Initializing game
18:23:47.680 [FXGL Background Thread 1 ] DEBUG FXGLAssetLoaderServi - Loading from file system: file:/C:/Users/Jonathan/Documents/Galactic%20odyssey/target/classes/assets/textures/fondo_menu.png
18:23:47.899 [FXGL Background Thread 1 ] INFO  FXGLApplication      - Game initialization took: 0,278 sec
18:23:47.959 [FXGL Background Thread 4 ] DEBUG FXGLAssetLoaderServi - Loading from file system: jar:file:///C:/Users/Jonathan/.m2/repository/com/github/almasb/fxgl/17.3/fxgl-17.3.jar!/fxglassets/ui/fonts/Abel-Regular.ttf
18:23:47.990 [FXGL Background Thread 4 ] DEBUG FXGLAssetLoaderServi - Loading from file system: jar:file:///C:/Users/Jonathan/.m2/repository/com/github/almasb/fxgl/17.3/fxgl-17.3.jar!/fxglassets/ui/fonts/TerminalLandMono-Regular.otf
18:23:48.020 [FXGL Background Thread 4 ] DEBUG FXGLAssetLoaderServi - Loading from file system: jar:file:///C:/Users/Jonathan/.m2/repository/com/github/almasb/fxgl/17.3/fxgl-17.3.jar!/fxglassets/ui/fonts/Courier-Prime.ttf
18:23:48.079 [JavaFX Application Thread] DEBUG Input                - Clearing active input actions
18:23:48.142 [JavaFX Application Thread] DEBUG GameApplicationServi - Removing overlay from FXGLLoadingScene and adding to GameScene
18:23:48.180 [JavaFX Application Thread] DEBUG PrimaryStageWindow   - FXGLLoadingScene -> GameScene
18:23:48.410 [FXGL Background Thread 2 ] WARN  UpdaterService       - Failed to find updates: java.net.UnknownHostException: raw.githubusercontent.com
18:23:48.413 [JavaFX Application Thread] DEBUG FXGLApplication      - Registering font factories with UI factory
18:23:50.348 [FXGL Background Thread 3 ] DEBUG Engine               - Logging environment variables
18:23:50.349 [FXGL Background Thread 3 ] DEBUG Engine               - achievements: []
18:23:50.349 [FXGL Background Thread 3 ] DEBUG Engine               - actualHeight: 728.0
18:23:50.349 [FXGL Background Thread 3 ] DEBUG Engine               - actualHeightProperty: ReadOnlyDoubleProperty [value: 728.0]
18:23:50.350 [FXGL Background Thread 3 ] DEBUG Engine               - actualWidth: 1340.0
18:23:50.350 [FXGL Background Thread 3 ] DEBUG Engine               - actualWidthProperty: ReadOnlyDoubleProperty [value: 1340.0]
18:23:50.351 [FXGL Background Thread 3 ] DEBUG Engine               - appIcon: fxgl_icon.png
18:23:50.351 [FXGL Background Thread 3 ] DEBUG Engine               - applicationMode: DEVELOPER
18:23:50.351 [FXGL Background Thread 3 ] DEBUG Engine               - cSSList: [fxgl_dark.css]
18:23:50.351 [FXGL Background Thread 3 ] DEBUG Engine               - collisionDetectionStrategy: BRUTE_FORCE
18:23:50.351 [FXGL Background Thread 3 ] DEBUG Engine               - configClass: Optional.empty
18:23:50.351 [FXGL Background Thread 3 ] DEBUG Engine               - credits: []
18:23:50.352 [FXGL Background Thread 3 ] DEBUG Engine               - defaultCursor: CursorInfo(imageName=fxgl_default_cursor.png, hotspotX=7.0, hotspotY=6.0)
18:23:50.353 [FXGL Background Thread 3 ] DEBUG Engine               - devBBoxColorProperty: ObjectProperty [value: 0xff0000ff]
18:23:50.353 [FXGL Background Thread 3 ] DEBUG Engine               - devEnableDebugCameraProperty: BooleanProperty [value: false]
18:23:50.354 [FXGL Background Thread 3 ] DEBUG Engine               - devSensorColorProperty: ObjectProperty [value: 0xffff00ff]
18:23:50.354 [FXGL Background Thread 3 ] DEBUG Engine               - devShowBBoxProperty: BooleanProperty [value: false]
18:23:50.354 [FXGL Background Thread 3 ] DEBUG Engine               - devShowPositionProperty: BooleanProperty [value: false]
18:23:50.354 [FXGL Background Thread 3 ] DEBUG Engine               - enabledMenuItems: []
18:23:50.354 [FXGL Background Thread 3 ] DEBUG Engine               - engineServices: [class com.almasb.fxgl.app.services.FXGLAssetLoaderService, class com.almasb.fxgl.app.FXGLApplication$GameApplicationService, class com.almasb.fxgl.app.services.FXGLDialogService, class com.almasb.fxgl.app.services.IOTaskExecutorService, class com.almasb.fxgl.io.FileSystemService, class com.almasb.fxgl.localization.LocalizationService, class com.almasb.fxgl.app.services.SystemBundleService, class com.almasb.fxgl.profile.SaveLoadService, class com.almasb.fxgl.ui.FXGLUIFactoryServiceProvider, class com.almasb.fxgl.ui.FXGLDialogFactoryServiceProvider, class com.almasb.fxgl.audio.AudioPlayer, class com.almasb.fxgl.notification.impl.NotificationServiceProvider, class com.almasb.fxgl.achievement.AchievementService, class com.almasb.fxgl.cutscene.CutsceneService, class com.almasb.fxgl.minigames.MiniGameService, class com.almasb.fxgl.net.NetService, class com.almasb.fxgl.app.services.UpdaterService, class com.almasb.fxgl.dev.DevService]
18:23:50.354 [FXGL Background Thread 3 ] DEBUG Engine               - fontGame: Abel-Regular.ttf
18:23:50.355 [FXGL Background Thread 3 ] DEBUG Engine               - fontMono: TerminalLandMono-Regular.otf
18:23:50.355 [FXGL Background Thread 3 ] DEBUG Engine               - fontSizeScaleUI: 1.0
18:23:50.355 [FXGL Background Thread 3 ] DEBUG Engine               - fontText: Courier-Prime.ttf
18:23:50.356 [FXGL Background Thread 3 ] DEBUG Engine               - fontUI: VarelaRound-Regular.ttf
18:23:50.357 [FXGL Background Thread 3 ] DEBUG Engine               - fullScreen: BooleanProperty [value: false]
18:23:50.357 [FXGL Background Thread 3 ] DEBUG Engine               - gameDifficulty: MEDIUM
18:23:50.357 [FXGL Background Thread 3 ] DEBUG Engine               - gameDifficultyProperty: ObjectProperty [value: MEDIUM]
18:23:50.358 [FXGL Background Thread 3 ] DEBUG Engine               - globalMusicVolume: 0.5
18:23:50.358 [FXGL Background Thread 3 ] DEBUG Engine               - globalMusicVolumeProperty: DoubleProperty [value: 0.5]
18:23:50.358 [FXGL Background Thread 3 ] DEBUG Engine               - globalSoundVolume: 0.5
18:23:50.358 [FXGL Background Thread 3 ] DEBUG Engine               - globalSoundVolumeProperty: DoubleProperty [value: 0.5]
18:23:50.359 [FXGL Background Thread 3 ] DEBUG Engine               - height: 800
18:23:50.359 [FXGL Background Thread 3 ] DEBUG Engine               - is3D: false
18:23:50.359 [FXGL Background Thread 3 ] DEBUG Engine               - isAndroid: false
18:23:50.359 [FXGL Background Thread 3 ] DEBUG Engine               - isBrowser: false
18:23:50.359 [FXGL Background Thread 3 ] DEBUG Engine               - isClickFeedbackEnabled: false
18:23:50.359 [FXGL Background Thread 3 ] DEBUG Engine               - isCloseConfirmation: false
18:23:50.359 [FXGL Background Thread 3 ] DEBUG Engine               - isDesktop: true
18:23:50.360 [FXGL Background Thread 3 ] DEBUG Engine               - isDeveloperMenuEnabled: false
18:23:50.360 [FXGL Background Thread 3 ] DEBUG Engine               - isEmbedded: false
18:23:50.360 [FXGL Background Thread 3 ] DEBUG Engine               - isEntityPreloadEnabled: true
18:23:50.360 [FXGL Background Thread 3 ] DEBUG Engine               - isExperimentalTiledLargeMap: false
18:23:50.360 [FXGL Background Thread 3 ] DEBUG Engine               - isFileSystemWriteAllowed: true
18:23:50.360 [FXGL Background Thread 3 ] DEBUG Engine               - isFullScreenAllowed: false
18:23:50.363 [FXGL Background Thread 3 ] DEBUG Engine               - isFullScreenFromStart: false
18:23:50.363 [FXGL Background Thread 3 ] DEBUG Engine               - isGameMenuEnabled: true
18:23:50.363 [FXGL Background Thread 3 ] DEBUG Engine               - isIOS: false
18:23:50.364 [FXGL Background Thread 3 ] DEBUG Engine               - isIntroEnabled: false
18:23:50.364 [FXGL Background Thread 3 ] DEBUG Engine               - isLinux: false
18:23:50.364 [FXGL Background Thread 3 ] DEBUG Engine               - isMac: false
18:23:50.364 [FXGL Background Thread 3 ] DEBUG Engine               - isMainMenuEnabled: false
18:23:50.365 [FXGL Background Thread 3 ] DEBUG Engine               - isManualResizeEnabled: false
18:23:50.365 [FXGL Background Thread 3 ] DEBUG Engine               - isMobile: false
18:23:50.365 [FXGL Background Thread 3 ] DEBUG Engine               - isNative: false
18:23:50.365 [FXGL Background Thread 3 ] DEBUG Engine               - isPauseMusicWhenMinimized: true
18:23:50.367 [FXGL Background Thread 3 ] DEBUG Engine               - isPreserveResizeRatio: false
18:23:50.367 [FXGL Background Thread 3 ] DEBUG Engine               - isProfilingEnabled: false
18:23:50.367 [FXGL Background Thread 3 ] DEBUG Engine               - isScaleAffectedOnResize: true
18:23:50.369 [FXGL Background Thread 3 ] DEBUG Engine               - isSingleStep: false
18:23:50.369 [FXGL Background Thread 3 ] DEBUG Engine               - isUserProfileEnabled: false
18:23:50.370 [FXGL Background Thread 3 ] DEBUG Engine               - isWindows: true
18:23:50.370 [FXGL Background Thread 3 ] DEBUG Engine               - language: ObjectProperty [value: ENGLISH]
18:23:50.370 [FXGL Background Thread 3 ] DEBUG Engine               - menuKey: ESCAPE
18:23:50.370 [FXGL Background Thread 3 ] DEBUG Engine               - mouseSensitivity: 0.2
18:23:50.370 [FXGL Background Thread 3 ] DEBUG Engine               - notificationViewClass: class com.almasb.fxgl.notification.view.XboxNotificationView
18:23:50.371 [FXGL Background Thread 3 ] DEBUG Engine               - pixelsPerMeter: 50.0
18:23:50.371 [FXGL Background Thread 3 ] DEBUG Engine               - platform: WINDOWS
18:23:50.371 [FXGL Background Thread 3 ] DEBUG Engine               - prefHeightProperty: ReadOnlyDoubleProperty [value: 800.0]
18:23:50.371 [FXGL Background Thread 3 ] DEBUG Engine               - prefWidthProperty: ReadOnlyDoubleProperty [value: 1500.0]
18:23:50.371 [FXGL Background Thread 3 ] DEBUG Engine               - profileDir: profiles/
18:23:50.371 [FXGL Background Thread 3 ] DEBUG Engine               - profileName: StringProperty [value: DEFAULT]
18:23:50.371 [FXGL Background Thread 3 ] DEBUG Engine               - randomSeed: -1
18:23:50.373 [FXGL Background Thread 3 ] DEBUG Engine               - runtimeInfo: RuntimeInfo(platform=WINDOWS, version=17.3, build=30.03.2023 11.49)
18:23:50.373 [FXGL Background Thread 3 ] DEBUG Engine               - saveFileExt: sav
18:23:50.373 [FXGL Background Thread 3 ] DEBUG Engine               - scaledHeightProp$fxgl: DoubleProperty [bound, value: 728.0]
18:23:50.373 [FXGL Background Thread 3 ] DEBUG Engine               - scaledWidthProp$fxgl: DoubleProperty [bound, value: 1340.0]
18:23:50.373 [FXGL Background Thread 3 ] DEBUG Engine               - sceneFactory: com.almasb.fxgl.app.scene.SceneFactory@1a610453
18:23:50.373 [FXGL Background Thread 3 ] DEBUG Engine               - secondsIn24h: 60
18:23:50.373 [FXGL Background Thread 3 ] DEBUG Engine               - soundMenuBack: menu/back.wav
18:23:50.373 [FXGL Background Thread 3 ] DEBUG Engine               - soundMenuPress: menu/press.wav
18:23:50.374 [FXGL Background Thread 3 ] DEBUG Engine               - soundMenuSelect: menu/select.wav
18:23:50.374 [FXGL Background Thread 3 ] DEBUG Engine               - soundNotification: core/notification.wav
18:23:50.374 [FXGL Background Thread 3 ] DEBUG Engine               - stageStyle: DECORATED
18:23:50.374 [FXGL Background Thread 3 ] DEBUG Engine               - supportedLanguages: [ENGLISH, FRENCH, GERMAN, HUNGARIAN, RUSSIAN]
18:23:50.374 [FXGL Background Thread 3 ] DEBUG Engine               - ticksPerSecond: -1
18:23:50.374 [FXGL Background Thread 3 ] DEBUG Engine               - title: Galactic Odyssey
18:23:50.375 [FXGL Background Thread 3 ] DEBUG Engine               - urlGithub: https://github.com/AlmasB/FXGL
18:23:50.375 [FXGL Background Thread 3 ] DEBUG Engine               - urlLeaderboard: http://fxgl-top.herokuapp.com/
18:23:50.375 [FXGL Background Thread 3 ] DEBUG Engine               - urlPOM: https://raw.githubusercontent.com/AlmasB/FXGL/release/README.md
18:23:50.375 [FXGL Background Thread 3 ] DEBUG Engine               - userAppClass: class App.App
18:23:50.375 [FXGL Background Thread 3 ] DEBUG Engine               - version: 0.0
18:23:50.375 [FXGL Background Thread 3 ] DEBUG Engine               - versionCheckDays: 7
18:23:50.375 [FXGL Background Thread 3 ] DEBUG Engine               - width: 1500
18:23:50.376 [FXGL Background Thread 3 ] DEBUG Engine               - Logging services
18:23:50.376 [FXGL Background Thread 3 ] DEBUG Engine               - class com.almasb.fxgl.app.services.FXGLAssetLoaderService
18:23:50.376 [FXGL Background Thread 3 ] DEBUG Engine               - class com.almasb.fxgl.app.FXGLApplication$GameApplicationService
18:23:50.376 [FXGL Background Thread 3 ] DEBUG Engine               - class com.almasb.fxgl.app.services.FXGLDialogService
18:23:50.376 [FXGL Background Thread 3 ] DEBUG Engine               - class com.almasb.fxgl.app.services.IOTaskExecutorService
18:23:50.376 [FXGL Background Thread 3 ] DEBUG Engine               - class com.almasb.fxgl.io.FileSystemService
18:23:50.378 [FXGL Background Thread 3 ] DEBUG Engine               - class com.almasb.fxgl.localization.LocalizationService
18:23:50.378 [FXGL Background Thread 3 ] DEBUG Engine               - class com.almasb.fxgl.app.services.SystemBundleService
18:23:50.379 [FXGL Background Thread 3 ] DEBUG Engine               - class com.almasb.fxgl.profile.SaveLoadService
18:23:50.379 [FXGL Background Thread 3 ] DEBUG Engine               - class com.almasb.fxgl.ui.FXGLUIFactoryServiceProvider
18:23:50.379 [FXGL Background Thread 3 ] DEBUG Engine               - class com.almasb.fxgl.ui.FXGLDialogFactoryServiceProvider
18:23:50.379 [FXGL Background Thread 3 ] DEBUG Engine               - class com.almasb.fxgl.audio.AudioPlayer
18:23:50.379 [FXGL Background Thread 3 ] DEBUG Engine               - class com.almasb.fxgl.notification.impl.NotificationServiceProvider
18:23:50.379 [FXGL Background Thread 3 ] DEBUG Engine               - class com.almasb.fxgl.achievement.AchievementService
18:23:50.379 [FXGL Background Thread 3 ] DEBUG Engine               - class com.almasb.fxgl.cutscene.CutsceneService
18:23:50.379 [FXGL Background Thread 3 ] DEBUG Engine               - class com.almasb.fxgl.minigames.MiniGameService
18:23:50.380 [FXGL Background Thread 3 ] DEBUG Engine               - class com.almasb.fxgl.net.NetService
18:23:50.380 [FXGL Background Thread 3 ] DEBUG Engine               - class com.almasb.fxgl.app.services.UpdaterService
18:23:50.380 [FXGL Background Thread 3 ] DEBUG Engine               - class com.almasb.fxgl.dev.DevService
18:23:53.530 [JavaFX Application Thread] DEBUG FXGLApplication      - Exiting FXGL
18:23:53.530 [JavaFX Application Thread] DEBUG LoopRunner           - Stopping loop
18:23:53.530 [JavaFX Application Thread] DEBUG SystemBundleService  - Saving FXGL system data
18:23:53.539 [JavaFX Application Thread] DEBUG FileSystemAccess     - Writing to: C:\Users\Jonathan\Documents\Galactic odyssey\system\fxgl.bundle
18:23:53.544 [JavaFX Application Thread] DEBUG Async                - Shutting down background threads
18:23:53.544 [JavaFX Application Thread] DEBUG PrimaryStageWindow   - Closing main window
18:23:53.597 [JavaFX Application Thread] DEBUG Logger               - Closing Logger
