22:42:33.878 [main                     ] DEBUG Logger               - Configured Logger
22:42:33.956 [main                     ] DEBUG GameApplication      - Logging settings
Title: Galactic Odyssey
Version: 0.0
Width: 1080
Height: 617
Fullscreen: false
Intro: false
Profiling: false
Single step:false
App Mode: DEVELOPER
Menu Key: ESCAPE
Stage Style: DECORATED
Scene Factory: class com.almasb.fxgl.app.scene.SceneFactory

22:42:34.459 [JavaFX Application Thread] DEBUG FXGLApplication      - Initializing FXGL
22:42:34.481 [JavaFX Application Thread] INFO  Engine               - FXGL-17.3 (30.03.2023 11.49) on WINDOWS (J:17.0.12 FX:17.0.2-ea)
22:42:34.482 [JavaFX Application Thread] DEBUG Engine               - JRE Vendor Name: Oracle Corporation
22:42:34.483 [JavaFX Application Thread] DEBUG Engine               - Running on OS: Windows 10 version 10.0
22:42:34.483 [JavaFX Application Thread] DEBUG Engine               - Architecture: amd64
22:42:34.483 [JavaFX Application Thread] INFO  Engine               - Source code and latest versions at: https://github.com/AlmasB/FXGL
22:42:34.484 [JavaFX Application Thread] INFO  Engine               -       Ask questions and discuss at: https://github.com/AlmasB/FXGL/discussions
22:42:34.484 [JavaFX Application Thread] INFO  Engine               -              Join the FXGL chat at: https://gitter.im/AlmasB/FXGL
22:42:34.648 [JavaFX Application Thread] DEBUG PrimaryStageWindow   - Creating a JavaFX scene
22:42:34.727 [JavaFX Application Thread] DEBUG PrimaryStageWindow   - Target settings size: 1080.0 x 617.0
22:42:34.728 [JavaFX Application Thread] DEBUG PrimaryStageWindow   - Scaled scene size:    1080.0 x 617.0
22:42:34.728 [JavaFX Application Thread] DEBUG PrimaryStageWindow   - Scaled ratio: (1.0, 1.0)
22:42:34.730 [JavaFX Application Thread] DEBUG PrimaryStageWindow   - Set initial scene to FXGLStartupScene
22:42:34.746 [JavaFX Application Thread] DEBUG PrimaryStageWindow   - Opening main window
22:42:34.903 [JavaFX Application Thread] DEBUG PrimaryStageWindow   - Window border size: (16.0, 39.0)
22:42:34.903 [JavaFX Application Thread] DEBUG PrimaryStageWindow   - Scaled size: 1080.0 x 617.0
22:42:34.904 [JavaFX Application Thread] DEBUG PrimaryStageWindow   - Scaled ratio: (1.0, 1.0)
22:42:34.905 [JavaFX Application Thread] DEBUG PrimaryStageWindow   - Scene size: 1080.0 x 617.0
22:42:34.905 [JavaFX Application Thread] DEBUG PrimaryStageWindow   - Stage size: 1096.0 x 656.0
22:42:34.981 [FXGL Background Thread 1 ] DEBUG Engine               - Initializing environment variables
22:42:35.048 [FXGL Background Thread 1 ] DEBUG FXGLAssetLoaderServi - User app class for loading assets: class App.App
22:42:35.049 [FXGL Background Thread 1 ] DEBUG GameApplicationServi - Applying CSS: fxgl_dark.css
22:42:35.050 [FXGL Background Thread 1 ] DEBUG FXGLAssetLoaderServi - Loading from file system: jar:file:///C:/Users/Jonathan/.m2/repository/com/github/almasb/fxgl/17.3/fxgl-17.3.jar!/fxglassets/ui/css/fxgl_dark.css
22:42:35.187 [FXGL Background Thread 1 ] DEBUG GameApplicationServi - Initializing application scenes
22:42:35.400 [FXGL Background Thread 1 ] DEBUG GameWorld            - Game world initialized
22:42:35.567 [FXGL Background Thread 1 ] DEBUG PhysicsWorld         - Physics world initialized: appHeight=617, physics.ppm=50,0
22:42:35.567 [FXGL Background Thread 1 ] DEBUG PhysicsWorld         - Using strategy: BRUTE_FORCE
22:42:35.580 [FXGL Background Thread 1 ] DEBUG GameScene            - Game scene initialized: 1080x617
22:42:35.608 [FXGL Background Thread 1 ] DEBUG FXGL.DefaultMenu     - createMenuBodyGameMenu()
22:42:35.639 [FXGL Background Thread 1 ] DEBUG FXGL.DefaultMenu     - createOptionsMenu()
22:42:35.663 [FXGL Background Thread 1 ] DEBUG FXGLAssetLoaderServi - Loading from file system: jar:file:///C:/Users/Jonathan/.m2/repository/com/github/almasb/fxgl/17.3/fxgl-17.3.jar!/fxglassets/textures/particles/smoke.png
22:42:35.900 [FXGL Background Thread 1 ] DEBUG FXGLAssetLoaderServi - Loading from file system: jar:file:///C:/Users/Jonathan/.m2/repository/com/github/almasb/fxgl/17.3/fxgl-17.3.jar!/fxglassets/textures/particles/trace_horizontal.png
22:42:35.972 [FXGL Background Thread 1 ] DEBUG GameApplicationServi - Application scenes initialized
22:42:36.001 [FXGL Background Thread 1 ] DEBUG SystemBundleService  - Loading FXGL system data
22:42:36.015 [FXGL Background Thread 1 ] DEBUG FileSystemAccess     - Reading from: C:\Users\Jonathan\Documents\Galactic oddisseycopia 1\system\fxgl.bundle
22:42:36.033 [FXGL Background Thread 1 ] DEBUG SystemBundleService  - Bundle FXGL: {}
22:42:36.034 [FXGL Background Thread 1 ] DEBUG UpdaterService       - Checking for updates
22:42:36.051 [FXGL Background Thread 1 ] DEBUG FXGLApplication      - Loading default localization
22:42:36.054 [FXGL Background Thread 1 ] DEBUG FXGLAssetLoaderServi - Loading from file system: jar:file:///C:/Users/Jonathan/.m2/repository/com/github/almasb/fxgl/17.3/fxgl-17.3.jar!/fxglassets/languages/english.lang
22:42:36.054 [FXGL Background Thread 4 ] DEBUG FXGLApplication      - Loading fonts
22:42:36.063 [FXGL Background Thread 4 ] DEBUG FXGLAssetLoaderServi - Loading from file system: jar:file:///C:/Users/Jonathan/.m2/repository/com/github/almasb/fxgl/17.3/fxgl-17.3.jar!/fxglassets/ui/fonts/VarelaRound-Regular.ttf
22:42:36.128 [FXGL Background Thread 1 ] INFO  FXGLApplication      - FXGL initialization took: 1,146 sec
22:42:36.130 [JavaFX Application Thread] DEBUG FXGLAssetLoaderServi - Loading from file system: jar:file:///C:/Users/Jonathan/.m2/repository/com/github/almasb/fxgl/17.3/fxgl-17.3.jar!/fxglassets/textures/fxgl_icon.png
22:42:36.176 [JavaFX Application Thread] DEBUG FXGLAssetLoaderServi - Loading from file system: jar:file:///C:/Users/Jonathan/.m2/repository/com/github/almasb/fxgl/17.3/fxgl-17.3.jar!/fxglassets/textures/fxgl_default_cursor.png
22:42:36.204 [JavaFX Application Thread] DEBUG Input                - Registered new binding: Screenshot - CTRL+8
22:42:36.205 [JavaFX Application Thread] DEBUG Input                - Registered new binding: System info dump - CTRL+9
22:42:36.206 [JavaFX Application Thread] DEBUG Input                - Registered new binding: Restart - CTRL+R
22:42:36.208 [JavaFX Application Thread] DEBUG Input                - Registered new binding: Toggle Debug Camera - CTRL+7
22:42:36.212 [JavaFX Application Thread] DEBUG LoopRunner           - Starting loop
22:42:36.213 [JavaFX Application Thread] DEBUG LoopRunner           - Initializing JavaFX AnimationTimerLoop
22:42:36.216 [JavaFX Application Thread] DEBUG GameApplicationServi - Starting new game
22:42:36.217 [JavaFX Application Thread] DEBUG Input                - Clearing active input actions
22:42:36.247 [JavaFX Application Thread] DEBUG GameApplicationServi - Removing overlay from FXGLStartupScene and adding to FXGLLoadingScene
22:42:36.248 [JavaFX Application Thread] DEBUG PrimaryStageWindow   - FXGLStartupScene -> FXGLLoadingScene
22:42:36.248 [JavaFX Application Thread] DEBUG GameApplicationServi - Clearing previous game
22:42:36.248 [JavaFX Application Thread] DEBUG GameScene            - Clearing game scene
22:42:36.248 [JavaFX Application Thread] DEBUG GameWorld            - Clearing game world
22:42:36.249 [JavaFX Application Thread] DEBUG PhysicsWorld         - Clearing physics world
22:42:36.252 [FXGL Background Thread 1 ] DEBUG FXGLApplication      - Initializing game
22:42:36.278 [FXGL Background Thread 1 ] DEBUG FXGLAssetLoaderServi - Loading from file system: file:/C:/Users/Jonathan/Documents/Galactic%20oddisseycopia%201/target/classes/assets/textures/fondo_menu.png
22:42:36.342 [FXGL Background Thread 1 ] INFO  FXGLApplication      - Game initialization took: 0,091 sec
22:42:36.378 [JavaFX Application Thread] DEBUG Input                - Clearing active input actions
22:42:36.452 [JavaFX Application Thread] DEBUG GameApplicationServi - Removing overlay from FXGLLoadingScene and adding to GameScene
22:42:36.453 [JavaFX Application Thread] DEBUG PrimaryStageWindow   - FXGLLoadingScene -> GameScene
22:42:36.578 [FXGL Background Thread 4 ] DEBUG FXGLAssetLoaderServi - Loading from file system: jar:file:///C:/Users/Jonathan/.m2/repository/com/github/almasb/fxgl/17.3/fxgl-17.3.jar!/fxglassets/ui/fonts/Abel-Regular.ttf
22:42:36.600 [FXGL Background Thread 4 ] DEBUG FXGLAssetLoaderServi - Loading from file system: jar:file:///C:/Users/Jonathan/.m2/repository/com/github/almasb/fxgl/17.3/fxgl-17.3.jar!/fxglassets/ui/fonts/TerminalLandMono-Regular.otf
22:42:36.623 [FXGL Background Thread 4 ] DEBUG FXGLAssetLoaderServi - Loading from file system: jar:file:///C:/Users/Jonathan/.m2/repository/com/github/almasb/fxgl/17.3/fxgl-17.3.jar!/fxglassets/ui/fonts/Courier-Prime.ttf
22:42:36.664 [JavaFX Application Thread] DEBUG FXGLApplication      - Registering font factories with UI factory
22:42:36.830 [FXGL Background Thread 2 ] WARN  UpdaterService       - Failed to find updates: java.net.UnknownHostException: raw.githubusercontent.com
22:42:37.580 [JavaFX Application Thread] WARN  TMXLevelLoader       - TiledMap generated from 1.11.2. Supported version: 1.9.0. Some features may not be parsed fully.
22:42:37.636 [JavaFX Application Thread] DEBUG TMXLevelLoader       - Parsed TiledMap: file:/C:/Users/Jonathan/Documents/Galactic%20oddisseycopia%201/target/classes/assets/levels/MapGame1.tmx
22:42:37.637 [JavaFX Application Thread] DEBUG TMXLevelLoader       - Creating tile layer entities
22:42:37.640 [JavaFX Application Thread] DEBUG TilesetLoader        - Loading view for layer Espacio
22:42:37.644 [JavaFX Application Thread] DEBUG TilesetLoader        - Created buffer with size 1920.0x960.0
22:42:37.748 [JavaFX Application Thread] DEBUG TilesetLoader        - Loading view for layer Planetas
22:42:37.754 [JavaFX Application Thread] DEBUG TilesetLoader        - Created buffer with size 1920.0x960.0
22:42:37.759 [JavaFX Application Thread] DEBUG TilesetLoader        - Loading view for layer Suelo
22:42:37.764 [JavaFX Application Thread] DEBUG TilesetLoader        - Created buffer with size 1920.0x960.0
22:42:37.775 [JavaFX Application Thread] DEBUG TilesetLoader        - Loading view for layer Suelo ruinas
22:42:37.781 [JavaFX Application Thread] DEBUG TilesetLoader        - Created buffer with size 1920.0x960.0
22:42:37.783 [JavaFX Application Thread] DEBUG TilesetLoader        - Loading view for layer Torres ruinas
22:42:37.787 [JavaFX Application Thread] DEBUG TilesetLoader        - Created buffer with size 1920.0x960.0
22:42:37.896 [JavaFX Application Thread] DEBUG TilesetLoader        - Loading view for layer Cristales espaciales
22:42:37.903 [JavaFX Application Thread] DEBUG TilesetLoader        - Created buffer with size 1920.0x960.0
22:42:37.905 [JavaFX Application Thread] DEBUG TilesetLoader        - Loading view for layer Rocas1
22:42:37.911 [JavaFX Application Thread] DEBUG TilesetLoader        - Created buffer with size 1920.0x960.0
22:42:37.982 [JavaFX Application Thread] DEBUG TilesetLoader        - Loading view for layer Muro
22:42:37.988 [JavaFX Application Thread] DEBUG TilesetLoader        - Created buffer with size 1920.0x960.0
22:42:37.991 [JavaFX Application Thread] DEBUG TilesetLoader        - Loading view for layer Rocas
22:42:37.996 [JavaFX Application Thread] DEBUG TilesetLoader        - Created buffer with size 1920.0x960.0
22:42:38.003 [JavaFX Application Thread] DEBUG TilesetLoader        - Loading view for layer Rocas2
22:42:38.007 [JavaFX Application Thread] DEBUG TilesetLoader        - Created buffer with size 1920.0x960.0
22:42:38.010 [JavaFX Application Thread] DEBUG TilesetLoader        - Loading view for layer Naves
22:42:38.015 [JavaFX Application Thread] DEBUG TilesetLoader        - Created buffer with size 1920.0x960.0
22:42:38.021 [JavaFX Application Thread] DEBUG TilesetLoader        - Loading view for layer Objetos
22:42:38.025 [JavaFX Application Thread] DEBUG TilesetLoader        - Created buffer with size 1920.0x960.0
22:42:38.026 [JavaFX Application Thread] DEBUG TMXLevelLoader       - Creating object layer entities
22:42:38.080 [JavaFX Application Thread] DEBUG GameWorld            - Clearing removable entities
22:42:38.081 [JavaFX Application Thread] DEBUG GameWorld            - Setting level: com.almasb.fxgl.entity.level.Level@218f46bc
22:42:38.101 [JavaFX Application Thread] DEBUG Input                - Registered new binding: Move Right - D
22:42:38.101 [JavaFX Application Thread] DEBUG Input                - Registered new binding: Move Left - A
22:42:38.102 [JavaFX Application Thread] DEBUG Input                - Registered new binding: Move Up - W
22:42:38.102 [JavaFX Application Thread] DEBUG Input                - Registered new binding: Move Down - S
22:42:39.044 [FXGL Background Thread 3 ] DEBUG Engine               - Logging environment variables
22:42:39.046 [FXGL Background Thread 3 ] DEBUG Engine               - achievements: []
22:42:39.047 [FXGL Background Thread 3 ] DEBUG Engine               - actualHeight: 617.0
22:42:39.048 [FXGL Background Thread 3 ] DEBUG Engine               - actualHeightProperty: ReadOnlyDoubleProperty [value: 617.0]
22:42:39.048 [FXGL Background Thread 3 ] DEBUG Engine               - actualWidth: 1080.0
22:42:39.049 [FXGL Background Thread 3 ] DEBUG Engine               - actualWidthProperty: ReadOnlyDoubleProperty [value: 1080.0]
22:42:39.049 [FXGL Background Thread 3 ] DEBUG Engine               - appIcon: fxgl_icon.png
22:42:39.049 [FXGL Background Thread 3 ] DEBUG Engine               - applicationMode: DEVELOPER
22:42:39.050 [FXGL Background Thread 3 ] DEBUG Engine               - cSSList: [fxgl_dark.css]
22:42:39.050 [FXGL Background Thread 3 ] DEBUG Engine               - collisionDetectionStrategy: BRUTE_FORCE
22:42:39.051 [FXGL Background Thread 3 ] DEBUG Engine               - configClass: Optional.empty
22:42:39.051 [FXGL Background Thread 3 ] DEBUG Engine               - credits: []
22:42:39.054 [FXGL Background Thread 3 ] DEBUG Engine               - defaultCursor: CursorInfo(imageName=fxgl_default_cursor.png, hotspotX=7.0, hotspotY=6.0)
22:42:39.055 [FXGL Background Thread 3 ] DEBUG Engine               - devBBoxColorProperty: ObjectProperty [value: 0xff0000ff]
22:42:39.056 [FXGL Background Thread 3 ] DEBUG Engine               - devEnableDebugCameraProperty: BooleanProperty [value: false]
22:42:39.057 [FXGL Background Thread 3 ] DEBUG Engine               - devSensorColorProperty: ObjectProperty [value: 0xffff00ff]
22:42:39.057 [FXGL Background Thread 3 ] DEBUG Engine               - devShowBBoxProperty: BooleanProperty [value: false]
22:42:39.058 [FXGL Background Thread 3 ] DEBUG Engine               - devShowPositionProperty: BooleanProperty [value: false]
22:42:39.059 [FXGL Background Thread 3 ] DEBUG Engine               - enabledMenuItems: []
22:42:39.059 [FXGL Background Thread 3 ] DEBUG Engine               - engineServices: [class com.almasb.fxgl.app.services.FXGLAssetLoaderService, class com.almasb.fxgl.app.FXGLApplication$GameApplicationService, class com.almasb.fxgl.app.services.FXGLDialogService, class com.almasb.fxgl.app.services.IOTaskExecutorService, class com.almasb.fxgl.io.FileSystemService, class com.almasb.fxgl.localization.LocalizationService, class com.almasb.fxgl.app.services.SystemBundleService, class com.almasb.fxgl.profile.SaveLoadService, class com.almasb.fxgl.ui.FXGLUIFactoryServiceProvider, class com.almasb.fxgl.ui.FXGLDialogFactoryServiceProvider, class com.almasb.fxgl.audio.AudioPlayer, class com.almasb.fxgl.notification.impl.NotificationServiceProvider, class com.almasb.fxgl.achievement.AchievementService, class com.almasb.fxgl.cutscene.CutsceneService, class com.almasb.fxgl.minigames.MiniGameService, class com.almasb.fxgl.net.NetService, class com.almasb.fxgl.app.services.UpdaterService, class com.almasb.fxgl.dev.DevService]
22:42:39.060 [FXGL Background Thread 3 ] DEBUG Engine               - fontGame: Abel-Regular.ttf
22:42:39.060 [FXGL Background Thread 3 ] DEBUG Engine               - fontMono: TerminalLandMono-Regular.otf
22:42:39.061 [FXGL Background Thread 3 ] DEBUG Engine               - fontSizeScaleUI: 1.0
22:42:39.061 [FXGL Background Thread 3 ] DEBUG Engine               - fontText: Courier-Prime.ttf
22:42:39.062 [FXGL Background Thread 3 ] DEBUG Engine               - fontUI: VarelaRound-Regular.ttf
22:42:39.062 [FXGL Background Thread 3 ] DEBUG Engine               - fullScreen: BooleanProperty [value: false]
22:42:39.063 [FXGL Background Thread 3 ] DEBUG Engine               - gameDifficulty: MEDIUM
22:42:39.063 [FXGL Background Thread 3 ] DEBUG Engine               - gameDifficultyProperty: ObjectProperty [value: MEDIUM]
22:42:39.064 [FXGL Background Thread 3 ] DEBUG Engine               - globalMusicVolume: 0.5
22:42:39.065 [FXGL Background Thread 3 ] DEBUG Engine               - globalMusicVolumeProperty: DoubleProperty [value: 0.5]
22:42:39.065 [FXGL Background Thread 3 ] DEBUG Engine               - globalSoundVolume: 0.5
22:42:39.065 [FXGL Background Thread 3 ] DEBUG Engine               - globalSoundVolumeProperty: DoubleProperty [value: 0.5]
22:42:39.066 [FXGL Background Thread 3 ] DEBUG Engine               - height: 617
22:42:39.066 [FXGL Background Thread 3 ] DEBUG Engine               - is3D: false
22:42:39.066 [FXGL Background Thread 3 ] DEBUG Engine               - isAndroid: false
22:42:39.067 [FXGL Background Thread 3 ] DEBUG Engine               - isBrowser: false
22:42:39.067 [FXGL Background Thread 3 ] DEBUG Engine               - isClickFeedbackEnabled: false
22:42:39.067 [FXGL Background Thread 3 ] DEBUG Engine               - isCloseConfirmation: false
22:42:39.067 [FXGL Background Thread 3 ] DEBUG Engine               - isDesktop: true
22:42:39.068 [FXGL Background Thread 3 ] DEBUG Engine               - isDeveloperMenuEnabled: false
22:42:39.068 [FXGL Background Thread 3 ] DEBUG Engine               - isEmbedded: false
22:42:39.068 [FXGL Background Thread 3 ] DEBUG Engine               - isEntityPreloadEnabled: true
22:42:39.068 [FXGL Background Thread 3 ] DEBUG Engine               - isExperimentalTiledLargeMap: false
22:42:39.068 [FXGL Background Thread 3 ] DEBUG Engine               - isFileSystemWriteAllowed: true
22:42:39.069 [FXGL Background Thread 3 ] DEBUG Engine               - isFullScreenAllowed: false
22:42:39.069 [FXGL Background Thread 3 ] DEBUG Engine               - isFullScreenFromStart: false
22:42:39.069 [FXGL Background Thread 3 ] DEBUG Engine               - isGameMenuEnabled: true
22:42:39.069 [FXGL Background Thread 3 ] DEBUG Engine               - isIOS: false
22:42:39.070 [FXGL Background Thread 3 ] DEBUG Engine               - isIntroEnabled: false
22:42:39.070 [FXGL Background Thread 3 ] DEBUG Engine               - isLinux: false
22:42:39.070 [FXGL Background Thread 3 ] DEBUG Engine               - isMac: false
22:42:39.070 [FXGL Background Thread 3 ] DEBUG Engine               - isMainMenuEnabled: false
22:42:39.070 [FXGL Background Thread 3 ] DEBUG Engine               - isManualResizeEnabled: false
22:42:39.071 [FXGL Background Thread 3 ] DEBUG Engine               - isMobile: false
22:42:39.071 [FXGL Background Thread 3 ] DEBUG Engine               - isNative: false
22:42:39.071 [FXGL Background Thread 3 ] DEBUG Engine               - isPauseMusicWhenMinimized: true
22:42:39.071 [FXGL Background Thread 3 ] DEBUG Engine               - isPreserveResizeRatio: false
22:42:39.071 [FXGL Background Thread 3 ] DEBUG Engine               - isProfilingEnabled: false
22:42:39.072 [FXGL Background Thread 3 ] DEBUG Engine               - isScaleAffectedOnResize: true
22:42:39.072 [FXGL Background Thread 3 ] DEBUG Engine               - isSingleStep: false
22:42:39.072 [FXGL Background Thread 3 ] DEBUG Engine               - isUserProfileEnabled: false
22:42:39.073 [FXGL Background Thread 3 ] DEBUG Engine               - isWindows: true
22:42:39.073 [FXGL Background Thread 3 ] DEBUG Engine               - language: ObjectProperty [value: ENGLISH]
22:42:39.073 [FXGL Background Thread 3 ] DEBUG Engine               - menuKey: ESCAPE
22:42:39.073 [FXGL Background Thread 3 ] DEBUG Engine               - mouseSensitivity: 0.2
22:42:39.074 [FXGL Background Thread 3 ] DEBUG Engine               - notificationViewClass: class com.almasb.fxgl.notification.view.XboxNotificationView
22:42:39.074 [FXGL Background Thread 3 ] DEBUG Engine               - pixelsPerMeter: 50.0
22:42:39.074 [FXGL Background Thread 3 ] DEBUG Engine               - platform: WINDOWS
22:42:39.074 [FXGL Background Thread 3 ] DEBUG Engine               - prefHeightProperty: ReadOnlyDoubleProperty [value: 617.0]
22:42:39.075 [FXGL Background Thread 3 ] DEBUG Engine               - prefWidthProperty: ReadOnlyDoubleProperty [value: 1080.0]
22:42:39.075 [FXGL Background Thread 3 ] DEBUG Engine               - profileDir: profiles/
22:42:39.075 [FXGL Background Thread 3 ] DEBUG Engine               - profileName: StringProperty [value: DEFAULT]
22:42:39.076 [FXGL Background Thread 3 ] DEBUG Engine               - randomSeed: -1
22:42:39.077 [FXGL Background Thread 3 ] DEBUG Engine               - runtimeInfo: RuntimeInfo(platform=WINDOWS, version=17.3, build=30.03.2023 11.49)
22:42:39.077 [FXGL Background Thread 3 ] DEBUG Engine               - saveFileExt: sav
22:42:39.077 [FXGL Background Thread 3 ] DEBUG Engine               - scaledHeightProp$fxgl: DoubleProperty [bound, value: 617.0]
22:42:39.077 [FXGL Background Thread 3 ] DEBUG Engine               - scaledWidthProp$fxgl: DoubleProperty [bound, value: 1080.0]
22:42:39.077 [FXGL Background Thread 3 ] DEBUG Engine               - sceneFactory: com.almasb.fxgl.app.scene.SceneFactory@653542fa
22:42:39.078 [FXGL Background Thread 3 ] DEBUG Engine               - secondsIn24h: 60
22:42:39.078 [FXGL Background Thread 3 ] DEBUG Engine               - soundMenuBack: menu/back.wav
22:42:39.078 [FXGL Background Thread 3 ] DEBUG Engine               - soundMenuPress: menu/press.wav
22:42:39.078 [FXGL Background Thread 3 ] DEBUG Engine               - soundMenuSelect: menu/select.wav
22:42:39.079 [FXGL Background Thread 3 ] DEBUG Engine               - soundNotification: core/notification.wav
22:42:39.079 [FXGL Background Thread 3 ] DEBUG Engine               - stageStyle: DECORATED
22:42:39.079 [FXGL Background Thread 3 ] DEBUG Engine               - supportedLanguages: [ENGLISH, FRENCH, GERMAN, HUNGARIAN, RUSSIAN]
22:42:39.079 [FXGL Background Thread 3 ] DEBUG Engine               - ticksPerSecond: -1
22:42:39.079 [FXGL Background Thread 3 ] DEBUG Engine               - title: Galactic Odyssey
22:42:39.080 [FXGL Background Thread 3 ] DEBUG Engine               - urlGithub: https://github.com/AlmasB/FXGL
22:42:39.080 [FXGL Background Thread 3 ] DEBUG Engine               - urlLeaderboard: http://fxgl-top.herokuapp.com/
22:42:39.080 [FXGL Background Thread 3 ] DEBUG Engine               - urlPOM: https://raw.githubusercontent.com/AlmasB/FXGL/release/README.md
22:42:39.080 [FXGL Background Thread 3 ] DEBUG Engine               - userAppClass: class App.App
22:42:39.080 [FXGL Background Thread 3 ] DEBUG Engine               - version: 0.0
22:42:39.080 [FXGL Background Thread 3 ] DEBUG Engine               - versionCheckDays: 7
22:42:39.081 [FXGL Background Thread 3 ] DEBUG Engine               - width: 1080
22:42:39.081 [FXGL Background Thread 3 ] DEBUG Engine               - Logging services
22:42:39.081 [FXGL Background Thread 3 ] DEBUG Engine               - class com.almasb.fxgl.app.services.FXGLAssetLoaderService
22:42:39.081 [FXGL Background Thread 3 ] DEBUG Engine               - class com.almasb.fxgl.app.FXGLApplication$GameApplicationService
22:42:39.081 [FXGL Background Thread 3 ] DEBUG Engine               - class com.almasb.fxgl.app.services.FXGLDialogService
22:42:39.081 [FXGL Background Thread 3 ] DEBUG Engine               - class com.almasb.fxgl.app.services.IOTaskExecutorService
22:42:39.082 [FXGL Background Thread 3 ] DEBUG Engine               - class com.almasb.fxgl.io.FileSystemService
22:42:39.082 [FXGL Background Thread 3 ] DEBUG Engine               - class com.almasb.fxgl.localization.LocalizationService
22:42:39.082 [FXGL Background Thread 3 ] DEBUG Engine               - class com.almasb.fxgl.app.services.SystemBundleService
22:42:39.083 [FXGL Background Thread 3 ] DEBUG Engine               - class com.almasb.fxgl.profile.SaveLoadService
22:42:39.083 [FXGL Background Thread 3 ] DEBUG Engine               - class com.almasb.fxgl.ui.FXGLUIFactoryServiceProvider
22:42:39.083 [FXGL Background Thread 3 ] DEBUG Engine               - class com.almasb.fxgl.ui.FXGLDialogFactoryServiceProvider
22:42:39.083 [FXGL Background Thread 3 ] DEBUG Engine               - class com.almasb.fxgl.audio.AudioPlayer
22:42:39.083 [FXGL Background Thread 3 ] DEBUG Engine               - class com.almasb.fxgl.notification.impl.NotificationServiceProvider
22:42:39.083 [FXGL Background Thread 3 ] DEBUG Engine               - class com.almasb.fxgl.achievement.AchievementService
22:42:39.084 [FXGL Background Thread 3 ] DEBUG Engine               - class com.almasb.fxgl.cutscene.CutsceneService
22:42:39.084 [FXGL Background Thread 3 ] DEBUG Engine               - class com.almasb.fxgl.minigames.MiniGameService
22:42:39.084 [FXGL Background Thread 3 ] DEBUG Engine               - class com.almasb.fxgl.net.NetService
22:42:39.084 [FXGL Background Thread 3 ] DEBUG Engine               - class com.almasb.fxgl.app.services.UpdaterService
22:42:39.085 [FXGL Background Thread 3 ] DEBUG Engine               - class com.almasb.fxgl.dev.DevService
22:43:01.271 [JavaFX Application Thread] DEBUG FXGLApplication      - Exiting FXGL
22:43:01.271 [JavaFX Application Thread] DEBUG LoopRunner           - Stopping loop
22:43:01.271 [JavaFX Application Thread] DEBUG SystemBundleService  - Saving FXGL system data
22:43:01.274 [JavaFX Application Thread] DEBUG FileSystemAccess     - Writing to: C:\Users\Jonathan\Documents\Galactic oddisseycopia 1\system\fxgl.bundle
22:43:01.277 [JavaFX Application Thread] DEBUG Async                - Shutting down background threads
22:43:01.277 [JavaFX Application Thread] DEBUG PrimaryStageWindow   - Closing main window
22:43:01.310 [JavaFX Application Thread] DEBUG Logger               - Closing Logger
