19:08:50.384 [main                     ] DEBUG Logger               - Configured Logger
19:08:50.454 [main                     ] DEBUG GameApplication      - Logging settings
Title: Galactic Odyssey
Version: 0.0
Width: 1500
Height: 800
Fullscreen: false
Intro: false
Profiling: false
Single step:false
App Mode: DEVELOPER
Menu Key: ESCAPE
Stage Style: DECORATED
Scene Factory: class com.almasb.fxgl.app.scene.SceneFactory

19:08:51.158 [JavaFX Application Thread] DEBUG FXGLApplication      - Initializing FXGL
19:08:51.173 [JavaFX Application Thread] INFO  Engine               - FXGL-17.3 (30.03.2023 11.49) on WINDOWS (J:17.0.12 FX:17.0.2-ea)
19:08:51.173 [JavaFX Application Thread] DEBUG Engine               - JRE Vendor Name: Oracle Corporation
19:08:51.174 [JavaFX Application Thread] DEBUG Engine               - Running on OS: Windows 10 version 10.0
19:08:51.174 [JavaFX Application Thread] DEBUG Engine               - Architecture: amd64
19:08:51.175 [JavaFX Application Thread] INFO  Engine               - Source code and latest versions at: https://github.com/AlmasB/FXGL
19:08:51.175 [JavaFX Application Thread] INFO  Engine               -       Ask questions and discuss at: https://github.com/AlmasB/FXGL/discussions
19:08:51.182 [JavaFX Application Thread] INFO  Engine               -              Join the FXGL chat at: https://gitter.im/AlmasB/FXGL
19:08:51.442 [JavaFX Application Thread] DEBUG PrimaryStageWindow   - Creating a JavaFX scene
19:08:51.443 [JavaFX Application Thread] DEBUG PrimaryStageWindow   - Target size > screen size
19:08:51.550 [JavaFX Application Thread] DEBUG PrimaryStageWindow   - Target settings size: 1500.0 x 800.0
19:08:51.550 [JavaFX Application Thread] DEBUG PrimaryStageWindow   - Scaled scene size:    1340.0 x 728.0
19:08:51.551 [JavaFX Application Thread] DEBUG PrimaryStageWindow   - Scaled ratio: (0.8933333333333333, 0.91)
19:08:51.554 [JavaFX Application Thread] DEBUG PrimaryStageWindow   - Set initial scene to FXGLStartupScene
19:08:51.572 [JavaFX Application Thread] DEBUG PrimaryStageWindow   - Opening main window
19:08:51.839 [JavaFX Application Thread] DEBUG PrimaryStageWindow   - Window border size: (16.0, 39.0)
19:08:51.840 [JavaFX Application Thread] DEBUG PrimaryStageWindow   - Scaled size: 1340.0 x 728.0
19:08:51.840 [JavaFX Application Thread] DEBUG PrimaryStageWindow   - Scaled ratio: (0.8933333333333333, 0.91)
19:08:51.841 [JavaFX Application Thread] DEBUG PrimaryStageWindow   - Scene size: 1340.0 x 728.0
19:08:51.842 [JavaFX Application Thread] DEBUG PrimaryStageWindow   - Stage size: 1356.0 x 767.0
19:08:52.052 [FXGL Background Thread 1 ] DEBUG Engine               - Initializing environment variables
19:08:52.139 [FXGL Background Thread 1 ] DEBUG FXGLAssetLoaderServi - User app class for loading assets: class App.App
19:08:52.139 [FXGL Background Thread 1 ] DEBUG GameApplicationServi - Applying CSS: fxgl_dark.css
19:08:52.141 [FXGL Background Thread 1 ] DEBUG FXGLAssetLoaderServi - Loading from file system: jar:file:///C:/Users/Jonathan/.m2/repository/com/github/almasb/fxgl/17.3/fxgl-17.3.jar!/fxglassets/ui/css/fxgl_dark.css
19:08:52.281 [FXGL Background Thread 1 ] DEBUG GameApplicationServi - Initializing application scenes
19:08:52.530 [FXGL Background Thread 1 ] DEBUG GameWorld            - Game world initialized
19:08:52.693 [FXGL Background Thread 1 ] DEBUG PhysicsWorld         - Physics world initialized: appHeight=800, physics.ppm=50,0
19:08:52.694 [FXGL Background Thread 1 ] DEBUG PhysicsWorld         - Using strategy: BRUTE_FORCE
19:08:52.704 [FXGL Background Thread 1 ] DEBUG GameScene            - Game scene initialized: 1500x800
19:08:52.733 [FXGL Background Thread 1 ] DEBUG FXGL.DefaultMenu     - createMenuBodyGameMenu()
19:08:52.772 [FXGL Background Thread 1 ] DEBUG FXGL.DefaultMenu     - createOptionsMenu()
19:08:52.796 [FXGL Background Thread 1 ] DEBUG FXGLAssetLoaderServi - Loading from file system: jar:file:///C:/Users/Jonathan/.m2/repository/com/github/almasb/fxgl/17.3/fxgl-17.3.jar!/fxglassets/textures/particles/smoke.png
19:08:53.077 [FXGL Background Thread 1 ] DEBUG FXGLAssetLoaderServi - Loading from file system: jar:file:///C:/Users/Jonathan/.m2/repository/com/github/almasb/fxgl/17.3/fxgl-17.3.jar!/fxglassets/textures/particles/trace_horizontal.png
19:08:53.158 [FXGL Background Thread 1 ] DEBUG GameApplicationServi - Application scenes initialized
19:08:53.196 [FXGL Background Thread 1 ] DEBUG SystemBundleService  - Loading FXGL system data
19:08:53.215 [FXGL Background Thread 1 ] DEBUG FileSystemAccess     - Reading from: C:\Users\Jonathan\Documents\Galactic odyssey\system\fxgl.bundle
19:08:53.237 [FXGL Background Thread 1 ] DEBUG SystemBundleService  - Bundle FXGL: {}
19:08:53.237 [FXGL Background Thread 1 ] DEBUG UpdaterService       - Checking for updates
19:08:53.251 [FXGL Background Thread 1 ] DEBUG FXGLApplication      - Loading default localization
19:08:53.253 [FXGL Background Thread 1 ] DEBUG FXGLAssetLoaderServi - Loading from file system: jar:file:///C:/Users/Jonathan/.m2/repository/com/github/almasb/fxgl/17.3/fxgl-17.3.jar!/fxglassets/languages/english.lang
19:08:53.256 [FXGL Background Thread 4 ] DEBUG FXGLApplication      - Loading fonts
19:08:53.263 [FXGL Background Thread 4 ] DEBUG FXGLAssetLoaderServi - Loading from file system: jar:file:///C:/Users/Jonathan/.m2/repository/com/github/almasb/fxgl/17.3/fxgl-17.3.jar!/fxglassets/ui/fonts/VarelaRound-Regular.ttf
19:08:53.367 [FXGL Background Thread 1 ] INFO  FXGLApplication      - FXGL initialization took: 1,314 sec
19:08:53.371 [JavaFX Application Thread] DEBUG FXGLAssetLoaderServi - Loading from file system: jar:file:///C:/Users/Jonathan/.m2/repository/com/github/almasb/fxgl/17.3/fxgl-17.3.jar!/fxglassets/textures/fxgl_icon.png
19:08:53.438 [JavaFX Application Thread] DEBUG FXGLAssetLoaderServi - Loading from file system: jar:file:///C:/Users/Jonathan/.m2/repository/com/github/almasb/fxgl/17.3/fxgl-17.3.jar!/fxglassets/textures/fxgl_default_cursor.png
19:08:53.476 [JavaFX Application Thread] DEBUG Input                - Registered new binding: Screenshot - CTRL+8
19:08:53.477 [JavaFX Application Thread] DEBUG Input                - Registered new binding: System info dump - CTRL+9
19:08:53.479 [JavaFX Application Thread] DEBUG Input                - Registered new binding: Restart - CTRL+R
19:08:53.480 [JavaFX Application Thread] DEBUG Input                - Registered new binding: Toggle Debug Camera - CTRL+7
19:08:53.486 [JavaFX Application Thread] DEBUG LoopRunner           - Starting loop
19:08:53.486 [JavaFX Application Thread] DEBUG LoopRunner           - Initializing JavaFX AnimationTimerLoop
19:08:53.491 [JavaFX Application Thread] DEBUG GameApplicationServi - Starting new game
19:08:53.495 [JavaFX Application Thread] DEBUG Input                - Clearing active input actions
19:08:53.549 [JavaFX Application Thread] DEBUG GameApplicationServi - Removing overlay from FXGLStartupScene and adding to FXGLLoadingScene
19:08:53.550 [JavaFX Application Thread] DEBUG PrimaryStageWindow   - FXGLStartupScene -> FXGLLoadingScene
19:08:53.550 [JavaFX Application Thread] DEBUG GameApplicationServi - Clearing previous game
19:08:53.551 [JavaFX Application Thread] DEBUG GameScene            - Clearing game scene
19:08:53.551 [JavaFX Application Thread] DEBUG GameWorld            - Clearing game world
19:08:53.551 [JavaFX Application Thread] DEBUG PhysicsWorld         - Clearing physics world
19:08:53.554 [FXGL Background Thread 1 ] DEBUG FXGLApplication      - Initializing game
19:08:53.580 [FXGL Background Thread 1 ] DEBUG FXGLAssetLoaderServi - Loading from file system: file:/C:/Users/Jonathan/Documents/Galactic%20odyssey/target/classes/assets/textures/fondo_menu.png
19:08:53.581 [FXGL Background Thread 4 ] DEBUG FXGLAssetLoaderServi - Loading from file system: jar:file:///C:/Users/Jonathan/.m2/repository/com/github/almasb/fxgl/17.3/fxgl-17.3.jar!/fxglassets/ui/fonts/Abel-Regular.ttf
19:08:53.631 [FXGL Background Thread 4 ] DEBUG FXGLAssetLoaderServi - Loading from file system: jar:file:///C:/Users/Jonathan/.m2/repository/com/github/almasb/fxgl/17.3/fxgl-17.3.jar!/fxglassets/ui/fonts/TerminalLandMono-Regular.otf
19:08:53.660 [FXGL Background Thread 4 ] DEBUG FXGLAssetLoaderServi - Loading from file system: jar:file:///C:/Users/Jonathan/.m2/repository/com/github/almasb/fxgl/17.3/fxgl-17.3.jar!/fxglassets/ui/fonts/Courier-Prime.ttf
19:08:53.672 [FXGL Background Thread 1 ] INFO  FXGLApplication      - Game initialization took: 0,118 sec
19:08:53.868 [JavaFX Application Thread] DEBUG Input                - Clearing active input actions
19:08:53.924 [JavaFX Application Thread] DEBUG GameApplicationServi - Removing overlay from FXGLLoadingScene and adding to GameScene
19:08:53.925 [JavaFX Application Thread] DEBUG PrimaryStageWindow   - FXGLLoadingScene -> GameScene
19:08:53.926 [JavaFX Application Thread] DEBUG FXGLApplication      - Registering font factories with UI factory
19:08:56.246 [FXGL Background Thread 3 ] DEBUG Engine               - Logging environment variables
19:08:56.247 [FXGL Background Thread 3 ] DEBUG Engine               - achievements: []
19:08:56.247 [FXGL Background Thread 3 ] DEBUG Engine               - actualHeight: 728.0
19:08:56.247 [FXGL Background Thread 3 ] DEBUG Engine               - actualHeightProperty: ReadOnlyDoubleProperty [value: 728.0]
19:08:56.247 [FXGL Background Thread 3 ] DEBUG Engine               - actualWidth: 1340.0
19:08:56.248 [FXGL Background Thread 3 ] DEBUG Engine               - actualWidthProperty: ReadOnlyDoubleProperty [value: 1340.0]
19:08:56.248 [FXGL Background Thread 3 ] DEBUG Engine               - appIcon: fxgl_icon.png
19:08:56.248 [FXGL Background Thread 3 ] DEBUG Engine               - applicationMode: DEVELOPER
19:08:56.248 [FXGL Background Thread 3 ] DEBUG Engine               - cSSList: [fxgl_dark.css]
19:08:56.248 [FXGL Background Thread 3 ] DEBUG Engine               - collisionDetectionStrategy: BRUTE_FORCE
19:08:56.248 [FXGL Background Thread 3 ] DEBUG Engine               - configClass: Optional.empty
19:08:56.249 [FXGL Background Thread 3 ] DEBUG Engine               - credits: []
19:08:56.249 [FXGL Background Thread 3 ] DEBUG Engine               - defaultCursor: CursorInfo(imageName=fxgl_default_cursor.png, hotspotX=7.0, hotspotY=6.0)
19:08:56.250 [FXGL Background Thread 3 ] DEBUG Engine               - devBBoxColorProperty: ObjectProperty [value: 0xff0000ff]
19:08:56.250 [FXGL Background Thread 3 ] DEBUG Engine               - devEnableDebugCameraProperty: BooleanProperty [value: false]
19:08:56.250 [FXGL Background Thread 3 ] DEBUG Engine               - devSensorColorProperty: ObjectProperty [value: 0xffff00ff]
19:08:56.250 [FXGL Background Thread 3 ] DEBUG Engine               - devShowBBoxProperty: BooleanProperty [value: false]
19:08:56.251 [FXGL Background Thread 3 ] DEBUG Engine               - devShowPositionProperty: BooleanProperty [value: false]
19:08:56.251 [FXGL Background Thread 3 ] DEBUG Engine               - enabledMenuItems: []
19:08:56.251 [FXGL Background Thread 3 ] DEBUG Engine               - engineServices: [class com.almasb.fxgl.app.services.FXGLAssetLoaderService, class com.almasb.fxgl.app.FXGLApplication$GameApplicationService, class com.almasb.fxgl.app.services.FXGLDialogService, class com.almasb.fxgl.app.services.IOTaskExecutorService, class com.almasb.fxgl.io.FileSystemService, class com.almasb.fxgl.localization.LocalizationService, class com.almasb.fxgl.app.services.SystemBundleService, class com.almasb.fxgl.profile.SaveLoadService, class com.almasb.fxgl.ui.FXGLUIFactoryServiceProvider, class com.almasb.fxgl.ui.FXGLDialogFactoryServiceProvider, class com.almasb.fxgl.audio.AudioPlayer, class com.almasb.fxgl.notification.impl.NotificationServiceProvider, class com.almasb.fxgl.achievement.AchievementService, class com.almasb.fxgl.cutscene.CutsceneService, class com.almasb.fxgl.minigames.MiniGameService, class com.almasb.fxgl.net.NetService, class com.almasb.fxgl.app.services.UpdaterService, class com.almasb.fxgl.dev.DevService]
19:08:56.252 [FXGL Background Thread 3 ] DEBUG Engine               - fontGame: Abel-Regular.ttf
19:08:56.252 [FXGL Background Thread 3 ] DEBUG Engine               - fontMono: TerminalLandMono-Regular.otf
19:08:56.252 [FXGL Background Thread 3 ] DEBUG Engine               - fontSizeScaleUI: 1.0
19:08:56.252 [FXGL Background Thread 3 ] DEBUG Engine               - fontText: Courier-Prime.ttf
19:08:56.252 [FXGL Background Thread 3 ] DEBUG Engine               - fontUI: VarelaRound-Regular.ttf
19:08:56.252 [FXGL Background Thread 3 ] DEBUG Engine               - fullScreen: BooleanProperty [value: false]
19:08:56.253 [FXGL Background Thread 3 ] DEBUG Engine               - gameDifficulty: MEDIUM
19:08:56.253 [FXGL Background Thread 3 ] DEBUG Engine               - gameDifficultyProperty: ObjectProperty [value: MEDIUM]
19:08:56.253 [FXGL Background Thread 3 ] DEBUG Engine               - globalMusicVolume: 0.5
19:08:56.253 [FXGL Background Thread 3 ] DEBUG Engine               - globalMusicVolumeProperty: DoubleProperty [value: 0.5]
19:08:56.253 [FXGL Background Thread 3 ] DEBUG Engine               - globalSoundVolume: 0.5
19:08:56.253 [FXGL Background Thread 3 ] DEBUG Engine               - globalSoundVolumeProperty: DoubleProperty [value: 0.5]
19:08:56.253 [FXGL Background Thread 3 ] DEBUG Engine               - height: 800
19:08:56.254 [FXGL Background Thread 3 ] DEBUG Engine               - is3D: false
19:08:56.254 [FXGL Background Thread 3 ] DEBUG Engine               - isAndroid: false
19:08:56.254 [FXGL Background Thread 3 ] DEBUG Engine               - isBrowser: false
19:08:56.254 [FXGL Background Thread 3 ] DEBUG Engine               - isClickFeedbackEnabled: false
19:08:56.254 [FXGL Background Thread 3 ] DEBUG Engine               - isCloseConfirmation: false
19:08:56.254 [FXGL Background Thread 3 ] DEBUG Engine               - isDesktop: true
19:08:56.254 [FXGL Background Thread 3 ] DEBUG Engine               - isDeveloperMenuEnabled: false
19:08:56.254 [FXGL Background Thread 3 ] DEBUG Engine               - isEmbedded: false
19:08:56.255 [FXGL Background Thread 3 ] DEBUG Engine               - isEntityPreloadEnabled: true
19:08:56.255 [FXGL Background Thread 3 ] DEBUG Engine               - isExperimentalTiledLargeMap: false
19:08:56.255 [FXGL Background Thread 3 ] DEBUG Engine               - isFileSystemWriteAllowed: true
19:08:56.255 [FXGL Background Thread 3 ] DEBUG Engine               - isFullScreenAllowed: false
19:08:56.255 [FXGL Background Thread 3 ] DEBUG Engine               - isFullScreenFromStart: false
19:08:56.255 [FXGL Background Thread 3 ] DEBUG Engine               - isGameMenuEnabled: true
19:08:56.255 [FXGL Background Thread 3 ] DEBUG Engine               - isIOS: false
19:08:56.255 [FXGL Background Thread 3 ] DEBUG Engine               - isIntroEnabled: false
19:08:56.256 [FXGL Background Thread 3 ] DEBUG Engine               - isLinux: false
19:08:56.256 [FXGL Background Thread 3 ] DEBUG Engine               - isMac: false
19:08:56.256 [FXGL Background Thread 3 ] DEBUG Engine               - isMainMenuEnabled: false
19:08:56.256 [FXGL Background Thread 3 ] DEBUG Engine               - isManualResizeEnabled: false
19:08:56.256 [FXGL Background Thread 3 ] DEBUG Engine               - isMobile: false
19:08:56.256 [FXGL Background Thread 3 ] DEBUG Engine               - isNative: false
19:08:56.257 [FXGL Background Thread 3 ] DEBUG Engine               - isPauseMusicWhenMinimized: true
19:08:56.257 [FXGL Background Thread 3 ] DEBUG Engine               - isPreserveResizeRatio: false
19:08:56.257 [FXGL Background Thread 3 ] DEBUG Engine               - isProfilingEnabled: false
19:08:56.257 [FXGL Background Thread 3 ] DEBUG Engine               - isScaleAffectedOnResize: true
19:08:56.257 [FXGL Background Thread 3 ] DEBUG Engine               - isSingleStep: false
19:08:56.257 [FXGL Background Thread 3 ] DEBUG Engine               - isUserProfileEnabled: false
19:08:56.258 [FXGL Background Thread 3 ] DEBUG Engine               - isWindows: true
19:08:56.258 [FXGL Background Thread 3 ] DEBUG Engine               - language: ObjectProperty [value: ENGLISH]
19:08:56.258 [FXGL Background Thread 3 ] DEBUG Engine               - menuKey: ESCAPE
19:08:56.258 [FXGL Background Thread 3 ] DEBUG Engine               - mouseSensitivity: 0.2
19:08:56.258 [FXGL Background Thread 3 ] DEBUG Engine               - notificationViewClass: class com.almasb.fxgl.notification.view.XboxNotificationView
19:08:56.258 [FXGL Background Thread 3 ] DEBUG Engine               - pixelsPerMeter: 50.0
19:08:56.258 [FXGL Background Thread 3 ] DEBUG Engine               - platform: WINDOWS
19:08:56.259 [FXGL Background Thread 3 ] DEBUG Engine               - prefHeightProperty: ReadOnlyDoubleProperty [value: 800.0]
19:08:56.259 [FXGL Background Thread 3 ] DEBUG Engine               - prefWidthProperty: ReadOnlyDoubleProperty [value: 1500.0]
19:08:56.259 [FXGL Background Thread 3 ] DEBUG Engine               - profileDir: profiles/
19:08:56.259 [FXGL Background Thread 3 ] DEBUG Engine               - profileName: StringProperty [value: DEFAULT]
19:08:56.259 [FXGL Background Thread 3 ] DEBUG Engine               - randomSeed: -1
19:08:56.260 [FXGL Background Thread 3 ] DEBUG Engine               - runtimeInfo: RuntimeInfo(platform=WINDOWS, version=17.3, build=30.03.2023 11.49)
19:08:56.260 [FXGL Background Thread 3 ] DEBUG Engine               - saveFileExt: sav
19:08:56.260 [FXGL Background Thread 3 ] DEBUG Engine               - scaledHeightProp$fxgl: DoubleProperty [bound, value: 728.0]
19:08:56.260 [FXGL Background Thread 3 ] DEBUG Engine               - scaledWidthProp$fxgl: DoubleProperty [bound, value: 1340.0]
19:08:56.260 [FXGL Background Thread 3 ] DEBUG Engine               - sceneFactory: com.almasb.fxgl.app.scene.SceneFactory@6a3102de
19:08:56.261 [FXGL Background Thread 3 ] DEBUG Engine               - secondsIn24h: 60
19:08:56.261 [FXGL Background Thread 3 ] DEBUG Engine               - soundMenuBack: menu/back.wav
19:08:56.261 [FXGL Background Thread 3 ] DEBUG Engine               - soundMenuPress: menu/press.wav
19:08:56.261 [FXGL Background Thread 3 ] DEBUG Engine               - soundMenuSelect: menu/select.wav
19:08:56.261 [FXGL Background Thread 3 ] DEBUG Engine               - soundNotification: core/notification.wav
19:08:56.261 [FXGL Background Thread 3 ] DEBUG Engine               - stageStyle: DECORATED
19:08:56.261 [FXGL Background Thread 3 ] DEBUG Engine               - supportedLanguages: [ENGLISH, FRENCH, GERMAN, HUNGARIAN, RUSSIAN]
19:08:56.261 [FXGL Background Thread 3 ] DEBUG Engine               - ticksPerSecond: -1
19:08:56.262 [FXGL Background Thread 3 ] DEBUG Engine               - title: Galactic Odyssey
19:08:56.262 [FXGL Background Thread 3 ] DEBUG Engine               - urlGithub: https://github.com/AlmasB/FXGL
19:08:56.262 [FXGL Background Thread 3 ] DEBUG Engine               - urlLeaderboard: http://fxgl-top.herokuapp.com/
19:08:56.262 [FXGL Background Thread 3 ] DEBUG Engine               - urlPOM: https://raw.githubusercontent.com/AlmasB/FXGL/release/README.md
19:08:56.262 [FXGL Background Thread 3 ] DEBUG Engine               - userAppClass: class App.App
19:08:56.262 [FXGL Background Thread 3 ] DEBUG Engine               - version: 0.0
19:08:56.262 [FXGL Background Thread 3 ] DEBUG Engine               - versionCheckDays: 7
19:08:56.262 [FXGL Background Thread 3 ] DEBUG Engine               - width: 1500
19:08:56.263 [FXGL Background Thread 3 ] DEBUG Engine               - Logging services
19:08:56.263 [FXGL Background Thread 3 ] DEBUG Engine               - class com.almasb.fxgl.app.services.FXGLAssetLoaderService
19:08:56.263 [FXGL Background Thread 3 ] DEBUG Engine               - class com.almasb.fxgl.app.FXGLApplication$GameApplicationService
19:08:56.263 [FXGL Background Thread 3 ] DEBUG Engine               - class com.almasb.fxgl.app.services.FXGLDialogService
19:08:56.263 [FXGL Background Thread 3 ] DEBUG Engine               - class com.almasb.fxgl.app.services.IOTaskExecutorService
19:08:56.263 [FXGL Background Thread 3 ] DEBUG Engine               - class com.almasb.fxgl.io.FileSystemService
19:08:56.264 [FXGL Background Thread 3 ] DEBUG Engine               - class com.almasb.fxgl.localization.LocalizationService
19:08:56.264 [FXGL Background Thread 3 ] DEBUG Engine               - class com.almasb.fxgl.app.services.SystemBundleService
19:08:56.264 [FXGL Background Thread 3 ] DEBUG Engine               - class com.almasb.fxgl.profile.SaveLoadService
19:08:56.264 [FXGL Background Thread 3 ] DEBUG Engine               - class com.almasb.fxgl.ui.FXGLUIFactoryServiceProvider
19:08:56.264 [FXGL Background Thread 3 ] DEBUG Engine               - class com.almasb.fxgl.ui.FXGLDialogFactoryServiceProvider
19:08:56.264 [FXGL Background Thread 3 ] DEBUG Engine               - class com.almasb.fxgl.audio.AudioPlayer
19:08:56.264 [FXGL Background Thread 3 ] DEBUG Engine               - class com.almasb.fxgl.notification.impl.NotificationServiceProvider
19:08:56.264 [FXGL Background Thread 3 ] DEBUG Engine               - class com.almasb.fxgl.achievement.AchievementService
19:08:56.265 [FXGL Background Thread 3 ] DEBUG Engine               - class com.almasb.fxgl.cutscene.CutsceneService
19:08:56.265 [FXGL Background Thread 3 ] DEBUG Engine               - class com.almasb.fxgl.minigames.MiniGameService
19:08:56.265 [FXGL Background Thread 3 ] DEBUG Engine               - class com.almasb.fxgl.net.NetService
19:08:56.265 [FXGL Background Thread 3 ] DEBUG Engine               - class com.almasb.fxgl.app.services.UpdaterService
19:08:56.265 [FXGL Background Thread 3 ] DEBUG Engine               - class com.almasb.fxgl.dev.DevService
19:09:04.035 [JavaFX Application Thread] WARN  TMXLevelLoader       - TiledMap generated from 1.11.2. Supported version: 1.9.0. Some features may not be parsed fully.
19:09:04.093 [JavaFX Application Thread] DEBUG TMXLevelLoader       - Parsed TiledMap: file:/C:/Users/Jonathan/Documents/Galactic%20odyssey/target/classes/assets/levels/MapGame1.tmx
19:09:04.094 [JavaFX Application Thread] DEBUG TMXLevelLoader       - Creating tile layer entities
19:09:04.096 [JavaFX Application Thread] DEBUG TilesetLoader        - Loading view for layer Espacio
19:09:04.100 [JavaFX Application Thread] DEBUG TilesetLoader        - Created buffer with size 1920.0x960.0
19:09:04.197 [JavaFX Application Thread] DEBUG TilesetLoader        - Loading view for layer Planetas
19:09:04.201 [JavaFX Application Thread] DEBUG TilesetLoader        - Created buffer with size 1920.0x960.0
19:09:04.205 [JavaFX Application Thread] DEBUG TilesetLoader        - Loading view for layer Suelo
19:09:04.220 [JavaFX Application Thread] DEBUG TilesetLoader        - Created buffer with size 1920.0x960.0
19:09:04.234 [JavaFX Application Thread] DEBUG TilesetLoader        - Loading view for layer Suelo ruinas
19:09:04.244 [JavaFX Application Thread] DEBUG TilesetLoader        - Created buffer with size 1920.0x960.0
19:09:04.245 [JavaFX Application Thread] DEBUG TilesetLoader        - Loading view for layer Torres ruinas
19:09:04.251 [JavaFX Application Thread] DEBUG TilesetLoader        - Created buffer with size 1920.0x960.0
19:09:04.396 [JavaFX Application Thread] DEBUG TilesetLoader        - Loading view for layer Cristales espaciales
19:09:04.400 [JavaFX Application Thread] DEBUG TilesetLoader        - Created buffer with size 1920.0x960.0
19:09:04.403 [JavaFX Application Thread] DEBUG TilesetLoader        - Loading view for layer Rocas1
19:09:04.407 [JavaFX Application Thread] DEBUG TilesetLoader        - Created buffer with size 1920.0x960.0
19:09:04.480 [JavaFX Application Thread] DEBUG TilesetLoader        - Loading view for layer Muro
19:09:04.484 [JavaFX Application Thread] DEBUG TilesetLoader        - Created buffer with size 1920.0x960.0
19:09:04.487 [JavaFX Application Thread] DEBUG TilesetLoader        - Loading view for layer Rocas
19:09:04.491 [JavaFX Application Thread] DEBUG TilesetLoader        - Created buffer with size 1920.0x960.0
19:09:04.496 [JavaFX Application Thread] DEBUG TilesetLoader        - Loading view for layer Rocas2
19:09:04.501 [JavaFX Application Thread] DEBUG TilesetLoader        - Created buffer with size 1920.0x960.0
19:09:04.502 [JavaFX Application Thread] DEBUG TilesetLoader        - Loading view for layer Naves
19:09:04.506 [JavaFX Application Thread] DEBUG TilesetLoader        - Created buffer with size 1920.0x960.0
19:09:04.508 [JavaFX Application Thread] DEBUG TilesetLoader        - Loading view for layer Objetos
19:09:04.513 [JavaFX Application Thread] DEBUG TilesetLoader        - Created buffer with size 1920.0x960.0
19:09:04.514 [JavaFX Application Thread] DEBUG TMXLevelLoader       - Creating object layer entities
19:09:04.572 [JavaFX Application Thread] DEBUG GameWorld            - Clearing removable entities
19:09:04.573 [JavaFX Application Thread] DEBUG GameWorld            - Setting level: com.almasb.fxgl.entity.level.Level@4f585382
19:09:04.596 [JavaFX Application Thread] DEBUG FXGLAssetLoaderServi - Loading from file system: file:/C:/Users/Jonathan/Documents/Galactic%20odyssey/target/classes/assets/textures/personaje.png
19:09:04.599 [JavaFX Application Thread] DEBUG Input                - Registered new binding: Move Right - D
19:09:04.599 [JavaFX Application Thread] DEBUG Input                - Registered new binding: Move Left - A
19:09:04.600 [JavaFX Application Thread] DEBUG Input                - Registered new binding: Move Up - W
19:09:04.600 [JavaFX Application Thread] DEBUG Input                - Registered new binding: Move Down - S
19:09:06.088 [FXGL Background Thread 2 ] WARN  UpdaterService       - Failed to find updates: java.net.UnknownHostException: raw.githubusercontent.com
19:09:54.745 [JavaFX Application Thread] DEBUG FXGLApplication      - Exiting FXGL
19:09:54.745 [JavaFX Application Thread] DEBUG LoopRunner           - Stopping loop
19:09:54.746 [JavaFX Application Thread] DEBUG SystemBundleService  - Saving FXGL system data
19:09:54.751 [JavaFX Application Thread] DEBUG FileSystemAccess     - Writing to: C:\Users\Jonathan\Documents\Galactic odyssey\system\fxgl.bundle
19:09:54.754 [JavaFX Application Thread] DEBUG Async                - Shutting down background threads
19:09:54.755 [JavaFX Application Thread] DEBUG PrimaryStageWindow   - Closing main window
19:09:54.797 [JavaFX Application Thread] DEBUG Logger               - Closing Logger
