15:06:48.954 [main                     ] DEBUG Logger               - Configured Logger
15:06:49.039 [main                     ] DEBUG GameApplication      - Logging settings
Title: Galactic Odyssey
Version: 0.0
Width: 1500
Height: 800
Fullscreen: false
Intro: false
Profiling: false
Single step:false
App Mode: DEVELOPER
Menu Key: ESCAPE
Stage Style: DECORATED
Scene Factory: class com.almasb.fxgl.app.scene.SceneFactory

15:06:49.612 [JavaFX Application Thread] DEBUG FXGLApplication      - Initializing FXGL
15:06:49.631 [JavaFX Application Thread] INFO  Engine               - FXGL-17.3 (30.03.2023 11.49) on WINDOWS (J:17.0.12 FX:17.0.2-ea)
15:06:49.632 [JavaFX Application Thread] DEBUG Engine               - JRE Vendor Name: Oracle Corporation
15:06:49.632 [JavaFX Application Thread] DEBUG Engine               - Running on OS: Windows 10 version 10.0
15:06:49.633 [JavaFX Application Thread] DEBUG Engine               - Architecture: amd64
15:06:49.633 [JavaFX Application Thread] INFO  Engine               - Source code and latest versions at: https://github.com/AlmasB/FXGL
15:06:49.633 [JavaFX Application Thread] INFO  Engine               -       Ask questions and discuss at: https://github.com/AlmasB/FXGL/discussions
15:06:49.634 [JavaFX Application Thread] INFO  Engine               -              Join the FXGL chat at: https://gitter.im/AlmasB/FXGL
15:06:49.825 [JavaFX Application Thread] DEBUG PrimaryStageWindow   - Creating a JavaFX scene
15:06:49.825 [JavaFX Application Thread] DEBUG PrimaryStageWindow   - Target size > screen size
15:06:49.902 [JavaFX Application Thread] DEBUG PrimaryStageWindow   - Target settings size: 1500.0 x 800.0
15:06:49.903 [JavaFX Application Thread] DEBUG PrimaryStageWindow   - Scaled scene size:    1340.0 x 728.0
15:06:49.903 [JavaFX Application Thread] DEBUG PrimaryStageWindow   - Scaled ratio: (0.8933333333333333, 0.91)
15:06:49.906 [JavaFX Application Thread] DEBUG PrimaryStageWindow   - Set initial scene to FXGLStartupScene
15:06:49.920 [JavaFX Application Thread] DEBUG PrimaryStageWindow   - Opening main window
15:06:50.088 [JavaFX Application Thread] DEBUG PrimaryStageWindow   - Window border size: (16.0, 39.0)
15:06:50.088 [JavaFX Application Thread] DEBUG PrimaryStageWindow   - Scaled size: 1340.0 x 728.0
15:06:50.089 [JavaFX Application Thread] DEBUG PrimaryStageWindow   - Scaled ratio: (0.8933333333333333, 0.91)
15:06:50.090 [JavaFX Application Thread] DEBUG PrimaryStageWindow   - Scene size: 1340.0 x 728.0
15:06:50.091 [JavaFX Application Thread] DEBUG PrimaryStageWindow   - Stage size: 1356.0 x 767.0
15:06:50.106 [FXGL Background Thread 1 ] DEBUG Engine               - Initializing environment variables
15:06:50.226 [FXGL Background Thread 1 ] DEBUG FXGLAssetLoaderServi - User app class for loading assets: class App.App
15:06:50.227 [FXGL Background Thread 1 ] DEBUG GameApplicationServi - Applying CSS: fxgl_dark.css
15:06:50.229 [FXGL Background Thread 1 ] DEBUG FXGLAssetLoaderServi - Loading from file system: jar:file:///C:/Users/Jonathan/.m2/repository/com/github/almasb/fxgl/17.3/fxgl-17.3.jar!/fxglassets/ui/css/fxgl_dark.css
15:06:50.367 [FXGL Background Thread 1 ] DEBUG GameApplicationServi - Initializing application scenes
15:06:50.546 [FXGL Background Thread 1 ] DEBUG GameWorld            - Game world initialized
15:06:50.716 [FXGL Background Thread 1 ] DEBUG PhysicsWorld         - Physics world initialized: appHeight=800, physics.ppm=50,0
15:06:50.717 [FXGL Background Thread 1 ] DEBUG PhysicsWorld         - Using strategy: BRUTE_FORCE
15:06:50.727 [FXGL Background Thread 1 ] DEBUG GameScene            - Game scene initialized: 1500x800
15:06:50.752 [FXGL Background Thread 1 ] DEBUG FXGL.DefaultMenu     - createMenuBodyGameMenu()
15:06:50.782 [FXGL Background Thread 1 ] DEBUG FXGL.DefaultMenu     - createOptionsMenu()
15:06:50.804 [FXGL Background Thread 1 ] DEBUG FXGLAssetLoaderServi - Loading from file system: jar:file:///C:/Users/Jonathan/.m2/repository/com/github/almasb/fxgl/17.3/fxgl-17.3.jar!/fxglassets/textures/particles/smoke.png
15:06:51.011 [FXGL Background Thread 1 ] DEBUG FXGLAssetLoaderServi - Loading from file system: jar:file:///C:/Users/Jonathan/.m2/repository/com/github/almasb/fxgl/17.3/fxgl-17.3.jar!/fxglassets/textures/particles/trace_horizontal.png
15:06:51.076 [FXGL Background Thread 1 ] DEBUG GameApplicationServi - Application scenes initialized
15:06:51.107 [FXGL Background Thread 1 ] DEBUG SystemBundleService  - Loading FXGL system data
15:06:51.117 [FXGL Background Thread 1 ] DEBUG FileSystemAccess     - Reading from: C:\Users\Jonathan\Documents\Galactic odyssey\system\fxgl.bundle
15:06:51.131 [FXGL Background Thread 1 ] DEBUG SystemBundleService  - Bundle FXGL: {}
15:06:51.131 [FXGL Background Thread 1 ] DEBUG UpdaterService       - Checking for updates
15:06:51.144 [FXGL Background Thread 1 ] DEBUG FXGLApplication      - Loading default localization
15:06:51.147 [FXGL Background Thread 1 ] DEBUG FXGLAssetLoaderServi - Loading from file system: jar:file:///C:/Users/Jonathan/.m2/repository/com/github/almasb/fxgl/17.3/fxgl-17.3.jar!/fxglassets/languages/english.lang
15:06:51.147 [FXGL Background Thread 4 ] DEBUG FXGLApplication      - Loading fonts
15:06:51.151 [FXGL Background Thread 4 ] DEBUG FXGLAssetLoaderServi - Loading from file system: jar:file:///C:/Users/Jonathan/.m2/repository/com/github/almasb/fxgl/17.3/fxgl-17.3.jar!/fxglassets/ui/fonts/VarelaRound-Regular.ttf
15:06:51.204 [FXGL Background Thread 1 ] INFO  FXGLApplication      - FXGL initialization took: 1,098 sec
15:06:51.207 [JavaFX Application Thread] DEBUG FXGLAssetLoaderServi - Loading from file system: jar:file:///C:/Users/Jonathan/.m2/repository/com/github/almasb/fxgl/17.3/fxgl-17.3.jar!/fxglassets/textures/fxgl_icon.png
15:06:51.241 [JavaFX Application Thread] DEBUG FXGLAssetLoaderServi - Loading from file system: jar:file:///C:/Users/Jonathan/.m2/repository/com/github/almasb/fxgl/17.3/fxgl-17.3.jar!/fxglassets/textures/fxgl_default_cursor.png
15:06:51.267 [JavaFX Application Thread] DEBUG Input                - Registered new binding: Screenshot - CTRL+8
15:06:51.268 [JavaFX Application Thread] DEBUG Input                - Registered new binding: System info dump - CTRL+9
15:06:51.269 [JavaFX Application Thread] DEBUG Input                - Registered new binding: Restart - CTRL+R
15:06:51.270 [JavaFX Application Thread] DEBUG Input                - Registered new binding: Toggle Debug Camera - CTRL+7
15:06:51.275 [JavaFX Application Thread] DEBUG LoopRunner           - Starting loop
15:06:51.275 [JavaFX Application Thread] DEBUG LoopRunner           - Initializing JavaFX AnimationTimerLoop
15:06:51.279 [JavaFX Application Thread] DEBUG GameApplicationServi - Starting new game
15:06:51.280 [JavaFX Application Thread] DEBUG Input                - Clearing active input actions
15:06:51.302 [JavaFX Application Thread] DEBUG GameApplicationServi - Removing overlay from FXGLStartupScene and adding to FXGLLoadingScene
15:06:51.304 [JavaFX Application Thread] DEBUG PrimaryStageWindow   - FXGLStartupScene -> FXGLLoadingScene
15:06:51.304 [JavaFX Application Thread] DEBUG GameApplicationServi - Clearing previous game
15:06:51.304 [JavaFX Application Thread] DEBUG GameScene            - Clearing game scene
15:06:51.304 [JavaFX Application Thread] DEBUG GameWorld            - Clearing game world
15:06:51.305 [JavaFX Application Thread] DEBUG PhysicsWorld         - Clearing physics world
15:06:51.308 [FXGL Background Thread 1 ] DEBUG FXGLApplication      - Initializing game
15:06:51.354 [FXGL Background Thread 1 ] DEBUG FXGLAssetLoaderServi - Loading from file system: file:/C:/Users/Jonathan/Documents/Galactic%20odyssey/target/classes/assets/textures/fondo_menu.png
15:06:51.421 [FXGL Background Thread 1 ] INFO  FXGLApplication      - Game initialization took: 0,113 sec
15:06:51.438 [JavaFX Application Thread] DEBUG Input                - Clearing active input actions
15:06:51.541 [JavaFX Application Thread] DEBUG GameApplicationServi - Removing overlay from FXGLLoadingScene and adding to GameScene
15:06:51.542 [JavaFX Application Thread] DEBUG PrimaryStageWindow   - FXGLLoadingScene -> GameScene
15:06:51.739 [FXGL Background Thread 4 ] DEBUG FXGLAssetLoaderServi - Loading from file system: jar:file:///C:/Users/Jonathan/.m2/repository/com/github/almasb/fxgl/17.3/fxgl-17.3.jar!/fxglassets/ui/fonts/Abel-Regular.ttf
15:06:51.762 [FXGL Background Thread 4 ] DEBUG FXGLAssetLoaderServi - Loading from file system: jar:file:///C:/Users/Jonathan/.m2/repository/com/github/almasb/fxgl/17.3/fxgl-17.3.jar!/fxglassets/ui/fonts/TerminalLandMono-Regular.otf
15:06:51.788 [FXGL Background Thread 4 ] DEBUG FXGLAssetLoaderServi - Loading from file system: jar:file:///C:/Users/Jonathan/.m2/repository/com/github/almasb/fxgl/17.3/fxgl-17.3.jar!/fxglassets/ui/fonts/Courier-Prime.ttf
15:06:51.825 [JavaFX Application Thread] DEBUG FXGLApplication      - Registering font factories with UI factory
15:06:53.987 [JavaFX Application Thread] WARN  TMXLevelLoader       - TiledMap generated from 1.11.2. Supported version: 1.9.0. Some features may not be parsed fully.
15:06:54.042 [JavaFX Application Thread] DEBUG TMXLevelLoader       - Parsed TiledMap: file:/C:/Users/Jonathan/Documents/Galactic%20odyssey/target/classes/assets/levels/MapGame1.tmx
15:06:54.043 [JavaFX Application Thread] DEBUG TMXLevelLoader       - Creating tile layer entities
15:06:54.046 [JavaFX Application Thread] DEBUG TilesetLoader        - Loading view for layer Espacio
15:06:54.050 [JavaFX Application Thread] DEBUG TilesetLoader        - Created buffer with size 1920.0x960.0
15:06:54.139 [FXGL Background Thread 3 ] DEBUG Engine               - Logging environment variables
15:06:54.140 [FXGL Background Thread 3 ] DEBUG Engine               - achievements: []
15:06:54.140 [FXGL Background Thread 3 ] DEBUG Engine               - actualHeight: 728.0
15:06:54.140 [FXGL Background Thread 3 ] DEBUG Engine               - actualHeightProperty: ReadOnlyDoubleProperty [value: 728.0]
15:06:54.140 [FXGL Background Thread 3 ] DEBUG Engine               - actualWidth: 1340.0
15:06:54.140 [FXGL Background Thread 3 ] DEBUG Engine               - actualWidthProperty: ReadOnlyDoubleProperty [value: 1340.0]
15:06:54.140 [FXGL Background Thread 3 ] DEBUG Engine               - appIcon: fxgl_icon.png
15:06:54.141 [FXGL Background Thread 3 ] DEBUG Engine               - applicationMode: DEVELOPER
15:06:54.141 [FXGL Background Thread 3 ] DEBUG Engine               - cSSList: [fxgl_dark.css]
15:06:54.141 [FXGL Background Thread 3 ] DEBUG Engine               - collisionDetectionStrategy: BRUTE_FORCE
15:06:54.141 [FXGL Background Thread 3 ] DEBUG Engine               - configClass: Optional.empty
15:06:54.141 [FXGL Background Thread 3 ] DEBUG Engine               - credits: []
15:06:54.142 [FXGL Background Thread 3 ] DEBUG Engine               - defaultCursor: CursorInfo(imageName=fxgl_default_cursor.png, hotspotX=7.0, hotspotY=6.0)
15:06:54.142 [FXGL Background Thread 3 ] DEBUG Engine               - devBBoxColorProperty: ObjectProperty [value: 0xff0000ff]
15:06:54.142 [FXGL Background Thread 3 ] DEBUG Engine               - devEnableDebugCameraProperty: BooleanProperty [value: false]
15:06:54.143 [FXGL Background Thread 3 ] DEBUG Engine               - devSensorColorProperty: ObjectProperty [value: 0xffff00ff]
15:06:54.143 [FXGL Background Thread 3 ] DEBUG Engine               - devShowBBoxProperty: BooleanProperty [value: false]
15:06:54.143 [FXGL Background Thread 3 ] DEBUG Engine               - devShowPositionProperty: BooleanProperty [value: false]
15:06:54.145 [FXGL Background Thread 3 ] DEBUG Engine               - enabledMenuItems: []
15:06:54.145 [FXGL Background Thread 3 ] DEBUG Engine               - engineServices: [class com.almasb.fxgl.app.services.FXGLAssetLoaderService, class com.almasb.fxgl.app.FXGLApplication$GameApplicationService, class com.almasb.fxgl.app.services.FXGLDialogService, class com.almasb.fxgl.app.services.IOTaskExecutorService, class com.almasb.fxgl.io.FileSystemService, class com.almasb.fxgl.localization.LocalizationService, class com.almasb.fxgl.app.services.SystemBundleService, class com.almasb.fxgl.profile.SaveLoadService, class com.almasb.fxgl.ui.FXGLUIFactoryServiceProvider, class com.almasb.fxgl.ui.FXGLDialogFactoryServiceProvider, class com.almasb.fxgl.audio.AudioPlayer, class com.almasb.fxgl.notification.impl.NotificationServiceProvider, class com.almasb.fxgl.achievement.AchievementService, class com.almasb.fxgl.cutscene.CutsceneService, class com.almasb.fxgl.minigames.MiniGameService, class com.almasb.fxgl.net.NetService, class com.almasb.fxgl.app.services.UpdaterService, class com.almasb.fxgl.dev.DevService]
15:06:54.146 [FXGL Background Thread 3 ] DEBUG Engine               - fontGame: Abel-Regular.ttf
15:06:54.146 [FXGL Background Thread 3 ] DEBUG Engine               - fontMono: TerminalLandMono-Regular.otf
15:06:54.146 [FXGL Background Thread 3 ] DEBUG Engine               - fontSizeScaleUI: 1.0
15:06:54.146 [FXGL Background Thread 3 ] DEBUG Engine               - fontText: Courier-Prime.ttf
15:06:54.146 [FXGL Background Thread 3 ] DEBUG Engine               - fontUI: VarelaRound-Regular.ttf
15:06:54.146 [FXGL Background Thread 3 ] DEBUG Engine               - fullScreen: BooleanProperty [value: false]
15:06:54.146 [FXGL Background Thread 3 ] DEBUG Engine               - gameDifficulty: MEDIUM
15:06:54.147 [FXGL Background Thread 3 ] DEBUG Engine               - gameDifficultyProperty: ObjectProperty [value: MEDIUM]
15:06:54.147 [FXGL Background Thread 3 ] DEBUG Engine               - globalMusicVolume: 0.5
15:06:54.147 [FXGL Background Thread 3 ] DEBUG Engine               - globalMusicVolumeProperty: DoubleProperty [value: 0.5]
15:06:54.147 [FXGL Background Thread 3 ] DEBUG Engine               - globalSoundVolume: 0.5
15:06:54.147 [FXGL Background Thread 3 ] DEBUG Engine               - globalSoundVolumeProperty: DoubleProperty [value: 0.5]
15:06:54.147 [FXGL Background Thread 3 ] DEBUG Engine               - height: 800
15:06:54.148 [FXGL Background Thread 3 ] DEBUG Engine               - is3D: false
15:06:54.148 [FXGL Background Thread 3 ] DEBUG Engine               - isAndroid: false
15:06:54.148 [FXGL Background Thread 3 ] DEBUG Engine               - isBrowser: false
15:06:54.148 [FXGL Background Thread 3 ] DEBUG Engine               - isClickFeedbackEnabled: false
15:06:54.148 [FXGL Background Thread 3 ] DEBUG Engine               - isCloseConfirmation: false
15:06:54.148 [FXGL Background Thread 3 ] DEBUG Engine               - isDesktop: true
15:06:54.149 [FXGL Background Thread 3 ] DEBUG Engine               - isDeveloperMenuEnabled: false
15:06:54.149 [FXGL Background Thread 3 ] DEBUG Engine               - isEmbedded: false
15:06:54.149 [FXGL Background Thread 3 ] DEBUG Engine               - isEntityPreloadEnabled: true
15:06:54.149 [FXGL Background Thread 3 ] DEBUG Engine               - isExperimentalTiledLargeMap: false
15:06:54.149 [FXGL Background Thread 3 ] DEBUG Engine               - isFileSystemWriteAllowed: true
15:06:54.149 [FXGL Background Thread 3 ] DEBUG Engine               - isFullScreenAllowed: false
15:06:54.149 [FXGL Background Thread 3 ] DEBUG Engine               - isFullScreenFromStart: false
15:06:54.150 [FXGL Background Thread 3 ] DEBUG Engine               - isGameMenuEnabled: true
15:06:54.150 [FXGL Background Thread 3 ] DEBUG Engine               - isIOS: false
15:06:54.150 [FXGL Background Thread 3 ] DEBUG Engine               - isIntroEnabled: false
15:06:54.150 [FXGL Background Thread 3 ] DEBUG Engine               - isLinux: false
15:06:54.150 [FXGL Background Thread 3 ] DEBUG Engine               - isMac: false
15:06:54.150 [FXGL Background Thread 3 ] DEBUG Engine               - isMainMenuEnabled: false
15:06:54.151 [FXGL Background Thread 3 ] DEBUG Engine               - isManualResizeEnabled: false
15:06:54.151 [FXGL Background Thread 3 ] DEBUG Engine               - isMobile: false
15:06:54.151 [FXGL Background Thread 3 ] DEBUG Engine               - isNative: false
15:06:54.151 [FXGL Background Thread 3 ] DEBUG Engine               - isPauseMusicWhenMinimized: true
15:06:54.151 [FXGL Background Thread 3 ] DEBUG Engine               - isPreserveResizeRatio: false
15:06:54.151 [FXGL Background Thread 3 ] DEBUG Engine               - isProfilingEnabled: false
15:06:54.151 [FXGL Background Thread 3 ] DEBUG Engine               - isScaleAffectedOnResize: true
15:06:54.152 [FXGL Background Thread 3 ] DEBUG Engine               - isSingleStep: false
15:06:54.152 [FXGL Background Thread 3 ] DEBUG Engine               - isUserProfileEnabled: false
15:06:54.152 [FXGL Background Thread 3 ] DEBUG Engine               - isWindows: true
15:06:54.152 [FXGL Background Thread 3 ] DEBUG Engine               - language: ObjectProperty [value: ENGLISH]
15:06:54.152 [FXGL Background Thread 3 ] DEBUG Engine               - menuKey: ESCAPE
15:06:54.152 [FXGL Background Thread 3 ] DEBUG Engine               - mouseSensitivity: 0.2
15:06:54.152 [FXGL Background Thread 3 ] DEBUG Engine               - notificationViewClass: class com.almasb.fxgl.notification.view.XboxNotificationView
15:06:54.152 [FXGL Background Thread 3 ] DEBUG Engine               - pixelsPerMeter: 50.0
15:06:54.153 [FXGL Background Thread 3 ] DEBUG Engine               - platform: WINDOWS
15:06:54.153 [FXGL Background Thread 3 ] DEBUG Engine               - prefHeightProperty: ReadOnlyDoubleProperty [value: 800.0]
15:06:54.153 [FXGL Background Thread 3 ] DEBUG Engine               - prefWidthProperty: ReadOnlyDoubleProperty [value: 1500.0]
15:06:54.153 [FXGL Background Thread 3 ] DEBUG Engine               - profileDir: profiles/
15:06:54.153 [FXGL Background Thread 3 ] DEBUG Engine               - profileName: StringProperty [value: DEFAULT]
15:06:54.153 [FXGL Background Thread 3 ] DEBUG Engine               - randomSeed: -1
15:06:54.154 [FXGL Background Thread 3 ] DEBUG Engine               - runtimeInfo: RuntimeInfo(platform=WINDOWS, version=17.3, build=30.03.2023 11.49)
15:06:54.154 [FXGL Background Thread 3 ] DEBUG Engine               - saveFileExt: sav
15:06:54.154 [FXGL Background Thread 3 ] DEBUG Engine               - scaledHeightProp$fxgl: DoubleProperty [bound, value: 728.0]
15:06:54.154 [FXGL Background Thread 3 ] DEBUG Engine               - scaledWidthProp$fxgl: DoubleProperty [bound, value: 1340.0]
15:06:54.154 [FXGL Background Thread 3 ] DEBUG Engine               - sceneFactory: com.almasb.fxgl.app.scene.SceneFactory@440a7707
15:06:54.155 [FXGL Background Thread 3 ] DEBUG Engine               - secondsIn24h: 60
15:06:54.155 [FXGL Background Thread 3 ] DEBUG Engine               - soundMenuBack: menu/back.wav
15:06:54.155 [FXGL Background Thread 3 ] DEBUG Engine               - soundMenuPress: menu/press.wav
15:06:54.155 [FXGL Background Thread 3 ] DEBUG Engine               - soundMenuSelect: menu/select.wav
15:06:54.155 [FXGL Background Thread 3 ] DEBUG Engine               - soundNotification: core/notification.wav
15:06:54.155 [FXGL Background Thread 3 ] DEBUG Engine               - stageStyle: DECORATED
15:06:54.155 [FXGL Background Thread 3 ] DEBUG Engine               - supportedLanguages: [ENGLISH, FRENCH, GERMAN, HUNGARIAN, RUSSIAN]
15:06:54.155 [FXGL Background Thread 3 ] DEBUG Engine               - ticksPerSecond: -1
15:06:54.156 [FXGL Background Thread 3 ] DEBUG Engine               - title: Galactic Odyssey
15:06:54.156 [FXGL Background Thread 3 ] DEBUG Engine               - urlGithub: https://github.com/AlmasB/FXGL
15:06:54.156 [FXGL Background Thread 3 ] DEBUG Engine               - urlLeaderboard: http://fxgl-top.herokuapp.com/
15:06:54.157 [FXGL Background Thread 3 ] DEBUG Engine               - urlPOM: https://raw.githubusercontent.com/AlmasB/FXGL/release/README.md
15:06:54.157 [FXGL Background Thread 3 ] DEBUG Engine               - userAppClass: class App.App
15:06:54.157 [FXGL Background Thread 3 ] DEBUG Engine               - version: 0.0
15:06:54.157 [FXGL Background Thread 3 ] DEBUG Engine               - versionCheckDays: 7
15:06:54.157 [FXGL Background Thread 3 ] DEBUG Engine               - width: 1500
15:06:54.157 [FXGL Background Thread 3 ] DEBUG Engine               - Logging services
15:06:54.158 [FXGL Background Thread 3 ] DEBUG Engine               - class com.almasb.fxgl.app.services.FXGLAssetLoaderService
15:06:54.158 [FXGL Background Thread 3 ] DEBUG Engine               - class com.almasb.fxgl.app.FXGLApplication$GameApplicationService
15:06:54.158 [FXGL Background Thread 3 ] DEBUG Engine               - class com.almasb.fxgl.app.services.FXGLDialogService
15:06:54.158 [FXGL Background Thread 3 ] DEBUG Engine               - class com.almasb.fxgl.app.services.IOTaskExecutorService
15:06:54.158 [FXGL Background Thread 3 ] DEBUG Engine               - class com.almasb.fxgl.io.FileSystemService
15:06:54.158 [FXGL Background Thread 3 ] DEBUG Engine               - class com.almasb.fxgl.localization.LocalizationService
15:06:54.158 [FXGL Background Thread 3 ] DEBUG Engine               - class com.almasb.fxgl.app.services.SystemBundleService
15:06:54.158 [FXGL Background Thread 3 ] DEBUG Engine               - class com.almasb.fxgl.profile.SaveLoadService
15:06:54.158 [FXGL Background Thread 3 ] DEBUG Engine               - class com.almasb.fxgl.ui.FXGLUIFactoryServiceProvider
15:06:54.158 [FXGL Background Thread 3 ] DEBUG Engine               - class com.almasb.fxgl.ui.FXGLDialogFactoryServiceProvider
15:06:54.159 [FXGL Background Thread 3 ] DEBUG Engine               - class com.almasb.fxgl.audio.AudioPlayer
15:06:54.159 [FXGL Background Thread 3 ] DEBUG Engine               - class com.almasb.fxgl.notification.impl.NotificationServiceProvider
15:06:54.159 [FXGL Background Thread 3 ] DEBUG Engine               - class com.almasb.fxgl.achievement.AchievementService
15:06:54.159 [FXGL Background Thread 3 ] DEBUG Engine               - class com.almasb.fxgl.cutscene.CutsceneService
15:06:54.159 [FXGL Background Thread 3 ] DEBUG Engine               - class com.almasb.fxgl.minigames.MiniGameService
15:06:54.159 [FXGL Background Thread 3 ] DEBUG Engine               - class com.almasb.fxgl.net.NetService
15:06:54.159 [FXGL Background Thread 3 ] DEBUG Engine               - class com.almasb.fxgl.app.services.UpdaterService
15:06:54.159 [FXGL Background Thread 3 ] DEBUG Engine               - class com.almasb.fxgl.dev.DevService
15:06:54.173 [JavaFX Application Thread] DEBUG TilesetLoader        - Loading view for layer Planetas
15:06:54.178 [JavaFX Application Thread] DEBUG TilesetLoader        - Created buffer with size 1920.0x960.0
15:06:54.183 [JavaFX Application Thread] DEBUG TilesetLoader        - Loading view for layer Suelo
15:06:54.188 [JavaFX Application Thread] DEBUG TilesetLoader        - Created buffer with size 1920.0x960.0
15:06:54.201 [JavaFX Application Thread] DEBUG TilesetLoader        - Loading view for layer Suelo ruinas
15:06:54.206 [JavaFX Application Thread] DEBUG TilesetLoader        - Created buffer with size 1920.0x960.0
15:06:54.208 [JavaFX Application Thread] DEBUG TilesetLoader        - Loading view for layer Torres ruinas
15:06:54.213 [JavaFX Application Thread] DEBUG TilesetLoader        - Created buffer with size 1920.0x960.0
15:06:54.326 [JavaFX Application Thread] DEBUG TilesetLoader        - Loading view for layer Cristales espaciales
15:06:54.334 [JavaFX Application Thread] DEBUG TilesetLoader        - Created buffer with size 1920.0x960.0
15:06:54.337 [JavaFX Application Thread] DEBUG TilesetLoader        - Loading view for layer Rocas1
15:06:54.343 [JavaFX Application Thread] DEBUG TilesetLoader        - Created buffer with size 1920.0x960.0
15:06:54.418 [JavaFX Application Thread] DEBUG TilesetLoader        - Loading view for layer Muro
15:06:54.422 [JavaFX Application Thread] DEBUG TilesetLoader        - Created buffer with size 1920.0x960.0
15:06:54.426 [JavaFX Application Thread] DEBUG TilesetLoader        - Loading view for layer Rocas
15:06:54.430 [JavaFX Application Thread] DEBUG TilesetLoader        - Created buffer with size 1920.0x960.0
15:06:54.436 [JavaFX Application Thread] DEBUG TilesetLoader        - Loading view for layer Rocas2
15:06:54.441 [JavaFX Application Thread] DEBUG TilesetLoader        - Created buffer with size 1920.0x960.0
15:06:54.442 [JavaFX Application Thread] DEBUG TilesetLoader        - Loading view for layer Naves
15:06:54.446 [JavaFX Application Thread] DEBUG TilesetLoader        - Created buffer with size 1920.0x960.0
15:06:54.448 [JavaFX Application Thread] DEBUG TilesetLoader        - Loading view for layer Objetos
15:06:54.452 [JavaFX Application Thread] DEBUG TilesetLoader        - Created buffer with size 1920.0x960.0
15:06:54.454 [JavaFX Application Thread] DEBUG TMXLevelLoader       - Creating object layer entities
15:06:54.490 [JavaFX Application Thread] DEBUG GameWorld            - Clearing removable entities
15:06:54.492 [JavaFX Application Thread] DEBUG GameWorld            - Setting level: com.almasb.fxgl.entity.level.Level@482ddcbe
15:06:54.521 [JavaFX Application Thread] DEBUG Input                - Registered new binding: Move Right - D
15:06:54.522 [JavaFX Application Thread] DEBUG Input                - Registered new binding: Move Left - A
15:06:54.522 [JavaFX Application Thread] DEBUG Input                - Registered new binding: Move Up - W
15:06:54.522 [JavaFX Application Thread] DEBUG Input                - Registered new binding: Move Down - S
15:07:54.729 [JavaFX Application Thread] DEBUG FXGLApplication      - Exiting FXGL
15:07:54.729 [JavaFX Application Thread] DEBUG LoopRunner           - Stopping loop
15:07:54.729 [JavaFX Application Thread] DEBUG SystemBundleService  - Saving FXGL system data
15:07:54.732 [JavaFX Application Thread] DEBUG FileSystemAccess     - Writing to: C:\Users\Jonathan\Documents\Galactic odyssey\system\fxgl.bundle
15:07:54.735 [JavaFX Application Thread] DEBUG Async                - Shutting down background threads
15:07:54.735 [JavaFX Application Thread] DEBUG PrimaryStageWindow   - Closing main window
15:07:54.777 [JavaFX Application Thread] DEBUG Logger               - Closing Logger
