18:26:56.652 [main                     ] DEBUG Logger               - Configured Logger
18:26:56.785 [main                     ] DEBUG GameApplication      - Logging settings
Title: Galactic Odyssey
Version: 0.0
Width: 1500
Height: 800
Fullscreen: false
Intro: false
Profiling: false
Single step:false
App Mode: DEVELOPER
Menu Key: ESCAPE
Stage Style: DECORATED
Scene Factory: class com.almasb.fxgl.app.scene.SceneFactory

18:26:57.575 [JavaFX Application Thread] DEBUG FXGLApplication      - Initializing FXGL
18:26:57.598 [JavaFX Application Thread] INFO  Engine               - FXGL-17.3 (30.03.2023 11.49) on WINDOWS (J:17.0.12 FX:17.0.2-ea)
18:26:57.599 [JavaFX Application Thread] DEBUG Engine               - JRE Vendor Name: Oracle Corporation
18:26:57.600 [JavaFX Application Thread] DEBUG Engine               - Running on OS: Windows 10 version 10.0
18:26:57.600 [JavaFX Application Thread] DEBUG Engine               - Architecture: amd64
18:26:57.600 [JavaFX Application Thread] INFO  Engine               - Source code and latest versions at: https://github.com/AlmasB/FXGL
18:26:57.601 [JavaFX Application Thread] INFO  Engine               -       Ask questions and discuss at: https://github.com/AlmasB/FXGL/discussions
18:26:57.601 [JavaFX Application Thread] INFO  Engine               -              Join the FXGL chat at: https://gitter.im/AlmasB/FXGL
18:26:57.852 [JavaFX Application Thread] DEBUG PrimaryStageWindow   - Creating a JavaFX scene
18:26:57.852 [JavaFX Application Thread] DEBUG PrimaryStageWindow   - Target size > screen size
18:26:57.974 [JavaFX Application Thread] DEBUG PrimaryStageWindow   - Target settings size: 1500.0 x 800.0
18:26:57.975 [JavaFX Application Thread] DEBUG PrimaryStageWindow   - Scaled scene size:    1340.0 x 728.0
18:26:57.977 [JavaFX Application Thread] DEBUG PrimaryStageWindow   - Scaled ratio: (0.8933333333333333, 0.91)
18:26:57.979 [JavaFX Application Thread] DEBUG PrimaryStageWindow   - Set initial scene to FXGLStartupScene
18:26:58.008 [JavaFX Application Thread] DEBUG PrimaryStageWindow   - Opening main window
18:26:58.194 [JavaFX Application Thread] DEBUG PrimaryStageWindow   - Window border size: (16.0, 39.0)
18:26:58.195 [JavaFX Application Thread] DEBUG PrimaryStageWindow   - Scaled size: 1340.0 x 728.0
18:26:58.196 [JavaFX Application Thread] DEBUG PrimaryStageWindow   - Scaled ratio: (0.8933333333333333, 0.91)
18:26:58.196 [JavaFX Application Thread] DEBUG PrimaryStageWindow   - Scene size: 1340.0 x 728.0
18:26:58.197 [JavaFX Application Thread] DEBUG PrimaryStageWindow   - Stage size: 1356.0 x 767.0
18:26:58.289 [FXGL Background Thread 1 ] DEBUG Engine               - Initializing environment variables
18:26:58.369 [FXGL Background Thread 1 ] DEBUG FXGLAssetLoaderServi - User app class for loading assets: class App.App
18:26:58.369 [FXGL Background Thread 1 ] DEBUG GameApplicationServi - Applying CSS: fxgl_dark.css
18:26:58.372 [FXGL Background Thread 1 ] DEBUG FXGLAssetLoaderServi - Loading from file system: jar:file:///C:/Users/Jonathan/.m2/repository/com/github/almasb/fxgl/17.3/fxgl-17.3.jar!/fxglassets/ui/css/fxgl_dark.css
18:26:58.530 [FXGL Background Thread 1 ] DEBUG GameApplicationServi - Initializing application scenes
18:26:58.709 [FXGL Background Thread 1 ] DEBUG GameWorld            - Game world initialized
18:26:58.883 [FXGL Background Thread 1 ] DEBUG PhysicsWorld         - Physics world initialized: appHeight=800, physics.ppm=50,0
18:26:58.885 [FXGL Background Thread 1 ] DEBUG PhysicsWorld         - Using strategy: BRUTE_FORCE
18:26:58.895 [FXGL Background Thread 1 ] DEBUG GameScene            - Game scene initialized: 1500x800
18:26:58.925 [FXGL Background Thread 1 ] DEBUG FXGL.DefaultMenu     - createMenuBodyGameMenu()
18:26:58.958 [FXGL Background Thread 1 ] DEBUG FXGL.DefaultMenu     - createOptionsMenu()
18:26:58.982 [FXGL Background Thread 1 ] DEBUG FXGLAssetLoaderServi - Loading from file system: jar:file:///C:/Users/Jonathan/.m2/repository/com/github/almasb/fxgl/17.3/fxgl-17.3.jar!/fxglassets/textures/particles/smoke.png
18:26:59.223 [FXGL Background Thread 1 ] DEBUG FXGLAssetLoaderServi - Loading from file system: jar:file:///C:/Users/Jonathan/.m2/repository/com/github/almasb/fxgl/17.3/fxgl-17.3.jar!/fxglassets/textures/particles/trace_horizontal.png
18:26:59.319 [FXGL Background Thread 1 ] DEBUG GameApplicationServi - Application scenes initialized
18:26:59.352 [FXGL Background Thread 1 ] DEBUG SystemBundleService  - Loading FXGL system data
18:26:59.365 [FXGL Background Thread 1 ] DEBUG FileSystemAccess     - Reading from: C:\Users\Jonathan\Documents\Galactic odyssey\system\fxgl.bundle
18:26:59.384 [FXGL Background Thread 1 ] DEBUG SystemBundleService  - Bundle FXGL: {}
18:26:59.384 [FXGL Background Thread 1 ] DEBUG UpdaterService       - Checking for updates
18:26:59.398 [FXGL Background Thread 1 ] DEBUG FXGLApplication      - Loading default localization
18:26:59.399 [FXGL Background Thread 1 ] DEBUG FXGLAssetLoaderServi - Loading from file system: jar:file:///C:/Users/Jonathan/.m2/repository/com/github/almasb/fxgl/17.3/fxgl-17.3.jar!/fxglassets/languages/english.lang
18:26:59.424 [FXGL Background Thread 4 ] DEBUG FXGLApplication      - Loading fonts
18:26:59.425 [FXGL Background Thread 4 ] DEBUG FXGLAssetLoaderServi - Loading from file system: jar:file:///C:/Users/Jonathan/.m2/repository/com/github/almasb/fxgl/17.3/fxgl-17.3.jar!/fxglassets/ui/fonts/VarelaRound-Regular.ttf
18:26:59.479 [FXGL Background Thread 1 ] INFO  FXGLApplication      - FXGL initialization took: 1,190 sec
18:26:59.482 [JavaFX Application Thread] DEBUG FXGLAssetLoaderServi - Loading from file system: jar:file:///C:/Users/Jonathan/.m2/repository/com/github/almasb/fxgl/17.3/fxgl-17.3.jar!/fxglassets/textures/fxgl_icon.png
18:26:59.529 [JavaFX Application Thread] DEBUG FXGLAssetLoaderServi - Loading from file system: jar:file:///C:/Users/Jonathan/.m2/repository/com/github/almasb/fxgl/17.3/fxgl-17.3.jar!/fxglassets/textures/fxgl_default_cursor.png
18:26:59.554 [JavaFX Application Thread] DEBUG Input                - Registered new binding: Screenshot - CTRL+8
18:26:59.555 [JavaFX Application Thread] DEBUG Input                - Registered new binding: System info dump - CTRL+9
18:26:59.557 [JavaFX Application Thread] DEBUG Input                - Registered new binding: Restart - CTRL+R
18:26:59.558 [JavaFX Application Thread] DEBUG Input                - Registered new binding: Toggle Debug Camera - CTRL+7
18:26:59.563 [JavaFX Application Thread] DEBUG LoopRunner           - Starting loop
18:26:59.564 [JavaFX Application Thread] DEBUG LoopRunner           - Initializing JavaFX AnimationTimerLoop
18:26:59.570 [JavaFX Application Thread] DEBUG GameApplicationServi - Starting new game
18:26:59.571 [JavaFX Application Thread] DEBUG Input                - Clearing active input actions
18:26:59.606 [JavaFX Application Thread] DEBUG GameApplicationServi - Removing overlay from FXGLStartupScene and adding to FXGLLoadingScene
18:26:59.607 [JavaFX Application Thread] DEBUG PrimaryStageWindow   - FXGLStartupScene -> FXGLLoadingScene
18:26:59.607 [JavaFX Application Thread] DEBUG GameApplicationServi - Clearing previous game
18:26:59.607 [JavaFX Application Thread] DEBUG GameScene            - Clearing game scene
18:26:59.607 [JavaFX Application Thread] DEBUG GameWorld            - Clearing game world
18:26:59.608 [JavaFX Application Thread] DEBUG PhysicsWorld         - Clearing physics world
18:26:59.618 [FXGL Background Thread 1 ] DEBUG FXGLApplication      - Initializing game
18:26:59.657 [FXGL Background Thread 1 ] DEBUG FXGLAssetLoaderServi - Loading from file system: file:/C:/Users/Jonathan/Documents/Galactic%20odyssey/target/classes/assets/textures/fondo_menu.png
18:26:59.735 [FXGL Background Thread 1 ] INFO  FXGLApplication      - Game initialization took: 0,117 sec
18:26:59.811 [JavaFX Application Thread] DEBUG Input                - Clearing active input actions
18:26:59.839 [JavaFX Application Thread] DEBUG GameApplicationServi - Removing overlay from FXGLLoadingScene and adding to GameScene
18:26:59.839 [JavaFX Application Thread] DEBUG PrimaryStageWindow   - FXGLLoadingScene -> GameScene
18:27:00.260 [FXGL Background Thread 4 ] DEBUG FXGLAssetLoaderServi - Loading from file system: jar:file:///C:/Users/Jonathan/.m2/repository/com/github/almasb/fxgl/17.3/fxgl-17.3.jar!/fxglassets/ui/fonts/Abel-Regular.ttf
18:27:00.285 [FXGL Background Thread 4 ] DEBUG FXGLAssetLoaderServi - Loading from file system: jar:file:///C:/Users/Jonathan/.m2/repository/com/github/almasb/fxgl/17.3/fxgl-17.3.jar!/fxglassets/ui/fonts/TerminalLandMono-Regular.otf
18:27:00.307 [FXGL Background Thread 2 ] WARN  UpdaterService       - Failed to find updates: java.net.UnknownHostException: raw.githubusercontent.com
18:27:00.311 [FXGL Background Thread 4 ] DEBUG FXGLAssetLoaderServi - Loading from file system: jar:file:///C:/Users/Jonathan/.m2/repository/com/github/almasb/fxgl/17.3/fxgl-17.3.jar!/fxglassets/ui/fonts/Courier-Prime.ttf
18:27:00.338 [JavaFX Application Thread] DEBUG FXGLApplication      - Registering font factories with UI factory
18:27:00.990 [JavaFX Application Thread] WARN  TMXLevelLoader       - TiledMap generated from 1.11.2. Supported version: 1.9.0. Some features may not be parsed fully.
18:27:01.070 [JavaFX Application Thread] DEBUG TMXLevelLoader       - Parsed TiledMap: file:/C:/Users/Jonathan/Documents/Galactic%20odyssey/target/classes/assets/levels/MapGame1.tmx
18:27:01.072 [JavaFX Application Thread] DEBUG TMXLevelLoader       - Creating tile layer entities
18:27:01.075 [JavaFX Application Thread] DEBUG TilesetLoader        - Loading view for layer Espacio
18:27:01.081 [JavaFX Application Thread] DEBUG TilesetLoader        - Created buffer with size 1920.0x960.0
18:27:01.245 [JavaFX Application Thread] DEBUG TilesetLoader        - Loading view for layer Planetas
18:27:01.252 [JavaFX Application Thread] DEBUG TilesetLoader        - Created buffer with size 1920.0x960.0
18:27:01.257 [JavaFX Application Thread] DEBUG TilesetLoader        - Loading view for layer Suelo
18:27:01.263 [JavaFX Application Thread] DEBUG TilesetLoader        - Created buffer with size 1920.0x960.0
18:27:01.276 [JavaFX Application Thread] DEBUG TilesetLoader        - Loading view for layer Suelo ruinas
18:27:01.293 [JavaFX Application Thread] DEBUG TilesetLoader        - Created buffer with size 1920.0x960.0
18:27:01.294 [JavaFX Application Thread] DEBUG TilesetLoader        - Loading view for layer Torres ruinas
18:27:01.299 [JavaFX Application Thread] DEBUG TilesetLoader        - Created buffer with size 1920.0x960.0
18:27:01.466 [JavaFX Application Thread] DEBUG TilesetLoader        - Loading view for layer Cristales espaciales
18:27:01.474 [JavaFX Application Thread] DEBUG TilesetLoader        - Created buffer with size 1920.0x960.0
18:27:01.476 [JavaFX Application Thread] DEBUG TilesetLoader        - Loading view for layer Rocas1
18:27:01.483 [JavaFX Application Thread] DEBUG TilesetLoader        - Created buffer with size 1920.0x960.0
18:27:01.596 [JavaFX Application Thread] DEBUG TilesetLoader        - Loading view for layer Muro
18:27:01.602 [JavaFX Application Thread] DEBUG TilesetLoader        - Created buffer with size 1920.0x960.0
18:27:01.606 [JavaFX Application Thread] DEBUG TilesetLoader        - Loading view for layer Rocas
18:27:01.611 [JavaFX Application Thread] DEBUG TilesetLoader        - Created buffer with size 1920.0x960.0
18:27:01.618 [JavaFX Application Thread] DEBUG TilesetLoader        - Loading view for layer Rocas2
18:27:01.623 [JavaFX Application Thread] DEBUG TilesetLoader        - Created buffer with size 1920.0x960.0
18:27:01.627 [JavaFX Application Thread] DEBUG TilesetLoader        - Loading view for layer Naves
18:27:01.632 [JavaFX Application Thread] DEBUG TilesetLoader        - Created buffer with size 1920.0x960.0
18:27:01.635 [JavaFX Application Thread] DEBUG TilesetLoader        - Loading view for layer Objetos
18:27:01.641 [JavaFX Application Thread] DEBUG TilesetLoader        - Created buffer with size 1920.0x960.0
18:27:01.642 [JavaFX Application Thread] DEBUG TMXLevelLoader       - Creating object layer entities
18:27:01.722 [JavaFX Application Thread] DEBUG GameWorld            - Clearing removable entities
18:27:01.723 [JavaFX Application Thread] DEBUG GameWorld            - Setting level: com.almasb.fxgl.entity.level.Level@63089a09
18:27:01.748 [JavaFX Application Thread] DEBUG FXGLAssetLoaderServi - Loading from file system: file:/C:/Users/Jonathan/Documents/Galactic%20odyssey/target/classes/assets/textures/personaje.png
18:27:01.751 [JavaFX Application Thread] DEBUG Input                - Registered new binding: Move Right - D
18:27:01.752 [JavaFX Application Thread] DEBUG Input                - Registered new binding: Move Left - A
18:27:01.752 [JavaFX Application Thread] DEBUG Input                - Registered new binding: Move Up - W
18:27:01.752 [JavaFX Application Thread] DEBUG Input                - Registered new binding: Move Down - S
18:27:02.394 [FXGL Background Thread 3 ] DEBUG Engine               - Logging environment variables
18:27:02.395 [FXGL Background Thread 3 ] DEBUG Engine               - achievements: []
18:27:02.395 [FXGL Background Thread 3 ] DEBUG Engine               - actualHeight: 728.0
18:27:02.396 [FXGL Background Thread 3 ] DEBUG Engine               - actualHeightProperty: ReadOnlyDoubleProperty [value: 728.0]
18:27:02.396 [FXGL Background Thread 3 ] DEBUG Engine               - actualWidth: 1340.0
18:27:02.396 [FXGL Background Thread 3 ] DEBUG Engine               - actualWidthProperty: ReadOnlyDoubleProperty [value: 1340.0]
18:27:02.396 [FXGL Background Thread 3 ] DEBUG Engine               - appIcon: fxgl_icon.png
18:27:02.396 [FXGL Background Thread 3 ] DEBUG Engine               - applicationMode: DEVELOPER
18:27:02.397 [FXGL Background Thread 3 ] DEBUG Engine               - cSSList: [fxgl_dark.css]
18:27:02.397 [FXGL Background Thread 3 ] DEBUG Engine               - collisionDetectionStrategy: BRUTE_FORCE
18:27:02.397 [FXGL Background Thread 3 ] DEBUG Engine               - configClass: Optional.empty
18:27:02.397 [FXGL Background Thread 3 ] DEBUG Engine               - credits: []
18:27:02.398 [FXGL Background Thread 3 ] DEBUG Engine               - defaultCursor: CursorInfo(imageName=fxgl_default_cursor.png, hotspotX=7.0, hotspotY=6.0)
18:27:02.398 [FXGL Background Thread 3 ] DEBUG Engine               - devBBoxColorProperty: ObjectProperty [value: 0xff0000ff]
18:27:02.399 [FXGL Background Thread 3 ] DEBUG Engine               - devEnableDebugCameraProperty: BooleanProperty [value: false]
18:27:02.399 [FXGL Background Thread 3 ] DEBUG Engine               - devSensorColorProperty: ObjectProperty [value: 0xffff00ff]
18:27:02.399 [FXGL Background Thread 3 ] DEBUG Engine               - devShowBBoxProperty: BooleanProperty [value: false]
18:27:02.399 [FXGL Background Thread 3 ] DEBUG Engine               - devShowPositionProperty: BooleanProperty [value: false]
18:27:02.400 [FXGL Background Thread 3 ] DEBUG Engine               - enabledMenuItems: []
18:27:02.400 [FXGL Background Thread 3 ] DEBUG Engine               - engineServices: [class com.almasb.fxgl.app.services.FXGLAssetLoaderService, class com.almasb.fxgl.app.FXGLApplication$GameApplicationService, class com.almasb.fxgl.app.services.FXGLDialogService, class com.almasb.fxgl.app.services.IOTaskExecutorService, class com.almasb.fxgl.io.FileSystemService, class com.almasb.fxgl.localization.LocalizationService, class com.almasb.fxgl.app.services.SystemBundleService, class com.almasb.fxgl.profile.SaveLoadService, class com.almasb.fxgl.ui.FXGLUIFactoryServiceProvider, class com.almasb.fxgl.ui.FXGLDialogFactoryServiceProvider, class com.almasb.fxgl.audio.AudioPlayer, class com.almasb.fxgl.notification.impl.NotificationServiceProvider, class com.almasb.fxgl.achievement.AchievementService, class com.almasb.fxgl.cutscene.CutsceneService, class com.almasb.fxgl.minigames.MiniGameService, class com.almasb.fxgl.net.NetService, class com.almasb.fxgl.app.services.UpdaterService, class com.almasb.fxgl.dev.DevService]
18:27:02.400 [FXGL Background Thread 3 ] DEBUG Engine               - fontGame: Abel-Regular.ttf
18:27:02.400 [FXGL Background Thread 3 ] DEBUG Engine               - fontMono: TerminalLandMono-Regular.otf
18:27:02.401 [FXGL Background Thread 3 ] DEBUG Engine               - fontSizeScaleUI: 1.0
18:27:02.401 [FXGL Background Thread 3 ] DEBUG Engine               - fontText: Courier-Prime.ttf
18:27:02.401 [FXGL Background Thread 3 ] DEBUG Engine               - fontUI: VarelaRound-Regular.ttf
18:27:02.401 [FXGL Background Thread 3 ] DEBUG Engine               - fullScreen: BooleanProperty [value: false]
18:27:02.401 [FXGL Background Thread 3 ] DEBUG Engine               - gameDifficulty: MEDIUM
18:27:02.402 [FXGL Background Thread 3 ] DEBUG Engine               - gameDifficultyProperty: ObjectProperty [value: MEDIUM]
18:27:02.402 [FXGL Background Thread 3 ] DEBUG Engine               - globalMusicVolume: 0.5
18:27:02.402 [FXGL Background Thread 3 ] DEBUG Engine               - globalMusicVolumeProperty: DoubleProperty [value: 0.5]
18:27:02.402 [FXGL Background Thread 3 ] DEBUG Engine               - globalSoundVolume: 0.5
18:27:02.402 [FXGL Background Thread 3 ] DEBUG Engine               - globalSoundVolumeProperty: DoubleProperty [value: 0.5]
18:27:02.402 [FXGL Background Thread 3 ] DEBUG Engine               - height: 800
18:27:02.403 [FXGL Background Thread 3 ] DEBUG Engine               - is3D: false
18:27:02.403 [FXGL Background Thread 3 ] DEBUG Engine               - isAndroid: false
18:27:02.403 [FXGL Background Thread 3 ] DEBUG Engine               - isBrowser: false
18:27:02.403 [FXGL Background Thread 3 ] DEBUG Engine               - isClickFeedbackEnabled: false
18:27:02.403 [FXGL Background Thread 3 ] DEBUG Engine               - isCloseConfirmation: false
18:27:02.403 [FXGL Background Thread 3 ] DEBUG Engine               - isDesktop: true
18:27:02.403 [FXGL Background Thread 3 ] DEBUG Engine               - isDeveloperMenuEnabled: false
18:27:02.403 [FXGL Background Thread 3 ] DEBUG Engine               - isEmbedded: false
18:27:02.404 [FXGL Background Thread 3 ] DEBUG Engine               - isEntityPreloadEnabled: true
18:27:02.404 [FXGL Background Thread 3 ] DEBUG Engine               - isExperimentalTiledLargeMap: false
18:27:02.404 [FXGL Background Thread 3 ] DEBUG Engine               - isFileSystemWriteAllowed: true
18:27:02.404 [FXGL Background Thread 3 ] DEBUG Engine               - isFullScreenAllowed: false
18:27:02.404 [FXGL Background Thread 3 ] DEBUG Engine               - isFullScreenFromStart: false
18:27:02.404 [FXGL Background Thread 3 ] DEBUG Engine               - isGameMenuEnabled: true
18:27:02.404 [FXGL Background Thread 3 ] DEBUG Engine               - isIOS: false
18:27:02.405 [FXGL Background Thread 3 ] DEBUG Engine               - isIntroEnabled: false
18:27:02.405 [FXGL Background Thread 3 ] DEBUG Engine               - isLinux: false
18:27:02.405 [FXGL Background Thread 3 ] DEBUG Engine               - isMac: false
18:27:02.405 [FXGL Background Thread 3 ] DEBUG Engine               - isMainMenuEnabled: false
18:27:02.405 [FXGL Background Thread 3 ] DEBUG Engine               - isManualResizeEnabled: false
18:27:02.405 [FXGL Background Thread 3 ] DEBUG Engine               - isMobile: false
18:27:02.405 [FXGL Background Thread 3 ] DEBUG Engine               - isNative: false
18:27:02.405 [FXGL Background Thread 3 ] DEBUG Engine               - isPauseMusicWhenMinimized: true
18:27:02.406 [FXGL Background Thread 3 ] DEBUG Engine               - isPreserveResizeRatio: false
18:27:02.406 [FXGL Background Thread 3 ] DEBUG Engine               - isProfilingEnabled: false
18:27:02.406 [FXGL Background Thread 3 ] DEBUG Engine               - isScaleAffectedOnResize: true
18:27:02.406 [FXGL Background Thread 3 ] DEBUG Engine               - isSingleStep: false
18:27:02.406 [FXGL Background Thread 3 ] DEBUG Engine               - isUserProfileEnabled: false
18:27:02.406 [FXGL Background Thread 3 ] DEBUG Engine               - isWindows: true
18:27:02.407 [FXGL Background Thread 3 ] DEBUG Engine               - language: ObjectProperty [value: ENGLISH]
18:27:02.407 [FXGL Background Thread 3 ] DEBUG Engine               - menuKey: ESCAPE
18:27:02.407 [FXGL Background Thread 3 ] DEBUG Engine               - mouseSensitivity: 0.2
18:27:02.407 [FXGL Background Thread 3 ] DEBUG Engine               - notificationViewClass: class com.almasb.fxgl.notification.view.XboxNotificationView
18:27:02.407 [FXGL Background Thread 3 ] DEBUG Engine               - pixelsPerMeter: 50.0
18:27:02.407 [FXGL Background Thread 3 ] DEBUG Engine               - platform: WINDOWS
18:27:02.408 [FXGL Background Thread 3 ] DEBUG Engine               - prefHeightProperty: ReadOnlyDoubleProperty [value: 800.0]
18:27:02.408 [FXGL Background Thread 3 ] DEBUG Engine               - prefWidthProperty: ReadOnlyDoubleProperty [value: 1500.0]
18:27:02.408 [FXGL Background Thread 3 ] DEBUG Engine               - profileDir: profiles/
18:27:02.408 [FXGL Background Thread 3 ] DEBUG Engine               - profileName: StringProperty [value: DEFAULT]
18:27:02.408 [FXGL Background Thread 3 ] DEBUG Engine               - randomSeed: -1
18:27:02.409 [FXGL Background Thread 3 ] DEBUG Engine               - runtimeInfo: RuntimeInfo(platform=WINDOWS, version=17.3, build=30.03.2023 11.49)
18:27:02.409 [FXGL Background Thread 3 ] DEBUG Engine               - saveFileExt: sav
18:27:02.409 [FXGL Background Thread 3 ] DEBUG Engine               - scaledHeightProp$fxgl: DoubleProperty [bound, value: 728.0]
18:27:02.410 [FXGL Background Thread 3 ] DEBUG Engine               - scaledWidthProp$fxgl: DoubleProperty [bound, value: 1340.0]
18:27:02.410 [FXGL Background Thread 3 ] DEBUG Engine               - sceneFactory: com.almasb.fxgl.app.scene.SceneFactory@6fb85907
18:27:02.410 [FXGL Background Thread 3 ] DEBUG Engine               - secondsIn24h: 60
18:27:02.410 [FXGL Background Thread 3 ] DEBUG Engine               - soundMenuBack: menu/back.wav
18:27:02.410 [FXGL Background Thread 3 ] DEBUG Engine               - soundMenuPress: menu/press.wav
18:27:02.410 [FXGL Background Thread 3 ] DEBUG Engine               - soundMenuSelect: menu/select.wav
18:27:02.411 [FXGL Background Thread 3 ] DEBUG Engine               - soundNotification: core/notification.wav
18:27:02.411 [FXGL Background Thread 3 ] DEBUG Engine               - stageStyle: DECORATED
18:27:02.411 [FXGL Background Thread 3 ] DEBUG Engine               - supportedLanguages: [ENGLISH, FRENCH, GERMAN, HUNGARIAN, RUSSIAN]
18:27:02.411 [FXGL Background Thread 3 ] DEBUG Engine               - ticksPerSecond: -1
18:27:02.411 [FXGL Background Thread 3 ] DEBUG Engine               - title: Galactic Odyssey
18:27:02.411 [FXGL Background Thread 3 ] DEBUG Engine               - urlGithub: https://github.com/AlmasB/FXGL
18:27:02.412 [FXGL Background Thread 3 ] DEBUG Engine               - urlLeaderboard: http://fxgl-top.herokuapp.com/
18:27:02.412 [FXGL Background Thread 3 ] DEBUG Engine               - urlPOM: https://raw.githubusercontent.com/AlmasB/FXGL/release/README.md
18:27:02.412 [FXGL Background Thread 3 ] DEBUG Engine               - userAppClass: class App.App
18:27:02.412 [FXGL Background Thread 3 ] DEBUG Engine               - version: 0.0
18:27:02.412 [FXGL Background Thread 3 ] DEBUG Engine               - versionCheckDays: 7
18:27:02.412 [FXGL Background Thread 3 ] DEBUG Engine               - width: 1500
18:27:02.412 [FXGL Background Thread 3 ] DEBUG Engine               - Logging services
18:27:02.412 [FXGL Background Thread 3 ] DEBUG Engine               - class com.almasb.fxgl.app.services.FXGLAssetLoaderService
18:27:02.413 [FXGL Background Thread 3 ] DEBUG Engine               - class com.almasb.fxgl.app.FXGLApplication$GameApplicationService
18:27:02.413 [FXGL Background Thread 3 ] DEBUG Engine               - class com.almasb.fxgl.app.services.FXGLDialogService
18:27:02.413 [FXGL Background Thread 3 ] DEBUG Engine               - class com.almasb.fxgl.app.services.IOTaskExecutorService
18:27:02.413 [FXGL Background Thread 3 ] DEBUG Engine               - class com.almasb.fxgl.io.FileSystemService
18:27:02.413 [FXGL Background Thread 3 ] DEBUG Engine               - class com.almasb.fxgl.localization.LocalizationService
18:27:02.413 [FXGL Background Thread 3 ] DEBUG Engine               - class com.almasb.fxgl.app.services.SystemBundleService
18:27:02.413 [FXGL Background Thread 3 ] DEBUG Engine               - class com.almasb.fxgl.profile.SaveLoadService
18:27:02.413 [FXGL Background Thread 3 ] DEBUG Engine               - class com.almasb.fxgl.ui.FXGLUIFactoryServiceProvider
18:27:02.414 [FXGL Background Thread 3 ] DEBUG Engine               - class com.almasb.fxgl.ui.FXGLDialogFactoryServiceProvider
18:27:02.414 [FXGL Background Thread 3 ] DEBUG Engine               - class com.almasb.fxgl.audio.AudioPlayer
18:27:02.414 [FXGL Background Thread 3 ] DEBUG Engine               - class com.almasb.fxgl.notification.impl.NotificationServiceProvider
18:27:02.414 [FXGL Background Thread 3 ] DEBUG Engine               - class com.almasb.fxgl.achievement.AchievementService
18:27:02.414 [FXGL Background Thread 3 ] DEBUG Engine               - class com.almasb.fxgl.cutscene.CutsceneService
18:27:02.414 [FXGL Background Thread 3 ] DEBUG Engine               - class com.almasb.fxgl.minigames.MiniGameService
18:27:02.414 [FXGL Background Thread 3 ] DEBUG Engine               - class com.almasb.fxgl.net.NetService
18:27:02.414 [FXGL Background Thread 3 ] DEBUG Engine               - class com.almasb.fxgl.app.services.UpdaterService
18:27:02.414 [FXGL Background Thread 3 ] DEBUG Engine               - class com.almasb.fxgl.dev.DevService
18:27:09.274 [JavaFX Application Thread] DEBUG FXGLApplication      - Exiting FXGL
18:27:09.275 [JavaFX Application Thread] DEBUG LoopRunner           - Stopping loop
18:27:09.275 [JavaFX Application Thread] DEBUG SystemBundleService  - Saving FXGL system data
18:27:09.278 [JavaFX Application Thread] DEBUG FileSystemAccess     - Writing to: C:\Users\Jonathan\Documents\Galactic odyssey\system\fxgl.bundle
18:27:09.282 [JavaFX Application Thread] DEBUG Async                - Shutting down background threads
18:27:09.282 [JavaFX Application Thread] DEBUG PrimaryStageWindow   - Closing main window
18:27:09.313 [JavaFX Application Thread] DEBUG Logger               - Closing Logger
