20:25:29.871 [main                     ] DEBUG Logger               - Configured Logger
20:25:29.938 [main                     ] DEBUG GameApplication      - Logging settings
Title: Galactic Odyssey
Version: 0.0.1
Width: 800
Height: 617
Fullscreen: true
Intro: false
Profiling: false
Single step:false
App Mode: DEVELOPER
Menu Key: ESCAPE
Stage Style: DECORATED
Scene Factory: class App.App$1

20:25:30.536 [JavaFX Application Thread] DEBUG FXGLApplication      - Initializing FXGL
20:25:30.551 [JavaFX Application Thread] INFO  Engine               - FXGL-17.3 (30.03.2023 11.49) on WINDOWS (J:17.0.12 FX:17.0.2-ea)
20:25:30.552 [JavaFX Application Thread] DEBUG Engine               - JRE Vendor Name: Oracle Corporation
20:25:30.553 [JavaFX Application Thread] DEBUG Engine               - Running on OS: Windows 10 version 10.0
20:25:30.554 [JavaFX Application Thread] DEBUG Engine               - Architecture: amd64
20:25:30.554 [JavaFX Application Thread] INFO  Engine               - Source code and latest versions at: https://github.com/AlmasB/FXGL
20:25:30.554 [JavaFX Application Thread] INFO  Engine               -       Ask questions and discuss at: https://github.com/AlmasB/FXGL/discussions
20:25:30.555 [JavaFX Application Thread] INFO  Engine               -              Join the FXGL chat at: https://gitter.im/AlmasB/FXGL
20:25:30.770 [JavaFX Application Thread] DEBUG PrimaryStageWindow   - Creating a JavaFX scene
20:25:30.877 [JavaFX Application Thread] DEBUG PrimaryStageWindow   - Target settings size: 800.0 x 617.0
20:25:30.878 [JavaFX Application Thread] DEBUG PrimaryStageWindow   - Scaled scene size:    800.0 x 617.0
20:25:30.878 [JavaFX Application Thread] DEBUG PrimaryStageWindow   - Scaled ratio: (1.0, 1.0)
20:25:30.880 [JavaFX Application Thread] DEBUG PrimaryStageWindow   - Set initial scene to FXGLStartupScene
20:25:30.904 [JavaFX Application Thread] DEBUG PrimaryStageWindow   - Opening main window
20:25:31.092 [JavaFX Application Thread] DEBUG PrimaryStageWindow   - Window border size: (16.0, 39.0)
20:25:31.093 [JavaFX Application Thread] DEBUG PrimaryStageWindow   - Scaled size: 800.0 x 617.0
20:25:31.094 [JavaFX Application Thread] DEBUG PrimaryStageWindow   - Scaled ratio: (1.0, 1.0)
20:25:31.094 [JavaFX Application Thread] DEBUG PrimaryStageWindow   - Scene size: 800.0 x 617.0
20:25:31.095 [JavaFX Application Thread] DEBUG PrimaryStageWindow   - Stage size: 816.0 x 656.0
20:25:31.196 [JavaFX Application Thread] DEBUG PrimaryStageWindow   - Going fullscreen
20:25:31.222 [FXGL Background Thread 1 ] DEBUG Engine               - Initializing environment variables
20:25:31.300 [FXGL Background Thread 1 ] DEBUG FXGLAssetLoaderServi - User app class for loading assets: class App.App
20:25:31.301 [FXGL Background Thread 1 ] DEBUG GameApplicationServi - Applying CSS: fxgl_dark.css
20:25:31.303 [FXGL Background Thread 1 ] DEBUG FXGLAssetLoaderServi - Loading from file system: jar:file:///C:/Users/Jonathan/.m2/repository/com/github/almasb/fxgl/17.3/fxgl-17.3.jar!/fxglassets/ui/css/fxgl_dark.css
20:25:31.411 [FXGL Background Thread 1 ] DEBUG GameApplicationServi - Initializing application scenes
20:25:31.539 [FXGL Background Thread 1 ] DEBUG GameWorld            - Game world initialized
20:25:31.677 [FXGL Background Thread 1 ] DEBUG PhysicsWorld         - Physics world initialized: appHeight=617, physics.ppm=50,0
20:25:31.677 [FXGL Background Thread 1 ] DEBUG PhysicsWorld         - Using strategy: BRUTE_FORCE
20:25:31.687 [FXGL Background Thread 1 ] DEBUG GameScene            - Game scene initialized: 800x617
20:25:31.707 [FXGL Background Thread 1 ] DEBUG FXGL.DefaultMenu     - createMenuBodyGameMenu()
20:25:31.734 [FXGL Background Thread 1 ] DEBUG FXGL.DefaultMenu     - createOptionsMenu()
20:25:31.755 [FXGL Background Thread 1 ] DEBUG FXGLAssetLoaderServi - Loading from file system: jar:file:///C:/Users/Jonathan/.m2/repository/com/github/almasb/fxgl/17.3/fxgl-17.3.jar!/fxglassets/textures/particles/smoke.png
20:25:31.968 [FXGL Background Thread 1 ] DEBUG FXGLAssetLoaderServi - Loading from file system: jar:file:///C:/Users/Jonathan/.m2/repository/com/github/almasb/fxgl/17.3/fxgl-17.3.jar!/fxglassets/textures/particles/trace_horizontal.png
20:25:32.039 [FXGL Background Thread 1 ] DEBUG GameApplicationServi - Application scenes initialized
20:25:32.066 [FXGL Background Thread 1 ] DEBUG SystemBundleService  - Loading FXGL system data
20:25:32.076 [FXGL Background Thread 1 ] DEBUG FileSystemAccess     - Reading from: C:\Users\Jonathan\Desktop\Galactic odyssey\system\fxgl.bundle
20:25:32.090 [FXGL Background Thread 1 ] DEBUG SystemBundleService  - Bundle FXGL: {}
20:25:32.090 [FXGL Background Thread 1 ] DEBUG UpdaterService       - Checking for updates
20:25:32.102 [FXGL Background Thread 1 ] DEBUG FXGLApplication      - Loading default localization
20:25:32.104 [FXGL Background Thread 1 ] DEBUG FXGLAssetLoaderServi - Loading from file system: jar:file:///C:/Users/Jonathan/.m2/repository/com/github/almasb/fxgl/17.3/fxgl-17.3.jar!/fxglassets/languages/english.lang
20:25:32.121 [FXGL Background Thread 4 ] DEBUG FXGLApplication      - Loading fonts
20:25:32.124 [FXGL Background Thread 4 ] DEBUG FXGLAssetLoaderServi - Loading from file system: jar:file:///C:/Users/Jonathan/.m2/repository/com/github/almasb/fxgl/17.3/fxgl-17.3.jar!/fxglassets/ui/fonts/VarelaRound-Regular.ttf
20:25:32.141 [FXGL Background Thread 1 ] INFO  FXGLApplication      - FXGL initialization took: 0,918 sec
20:25:32.143 [JavaFX Application Thread] DEBUG FXGLAssetLoaderServi - Loading from file system: jar:file:///C:/Users/Jonathan/.m2/repository/com/github/almasb/fxgl/17.3/fxgl-17.3.jar!/fxglassets/textures/fxgl_icon.png
20:25:32.211 [JavaFX Application Thread] DEBUG FXGLAssetLoaderServi - Loading from file system: jar:file:///C:/Users/Jonathan/.m2/repository/com/github/almasb/fxgl/17.3/fxgl-17.3.jar!/fxglassets/textures/fxgl_default_cursor.png
20:25:32.235 [JavaFX Application Thread] DEBUG Input                - Registered new binding: Screenshot - CTRL+8
20:25:32.236 [JavaFX Application Thread] DEBUG Input                - Registered new binding: System info dump - CTRL+9
20:25:32.237 [JavaFX Application Thread] DEBUG Input                - Registered new binding: Restart - CTRL+R
20:25:32.238 [JavaFX Application Thread] DEBUG Input                - Registered new binding: Toggle Debug Camera - CTRL+7
20:25:32.243 [JavaFX Application Thread] DEBUG LoopRunner           - Starting loop
20:25:32.243 [JavaFX Application Thread] DEBUG LoopRunner           - Initializing JavaFX AnimationTimerLoop
20:25:32.245 [JavaFX Application Thread] DEBUG GameApplicationServi - Starting new game
20:25:32.246 [JavaFX Application Thread] DEBUG Input                - Clearing active input actions
20:25:32.291 [JavaFX Application Thread] DEBUG GameApplicationServi - Removing overlay from FXGLStartupScene and adding to MyLoadingScene
20:25:32.292 [JavaFX Application Thread] DEBUG PrimaryStageWindow   - FXGLStartupScene -> MyLoadingScene
20:25:32.292 [JavaFX Application Thread] DEBUG GameApplicationServi - Clearing previous game
20:25:32.292 [JavaFX Application Thread] DEBUG GameScene            - Clearing game scene
20:25:32.293 [JavaFX Application Thread] DEBUG GameWorld            - Clearing game world
20:25:32.293 [JavaFX Application Thread] DEBUG PhysicsWorld         - Clearing physics world
20:25:32.295 [FXGL Background Thread 1 ] DEBUG FXGLApplication      - Initializing game
20:25:32.316 [FXGL Background Thread 1 ] DEBUG FXGLAssetLoaderServi - Loading from file system: file:/C:/Users/Jonathan/Desktop/Galactic%20odyssey/target/classes/assets/textures/fondo_menu.png
20:25:32.363 [FXGL Background Thread 1 ] DEBUG FXGLAssetLoaderServi - Loading from file system: file:/C:/Users/Jonathan/Desktop/Galactic%20odyssey/target/classes/assets/music/intro.mp3
20:25:32.707 [FXGL Background Thread 4 ] DEBUG FXGLAssetLoaderServi - Loading from file system: jar:file:///C:/Users/Jonathan/.m2/repository/com/github/almasb/fxgl/17.3/fxgl-17.3.jar!/fxglassets/ui/fonts/Abel-Regular.ttf
20:25:32.716 [FXGL Background Thread 1 ] DEBUG AudioPlayer          - Playing music com.almasb.fxgl.audio.Music@583272bd
20:25:32.733 [FXGL Background Thread 4 ] DEBUG FXGLAssetLoaderServi - Loading from file system: jar:file:///C:/Users/Jonathan/.m2/repository/com/github/almasb/fxgl/17.3/fxgl-17.3.jar!/fxglassets/ui/fonts/TerminalLandMono-Regular.otf
20:25:32.754 [FXGL Background Thread 1 ] INFO  FXGLApplication      - Game initialization took: 0,459 sec
20:25:32.755 [JavaFX Application Thread] DEBUG Input                - Clearing active input actions
20:25:32.759 [FXGL Background Thread 4 ] DEBUG FXGLAssetLoaderServi - Loading from file system: jar:file:///C:/Users/Jonathan/.m2/repository/com/github/almasb/fxgl/17.3/fxgl-17.3.jar!/fxglassets/ui/fonts/Courier-Prime.ttf
20:25:32.800 [JavaFX Application Thread] DEBUG GameApplicationServi - Removing overlay from MyLoadingScene and adding to GameScene
20:25:32.801 [JavaFX Application Thread] DEBUG PrimaryStageWindow   - MyLoadingScene -> GameScene
20:25:32.857 [FXGL Background Thread 2 ] WARN  UpdaterService       - Failed to find updates: java.net.UnknownHostException: raw.githubusercontent.com
20:25:32.905 [JavaFX Application Thread] DEBUG FXGLApplication      - Registering font factories with UI factory
20:25:35.097 [FXGL Background Thread 3 ] DEBUG Engine               - Logging environment variables
20:25:35.098 [FXGL Background Thread 3 ] DEBUG Engine               - achievements: []
20:25:35.098 [FXGL Background Thread 3 ] DEBUG Engine               - actualHeight: 768.0
20:25:35.098 [FXGL Background Thread 3 ] DEBUG Engine               - actualHeightProperty: ReadOnlyDoubleProperty [value: 768.0]
20:25:35.099 [FXGL Background Thread 3 ] DEBUG Engine               - actualWidth: 1366.0
20:25:35.099 [FXGL Background Thread 3 ] DEBUG Engine               - actualWidthProperty: ReadOnlyDoubleProperty [value: 1366.0]
20:25:35.100 [FXGL Background Thread 3 ] DEBUG Engine               - appIcon: fxgl_icon.png
20:25:35.100 [FXGL Background Thread 3 ] DEBUG Engine               - applicationMode: DEVELOPER
20:25:35.100 [FXGL Background Thread 3 ] DEBUG Engine               - cSSList: [fxgl_dark.css]
20:25:35.100 [FXGL Background Thread 3 ] DEBUG Engine               - collisionDetectionStrategy: BRUTE_FORCE
20:25:35.100 [FXGL Background Thread 3 ] DEBUG Engine               - configClass: Optional.empty
20:25:35.100 [FXGL Background Thread 3 ] DEBUG Engine               - credits: []
20:25:35.101 [FXGL Background Thread 3 ] DEBUG Engine               - defaultCursor: CursorInfo(imageName=fxgl_default_cursor.png, hotspotX=7.0, hotspotY=6.0)
20:25:35.102 [FXGL Background Thread 3 ] DEBUG Engine               - devBBoxColorProperty: ObjectProperty [value: 0xff0000ff]
20:25:35.102 [FXGL Background Thread 3 ] DEBUG Engine               - devEnableDebugCameraProperty: BooleanProperty [value: false]
20:25:35.102 [FXGL Background Thread 3 ] DEBUG Engine               - devSensorColorProperty: ObjectProperty [value: 0xffff00ff]
20:25:35.102 [FXGL Background Thread 3 ] DEBUG Engine               - devShowBBoxProperty: BooleanProperty [value: false]
20:25:35.102 [FXGL Background Thread 3 ] DEBUG Engine               - devShowPositionProperty: BooleanProperty [value: false]
20:25:35.103 [FXGL Background Thread 3 ] DEBUG Engine               - enabledMenuItems: []
20:25:35.103 [FXGL Background Thread 3 ] DEBUG Engine               - engineServices: [class com.almasb.fxgl.app.services.FXGLAssetLoaderService, class com.almasb.fxgl.app.FXGLApplication$GameApplicationService, class com.almasb.fxgl.app.services.FXGLDialogService, class com.almasb.fxgl.app.services.IOTaskExecutorService, class com.almasb.fxgl.io.FileSystemService, class com.almasb.fxgl.localization.LocalizationService, class com.almasb.fxgl.app.services.SystemBundleService, class com.almasb.fxgl.profile.SaveLoadService, class com.almasb.fxgl.ui.FXGLUIFactoryServiceProvider, class com.almasb.fxgl.ui.FXGLDialogFactoryServiceProvider, class com.almasb.fxgl.audio.AudioPlayer, class com.almasb.fxgl.notification.impl.NotificationServiceProvider, class com.almasb.fxgl.achievement.AchievementService, class com.almasb.fxgl.cutscene.CutsceneService, class com.almasb.fxgl.minigames.MiniGameService, class com.almasb.fxgl.net.NetService, class com.almasb.fxgl.app.services.UpdaterService, class com.almasb.fxgl.dev.DevService]
20:25:35.103 [FXGL Background Thread 3 ] DEBUG Engine               - fontGame: Abel-Regular.ttf
20:25:35.103 [FXGL Background Thread 3 ] DEBUG Engine               - fontMono: TerminalLandMono-Regular.otf
20:25:35.103 [FXGL Background Thread 3 ] DEBUG Engine               - fontSizeScaleUI: 1.0
20:25:35.104 [FXGL Background Thread 3 ] DEBUG Engine               - fontText: Courier-Prime.ttf
20:25:35.104 [FXGL Background Thread 3 ] DEBUG Engine               - fontUI: VarelaRound-Regular.ttf
20:25:35.104 [FXGL Background Thread 3 ] DEBUG Engine               - fullScreen: BooleanProperty [value: true]
20:25:35.104 [FXGL Background Thread 3 ] DEBUG Engine               - gameDifficulty: MEDIUM
20:25:35.104 [FXGL Background Thread 3 ] DEBUG Engine               - gameDifficultyProperty: ObjectProperty [value: MEDIUM]
20:25:35.104 [FXGL Background Thread 3 ] DEBUG Engine               - globalMusicVolume: 0.5
20:25:35.105 [FXGL Background Thread 3 ] DEBUG Engine               - globalMusicVolumeProperty: DoubleProperty [value: 0.5]
20:25:35.105 [FXGL Background Thread 3 ] DEBUG Engine               - globalSoundVolume: 0.5
20:25:35.105 [FXGL Background Thread 3 ] DEBUG Engine               - globalSoundVolumeProperty: DoubleProperty [value: 0.5]
20:25:35.105 [FXGL Background Thread 3 ] DEBUG Engine               - height: 617
20:25:35.105 [FXGL Background Thread 3 ] DEBUG Engine               - is3D: false
20:25:35.105 [FXGL Background Thread 3 ] DEBUG Engine               - isAndroid: false
20:25:35.105 [FXGL Background Thread 3 ] DEBUG Engine               - isBrowser: false
20:25:35.106 [FXGL Background Thread 3 ] DEBUG Engine               - isClickFeedbackEnabled: false
20:25:35.106 [FXGL Background Thread 3 ] DEBUG Engine               - isCloseConfirmation: false
20:25:35.106 [FXGL Background Thread 3 ] DEBUG Engine               - isDesktop: true
20:25:35.106 [FXGL Background Thread 3 ] DEBUG Engine               - isDeveloperMenuEnabled: false
20:25:35.106 [FXGL Background Thread 3 ] DEBUG Engine               - isEmbedded: false
20:25:35.106 [FXGL Background Thread 3 ] DEBUG Engine               - isEntityPreloadEnabled: true
20:25:35.106 [FXGL Background Thread 3 ] DEBUG Engine               - isExperimentalTiledLargeMap: false
20:25:35.106 [FXGL Background Thread 3 ] DEBUG Engine               - isFileSystemWriteAllowed: true
20:25:35.107 [FXGL Background Thread 3 ] DEBUG Engine               - isFullScreenAllowed: true
20:25:35.107 [FXGL Background Thread 3 ] DEBUG Engine               - isFullScreenFromStart: true
20:25:35.107 [FXGL Background Thread 3 ] DEBUG Engine               - isGameMenuEnabled: true
20:25:35.107 [FXGL Background Thread 3 ] DEBUG Engine               - isIOS: false
20:25:35.107 [FXGL Background Thread 3 ] DEBUG Engine               - isIntroEnabled: false
20:25:35.107 [FXGL Background Thread 3 ] DEBUG Engine               - isLinux: false
20:25:35.107 [FXGL Background Thread 3 ] DEBUG Engine               - isMac: false
20:25:35.108 [FXGL Background Thread 3 ] DEBUG Engine               - isMainMenuEnabled: false
20:25:35.108 [FXGL Background Thread 3 ] DEBUG Engine               - isManualResizeEnabled: false
20:25:35.108 [FXGL Background Thread 3 ] DEBUG Engine               - isMobile: false
20:25:35.108 [FXGL Background Thread 3 ] DEBUG Engine               - isNative: false
20:25:35.109 [FXGL Background Thread 3 ] DEBUG Engine               - isPauseMusicWhenMinimized: true
20:25:35.110 [FXGL Background Thread 3 ] DEBUG Engine               - isPreserveResizeRatio: false
20:25:35.110 [FXGL Background Thread 3 ] DEBUG Engine               - isProfilingEnabled: false
20:25:35.110 [FXGL Background Thread 3 ] DEBUG Engine               - isScaleAffectedOnResize: true
20:25:35.110 [FXGL Background Thread 3 ] DEBUG Engine               - isSingleStep: false
20:25:35.110 [FXGL Background Thread 3 ] DEBUG Engine               - isUserProfileEnabled: false
20:25:35.110 [FXGL Background Thread 3 ] DEBUG Engine               - isWindows: true
20:25:35.110 [FXGL Background Thread 3 ] DEBUG Engine               - language: ObjectProperty [value: ENGLISH]
20:25:35.111 [FXGL Background Thread 3 ] DEBUG Engine               - menuKey: ESCAPE
20:25:35.111 [FXGL Background Thread 3 ] DEBUG Engine               - mouseSensitivity: 0.2
20:25:35.111 [FXGL Background Thread 3 ] DEBUG Engine               - notificationViewClass: class com.almasb.fxgl.notification.view.XboxNotificationView
20:25:35.111 [FXGL Background Thread 3 ] DEBUG Engine               - pixelsPerMeter: 50.0
20:25:35.111 [FXGL Background Thread 3 ] DEBUG Engine               - platform: WINDOWS
20:25:35.111 [FXGL Background Thread 3 ] DEBUG Engine               - prefHeightProperty: ReadOnlyDoubleProperty [value: 617.0]
20:25:35.111 [FXGL Background Thread 3 ] DEBUG Engine               - prefWidthProperty: ReadOnlyDoubleProperty [value: 800.0]
20:25:35.111 [FXGL Background Thread 3 ] DEBUG Engine               - profileDir: profiles/
20:25:35.112 [FXGL Background Thread 3 ] DEBUG Engine               - profileName: StringProperty [value: DEFAULT]
20:25:35.112 [FXGL Background Thread 3 ] DEBUG Engine               - randomSeed: -1
20:25:35.112 [FXGL Background Thread 3 ] DEBUG Engine               - runtimeInfo: RuntimeInfo(platform=WINDOWS, version=17.3, build=30.03.2023 11.49)
20:25:35.112 [FXGL Background Thread 3 ] DEBUG Engine               - saveFileExt: sav
20:25:35.113 [FXGL Background Thread 3 ] DEBUG Engine               - scaledHeightProp$fxgl: DoubleProperty [bound, value: 768.0]
20:25:35.113 [FXGL Background Thread 3 ] DEBUG Engine               - scaledWidthProp$fxgl: DoubleProperty [bound, value: 1366.0]
20:25:35.113 [FXGL Background Thread 3 ] DEBUG Engine               - sceneFactory: App.App$1@71c97c2a
20:25:35.113 [FXGL Background Thread 3 ] DEBUG Engine               - secondsIn24h: 60
20:25:35.113 [FXGL Background Thread 3 ] DEBUG Engine               - soundMenuBack: menu/back.wav
20:25:35.113 [FXGL Background Thread 3 ] DEBUG Engine               - soundMenuPress: menu/press.wav
20:25:35.113 [FXGL Background Thread 3 ] DEBUG Engine               - soundMenuSelect: menu/select.wav
20:25:35.113 [FXGL Background Thread 3 ] DEBUG Engine               - soundNotification: core/notification.wav
20:25:35.114 [FXGL Background Thread 3 ] DEBUG Engine               - stageStyle: DECORATED
20:25:35.114 [FXGL Background Thread 3 ] DEBUG Engine               - supportedLanguages: [ENGLISH, FRENCH, GERMAN, HUNGARIAN, RUSSIAN]
20:25:35.114 [FXGL Background Thread 3 ] DEBUG Engine               - ticksPerSecond: -1
20:25:35.114 [FXGL Background Thread 3 ] DEBUG Engine               - title: Galactic Odyssey
20:25:35.114 [FXGL Background Thread 3 ] DEBUG Engine               - urlGithub: https://github.com/AlmasB/FXGL
20:25:35.114 [FXGL Background Thread 3 ] DEBUG Engine               - urlLeaderboard: http://fxgl-top.herokuapp.com/
20:25:35.114 [FXGL Background Thread 3 ] DEBUG Engine               - urlPOM: https://raw.githubusercontent.com/AlmasB/FXGL/release/README.md
20:25:35.115 [FXGL Background Thread 3 ] DEBUG Engine               - userAppClass: class App.App
20:25:35.115 [FXGL Background Thread 3 ] DEBUG Engine               - version: 0.0.1
20:25:35.115 [FXGL Background Thread 3 ] DEBUG Engine               - versionCheckDays: 7
20:25:35.115 [FXGL Background Thread 3 ] DEBUG Engine               - width: 800
20:25:35.116 [FXGL Background Thread 3 ] DEBUG Engine               - Logging services
20:25:35.116 [FXGL Background Thread 3 ] DEBUG Engine               - class com.almasb.fxgl.app.services.FXGLAssetLoaderService
20:25:35.116 [FXGL Background Thread 3 ] DEBUG Engine               - class com.almasb.fxgl.app.FXGLApplication$GameApplicationService
20:25:35.116 [FXGL Background Thread 3 ] DEBUG Engine               - class com.almasb.fxgl.app.services.FXGLDialogService
20:25:35.116 [FXGL Background Thread 3 ] DEBUG Engine               - class com.almasb.fxgl.app.services.IOTaskExecutorService
20:25:35.116 [FXGL Background Thread 3 ] DEBUG Engine               - class com.almasb.fxgl.io.FileSystemService
20:25:35.116 [FXGL Background Thread 3 ] DEBUG Engine               - class com.almasb.fxgl.localization.LocalizationService
20:25:35.116 [FXGL Background Thread 3 ] DEBUG Engine               - class com.almasb.fxgl.app.services.SystemBundleService
20:25:35.117 [FXGL Background Thread 3 ] DEBUG Engine               - class com.almasb.fxgl.profile.SaveLoadService
20:25:35.117 [FXGL Background Thread 3 ] DEBUG Engine               - class com.almasb.fxgl.ui.FXGLUIFactoryServiceProvider
20:25:35.117 [FXGL Background Thread 3 ] DEBUG Engine               - class com.almasb.fxgl.ui.FXGLDialogFactoryServiceProvider
20:25:35.117 [FXGL Background Thread 3 ] DEBUG Engine               - class com.almasb.fxgl.audio.AudioPlayer
20:25:35.117 [FXGL Background Thread 3 ] DEBUG Engine               - class com.almasb.fxgl.notification.impl.NotificationServiceProvider
20:25:35.117 [FXGL Background Thread 3 ] DEBUG Engine               - class com.almasb.fxgl.achievement.AchievementService
20:25:35.118 [FXGL Background Thread 3 ] DEBUG Engine               - class com.almasb.fxgl.cutscene.CutsceneService
20:25:35.118 [FXGL Background Thread 3 ] DEBUG Engine               - class com.almasb.fxgl.minigames.MiniGameService
20:25:35.118 [FXGL Background Thread 3 ] DEBUG Engine               - class com.almasb.fxgl.net.NetService
20:25:35.118 [FXGL Background Thread 3 ] DEBUG Engine               - class com.almasb.fxgl.app.services.UpdaterService
20:25:35.118 [FXGL Background Thread 3 ] DEBUG Engine               - class com.almasb.fxgl.dev.DevService
20:26:02.705 [JavaFX Application Thread] WARN  TMXLevelLoader       - TiledMap generated from 1.11.2. Supported version: 1.9.0. Some features may not be parsed fully.
20:26:02.754 [JavaFX Application Thread] DEBUG TMXLevelLoader       - Parsed TiledMap: file:/C:/Users/Jonathan/Desktop/Galactic%20odyssey/target/classes/assets/levels/Map1.tmx
20:26:02.755 [JavaFX Application Thread] DEBUG TMXLevelLoader       - Creating tile layer entities
20:26:02.758 [JavaFX Application Thread] DEBUG TilesetLoader        - Loading view for layer Espacio
20:26:02.774 [JavaFX Application Thread] DEBUG TilesetLoader        - Created buffer with size 3360.0x1680.0
20:26:02.985 [JavaFX Application Thread] DEBUG TilesetLoader        - Loading view for layer Planetas
20:26:02.997 [JavaFX Application Thread] DEBUG TilesetLoader        - Created buffer with size 3360.0x1680.0
20:26:02.999 [JavaFX Application Thread] DEBUG TilesetLoader        - Loading view for layer Naves
20:26:03.007 [JavaFX Application Thread] DEBUG TilesetLoader        - Created buffer with size 3360.0x1680.0
20:26:03.157 [JavaFX Application Thread] DEBUG TilesetLoader        - Loading view for layer Suelo
20:26:03.175 [JavaFX Application Thread] DEBUG TilesetLoader        - Created buffer with size 3360.0x1680.0
20:26:03.182 [JavaFX Application Thread] DEBUG TilesetLoader        - Loading view for layer rock
20:26:03.197 [JavaFX Application Thread] DEBUG TilesetLoader        - Created buffer with size 3360.0x1680.0
20:26:03.198 [JavaFX Application Thread] DEBUG TilesetLoader        - Loading view for layer Rocas
20:26:03.209 [JavaFX Application Thread] DEBUG TilesetLoader        - Created buffer with size 3360.0x1680.0
20:26:03.214 [JavaFX Application Thread] DEBUG TilesetLoader        - Loading view for layer Muro
20:26:03.231 [JavaFX Application Thread] DEBUG TilesetLoader        - Created buffer with size 3360.0x1680.0
20:26:03.233 [JavaFX Application Thread] DEBUG TilesetLoader        - Loading view for layer Rocas1
20:26:03.245 [JavaFX Application Thread] DEBUG TilesetLoader        - Created buffer with size 3360.0x1680.0
20:26:03.249 [JavaFX Application Thread] DEBUG TilesetLoader        - Loading view for layer SueloRuinas
20:26:03.265 [JavaFX Application Thread] DEBUG TilesetLoader        - Created buffer with size 3360.0x1680.0
20:26:03.334 [JavaFX Application Thread] DEBUG TilesetLoader        - Loading view for layer Ruinas
20:26:03.351 [JavaFX Application Thread] DEBUG TilesetLoader        - Created buffer with size 3360.0x1680.0
20:26:03.352 [JavaFX Application Thread] DEBUG TMXLevelLoader       - Creating object layer entities
20:26:03.402 [JavaFX Application Thread] DEBUG GameWorld            - Clearing removable entities
20:26:03.403 [JavaFX Application Thread] DEBUG GameWorld            - Setting level: com.almasb.fxgl.entity.level.Level@54341f95
20:26:03.421 [JavaFX Application Thread] DEBUG FXGLAssetLoaderServi - Loading from file system: file:/C:/Users/Jonathan/Desktop/Galactic%20odyssey/target/classes/assets/textures/personaje.png
20:26:03.424 [JavaFX Application Thread] DEBUG Input                - Registered new binding: Move Right - D
20:26:03.424 [JavaFX Application Thread] DEBUG Input                - Registered new binding: Move Left - A
20:26:03.425 [JavaFX Application Thread] DEBUG Input                - Registered new binding: Move Up - W
20:26:03.425 [JavaFX Application Thread] DEBUG Input                - Registered new binding: Move Down - S
20:26:03.425 [JavaFX Application Thread] DEBUG Input                - Registered new binding: End Turn - Enter
20:26:03.425 [JavaFX Application Thread] DEBUG Input                - Registered new binding: Attack - Space
20:26:03.425 [JavaFX Application Thread] DEBUG Input                - Registered new binding: Special Ability - E
20:26:03.444 [JavaFX Application Thread] DEBUG FXGLAssetLoaderServi - Loading from file system: file:/C:/Users/Jonathan/Desktop/Galactic%20odyssey/target/classes/assets/textures/drone.png
20:26:15.323 [JavaFX Application Thread] DEBUG PrimaryStageWindow   - Push state: FXGLDefaultMenu
20:26:15.330 [JavaFX Application Thread] DEBUG Input                - Clearing active input actions
20:26:15.331 [JavaFX Application Thread] DEBUG GameApplicationServi - Removing overlay from GameScene and adding to FXGLDefaultMenu
20:26:15.332 [JavaFX Application Thread] DEBUG PrimaryStageWindow   - GameScene -> FXGLDefaultMenu
20:26:17.208 [JavaFX Application Thread] DEBUG Menu                 - fireExit()
20:26:17.212 [JavaFX Application Thread] DEBUG PrimaryStageWindow   - Push state: DialogSubScene
20:26:17.212 [JavaFX Application Thread] DEBUG Input                - Clearing active input actions
20:26:17.212 [JavaFX Application Thread] DEBUG GameApplicationServi - Removing overlay from FXGLDefaultMenu and adding to DialogSubScene
20:26:17.213 [JavaFX Application Thread] DEBUG PrimaryStageWindow   - FXGLDefaultMenu -> DialogSubScene
20:26:18.424 [JavaFX Application Thread] DEBUG PrimaryStageWindow   - Pop state: DialogSubScene
20:26:18.424 [JavaFX Application Thread] DEBUG Input                - Clearing active input actions
20:26:18.424 [JavaFX Application Thread] DEBUG GameApplicationServi - Removing overlay from DialogSubScene and adding to FXGLDefaultMenu
20:26:18.425 [JavaFX Application Thread] DEBUG PrimaryStageWindow   - FXGLDefaultMenu <- DialogSubScene
20:26:18.425 [JavaFX Application Thread] DEBUG FXGLApplication      - Exiting FXGL
20:26:18.425 [JavaFX Application Thread] DEBUG LoopRunner           - Stopping loop
20:26:18.425 [JavaFX Application Thread] DEBUG SystemBundleService  - Saving FXGL system data
20:26:18.428 [JavaFX Application Thread] DEBUG FileSystemAccess     - Writing to: C:\Users\Jonathan\Desktop\Galactic odyssey\system\fxgl.bundle
20:26:18.431 [JavaFX Application Thread] DEBUG Async                - Shutting down background threads
20:26:18.431 [JavaFX Application Thread] DEBUG PrimaryStageWindow   - Closing main window
20:26:18.470 [JavaFX Application Thread] DEBUG Logger               - Closing Logger
