18:29:20.891 [main                     ] DEBUG Logger               - Configured Logger
18:29:20.973 [main                     ] DEBUG GameApplication      - Logging settings
Title: Galactic Odyssey
Version: 0.0
Width: 1500
Height: 800
Fullscreen: false
Intro: false
Profiling: false
Single step:false
App Mode: DEVELOPER
Menu Key: ESCAPE
Stage Style: DECORATED
Scene Factory: class com.almasb.fxgl.app.scene.SceneFactory

18:29:21.602 [JavaFX Application Thread] DEBUG FXGLApplication      - Initializing FXGL
18:29:21.631 [JavaFX Application Thread] INFO  Engine               - FXGL-17.3 (30.03.2023 11.49) on WINDOWS (J:17.0.12 FX:17.0.2-ea)
18:29:21.631 [JavaFX Application Thread] DEBUG Engine               - JRE Vendor Name: Oracle Corporation
18:29:21.634 [JavaFX Application Thread] DEBUG Engine               - Running on OS: Windows 10 version 10.0
18:29:21.634 [JavaFX Application Thread] DEBUG Engine               - Architecture: amd64
18:29:21.635 [JavaFX Application Thread] INFO  Engine               - Source code and latest versions at: https://github.com/AlmasB/FXGL
18:29:21.636 [JavaFX Application Thread] INFO  Engine               -       Ask questions and discuss at: https://github.com/AlmasB/FXGL/discussions
18:29:21.636 [JavaFX Application Thread] INFO  Engine               -              Join the FXGL chat at: https://gitter.im/AlmasB/FXGL
18:29:21.836 [JavaFX Application Thread] DEBUG PrimaryStageWindow   - Creating a JavaFX scene
18:29:21.836 [JavaFX Application Thread] DEBUG PrimaryStageWindow   - Target size > screen size
18:29:21.941 [JavaFX Application Thread] DEBUG PrimaryStageWindow   - Target settings size: 1500.0 x 800.0
18:29:21.942 [JavaFX Application Thread] DEBUG PrimaryStageWindow   - Scaled scene size:    1340.0 x 728.0
18:29:21.943 [JavaFX Application Thread] DEBUG PrimaryStageWindow   - Scaled ratio: (0.8933333333333333, 0.91)
18:29:21.945 [JavaFX Application Thread] DEBUG PrimaryStageWindow   - Set initial scene to FXGLStartupScene
18:29:21.962 [JavaFX Application Thread] DEBUG PrimaryStageWindow   - Opening main window
18:29:22.139 [JavaFX Application Thread] DEBUG PrimaryStageWindow   - Window border size: (16.0, 39.0)
18:29:22.140 [JavaFX Application Thread] DEBUG PrimaryStageWindow   - Scaled size: 1340.0 x 728.0
18:29:22.141 [JavaFX Application Thread] DEBUG PrimaryStageWindow   - Scaled ratio: (0.8933333333333333, 0.91)
18:29:22.141 [JavaFX Application Thread] DEBUG PrimaryStageWindow   - Scene size: 1340.0 x 728.0
18:29:22.142 [JavaFX Application Thread] DEBUG PrimaryStageWindow   - Stage size: 1356.0 x 767.0
18:29:22.171 [FXGL Background Thread 1 ] DEBUG Engine               - Initializing environment variables
18:29:22.267 [FXGL Background Thread 1 ] DEBUG FXGLAssetLoaderServi - User app class for loading assets: class App.App
18:29:22.268 [FXGL Background Thread 1 ] DEBUG GameApplicationServi - Applying CSS: fxgl_dark.css
18:29:22.270 [FXGL Background Thread 1 ] DEBUG FXGLAssetLoaderServi - Loading from file system: jar:file:///C:/Users/Jonathan/.m2/repository/com/github/almasb/fxgl/17.3/fxgl-17.3.jar!/fxglassets/ui/css/fxgl_dark.css
18:29:22.398 [FXGL Background Thread 1 ] DEBUG GameApplicationServi - Initializing application scenes
18:29:22.556 [FXGL Background Thread 1 ] DEBUG GameWorld            - Game world initialized
18:29:22.741 [FXGL Background Thread 1 ] DEBUG PhysicsWorld         - Physics world initialized: appHeight=800, physics.ppm=50,0
18:29:22.741 [FXGL Background Thread 1 ] DEBUG PhysicsWorld         - Using strategy: BRUTE_FORCE
18:29:22.757 [FXGL Background Thread 1 ] DEBUG GameScene            - Game scene initialized: 1500x800
18:29:22.796 [FXGL Background Thread 1 ] DEBUG FXGL.DefaultMenu     - createMenuBodyGameMenu()
18:29:22.835 [FXGL Background Thread 1 ] DEBUG FXGL.DefaultMenu     - createOptionsMenu()
18:29:22.860 [FXGL Background Thread 1 ] DEBUG FXGLAssetLoaderServi - Loading from file system: jar:file:///C:/Users/Jonathan/.m2/repository/com/github/almasb/fxgl/17.3/fxgl-17.3.jar!/fxglassets/textures/particles/smoke.png
18:29:23.132 [FXGL Background Thread 1 ] DEBUG FXGLAssetLoaderServi - Loading from file system: jar:file:///C:/Users/Jonathan/.m2/repository/com/github/almasb/fxgl/17.3/fxgl-17.3.jar!/fxglassets/textures/particles/trace_horizontal.png
18:29:23.203 [FXGL Background Thread 1 ] DEBUG GameApplicationServi - Application scenes initialized
18:29:23.236 [FXGL Background Thread 1 ] DEBUG SystemBundleService  - Loading FXGL system data
18:29:23.250 [FXGL Background Thread 1 ] DEBUG FileSystemAccess     - Reading from: C:\Users\Jonathan\Documents\Galactic odyssey\system\fxgl.bundle
18:29:23.271 [FXGL Background Thread 1 ] DEBUG SystemBundleService  - Bundle FXGL: {}
18:29:23.271 [FXGL Background Thread 1 ] DEBUG UpdaterService       - Checking for updates
18:29:23.282 [FXGL Background Thread 1 ] DEBUG FXGLApplication      - Loading default localization
18:29:23.283 [FXGL Background Thread 1 ] DEBUG FXGLAssetLoaderServi - Loading from file system: jar:file:///C:/Users/Jonathan/.m2/repository/com/github/almasb/fxgl/17.3/fxgl-17.3.jar!/fxglassets/languages/english.lang
18:29:23.304 [FXGL Background Thread 4 ] DEBUG FXGLApplication      - Loading fonts
18:29:23.305 [FXGL Background Thread 4 ] DEBUG FXGLAssetLoaderServi - Loading from file system: jar:file:///C:/Users/Jonathan/.m2/repository/com/github/almasb/fxgl/17.3/fxgl-17.3.jar!/fxglassets/ui/fonts/VarelaRound-Regular.ttf
18:29:23.346 [FXGL Background Thread 1 ] INFO  FXGLApplication      - FXGL initialization took: 1,175 sec
18:29:23.352 [JavaFX Application Thread] DEBUG FXGLAssetLoaderServi - Loading from file system: jar:file:///C:/Users/Jonathan/.m2/repository/com/github/almasb/fxgl/17.3/fxgl-17.3.jar!/fxglassets/textures/fxgl_icon.png
18:29:23.419 [JavaFX Application Thread] DEBUG FXGLAssetLoaderServi - Loading from file system: jar:file:///C:/Users/Jonathan/.m2/repository/com/github/almasb/fxgl/17.3/fxgl-17.3.jar!/fxglassets/textures/fxgl_default_cursor.png
18:29:23.448 [JavaFX Application Thread] DEBUG Input                - Registered new binding: Screenshot - CTRL+8
18:29:23.452 [JavaFX Application Thread] DEBUG Input                - Registered new binding: System info dump - CTRL+9
18:29:23.453 [JavaFX Application Thread] DEBUG Input                - Registered new binding: Restart - CTRL+R
18:29:23.454 [JavaFX Application Thread] DEBUG Input                - Registered new binding: Toggle Debug Camera - CTRL+7
18:29:23.460 [JavaFX Application Thread] DEBUG LoopRunner           - Starting loop
18:29:23.460 [JavaFX Application Thread] DEBUG LoopRunner           - Initializing JavaFX AnimationTimerLoop
18:29:23.464 [JavaFX Application Thread] DEBUG GameApplicationServi - Starting new game
18:29:23.465 [JavaFX Application Thread] DEBUG Input                - Clearing active input actions
18:29:23.524 [JavaFX Application Thread] DEBUG GameApplicationServi - Removing overlay from FXGLStartupScene and adding to FXGLLoadingScene
18:29:23.525 [JavaFX Application Thread] DEBUG PrimaryStageWindow   - FXGLStartupScene -> FXGLLoadingScene
18:29:23.525 [JavaFX Application Thread] DEBUG GameApplicationServi - Clearing previous game
18:29:23.526 [JavaFX Application Thread] DEBUG GameScene            - Clearing game scene
18:29:23.526 [JavaFX Application Thread] DEBUG GameWorld            - Clearing game world
18:29:23.531 [JavaFX Application Thread] DEBUG PhysicsWorld         - Clearing physics world
18:29:23.540 [FXGL Background Thread 1 ] DEBUG FXGLApplication      - Initializing game
18:29:23.575 [FXGL Background Thread 1 ] DEBUG FXGLAssetLoaderServi - Loading from file system: file:/C:/Users/Jonathan/Documents/Galactic%20odyssey/target/classes/assets/textures/fondo_menu.png
18:29:23.644 [FXGL Background Thread 1 ] INFO  FXGLApplication      - Game initialization took: 0,103 sec
18:29:23.736 [FXGL Background Thread 4 ] DEBUG FXGLAssetLoaderServi - Loading from file system: jar:file:///C:/Users/Jonathan/.m2/repository/com/github/almasb/fxgl/17.3/fxgl-17.3.jar!/fxglassets/ui/fonts/Abel-Regular.ttf
18:29:23.753 [JavaFX Application Thread] DEBUG Input                - Clearing active input actions
18:29:23.775 [FXGL Background Thread 4 ] DEBUG FXGLAssetLoaderServi - Loading from file system: jar:file:///C:/Users/Jonathan/.m2/repository/com/github/almasb/fxgl/17.3/fxgl-17.3.jar!/fxglassets/ui/fonts/TerminalLandMono-Regular.otf
18:29:23.795 [JavaFX Application Thread] DEBUG GameApplicationServi - Removing overlay from FXGLLoadingScene and adding to GameScene
18:29:23.796 [JavaFX Application Thread] DEBUG PrimaryStageWindow   - FXGLLoadingScene -> GameScene
18:29:23.816 [FXGL Background Thread 4 ] DEBUG FXGLAssetLoaderServi - Loading from file system: jar:file:///C:/Users/Jonathan/.m2/repository/com/github/almasb/fxgl/17.3/fxgl-17.3.jar!/fxglassets/ui/fonts/Courier-Prime.ttf
18:29:24.025 [JavaFX Application Thread] DEBUG FXGLApplication      - Registering font factories with UI factory
18:29:24.085 [FXGL Background Thread 2 ] WARN  UpdaterService       - Failed to find updates: java.net.UnknownHostException: raw.githubusercontent.com
18:29:24.729 [JavaFX Application Thread] WARN  TMXLevelLoader       - TiledMap generated from 1.11.2. Supported version: 1.9.0. Some features may not be parsed fully.
18:29:24.807 [JavaFX Application Thread] DEBUG TMXLevelLoader       - Parsed TiledMap: file:/C:/Users/Jonathan/Documents/Galactic%20odyssey/target/classes/assets/levels/MapGame1.tmx
18:29:24.808 [JavaFX Application Thread] DEBUG TMXLevelLoader       - Creating tile layer entities
18:29:24.812 [JavaFX Application Thread] DEBUG TilesetLoader        - Loading view for layer Espacio
18:29:24.818 [JavaFX Application Thread] DEBUG TilesetLoader        - Created buffer with size 1920.0x960.0
18:29:24.994 [JavaFX Application Thread] DEBUG TilesetLoader        - Loading view for layer Planetas
18:29:25.001 [JavaFX Application Thread] DEBUG TilesetLoader        - Created buffer with size 1920.0x960.0
18:29:25.005 [JavaFX Application Thread] DEBUG TilesetLoader        - Loading view for layer Suelo
18:29:25.021 [JavaFX Application Thread] DEBUG TilesetLoader        - Created buffer with size 1920.0x960.0
18:29:25.038 [JavaFX Application Thread] DEBUG TilesetLoader        - Loading view for layer Suelo ruinas
18:29:25.042 [JavaFX Application Thread] DEBUG TilesetLoader        - Created buffer with size 1920.0x960.0
18:29:25.045 [JavaFX Application Thread] DEBUG TilesetLoader        - Loading view for layer Torres ruinas
18:29:25.050 [JavaFX Application Thread] DEBUG TilesetLoader        - Created buffer with size 1920.0x960.0
18:29:25.214 [JavaFX Application Thread] DEBUG TilesetLoader        - Loading view for layer Cristales espaciales
18:29:25.221 [JavaFX Application Thread] DEBUG TilesetLoader        - Created buffer with size 1920.0x960.0
18:29:25.224 [JavaFX Application Thread] DEBUG TilesetLoader        - Loading view for layer Rocas1
18:29:25.230 [JavaFX Application Thread] DEBUG TilesetLoader        - Created buffer with size 1920.0x960.0
18:29:25.338 [JavaFX Application Thread] DEBUG TilesetLoader        - Loading view for layer Muro
18:29:25.344 [JavaFX Application Thread] DEBUG TilesetLoader        - Created buffer with size 1920.0x960.0
18:29:25.349 [JavaFX Application Thread] DEBUG TilesetLoader        - Loading view for layer Rocas
18:29:25.355 [JavaFX Application Thread] DEBUG TilesetLoader        - Created buffer with size 1920.0x960.0
18:29:25.361 [JavaFX Application Thread] DEBUG TilesetLoader        - Loading view for layer Rocas2
18:29:25.366 [JavaFX Application Thread] DEBUG TilesetLoader        - Created buffer with size 1920.0x960.0
18:29:25.369 [JavaFX Application Thread] DEBUG TilesetLoader        - Loading view for layer Naves
18:29:25.375 [JavaFX Application Thread] DEBUG TilesetLoader        - Created buffer with size 1920.0x960.0
18:29:25.379 [JavaFX Application Thread] DEBUG TilesetLoader        - Loading view for layer Objetos
18:29:25.384 [JavaFX Application Thread] DEBUG TilesetLoader        - Created buffer with size 1920.0x960.0
18:29:25.385 [JavaFX Application Thread] DEBUG TMXLevelLoader       - Creating object layer entities
18:29:25.459 [JavaFX Application Thread] DEBUG GameWorld            - Clearing removable entities
18:29:25.460 [JavaFX Application Thread] DEBUG GameWorld            - Setting level: com.almasb.fxgl.entity.level.Level@404d26a5
18:29:25.484 [JavaFX Application Thread] DEBUG FXGLAssetLoaderServi - Loading from file system: file:/C:/Users/Jonathan/Documents/Galactic%20odyssey/target/classes/assets/textures/personaje.png
18:29:25.488 [JavaFX Application Thread] DEBUG Input                - Registered new binding: Move Right - D
18:29:25.488 [JavaFX Application Thread] DEBUG Input                - Registered new binding: Move Left - A
18:29:25.489 [JavaFX Application Thread] DEBUG Input                - Registered new binding: Move Up - W
18:29:25.489 [JavaFX Application Thread] DEBUG Input                - Registered new binding: Move Down - S
18:29:26.280 [FXGL Background Thread 3 ] DEBUG Engine               - Logging environment variables
18:29:26.281 [FXGL Background Thread 3 ] DEBUG Engine               - achievements: []
18:29:26.281 [FXGL Background Thread 3 ] DEBUG Engine               - actualHeight: 728.0
18:29:26.281 [FXGL Background Thread 3 ] DEBUG Engine               - actualHeightProperty: ReadOnlyDoubleProperty [value: 728.0]
18:29:26.282 [FXGL Background Thread 3 ] DEBUG Engine               - actualWidth: 1340.0
18:29:26.282 [FXGL Background Thread 3 ] DEBUG Engine               - actualWidthProperty: ReadOnlyDoubleProperty [value: 1340.0]
18:29:26.282 [FXGL Background Thread 3 ] DEBUG Engine               - appIcon: fxgl_icon.png
18:29:26.282 [FXGL Background Thread 3 ] DEBUG Engine               - applicationMode: DEVELOPER
18:29:26.282 [FXGL Background Thread 3 ] DEBUG Engine               - cSSList: [fxgl_dark.css]
18:29:26.282 [FXGL Background Thread 3 ] DEBUG Engine               - collisionDetectionStrategy: BRUTE_FORCE
18:29:26.283 [FXGL Background Thread 3 ] DEBUG Engine               - configClass: Optional.empty
18:29:26.283 [FXGL Background Thread 3 ] DEBUG Engine               - credits: []
18:29:26.283 [FXGL Background Thread 3 ] DEBUG Engine               - defaultCursor: CursorInfo(imageName=fxgl_default_cursor.png, hotspotX=7.0, hotspotY=6.0)
18:29:26.284 [FXGL Background Thread 3 ] DEBUG Engine               - devBBoxColorProperty: ObjectProperty [value: 0xff0000ff]
18:29:26.284 [FXGL Background Thread 3 ] DEBUG Engine               - devEnableDebugCameraProperty: BooleanProperty [value: false]
18:29:26.284 [FXGL Background Thread 3 ] DEBUG Engine               - devSensorColorProperty: ObjectProperty [value: 0xffff00ff]
18:29:26.285 [FXGL Background Thread 3 ] DEBUG Engine               - devShowBBoxProperty: BooleanProperty [value: false]
18:29:26.285 [FXGL Background Thread 3 ] DEBUG Engine               - devShowPositionProperty: BooleanProperty [value: false]
18:29:26.285 [FXGL Background Thread 3 ] DEBUG Engine               - enabledMenuItems: []
18:29:26.285 [FXGL Background Thread 3 ] DEBUG Engine               - engineServices: [class com.almasb.fxgl.app.services.FXGLAssetLoaderService, class com.almasb.fxgl.app.FXGLApplication$GameApplicationService, class com.almasb.fxgl.app.services.FXGLDialogService, class com.almasb.fxgl.app.services.IOTaskExecutorService, class com.almasb.fxgl.io.FileSystemService, class com.almasb.fxgl.localization.LocalizationService, class com.almasb.fxgl.app.services.SystemBundleService, class com.almasb.fxgl.profile.SaveLoadService, class com.almasb.fxgl.ui.FXGLUIFactoryServiceProvider, class com.almasb.fxgl.ui.FXGLDialogFactoryServiceProvider, class com.almasb.fxgl.audio.AudioPlayer, class com.almasb.fxgl.notification.impl.NotificationServiceProvider, class com.almasb.fxgl.achievement.AchievementService, class com.almasb.fxgl.cutscene.CutsceneService, class com.almasb.fxgl.minigames.MiniGameService, class com.almasb.fxgl.net.NetService, class com.almasb.fxgl.app.services.UpdaterService, class com.almasb.fxgl.dev.DevService]
18:29:26.285 [FXGL Background Thread 3 ] DEBUG Engine               - fontGame: Abel-Regular.ttf
18:29:26.286 [FXGL Background Thread 3 ] DEBUG Engine               - fontMono: TerminalLandMono-Regular.otf
18:29:26.286 [FXGL Background Thread 3 ] DEBUG Engine               - fontSizeScaleUI: 1.0
18:29:26.286 [FXGL Background Thread 3 ] DEBUG Engine               - fontText: Courier-Prime.ttf
18:29:26.286 [FXGL Background Thread 3 ] DEBUG Engine               - fontUI: VarelaRound-Regular.ttf
18:29:26.286 [FXGL Background Thread 3 ] DEBUG Engine               - fullScreen: BooleanProperty [value: false]
18:29:26.286 [FXGL Background Thread 3 ] DEBUG Engine               - gameDifficulty: MEDIUM
18:29:26.286 [FXGL Background Thread 3 ] DEBUG Engine               - gameDifficultyProperty: ObjectProperty [value: MEDIUM]
18:29:26.286 [FXGL Background Thread 3 ] DEBUG Engine               - globalMusicVolume: 0.5
18:29:26.287 [FXGL Background Thread 3 ] DEBUG Engine               - globalMusicVolumeProperty: DoubleProperty [value: 0.5]
18:29:26.287 [FXGL Background Thread 3 ] DEBUG Engine               - globalSoundVolume: 0.5
18:29:26.287 [FXGL Background Thread 3 ] DEBUG Engine               - globalSoundVolumeProperty: DoubleProperty [value: 0.5]
18:29:26.287 [FXGL Background Thread 3 ] DEBUG Engine               - height: 800
18:29:26.287 [FXGL Background Thread 3 ] DEBUG Engine               - is3D: false
18:29:26.287 [FXGL Background Thread 3 ] DEBUG Engine               - isAndroid: false
18:29:26.287 [FXGL Background Thread 3 ] DEBUG Engine               - isBrowser: false
18:29:26.288 [FXGL Background Thread 3 ] DEBUG Engine               - isClickFeedbackEnabled: false
18:29:26.288 [FXGL Background Thread 3 ] DEBUG Engine               - isCloseConfirmation: false
18:29:26.288 [FXGL Background Thread 3 ] DEBUG Engine               - isDesktop: true
18:29:26.288 [FXGL Background Thread 3 ] DEBUG Engine               - isDeveloperMenuEnabled: false
18:29:26.288 [FXGL Background Thread 3 ] DEBUG Engine               - isEmbedded: false
18:29:26.288 [FXGL Background Thread 3 ] DEBUG Engine               - isEntityPreloadEnabled: true
18:29:26.288 [FXGL Background Thread 3 ] DEBUG Engine               - isExperimentalTiledLargeMap: false
18:29:26.288 [FXGL Background Thread 3 ] DEBUG Engine               - isFileSystemWriteAllowed: true
18:29:26.288 [FXGL Background Thread 3 ] DEBUG Engine               - isFullScreenAllowed: false
18:29:26.289 [FXGL Background Thread 3 ] DEBUG Engine               - isFullScreenFromStart: false
18:29:26.289 [FXGL Background Thread 3 ] DEBUG Engine               - isGameMenuEnabled: true
18:29:26.289 [FXGL Background Thread 3 ] DEBUG Engine               - isIOS: false
18:29:26.289 [FXGL Background Thread 3 ] DEBUG Engine               - isIntroEnabled: false
18:29:26.289 [FXGL Background Thread 3 ] DEBUG Engine               - isLinux: false
18:29:26.289 [FXGL Background Thread 3 ] DEBUG Engine               - isMac: false
18:29:26.289 [FXGL Background Thread 3 ] DEBUG Engine               - isMainMenuEnabled: false
18:29:26.289 [FXGL Background Thread 3 ] DEBUG Engine               - isManualResizeEnabled: false
18:29:26.290 [FXGL Background Thread 3 ] DEBUG Engine               - isMobile: false
18:29:26.290 [FXGL Background Thread 3 ] DEBUG Engine               - isNative: false
18:29:26.290 [FXGL Background Thread 3 ] DEBUG Engine               - isPauseMusicWhenMinimized: true
18:29:26.290 [FXGL Background Thread 3 ] DEBUG Engine               - isPreserveResizeRatio: false
18:29:26.290 [FXGL Background Thread 3 ] DEBUG Engine               - isProfilingEnabled: false
18:29:26.290 [FXGL Background Thread 3 ] DEBUG Engine               - isScaleAffectedOnResize: true
18:29:26.290 [FXGL Background Thread 3 ] DEBUG Engine               - isSingleStep: false
18:29:26.290 [FXGL Background Thread 3 ] DEBUG Engine               - isUserProfileEnabled: false
18:29:26.290 [FXGL Background Thread 3 ] DEBUG Engine               - isWindows: true
18:29:26.291 [FXGL Background Thread 3 ] DEBUG Engine               - language: ObjectProperty [value: ENGLISH]
18:29:26.291 [FXGL Background Thread 3 ] DEBUG Engine               - menuKey: ESCAPE
18:29:26.291 [FXGL Background Thread 3 ] DEBUG Engine               - mouseSensitivity: 0.2
18:29:26.291 [FXGL Background Thread 3 ] DEBUG Engine               - notificationViewClass: class com.almasb.fxgl.notification.view.XboxNotificationView
18:29:26.291 [FXGL Background Thread 3 ] DEBUG Engine               - pixelsPerMeter: 50.0
18:29:26.291 [FXGL Background Thread 3 ] DEBUG Engine               - platform: WINDOWS
18:29:26.292 [FXGL Background Thread 3 ] DEBUG Engine               - prefHeightProperty: ReadOnlyDoubleProperty [value: 800.0]
18:29:26.292 [FXGL Background Thread 3 ] DEBUG Engine               - prefWidthProperty: ReadOnlyDoubleProperty [value: 1500.0]
18:29:26.292 [FXGL Background Thread 3 ] DEBUG Engine               - profileDir: profiles/
18:29:26.292 [FXGL Background Thread 3 ] DEBUG Engine               - profileName: StringProperty [value: DEFAULT]
18:29:26.292 [FXGL Background Thread 3 ] DEBUG Engine               - randomSeed: -1
18:29:26.293 [FXGL Background Thread 3 ] DEBUG Engine               - runtimeInfo: RuntimeInfo(platform=WINDOWS, version=17.3, build=30.03.2023 11.49)
18:29:26.293 [FXGL Background Thread 3 ] DEBUG Engine               - saveFileExt: sav
18:29:26.293 [FXGL Background Thread 3 ] DEBUG Engine               - scaledHeightProp$fxgl: DoubleProperty [bound, value: 728.0]
18:29:26.293 [FXGL Background Thread 3 ] DEBUG Engine               - scaledWidthProp$fxgl: DoubleProperty [bound, value: 1340.0]
18:29:26.294 [FXGL Background Thread 3 ] DEBUG Engine               - sceneFactory: com.almasb.fxgl.app.scene.SceneFactory@f19e703
18:29:26.294 [FXGL Background Thread 3 ] DEBUG Engine               - secondsIn24h: 60
18:29:26.294 [FXGL Background Thread 3 ] DEBUG Engine               - soundMenuBack: menu/back.wav
18:29:26.294 [FXGL Background Thread 3 ] DEBUG Engine               - soundMenuPress: menu/press.wav
18:29:26.294 [FXGL Background Thread 3 ] DEBUG Engine               - soundMenuSelect: menu/select.wav
18:29:26.294 [FXGL Background Thread 3 ] DEBUG Engine               - soundNotification: core/notification.wav
18:29:26.294 [FXGL Background Thread 3 ] DEBUG Engine               - stageStyle: DECORATED
18:29:26.294 [FXGL Background Thread 3 ] DEBUG Engine               - supportedLanguages: [ENGLISH, FRENCH, GERMAN, HUNGARIAN, RUSSIAN]
18:29:26.295 [FXGL Background Thread 3 ] DEBUG Engine               - ticksPerSecond: -1
18:29:26.295 [FXGL Background Thread 3 ] DEBUG Engine               - title: Galactic Odyssey
18:29:26.295 [FXGL Background Thread 3 ] DEBUG Engine               - urlGithub: https://github.com/AlmasB/FXGL
18:29:26.295 [FXGL Background Thread 3 ] DEBUG Engine               - urlLeaderboard: http://fxgl-top.herokuapp.com/
18:29:26.296 [FXGL Background Thread 3 ] DEBUG Engine               - urlPOM: https://raw.githubusercontent.com/AlmasB/FXGL/release/README.md
18:29:26.296 [FXGL Background Thread 3 ] DEBUG Engine               - userAppClass: class App.App
18:29:26.296 [FXGL Background Thread 3 ] DEBUG Engine               - version: 0.0
18:29:26.296 [FXGL Background Thread 3 ] DEBUG Engine               - versionCheckDays: 7
18:29:26.296 [FXGL Background Thread 3 ] DEBUG Engine               - width: 1500
18:29:26.296 [FXGL Background Thread 3 ] DEBUG Engine               - Logging services
18:29:26.296 [FXGL Background Thread 3 ] DEBUG Engine               - class com.almasb.fxgl.app.services.FXGLAssetLoaderService
18:29:26.296 [FXGL Background Thread 3 ] DEBUG Engine               - class com.almasb.fxgl.app.FXGLApplication$GameApplicationService
18:29:26.296 [FXGL Background Thread 3 ] DEBUG Engine               - class com.almasb.fxgl.app.services.FXGLDialogService
18:29:26.297 [FXGL Background Thread 3 ] DEBUG Engine               - class com.almasb.fxgl.app.services.IOTaskExecutorService
18:29:26.297 [FXGL Background Thread 3 ] DEBUG Engine               - class com.almasb.fxgl.io.FileSystemService
18:29:26.297 [FXGL Background Thread 3 ] DEBUG Engine               - class com.almasb.fxgl.localization.LocalizationService
18:29:26.297 [FXGL Background Thread 3 ] DEBUG Engine               - class com.almasb.fxgl.app.services.SystemBundleService
18:29:26.297 [FXGL Background Thread 3 ] DEBUG Engine               - class com.almasb.fxgl.profile.SaveLoadService
18:29:26.297 [FXGL Background Thread 3 ] DEBUG Engine               - class com.almasb.fxgl.ui.FXGLUIFactoryServiceProvider
18:29:26.297 [FXGL Background Thread 3 ] DEBUG Engine               - class com.almasb.fxgl.ui.FXGLDialogFactoryServiceProvider
18:29:26.297 [FXGL Background Thread 3 ] DEBUG Engine               - class com.almasb.fxgl.audio.AudioPlayer
18:29:26.297 [FXGL Background Thread 3 ] DEBUG Engine               - class com.almasb.fxgl.notification.impl.NotificationServiceProvider
18:29:26.297 [FXGL Background Thread 3 ] DEBUG Engine               - class com.almasb.fxgl.achievement.AchievementService
18:29:26.298 [FXGL Background Thread 3 ] DEBUG Engine               - class com.almasb.fxgl.cutscene.CutsceneService
18:29:26.298 [FXGL Background Thread 3 ] DEBUG Engine               - class com.almasb.fxgl.minigames.MiniGameService
18:29:26.298 [FXGL Background Thread 3 ] DEBUG Engine               - class com.almasb.fxgl.net.NetService
18:29:26.298 [FXGL Background Thread 3 ] DEBUG Engine               - class com.almasb.fxgl.app.services.UpdaterService
18:29:26.298 [FXGL Background Thread 3 ] DEBUG Engine               - class com.almasb.fxgl.dev.DevService
18:29:31.437 [JavaFX Application Thread] DEBUG FXGLApplication      - Exiting FXGL
18:29:31.437 [JavaFX Application Thread] DEBUG LoopRunner           - Stopping loop
18:29:31.437 [JavaFX Application Thread] DEBUG SystemBundleService  - Saving FXGL system data
18:29:31.440 [JavaFX Application Thread] DEBUG FileSystemAccess     - Writing to: C:\Users\Jonathan\Documents\Galactic odyssey\system\fxgl.bundle
18:29:31.443 [JavaFX Application Thread] DEBUG Async                - Shutting down background threads
18:29:31.443 [JavaFX Application Thread] DEBUG PrimaryStageWindow   - Closing main window
18:29:31.477 [JavaFX Application Thread] DEBUG Logger               - Closing Logger
