21:23:41.408 [main                     ] DEBUG Logger               - Configured Logger
21:23:41.486 [main                     ] DEBUG GameApplication      - Logging settings
Title: Galactic Odyssey
Version: 0.0
Width: 1080
Height: 617
Fullscreen: false
Intro: false
Profiling: false
Single step:false
App Mode: DEVELOPER
Menu Key: ESCAPE
Stage Style: DECORATED
Scene Factory: class com.almasb.fxgl.app.scene.SceneFactory

21:23:42.107 [JavaFX Application Thread] DEBUG FXGLApplication      - Initializing FXGL
21:23:42.124 [JavaFX Application Thread] INFO  Engine               - FXGL-17.3 (30.03.2023 11.49) on WINDOWS (J:17.0.12 FX:17.0.2-ea)
21:23:42.124 [JavaFX Application Thread] DEBUG Engine               - JRE Vendor Name: Oracle Corporation
21:23:42.125 [JavaFX Application Thread] DEBUG Engine               - Running on OS: Windows 10 version 10.0
21:23:42.125 [JavaFX Application Thread] DEBUG Engine               - Architecture: amd64
21:23:42.126 [JavaFX Application Thread] INFO  Engine               - Source code and latest versions at: https://github.com/AlmasB/FXGL
21:23:42.126 [JavaFX Application Thread] INFO  Engine               -       Ask questions and discuss at: https://github.com/AlmasB/FXGL/discussions
21:23:42.126 [JavaFX Application Thread] INFO  Engine               -              Join the FXGL chat at: https://gitter.im/AlmasB/FXGL
21:23:42.357 [JavaFX Application Thread] DEBUG PrimaryStageWindow   - Creating a JavaFX scene
21:23:42.456 [JavaFX Application Thread] DEBUG PrimaryStageWindow   - Target settings size: 1080.0 x 617.0
21:23:42.457 [JavaFX Application Thread] DEBUG PrimaryStageWindow   - Scaled scene size:    1080.0 x 617.0
21:23:42.457 [JavaFX Application Thread] DEBUG PrimaryStageWindow   - Scaled ratio: (1.0, 1.0)
21:23:42.460 [JavaFX Application Thread] DEBUG PrimaryStageWindow   - Set initial scene to FXGLStartupScene
21:23:42.477 [JavaFX Application Thread] DEBUG PrimaryStageWindow   - Opening main window
21:23:42.652 [JavaFX Application Thread] DEBUG PrimaryStageWindow   - Window border size: (16.0, 39.0)
21:23:42.653 [JavaFX Application Thread] DEBUG PrimaryStageWindow   - Scaled size: 1080.0 x 617.0
21:23:42.653 [JavaFX Application Thread] DEBUG PrimaryStageWindow   - Scaled ratio: (1.0, 1.0)
21:23:42.654 [JavaFX Application Thread] DEBUG PrimaryStageWindow   - Scene size: 1080.0 x 617.0
21:23:42.655 [JavaFX Application Thread] DEBUG PrimaryStageWindow   - Stage size: 1096.0 x 656.0
21:23:42.706 [FXGL Background Thread 1 ] DEBUG Engine               - Initializing environment variables
21:23:42.785 [FXGL Background Thread 1 ] DEBUG FXGLAssetLoaderServi - User app class for loading assets: class App.App
21:23:42.786 [FXGL Background Thread 1 ] DEBUG GameApplicationServi - Applying CSS: fxgl_dark.css
21:23:42.787 [FXGL Background Thread 1 ] DEBUG FXGLAssetLoaderServi - Loading from file system: jar:file:///C:/Users/Jonathan/.m2/repository/com/github/almasb/fxgl/17.3/fxgl-17.3.jar!/fxglassets/ui/css/fxgl_dark.css
21:23:42.899 [FXGL Background Thread 1 ] DEBUG GameApplicationServi - Initializing application scenes
21:23:43.052 [FXGL Background Thread 1 ] DEBUG GameWorld            - Game world initialized
21:23:43.187 [FXGL Background Thread 1 ] DEBUG PhysicsWorld         - Physics world initialized: appHeight=617, physics.ppm=50,0
21:23:43.188 [FXGL Background Thread 1 ] DEBUG PhysicsWorld         - Using strategy: BRUTE_FORCE
21:23:43.200 [FXGL Background Thread 1 ] DEBUG GameScene            - Game scene initialized: 1080x617
21:23:43.227 [FXGL Background Thread 1 ] DEBUG FXGL.DefaultMenu     - createMenuBodyGameMenu()
21:23:43.253 [FXGL Background Thread 1 ] DEBUG FXGL.DefaultMenu     - createOptionsMenu()
21:23:43.274 [FXGL Background Thread 1 ] DEBUG FXGLAssetLoaderServi - Loading from file system: jar:file:///C:/Users/Jonathan/.m2/repository/com/github/almasb/fxgl/17.3/fxgl-17.3.jar!/fxglassets/textures/particles/smoke.png
21:23:43.479 [FXGL Background Thread 1 ] DEBUG FXGLAssetLoaderServi - Loading from file system: jar:file:///C:/Users/Jonathan/.m2/repository/com/github/almasb/fxgl/17.3/fxgl-17.3.jar!/fxglassets/textures/particles/trace_horizontal.png
21:23:43.530 [FXGL Background Thread 1 ] DEBUG GameApplicationServi - Application scenes initialized
21:23:43.556 [FXGL Background Thread 1 ] DEBUG SystemBundleService  - Loading FXGL system data
21:23:43.567 [FXGL Background Thread 1 ] DEBUG FileSystemAccess     - Reading from: C:\Users\Jonathan\Documents\Galactic oddisseycopia 1\system\fxgl.bundle
21:23:43.582 [FXGL Background Thread 1 ] DEBUG SystemBundleService  - Bundle FXGL: {}
21:23:43.582 [FXGL Background Thread 1 ] DEBUG UpdaterService       - Checking for updates
21:23:43.594 [FXGL Background Thread 4 ] DEBUG FXGLApplication      - Loading fonts
21:23:43.594 [FXGL Background Thread 1 ] DEBUG FXGLApplication      - Loading default localization
21:23:43.595 [FXGL Background Thread 4 ] DEBUG FXGLAssetLoaderServi - Loading from file system: jar:file:///C:/Users/Jonathan/.m2/repository/com/github/almasb/fxgl/17.3/fxgl-17.3.jar!/fxglassets/ui/fonts/VarelaRound-Regular.ttf
21:23:43.595 [FXGL Background Thread 1 ] DEBUG FXGLAssetLoaderServi - Loading from file system: jar:file:///C:/Users/Jonathan/.m2/repository/com/github/almasb/fxgl/17.3/fxgl-17.3.jar!/fxglassets/languages/english.lang
21:23:43.664 [FXGL Background Thread 1 ] INFO  FXGLApplication      - FXGL initialization took: 0,958 sec
21:23:43.668 [JavaFX Application Thread] DEBUG FXGLAssetLoaderServi - Loading from file system: jar:file:///C:/Users/Jonathan/.m2/repository/com/github/almasb/fxgl/17.3/fxgl-17.3.jar!/fxglassets/textures/fxgl_icon.png
21:23:43.703 [JavaFX Application Thread] DEBUG FXGLAssetLoaderServi - Loading from file system: jar:file:///C:/Users/Jonathan/.m2/repository/com/github/almasb/fxgl/17.3/fxgl-17.3.jar!/fxglassets/textures/fxgl_default_cursor.png
21:23:43.728 [JavaFX Application Thread] DEBUG Input                - Registered new binding: Screenshot - CTRL+8
21:23:43.729 [JavaFX Application Thread] DEBUG Input                - Registered new binding: System info dump - CTRL+9
21:23:43.730 [JavaFX Application Thread] DEBUG Input                - Registered new binding: Restart - CTRL+R
21:23:43.732 [JavaFX Application Thread] DEBUG Input                - Registered new binding: Toggle Debug Camera - CTRL+7
21:23:43.738 [JavaFX Application Thread] DEBUG LoopRunner           - Starting loop
21:23:43.738 [JavaFX Application Thread] DEBUG LoopRunner           - Initializing JavaFX AnimationTimerLoop
21:23:43.747 [JavaFX Application Thread] DEBUG GameApplicationServi - Starting new game
21:23:43.750 [JavaFX Application Thread] DEBUG Input                - Clearing active input actions
21:23:43.779 [JavaFX Application Thread] DEBUG GameApplicationServi - Removing overlay from FXGLStartupScene and adding to FXGLLoadingScene
21:23:43.780 [JavaFX Application Thread] DEBUG PrimaryStageWindow   - FXGLStartupScene -> FXGLLoadingScene
21:23:43.780 [JavaFX Application Thread] DEBUG GameApplicationServi - Clearing previous game
21:23:43.780 [JavaFX Application Thread] DEBUG GameScene            - Clearing game scene
21:23:43.781 [JavaFX Application Thread] DEBUG GameWorld            - Clearing game world
21:23:43.781 [JavaFX Application Thread] DEBUG PhysicsWorld         - Clearing physics world
21:23:43.789 [FXGL Background Thread 1 ] DEBUG FXGLApplication      - Initializing game
21:23:43.850 [FXGL Background Thread 1 ] DEBUG FXGLAssetLoaderServi - Loading from file system: file:/C:/Users/Jonathan/Documents/Galactic%20oddisseycopia%201/target/classes/assets/textures/fondo_menu.png
21:23:43.899 [FXGL Background Thread 1 ] INFO  FXGLApplication      - Game initialization took: 0,110 sec
21:23:44.038 [FXGL Background Thread 4 ] DEBUG FXGLAssetLoaderServi - Loading from file system: jar:file:///C:/Users/Jonathan/.m2/repository/com/github/almasb/fxgl/17.3/fxgl-17.3.jar!/fxglassets/ui/fonts/Abel-Regular.ttf
21:23:44.059 [JavaFX Application Thread] DEBUG Input                - Clearing active input actions
21:23:44.081 [FXGL Background Thread 4 ] DEBUG FXGLAssetLoaderServi - Loading from file system: jar:file:///C:/Users/Jonathan/.m2/repository/com/github/almasb/fxgl/17.3/fxgl-17.3.jar!/fxglassets/ui/fonts/TerminalLandMono-Regular.otf
21:23:44.085 [JavaFX Application Thread] DEBUG GameApplicationServi - Removing overlay from FXGLLoadingScene and adding to GameScene
21:23:44.086 [JavaFX Application Thread] DEBUG PrimaryStageWindow   - FXGLLoadingScene -> GameScene
21:23:44.127 [FXGL Background Thread 4 ] DEBUG FXGLAssetLoaderServi - Loading from file system: jar:file:///C:/Users/Jonathan/.m2/repository/com/github/almasb/fxgl/17.3/fxgl-17.3.jar!/fxglassets/ui/fonts/Courier-Prime.ttf
21:23:44.210 [FXGL Background Thread 2 ] WARN  UpdaterService       - Failed to find updates: java.net.UnknownHostException: raw.githubusercontent.com
21:23:44.245 [JavaFX Application Thread] DEBUG FXGLApplication      - Registering font factories with UI factory
21:23:46.589 [FXGL Background Thread 3 ] DEBUG Engine               - Logging environment variables
21:23:46.591 [FXGL Background Thread 3 ] DEBUG Engine               - achievements: []
21:23:46.591 [FXGL Background Thread 3 ] DEBUG Engine               - actualHeight: 617.0
21:23:46.592 [FXGL Background Thread 3 ] DEBUG Engine               - actualHeightProperty: ReadOnlyDoubleProperty [value: 617.0]
21:23:46.593 [FXGL Background Thread 3 ] DEBUG Engine               - actualWidth: 1080.0
21:23:46.593 [FXGL Background Thread 3 ] DEBUG Engine               - actualWidthProperty: ReadOnlyDoubleProperty [value: 1080.0]
21:23:46.593 [FXGL Background Thread 3 ] DEBUG Engine               - appIcon: fxgl_icon.png
21:23:46.594 [FXGL Background Thread 3 ] DEBUG Engine               - applicationMode: DEVELOPER
21:23:46.594 [FXGL Background Thread 3 ] DEBUG Engine               - cSSList: [fxgl_dark.css]
21:23:46.594 [FXGL Background Thread 3 ] DEBUG Engine               - collisionDetectionStrategy: BRUTE_FORCE
21:23:46.594 [FXGL Background Thread 3 ] DEBUG Engine               - configClass: Optional.empty
21:23:46.595 [FXGL Background Thread 3 ] DEBUG Engine               - credits: []
21:23:46.596 [FXGL Background Thread 3 ] DEBUG Engine               - defaultCursor: CursorInfo(imageName=fxgl_default_cursor.png, hotspotX=7.0, hotspotY=6.0)
21:23:46.598 [FXGL Background Thread 3 ] DEBUG Engine               - devBBoxColorProperty: ObjectProperty [value: 0xff0000ff]
21:23:46.598 [FXGL Background Thread 3 ] DEBUG Engine               - devEnableDebugCameraProperty: BooleanProperty [value: false]
21:23:46.599 [FXGL Background Thread 3 ] DEBUG Engine               - devSensorColorProperty: ObjectProperty [value: 0xffff00ff]
21:23:46.599 [FXGL Background Thread 3 ] DEBUG Engine               - devShowBBoxProperty: BooleanProperty [value: false]
21:23:46.600 [FXGL Background Thread 3 ] DEBUG Engine               - devShowPositionProperty: BooleanProperty [value: false]
21:23:46.600 [FXGL Background Thread 3 ] DEBUG Engine               - enabledMenuItems: []
21:23:46.601 [FXGL Background Thread 3 ] DEBUG Engine               - engineServices: [class com.almasb.fxgl.app.services.FXGLAssetLoaderService, class com.almasb.fxgl.app.FXGLApplication$GameApplicationService, class com.almasb.fxgl.app.services.FXGLDialogService, class com.almasb.fxgl.app.services.IOTaskExecutorService, class com.almasb.fxgl.io.FileSystemService, class com.almasb.fxgl.localization.LocalizationService, class com.almasb.fxgl.app.services.SystemBundleService, class com.almasb.fxgl.profile.SaveLoadService, class com.almasb.fxgl.ui.FXGLUIFactoryServiceProvider, class com.almasb.fxgl.ui.FXGLDialogFactoryServiceProvider, class com.almasb.fxgl.audio.AudioPlayer, class com.almasb.fxgl.notification.impl.NotificationServiceProvider, class com.almasb.fxgl.achievement.AchievementService, class com.almasb.fxgl.cutscene.CutsceneService, class com.almasb.fxgl.minigames.MiniGameService, class com.almasb.fxgl.net.NetService, class com.almasb.fxgl.app.services.UpdaterService, class com.almasb.fxgl.dev.DevService]
21:23:46.601 [FXGL Background Thread 3 ] DEBUG Engine               - fontGame: Abel-Regular.ttf
21:23:46.601 [FXGL Background Thread 3 ] DEBUG Engine               - fontMono: TerminalLandMono-Regular.otf
21:23:46.602 [FXGL Background Thread 3 ] DEBUG Engine               - fontSizeScaleUI: 1.0
21:23:46.602 [FXGL Background Thread 3 ] DEBUG Engine               - fontText: Courier-Prime.ttf
21:23:46.602 [FXGL Background Thread 3 ] DEBUG Engine               - fontUI: VarelaRound-Regular.ttf
21:23:46.603 [FXGL Background Thread 3 ] DEBUG Engine               - fullScreen: BooleanProperty [value: false]
21:23:46.603 [FXGL Background Thread 3 ] DEBUG Engine               - gameDifficulty: MEDIUM
21:23:46.603 [FXGL Background Thread 3 ] DEBUG Engine               - gameDifficultyProperty: ObjectProperty [value: MEDIUM]
21:23:46.604 [FXGL Background Thread 3 ] DEBUG Engine               - globalMusicVolume: 0.5
21:23:46.604 [FXGL Background Thread 3 ] DEBUG Engine               - globalMusicVolumeProperty: DoubleProperty [value: 0.5]
21:23:46.604 [FXGL Background Thread 3 ] DEBUG Engine               - globalSoundVolume: 0.5
21:23:46.605 [FXGL Background Thread 3 ] DEBUG Engine               - globalSoundVolumeProperty: DoubleProperty [value: 0.5]
21:23:46.605 [FXGL Background Thread 3 ] DEBUG Engine               - height: 617
21:23:46.606 [FXGL Background Thread 3 ] DEBUG Engine               - is3D: false
21:23:46.606 [FXGL Background Thread 3 ] DEBUG Engine               - isAndroid: false
21:23:46.606 [FXGL Background Thread 3 ] DEBUG Engine               - isBrowser: false
21:23:46.606 [FXGL Background Thread 3 ] DEBUG Engine               - isClickFeedbackEnabled: false
21:23:46.607 [FXGL Background Thread 3 ] DEBUG Engine               - isCloseConfirmation: false
21:23:46.607 [FXGL Background Thread 3 ] DEBUG Engine               - isDesktop: true
21:23:46.607 [FXGL Background Thread 3 ] DEBUG Engine               - isDeveloperMenuEnabled: false
21:23:46.608 [FXGL Background Thread 3 ] DEBUG Engine               - isEmbedded: false
21:23:46.608 [FXGL Background Thread 3 ] DEBUG Engine               - isEntityPreloadEnabled: true
21:23:46.609 [FXGL Background Thread 3 ] DEBUG Engine               - isExperimentalTiledLargeMap: false
21:23:46.610 [FXGL Background Thread 3 ] DEBUG Engine               - isFileSystemWriteAllowed: true
21:23:46.610 [FXGL Background Thread 3 ] DEBUG Engine               - isFullScreenAllowed: false
21:23:46.610 [FXGL Background Thread 3 ] DEBUG Engine               - isFullScreenFromStart: false
21:23:46.610 [FXGL Background Thread 3 ] DEBUG Engine               - isGameMenuEnabled: true
21:23:46.610 [FXGL Background Thread 3 ] DEBUG Engine               - isIOS: false
21:23:46.611 [FXGL Background Thread 3 ] DEBUG Engine               - isIntroEnabled: false
21:23:46.611 [FXGL Background Thread 3 ] DEBUG Engine               - isLinux: false
21:23:46.611 [FXGL Background Thread 3 ] DEBUG Engine               - isMac: false
21:23:46.611 [FXGL Background Thread 3 ] DEBUG Engine               - isMainMenuEnabled: false
21:23:46.611 [FXGL Background Thread 3 ] DEBUG Engine               - isManualResizeEnabled: false
21:23:46.611 [FXGL Background Thread 3 ] DEBUG Engine               - isMobile: false
21:23:46.611 [FXGL Background Thread 3 ] DEBUG Engine               - isNative: false
21:23:46.611 [FXGL Background Thread 3 ] DEBUG Engine               - isPauseMusicWhenMinimized: true
21:23:46.612 [FXGL Background Thread 3 ] DEBUG Engine               - isPreserveResizeRatio: false
21:23:46.612 [FXGL Background Thread 3 ] DEBUG Engine               - isProfilingEnabled: false
21:23:46.612 [FXGL Background Thread 3 ] DEBUG Engine               - isScaleAffectedOnResize: true
21:23:46.612 [FXGL Background Thread 3 ] DEBUG Engine               - isSingleStep: false
21:23:46.612 [FXGL Background Thread 3 ] DEBUG Engine               - isUserProfileEnabled: false
21:23:46.612 [FXGL Background Thread 3 ] DEBUG Engine               - isWindows: true
21:23:46.612 [FXGL Background Thread 3 ] DEBUG Engine               - language: ObjectProperty [value: ENGLISH]
21:23:46.613 [FXGL Background Thread 3 ] DEBUG Engine               - menuKey: ESCAPE
21:23:46.613 [FXGL Background Thread 3 ] DEBUG Engine               - mouseSensitivity: 0.2
21:23:46.613 [FXGL Background Thread 3 ] DEBUG Engine               - notificationViewClass: class com.almasb.fxgl.notification.view.XboxNotificationView
21:23:46.613 [FXGL Background Thread 3 ] DEBUG Engine               - pixelsPerMeter: 50.0
21:23:46.613 [FXGL Background Thread 3 ] DEBUG Engine               - platform: WINDOWS
21:23:46.613 [FXGL Background Thread 3 ] DEBUG Engine               - prefHeightProperty: ReadOnlyDoubleProperty [value: 617.0]
21:23:46.613 [FXGL Background Thread 3 ] DEBUG Engine               - prefWidthProperty: ReadOnlyDoubleProperty [value: 1080.0]
21:23:46.613 [FXGL Background Thread 3 ] DEBUG Engine               - profileDir: profiles/
21:23:46.613 [FXGL Background Thread 3 ] DEBUG Engine               - profileName: StringProperty [value: DEFAULT]
21:23:46.614 [FXGL Background Thread 3 ] DEBUG Engine               - randomSeed: -1
21:23:46.614 [FXGL Background Thread 3 ] DEBUG Engine               - runtimeInfo: RuntimeInfo(platform=WINDOWS, version=17.3, build=30.03.2023 11.49)
21:23:46.614 [FXGL Background Thread 3 ] DEBUG Engine               - saveFileExt: sav
21:23:46.614 [FXGL Background Thread 3 ] DEBUG Engine               - scaledHeightProp$fxgl: DoubleProperty [bound, value: 617.0]
21:23:46.615 [FXGL Background Thread 3 ] DEBUG Engine               - scaledWidthProp$fxgl: DoubleProperty [bound, value: 1080.0]
21:23:46.615 [FXGL Background Thread 3 ] DEBUG Engine               - sceneFactory: com.almasb.fxgl.app.scene.SceneFactory@2a1023b5
21:23:46.615 [FXGL Background Thread 3 ] DEBUG Engine               - secondsIn24h: 60
21:23:46.615 [FXGL Background Thread 3 ] DEBUG Engine               - soundMenuBack: menu/back.wav
21:23:46.615 [FXGL Background Thread 3 ] DEBUG Engine               - soundMenuPress: menu/press.wav
21:23:46.615 [FXGL Background Thread 3 ] DEBUG Engine               - soundMenuSelect: menu/select.wav
21:23:46.615 [FXGL Background Thread 3 ] DEBUG Engine               - soundNotification: core/notification.wav
21:23:46.615 [FXGL Background Thread 3 ] DEBUG Engine               - stageStyle: DECORATED
21:23:46.615 [FXGL Background Thread 3 ] DEBUG Engine               - supportedLanguages: [ENGLISH, FRENCH, GERMAN, HUNGARIAN, RUSSIAN]
21:23:46.616 [FXGL Background Thread 3 ] DEBUG Engine               - ticksPerSecond: -1
21:23:46.616 [FXGL Background Thread 3 ] DEBUG Engine               - title: Galactic Odyssey
21:23:46.616 [FXGL Background Thread 3 ] DEBUG Engine               - urlGithub: https://github.com/AlmasB/FXGL
21:23:46.616 [FXGL Background Thread 3 ] DEBUG Engine               - urlLeaderboard: http://fxgl-top.herokuapp.com/
21:23:46.616 [FXGL Background Thread 3 ] DEBUG Engine               - urlPOM: https://raw.githubusercontent.com/AlmasB/FXGL/release/README.md
21:23:46.616 [FXGL Background Thread 3 ] DEBUG Engine               - userAppClass: class App.App
21:23:46.616 [FXGL Background Thread 3 ] DEBUG Engine               - version: 0.0
21:23:46.616 [FXGL Background Thread 3 ] DEBUG Engine               - versionCheckDays: 7
21:23:46.617 [FXGL Background Thread 3 ] DEBUG Engine               - width: 1080
21:23:46.617 [FXGL Background Thread 3 ] DEBUG Engine               - Logging services
21:23:46.617 [FXGL Background Thread 3 ] DEBUG Engine               - class com.almasb.fxgl.app.services.FXGLAssetLoaderService
21:23:46.617 [FXGL Background Thread 3 ] DEBUG Engine               - class com.almasb.fxgl.app.FXGLApplication$GameApplicationService
21:23:46.617 [FXGL Background Thread 3 ] DEBUG Engine               - class com.almasb.fxgl.app.services.FXGLDialogService
21:23:46.617 [FXGL Background Thread 3 ] DEBUG Engine               - class com.almasb.fxgl.app.services.IOTaskExecutorService
21:23:46.617 [FXGL Background Thread 3 ] DEBUG Engine               - class com.almasb.fxgl.io.FileSystemService
21:23:46.617 [FXGL Background Thread 3 ] DEBUG Engine               - class com.almasb.fxgl.localization.LocalizationService
21:23:46.617 [FXGL Background Thread 3 ] DEBUG Engine               - class com.almasb.fxgl.app.services.SystemBundleService
21:23:46.618 [FXGL Background Thread 3 ] DEBUG Engine               - class com.almasb.fxgl.profile.SaveLoadService
21:23:46.618 [FXGL Background Thread 3 ] DEBUG Engine               - class com.almasb.fxgl.ui.FXGLUIFactoryServiceProvider
21:23:46.618 [FXGL Background Thread 3 ] DEBUG Engine               - class com.almasb.fxgl.ui.FXGLDialogFactoryServiceProvider
21:23:46.618 [FXGL Background Thread 3 ] DEBUG Engine               - class com.almasb.fxgl.audio.AudioPlayer
21:23:46.618 [FXGL Background Thread 3 ] DEBUG Engine               - class com.almasb.fxgl.notification.impl.NotificationServiceProvider
21:23:46.618 [FXGL Background Thread 3 ] DEBUG Engine               - class com.almasb.fxgl.achievement.AchievementService
21:23:46.618 [FXGL Background Thread 3 ] DEBUG Engine               - class com.almasb.fxgl.cutscene.CutsceneService
21:23:46.618 [FXGL Background Thread 3 ] DEBUG Engine               - class com.almasb.fxgl.minigames.MiniGameService
21:23:46.618 [FXGL Background Thread 3 ] DEBUG Engine               - class com.almasb.fxgl.net.NetService
21:23:46.618 [FXGL Background Thread 3 ] DEBUG Engine               - class com.almasb.fxgl.app.services.UpdaterService
21:23:46.618 [FXGL Background Thread 3 ] DEBUG Engine               - class com.almasb.fxgl.dev.DevService
21:23:47.658 [JavaFX Application Thread] WARN  TMXLevelLoader       - TiledMap generated from 1.11.2. Supported version: 1.9.0. Some features may not be parsed fully.
21:23:47.709 [JavaFX Application Thread] DEBUG TMXLevelLoader       - Parsed TiledMap: file:/C:/Users/Jonathan/Documents/Galactic%20oddisseycopia%201/target/classes/assets/levels/MapGame1.tmx
21:23:47.711 [JavaFX Application Thread] DEBUG TMXLevelLoader       - Creating tile layer entities
21:23:47.713 [JavaFX Application Thread] DEBUG TilesetLoader        - Loading view for layer Espacio
21:23:47.717 [JavaFX Application Thread] DEBUG TilesetLoader        - Created buffer with size 1920.0x960.0
21:23:47.824 [JavaFX Application Thread] DEBUG TilesetLoader        - Loading view for layer Planetas
21:23:47.829 [JavaFX Application Thread] DEBUG TilesetLoader        - Created buffer with size 1920.0x960.0
21:23:47.833 [JavaFX Application Thread] DEBUG TilesetLoader        - Loading view for layer Suelo
21:23:47.851 [JavaFX Application Thread] DEBUG TilesetLoader        - Created buffer with size 1920.0x960.0
21:23:47.866 [JavaFX Application Thread] DEBUG TilesetLoader        - Loading view for layer Suelo ruinas
21:23:47.867 [JavaFX Application Thread] DEBUG TilesetLoader        - Created buffer with size 1920.0x960.0
21:23:47.870 [JavaFX Application Thread] DEBUG TilesetLoader        - Loading view for layer Torres ruinas
21:23:47.873 [JavaFX Application Thread] DEBUG TilesetLoader        - Created buffer with size 1920.0x960.0
21:23:47.971 [JavaFX Application Thread] DEBUG TilesetLoader        - Loading view for layer Cristales espaciales
21:23:47.975 [JavaFX Application Thread] DEBUG TilesetLoader        - Created buffer with size 1920.0x960.0
21:23:47.976 [JavaFX Application Thread] DEBUG TilesetLoader        - Loading view for layer Rocas1
21:23:47.980 [JavaFX Application Thread] DEBUG TilesetLoader        - Created buffer with size 1920.0x960.0
21:23:48.048 [JavaFX Application Thread] DEBUG TilesetLoader        - Loading view for layer Muro
21:23:48.052 [JavaFX Application Thread] DEBUG TilesetLoader        - Created buffer with size 1920.0x960.0
21:23:48.055 [JavaFX Application Thread] DEBUG TilesetLoader        - Loading view for layer Rocas
21:23:48.058 [JavaFX Application Thread] DEBUG TilesetLoader        - Created buffer with size 1920.0x960.0
21:23:48.064 [JavaFX Application Thread] DEBUG TilesetLoader        - Loading view for layer Rocas2
21:23:48.069 [JavaFX Application Thread] DEBUG TilesetLoader        - Created buffer with size 1920.0x960.0
21:23:48.071 [JavaFX Application Thread] DEBUG TilesetLoader        - Loading view for layer Naves
21:23:48.075 [JavaFX Application Thread] DEBUG TilesetLoader        - Created buffer with size 1920.0x960.0
21:23:48.076 [JavaFX Application Thread] DEBUG TilesetLoader        - Loading view for layer Objetos
21:23:48.080 [JavaFX Application Thread] DEBUG TilesetLoader        - Created buffer with size 1920.0x960.0
21:23:48.081 [JavaFX Application Thread] DEBUG TMXLevelLoader       - Creating object layer entities
21:23:48.143 [JavaFX Application Thread] DEBUG GameWorld            - Clearing removable entities
21:23:48.144 [JavaFX Application Thread] DEBUG GameWorld            - Setting level: com.almasb.fxgl.entity.level.Level@5816009d
21:23:48.164 [JavaFX Application Thread] DEBUG Input                - Registered new binding: Move Right - D
21:23:48.165 [JavaFX Application Thread] DEBUG Input                - Registered new binding: Move Left - A
21:23:48.165 [JavaFX Application Thread] DEBUG Input                - Registered new binding: Move Up - W
21:23:48.165 [JavaFX Application Thread] DEBUG Input                - Registered new binding: Move Down - S
21:24:35.209 [JavaFX Application Thread] DEBUG FXGLApplication      - Exiting FXGL
21:24:35.210 [JavaFX Application Thread] DEBUG LoopRunner           - Stopping loop
21:24:35.210 [JavaFX Application Thread] DEBUG SystemBundleService  - Saving FXGL system data
21:24:35.213 [JavaFX Application Thread] DEBUG FileSystemAccess     - Writing to: C:\Users\Jonathan\Documents\Galactic oddisseycopia 1\system\fxgl.bundle
21:24:35.216 [JavaFX Application Thread] DEBUG Async                - Shutting down background threads
21:24:35.216 [JavaFX Application Thread] DEBUG PrimaryStageWindow   - Closing main window
21:24:35.248 [JavaFX Application Thread] DEBUG Logger               - Closing Logger
