18:24:12.539 [main                     ] DEBUG Logger               - Configured Logger
18:24:12.623 [main                     ] DEBUG GameApplication      - Logging settings
Title: Galactic Odyssey
Version: 0.0
Width: 1500
Height: 800
Fullscreen: false
Intro: false
Profiling: false
Single step:false
App Mode: DEVELOPER
Menu Key: ESCAPE
Stage Style: DECORATED
Scene Factory: class com.almasb.fxgl.app.scene.SceneFactory

18:24:13.316 [JavaFX Application Thread] DEBUG FXGLApplication      - Initializing FXGL
18:24:13.333 [JavaFX Application Thread] INFO  Engine               - FXGL-17.3 (30.03.2023 11.49) on WINDOWS (J:17.0.12 FX:17.0.2-ea)
18:24:13.334 [JavaFX Application Thread] DEBUG Engine               - JRE Vendor Name: Oracle Corporation
18:24:13.335 [JavaFX Application Thread] DEBUG Engine               - Running on OS: Windows 10 version 10.0
18:24:13.336 [JavaFX Application Thread] DEBUG Engine               - Architecture: amd64
18:24:13.336 [JavaFX Application Thread] INFO  Engine               - Source code and latest versions at: https://github.com/AlmasB/FXGL
18:24:13.336 [JavaFX Application Thread] INFO  Engine               -       Ask questions and discuss at: https://github.com/AlmasB/FXGL/discussions
18:24:13.337 [JavaFX Application Thread] INFO  Engine               -              Join the FXGL chat at: https://gitter.im/AlmasB/FXGL
18:24:13.587 [JavaFX Application Thread] DEBUG PrimaryStageWindow   - Creating a JavaFX scene
18:24:13.587 [JavaFX Application Thread] DEBUG PrimaryStageWindow   - Target size > screen size
18:24:13.683 [JavaFX Application Thread] DEBUG PrimaryStageWindow   - Target settings size: 1500.0 x 800.0
18:24:13.683 [JavaFX Application Thread] DEBUG PrimaryStageWindow   - Scaled scene size:    1340.0 x 728.0
18:24:13.684 [JavaFX Application Thread] DEBUG PrimaryStageWindow   - Scaled ratio: (0.8933333333333333, 0.91)
18:24:13.687 [JavaFX Application Thread] DEBUG PrimaryStageWindow   - Set initial scene to FXGLStartupScene
18:24:13.709 [JavaFX Application Thread] DEBUG PrimaryStageWindow   - Opening main window
18:24:13.909 [JavaFX Application Thread] DEBUG PrimaryStageWindow   - Window border size: (16.0, 39.0)
18:24:13.910 [JavaFX Application Thread] DEBUG PrimaryStageWindow   - Scaled size: 1340.0 x 728.0
18:24:13.910 [JavaFX Application Thread] DEBUG PrimaryStageWindow   - Scaled ratio: (0.8933333333333333, 0.91)
18:24:13.911 [JavaFX Application Thread] DEBUG PrimaryStageWindow   - Scene size: 1340.0 x 728.0
18:24:13.912 [JavaFX Application Thread] DEBUG PrimaryStageWindow   - Stage size: 1356.0 x 767.0
18:24:14.016 [FXGL Background Thread 1 ] DEBUG Engine               - Initializing environment variables
18:24:14.091 [FXGL Background Thread 1 ] DEBUG FXGLAssetLoaderServi - User app class for loading assets: class App.App
18:24:14.091 [FXGL Background Thread 1 ] DEBUG GameApplicationServi - Applying CSS: fxgl_dark.css
18:24:14.093 [FXGL Background Thread 1 ] DEBUG FXGLAssetLoaderServi - Loading from file system: jar:file:///C:/Users/Jonathan/.m2/repository/com/github/almasb/fxgl/17.3/fxgl-17.3.jar!/fxglassets/ui/css/fxgl_dark.css
18:24:14.228 [FXGL Background Thread 1 ] DEBUG GameApplicationServi - Initializing application scenes
18:24:14.395 [FXGL Background Thread 1 ] DEBUG GameWorld            - Game world initialized
18:24:14.547 [FXGL Background Thread 1 ] DEBUG PhysicsWorld         - Physics world initialized: appHeight=800, physics.ppm=50,0
18:24:14.548 [FXGL Background Thread 1 ] DEBUG PhysicsWorld         - Using strategy: BRUTE_FORCE
18:24:14.557 [FXGL Background Thread 1 ] DEBUG GameScene            - Game scene initialized: 1500x800
18:24:14.583 [FXGL Background Thread 1 ] DEBUG FXGL.DefaultMenu     - createMenuBodyGameMenu()
18:24:14.614 [FXGL Background Thread 1 ] DEBUG FXGL.DefaultMenu     - createOptionsMenu()
18:24:14.640 [FXGL Background Thread 1 ] DEBUG FXGLAssetLoaderServi - Loading from file system: jar:file:///C:/Users/Jonathan/.m2/repository/com/github/almasb/fxgl/17.3/fxgl-17.3.jar!/fxglassets/textures/particles/smoke.png
18:24:14.878 [FXGL Background Thread 1 ] DEBUG FXGLAssetLoaderServi - Loading from file system: jar:file:///C:/Users/Jonathan/.m2/repository/com/github/almasb/fxgl/17.3/fxgl-17.3.jar!/fxglassets/textures/particles/trace_horizontal.png
18:24:14.946 [FXGL Background Thread 1 ] DEBUG GameApplicationServi - Application scenes initialized
18:24:14.979 [FXGL Background Thread 1 ] DEBUG SystemBundleService  - Loading FXGL system data
18:24:14.990 [FXGL Background Thread 1 ] DEBUG FileSystemAccess     - Reading from: C:\Users\Jonathan\Documents\Galactic odyssey\system\fxgl.bundle
18:24:15.005 [FXGL Background Thread 1 ] DEBUG SystemBundleService  - Bundle FXGL: {}
18:24:15.006 [FXGL Background Thread 1 ] DEBUG UpdaterService       - Checking for updates
18:24:15.015 [FXGL Background Thread 4 ] DEBUG FXGLApplication      - Loading fonts
18:24:15.016 [FXGL Background Thread 4 ] DEBUG FXGLAssetLoaderServi - Loading from file system: jar:file:///C:/Users/Jonathan/.m2/repository/com/github/almasb/fxgl/17.3/fxgl-17.3.jar!/fxglassets/ui/fonts/VarelaRound-Regular.ttf
18:24:15.017 [FXGL Background Thread 1 ] DEBUG FXGLApplication      - Loading default localization
18:24:15.019 [FXGL Background Thread 1 ] DEBUG FXGLAssetLoaderServi - Loading from file system: jar:file:///C:/Users/Jonathan/.m2/repository/com/github/almasb/fxgl/17.3/fxgl-17.3.jar!/fxglassets/languages/english.lang
18:24:15.074 [FXGL Background Thread 1 ] INFO  FXGLApplication      - FXGL initialization took: 1,058 sec
18:24:15.077 [JavaFX Application Thread] DEBUG FXGLAssetLoaderServi - Loading from file system: jar:file:///C:/Users/Jonathan/.m2/repository/com/github/almasb/fxgl/17.3/fxgl-17.3.jar!/fxglassets/textures/fxgl_icon.png
18:24:15.163 [JavaFX Application Thread] DEBUG FXGLAssetLoaderServi - Loading from file system: jar:file:///C:/Users/Jonathan/.m2/repository/com/github/almasb/fxgl/17.3/fxgl-17.3.jar!/fxglassets/textures/fxgl_default_cursor.png
18:24:15.201 [JavaFX Application Thread] DEBUG Input                - Registered new binding: Screenshot - CTRL+8
18:24:15.202 [JavaFX Application Thread] DEBUG Input                - Registered new binding: System info dump - CTRL+9
18:24:15.202 [JavaFX Application Thread] DEBUG Input                - Registered new binding: Restart - CTRL+R
18:24:15.205 [JavaFX Application Thread] DEBUG Input                - Registered new binding: Toggle Debug Camera - CTRL+7
18:24:15.233 [JavaFX Application Thread] DEBUG LoopRunner           - Starting loop
18:24:15.233 [JavaFX Application Thread] DEBUG LoopRunner           - Initializing JavaFX AnimationTimerLoop
18:24:15.238 [JavaFX Application Thread] DEBUG GameApplicationServi - Starting new game
18:24:15.239 [JavaFX Application Thread] DEBUG Input                - Clearing active input actions
18:24:15.280 [JavaFX Application Thread] DEBUG GameApplicationServi - Removing overlay from FXGLStartupScene and adding to FXGLLoadingScene
18:24:15.281 [JavaFX Application Thread] DEBUG PrimaryStageWindow   - FXGLStartupScene -> FXGLLoadingScene
18:24:15.282 [JavaFX Application Thread] DEBUG GameApplicationServi - Clearing previous game
18:24:15.282 [JavaFX Application Thread] DEBUG GameScene            - Clearing game scene
18:24:15.282 [JavaFX Application Thread] DEBUG GameWorld            - Clearing game world
18:24:15.282 [JavaFX Application Thread] DEBUG PhysicsWorld         - Clearing physics world
18:24:15.285 [FXGL Background Thread 1 ] DEBUG FXGLApplication      - Initializing game
18:24:15.380 [FXGL Background Thread 1 ] DEBUG FXGLAssetLoaderServi - Loading from file system: file:/C:/Users/Jonathan/Documents/Galactic%20odyssey/target/classes/assets/textures/fondo_menu.png
18:24:15.467 [FXGL Background Thread 1 ] INFO  FXGLApplication      - Game initialization took: 0,181 sec
18:24:15.592 [FXGL Background Thread 4 ] DEBUG FXGLAssetLoaderServi - Loading from file system: jar:file:///C:/Users/Jonathan/.m2/repository/com/github/almasb/fxgl/17.3/fxgl-17.3.jar!/fxglassets/ui/fonts/Abel-Regular.ttf
18:24:15.608 [JavaFX Application Thread] DEBUG Input                - Clearing active input actions
18:24:15.633 [FXGL Background Thread 4 ] DEBUG FXGLAssetLoaderServi - Loading from file system: jar:file:///C:/Users/Jonathan/.m2/repository/com/github/almasb/fxgl/17.3/fxgl-17.3.jar!/fxglassets/ui/fonts/TerminalLandMono-Regular.otf
18:24:15.659 [JavaFX Application Thread] DEBUG GameApplicationServi - Removing overlay from FXGLLoadingScene and adding to GameScene
18:24:15.660 [JavaFX Application Thread] DEBUG PrimaryStageWindow   - FXGLLoadingScene -> GameScene
18:24:15.687 [FXGL Background Thread 4 ] DEBUG FXGLAssetLoaderServi - Loading from file system: jar:file:///C:/Users/Jonathan/.m2/repository/com/github/almasb/fxgl/17.3/fxgl-17.3.jar!/fxglassets/ui/fonts/Courier-Prime.ttf
18:24:15.720 [FXGL Background Thread 2 ] WARN  UpdaterService       - Failed to find updates: java.net.UnknownHostException: raw.githubusercontent.com
18:24:15.799 [JavaFX Application Thread] DEBUG FXGLApplication      - Registering font factories with UI factory
18:24:18.014 [FXGL Background Thread 3 ] DEBUG Engine               - Logging environment variables
18:24:18.015 [FXGL Background Thread 3 ] DEBUG Engine               - achievements: []
18:24:18.015 [FXGL Background Thread 3 ] DEBUG Engine               - actualHeight: 728.0
18:24:18.015 [FXGL Background Thread 3 ] DEBUG Engine               - actualHeightProperty: ReadOnlyDoubleProperty [value: 728.0]
18:24:18.016 [FXGL Background Thread 3 ] DEBUG Engine               - actualWidth: 1340.0
18:24:18.016 [FXGL Background Thread 3 ] DEBUG Engine               - actualWidthProperty: ReadOnlyDoubleProperty [value: 1340.0]
18:24:18.016 [FXGL Background Thread 3 ] DEBUG Engine               - appIcon: fxgl_icon.png
18:24:18.016 [FXGL Background Thread 3 ] DEBUG Engine               - applicationMode: DEVELOPER
18:24:18.016 [FXGL Background Thread 3 ] DEBUG Engine               - cSSList: [fxgl_dark.css]
18:24:18.016 [FXGL Background Thread 3 ] DEBUG Engine               - collisionDetectionStrategy: BRUTE_FORCE
18:24:18.017 [FXGL Background Thread 3 ] DEBUG Engine               - configClass: Optional.empty
18:24:18.017 [FXGL Background Thread 3 ] DEBUG Engine               - credits: []
18:24:18.017 [FXGL Background Thread 3 ] DEBUG Engine               - defaultCursor: CursorInfo(imageName=fxgl_default_cursor.png, hotspotX=7.0, hotspotY=6.0)
18:24:18.018 [FXGL Background Thread 3 ] DEBUG Engine               - devBBoxColorProperty: ObjectProperty [value: 0xff0000ff]
18:24:18.018 [FXGL Background Thread 3 ] DEBUG Engine               - devEnableDebugCameraProperty: BooleanProperty [value: false]
18:24:18.019 [FXGL Background Thread 3 ] DEBUG Engine               - devSensorColorProperty: ObjectProperty [value: 0xffff00ff]
18:24:18.019 [FXGL Background Thread 3 ] DEBUG Engine               - devShowBBoxProperty: BooleanProperty [value: false]
18:24:18.019 [FXGL Background Thread 3 ] DEBUG Engine               - devShowPositionProperty: BooleanProperty [value: false]
18:24:18.019 [FXGL Background Thread 3 ] DEBUG Engine               - enabledMenuItems: []
18:24:18.020 [FXGL Background Thread 3 ] DEBUG Engine               - engineServices: [class com.almasb.fxgl.app.services.FXGLAssetLoaderService, class com.almasb.fxgl.app.FXGLApplication$GameApplicationService, class com.almasb.fxgl.app.services.FXGLDialogService, class com.almasb.fxgl.app.services.IOTaskExecutorService, class com.almasb.fxgl.io.FileSystemService, class com.almasb.fxgl.localization.LocalizationService, class com.almasb.fxgl.app.services.SystemBundleService, class com.almasb.fxgl.profile.SaveLoadService, class com.almasb.fxgl.ui.FXGLUIFactoryServiceProvider, class com.almasb.fxgl.ui.FXGLDialogFactoryServiceProvider, class com.almasb.fxgl.audio.AudioPlayer, class com.almasb.fxgl.notification.impl.NotificationServiceProvider, class com.almasb.fxgl.achievement.AchievementService, class com.almasb.fxgl.cutscene.CutsceneService, class com.almasb.fxgl.minigames.MiniGameService, class com.almasb.fxgl.net.NetService, class com.almasb.fxgl.app.services.UpdaterService, class com.almasb.fxgl.dev.DevService]
18:24:18.020 [FXGL Background Thread 3 ] DEBUG Engine               - fontGame: Abel-Regular.ttf
18:24:18.020 [FXGL Background Thread 3 ] DEBUG Engine               - fontMono: TerminalLandMono-Regular.otf
18:24:18.020 [FXGL Background Thread 3 ] DEBUG Engine               - fontSizeScaleUI: 1.0
18:24:18.020 [FXGL Background Thread 3 ] DEBUG Engine               - fontText: Courier-Prime.ttf
18:24:18.020 [FXGL Background Thread 3 ] DEBUG Engine               - fontUI: VarelaRound-Regular.ttf
18:24:18.020 [FXGL Background Thread 3 ] DEBUG Engine               - fullScreen: BooleanProperty [value: false]
18:24:18.020 [FXGL Background Thread 3 ] DEBUG Engine               - gameDifficulty: MEDIUM
18:24:18.020 [FXGL Background Thread 3 ] DEBUG Engine               - gameDifficultyProperty: ObjectProperty [value: MEDIUM]
18:24:18.020 [FXGL Background Thread 3 ] DEBUG Engine               - globalMusicVolume: 0.5
18:24:18.021 [FXGL Background Thread 3 ] DEBUG Engine               - globalMusicVolumeProperty: DoubleProperty [value: 0.5]
18:24:18.021 [FXGL Background Thread 3 ] DEBUG Engine               - globalSoundVolume: 0.5
18:24:18.021 [FXGL Background Thread 3 ] DEBUG Engine               - globalSoundVolumeProperty: DoubleProperty [value: 0.5]
18:24:18.021 [FXGL Background Thread 3 ] DEBUG Engine               - height: 800
18:24:18.021 [FXGL Background Thread 3 ] DEBUG Engine               - is3D: false
18:24:18.021 [FXGL Background Thread 3 ] DEBUG Engine               - isAndroid: false
18:24:18.021 [FXGL Background Thread 3 ] DEBUG Engine               - isBrowser: false
18:24:18.021 [FXGL Background Thread 3 ] DEBUG Engine               - isClickFeedbackEnabled: false
18:24:18.021 [FXGL Background Thread 3 ] DEBUG Engine               - isCloseConfirmation: false
18:24:18.022 [FXGL Background Thread 3 ] DEBUG Engine               - isDesktop: true
18:24:18.022 [FXGL Background Thread 3 ] DEBUG Engine               - isDeveloperMenuEnabled: false
18:24:18.022 [FXGL Background Thread 3 ] DEBUG Engine               - isEmbedded: false
18:24:18.022 [FXGL Background Thread 3 ] DEBUG Engine               - isEntityPreloadEnabled: true
18:24:18.022 [FXGL Background Thread 3 ] DEBUG Engine               - isExperimentalTiledLargeMap: false
18:24:18.022 [FXGL Background Thread 3 ] DEBUG Engine               - isFileSystemWriteAllowed: true
18:24:18.022 [FXGL Background Thread 3 ] DEBUG Engine               - isFullScreenAllowed: false
18:24:18.022 [FXGL Background Thread 3 ] DEBUG Engine               - isFullScreenFromStart: false
18:24:18.022 [FXGL Background Thread 3 ] DEBUG Engine               - isGameMenuEnabled: true
18:24:18.022 [FXGL Background Thread 3 ] DEBUG Engine               - isIOS: false
18:24:18.022 [FXGL Background Thread 3 ] DEBUG Engine               - isIntroEnabled: false
18:24:18.023 [FXGL Background Thread 3 ] DEBUG Engine               - isLinux: false
18:24:18.023 [FXGL Background Thread 3 ] DEBUG Engine               - isMac: false
18:24:18.023 [FXGL Background Thread 3 ] DEBUG Engine               - isMainMenuEnabled: false
18:24:18.023 [FXGL Background Thread 3 ] DEBUG Engine               - isManualResizeEnabled: false
18:24:18.023 [FXGL Background Thread 3 ] DEBUG Engine               - isMobile: false
18:24:18.024 [FXGL Background Thread 3 ] DEBUG Engine               - isNative: false
18:24:18.024 [FXGL Background Thread 3 ] DEBUG Engine               - isPauseMusicWhenMinimized: true
18:24:18.025 [FXGL Background Thread 3 ] DEBUG Engine               - isPreserveResizeRatio: false
18:24:18.025 [FXGL Background Thread 3 ] DEBUG Engine               - isProfilingEnabled: false
18:24:18.025 [FXGL Background Thread 3 ] DEBUG Engine               - isScaleAffectedOnResize: true
18:24:18.025 [FXGL Background Thread 3 ] DEBUG Engine               - isSingleStep: false
18:24:18.025 [FXGL Background Thread 3 ] DEBUG Engine               - isUserProfileEnabled: false
18:24:18.025 [FXGL Background Thread 3 ] DEBUG Engine               - isWindows: true
18:24:18.025 [FXGL Background Thread 3 ] DEBUG Engine               - language: ObjectProperty [value: ENGLISH]
18:24:18.026 [FXGL Background Thread 3 ] DEBUG Engine               - menuKey: ESCAPE
18:24:18.026 [FXGL Background Thread 3 ] DEBUG Engine               - mouseSensitivity: 0.2
18:24:18.026 [FXGL Background Thread 3 ] DEBUG Engine               - notificationViewClass: class com.almasb.fxgl.notification.view.XboxNotificationView
18:24:18.026 [FXGL Background Thread 3 ] DEBUG Engine               - pixelsPerMeter: 50.0
18:24:18.026 [FXGL Background Thread 3 ] DEBUG Engine               - platform: WINDOWS
18:24:18.026 [FXGL Background Thread 3 ] DEBUG Engine               - prefHeightProperty: ReadOnlyDoubleProperty [value: 800.0]
18:24:18.026 [FXGL Background Thread 3 ] DEBUG Engine               - prefWidthProperty: ReadOnlyDoubleProperty [value: 1500.0]
18:24:18.027 [FXGL Background Thread 3 ] DEBUG Engine               - profileDir: profiles/
18:24:18.027 [FXGL Background Thread 3 ] DEBUG Engine               - profileName: StringProperty [value: DEFAULT]
18:24:18.027 [FXGL Background Thread 3 ] DEBUG Engine               - randomSeed: -1
18:24:18.028 [FXGL Background Thread 3 ] DEBUG Engine               - runtimeInfo: RuntimeInfo(platform=WINDOWS, version=17.3, build=30.03.2023 11.49)
18:24:18.028 [FXGL Background Thread 3 ] DEBUG Engine               - saveFileExt: sav
18:24:18.028 [FXGL Background Thread 3 ] DEBUG Engine               - scaledHeightProp$fxgl: DoubleProperty [bound, value: 728.0]
18:24:18.028 [FXGL Background Thread 3 ] DEBUG Engine               - scaledWidthProp$fxgl: DoubleProperty [bound, value: 1340.0]
18:24:18.028 [FXGL Background Thread 3 ] DEBUG Engine               - sceneFactory: com.almasb.fxgl.app.scene.SceneFactory@4b12fc4e
18:24:18.028 [FXGL Background Thread 3 ] DEBUG Engine               - secondsIn24h: 60
18:24:18.029 [FXGL Background Thread 3 ] DEBUG Engine               - soundMenuBack: menu/back.wav
18:24:18.029 [FXGL Background Thread 3 ] DEBUG Engine               - soundMenuPress: menu/press.wav
18:24:18.029 [FXGL Background Thread 3 ] DEBUG Engine               - soundMenuSelect: menu/select.wav
18:24:18.029 [FXGL Background Thread 3 ] DEBUG Engine               - soundNotification: core/notification.wav
18:24:18.029 [FXGL Background Thread 3 ] DEBUG Engine               - stageStyle: DECORATED
18:24:18.029 [FXGL Background Thread 3 ] DEBUG Engine               - supportedLanguages: [ENGLISH, FRENCH, GERMAN, HUNGARIAN, RUSSIAN]
18:24:18.029 [FXGL Background Thread 3 ] DEBUG Engine               - ticksPerSecond: -1
18:24:18.030 [FXGL Background Thread 3 ] DEBUG Engine               - title: Galactic Odyssey
18:24:18.030 [FXGL Background Thread 3 ] DEBUG Engine               - urlGithub: https://github.com/AlmasB/FXGL
18:24:18.030 [FXGL Background Thread 3 ] DEBUG Engine               - urlLeaderboard: http://fxgl-top.herokuapp.com/
18:24:18.030 [FXGL Background Thread 3 ] DEBUG Engine               - urlPOM: https://raw.githubusercontent.com/AlmasB/FXGL/release/README.md
18:24:18.030 [FXGL Background Thread 3 ] DEBUG Engine               - userAppClass: class App.App
18:24:18.030 [FXGL Background Thread 3 ] DEBUG Engine               - version: 0.0
18:24:18.030 [FXGL Background Thread 3 ] DEBUG Engine               - versionCheckDays: 7
18:24:18.031 [FXGL Background Thread 3 ] DEBUG Engine               - width: 1500
18:24:18.031 [FXGL Background Thread 3 ] DEBUG Engine               - Logging services
18:24:18.031 [FXGL Background Thread 3 ] DEBUG Engine               - class com.almasb.fxgl.app.services.FXGLAssetLoaderService
18:24:18.031 [FXGL Background Thread 3 ] DEBUG Engine               - class com.almasb.fxgl.app.FXGLApplication$GameApplicationService
18:24:18.031 [FXGL Background Thread 3 ] DEBUG Engine               - class com.almasb.fxgl.app.services.FXGLDialogService
18:24:18.031 [FXGL Background Thread 3 ] DEBUG Engine               - class com.almasb.fxgl.app.services.IOTaskExecutorService
18:24:18.032 [FXGL Background Thread 3 ] DEBUG Engine               - class com.almasb.fxgl.io.FileSystemService
18:24:18.032 [FXGL Background Thread 3 ] DEBUG Engine               - class com.almasb.fxgl.localization.LocalizationService
18:24:18.032 [FXGL Background Thread 3 ] DEBUG Engine               - class com.almasb.fxgl.app.services.SystemBundleService
18:24:18.032 [FXGL Background Thread 3 ] DEBUG Engine               - class com.almasb.fxgl.profile.SaveLoadService
18:24:18.032 [FXGL Background Thread 3 ] DEBUG Engine               - class com.almasb.fxgl.ui.FXGLUIFactoryServiceProvider
18:24:18.032 [FXGL Background Thread 3 ] DEBUG Engine               - class com.almasb.fxgl.ui.FXGLDialogFactoryServiceProvider
18:24:18.032 [FXGL Background Thread 3 ] DEBUG Engine               - class com.almasb.fxgl.audio.AudioPlayer
18:24:18.032 [FXGL Background Thread 3 ] DEBUG Engine               - class com.almasb.fxgl.notification.impl.NotificationServiceProvider
18:24:18.033 [FXGL Background Thread 3 ] DEBUG Engine               - class com.almasb.fxgl.achievement.AchievementService
18:24:18.033 [FXGL Background Thread 3 ] DEBUG Engine               - class com.almasb.fxgl.cutscene.CutsceneService
18:24:18.033 [FXGL Background Thread 3 ] DEBUG Engine               - class com.almasb.fxgl.minigames.MiniGameService
18:24:18.033 [FXGL Background Thread 3 ] DEBUG Engine               - class com.almasb.fxgl.net.NetService
18:24:18.033 [FXGL Background Thread 3 ] DEBUG Engine               - class com.almasb.fxgl.app.services.UpdaterService
18:24:18.034 [FXGL Background Thread 3 ] DEBUG Engine               - class com.almasb.fxgl.dev.DevService
18:24:18.385 [JavaFX Application Thread] WARN  TMXLevelLoader       - TiledMap generated from 1.11.2. Supported version: 1.9.0. Some features may not be parsed fully.
18:24:18.448 [JavaFX Application Thread] DEBUG TMXLevelLoader       - Parsed TiledMap: file:/C:/Users/Jonathan/Documents/Galactic%20odyssey/target/classes/assets/levels/MapGame1.tmx
18:24:18.450 [JavaFX Application Thread] DEBUG TMXLevelLoader       - Creating tile layer entities
18:24:18.453 [JavaFX Application Thread] DEBUG TilesetLoader        - Loading view for layer Espacio
18:24:18.457 [JavaFX Application Thread] DEBUG TilesetLoader        - Created buffer with size 1920.0x960.0
18:24:18.578 [JavaFX Application Thread] DEBUG TilesetLoader        - Loading view for layer Planetas
18:24:18.583 [JavaFX Application Thread] DEBUG TilesetLoader        - Created buffer with size 1920.0x960.0
18:24:18.588 [JavaFX Application Thread] DEBUG TilesetLoader        - Loading view for layer Suelo
18:24:18.594 [JavaFX Application Thread] DEBUG TilesetLoader        - Created buffer with size 1920.0x960.0
18:24:18.607 [JavaFX Application Thread] DEBUG TilesetLoader        - Loading view for layer Suelo ruinas
18:24:18.619 [JavaFX Application Thread] DEBUG TilesetLoader        - Created buffer with size 1920.0x960.0
18:24:18.625 [JavaFX Application Thread] DEBUG TilesetLoader        - Loading view for layer Torres ruinas
18:24:18.632 [JavaFX Application Thread] DEBUG TilesetLoader        - Created buffer with size 1920.0x960.0
18:24:18.769 [JavaFX Application Thread] DEBUG TilesetLoader        - Loading view for layer Cristales espaciales
18:24:18.771 [JavaFX Application Thread] DEBUG TilesetLoader        - Created buffer with size 1920.0x960.0
18:24:18.774 [JavaFX Application Thread] DEBUG TilesetLoader        - Loading view for layer Rocas1
18:24:18.778 [JavaFX Application Thread] DEBUG TilesetLoader        - Created buffer with size 1920.0x960.0
18:24:18.894 [JavaFX Application Thread] DEBUG TilesetLoader        - Loading view for layer Muro
18:24:18.903 [JavaFX Application Thread] DEBUG TilesetLoader        - Created buffer with size 1920.0x960.0
18:24:18.908 [JavaFX Application Thread] DEBUG TilesetLoader        - Loading view for layer Rocas
18:24:18.913 [JavaFX Application Thread] DEBUG TilesetLoader        - Created buffer with size 1920.0x960.0
18:24:18.923 [JavaFX Application Thread] DEBUG TilesetLoader        - Loading view for layer Rocas2
18:24:18.930 [JavaFX Application Thread] DEBUG TilesetLoader        - Created buffer with size 1920.0x960.0
18:24:18.933 [JavaFX Application Thread] DEBUG TilesetLoader        - Loading view for layer Naves
18:24:18.946 [JavaFX Application Thread] DEBUG TilesetLoader        - Created buffer with size 1920.0x960.0
18:24:18.951 [JavaFX Application Thread] DEBUG TilesetLoader        - Loading view for layer Objetos
18:24:18.957 [JavaFX Application Thread] DEBUG TilesetLoader        - Created buffer with size 1920.0x960.0
18:24:18.959 [JavaFX Application Thread] DEBUG TMXLevelLoader       - Creating object layer entities
18:24:19.036 [JavaFX Application Thread] DEBUG GameWorld            - Clearing removable entities
18:24:19.037 [JavaFX Application Thread] DEBUG GameWorld            - Setting level: com.almasb.fxgl.entity.level.Level@63089a09
18:24:19.060 [JavaFX Application Thread] DEBUG FXGLAssetLoaderServi - Loading from file system: file:/C:/Users/Jonathan/Documents/Galactic%20odyssey/target/classes/assets/textures/personaje.png
18:24:19.063 [JavaFX Application Thread] DEBUG Input                - Registered new binding: Move Right - D
18:24:19.063 [JavaFX Application Thread] DEBUG Input                - Registered new binding: Move Left - A
18:24:19.063 [JavaFX Application Thread] DEBUG Input                - Registered new binding: Move Up - W
18:24:19.064 [JavaFX Application Thread] DEBUG Input                - Registered new binding: Move Down - S
18:26:02.821 [JavaFX Application Thread] DEBUG FXGLApplication      - Exiting FXGL
18:26:02.821 [JavaFX Application Thread] DEBUG LoopRunner           - Stopping loop
18:26:02.821 [JavaFX Application Thread] DEBUG SystemBundleService  - Saving FXGL system data
18:26:02.825 [JavaFX Application Thread] DEBUG FileSystemAccess     - Writing to: C:\Users\Jonathan\Documents\Galactic odyssey\system\fxgl.bundle
18:26:02.828 [JavaFX Application Thread] DEBUG Async                - Shutting down background threads
18:26:02.828 [JavaFX Application Thread] DEBUG PrimaryStageWindow   - Closing main window
18:26:02.864 [JavaFX Application Thread] DEBUG Logger               - Closing Logger
