11:25:31.143 [main                     ] DEBUG Logger               - Configured Logger
11:25:31.206 [main                     ] DEBUG GameApplication      - Logging settings
Title: Galactic Odyssey
Version: 0.0.1
Width: 800
Height: 617
Fullscreen: true
Intro: false
Profiling: false
Single step:false
App Mode: DEVELOPER
Menu Key: ESCAPE
Stage Style: DECORATED
Scene Factory: class App.App$1

11:25:31.782 [JavaFX Application Thread] DEBUG FXGLApplication      - Initializing FXGL
11:25:31.795 [JavaFX Application Thread] INFO  Engine               - FXGL-17.3 (30.03.2023 11.49) on WINDOWS (J:17.0.12 FX:17.0.2-ea)
11:25:31.796 [JavaFX Application Thread] DEBUG Engine               - JRE Vendor Name: Oracle Corporation
11:25:31.797 [JavaFX Application Thread] DEBUG Engine               - Running on OS: Windows 10 version 10.0
11:25:31.797 [JavaFX Application Thread] DEBUG Engine               - Architecture: amd64
11:25:31.797 [JavaFX Application Thread] INFO  Engine               - Source code and latest versions at: https://github.com/AlmasB/FXGL
11:25:31.798 [JavaFX Application Thread] INFO  Engine               -       Ask questions and discuss at: https://github.com/AlmasB/FXGL/discussions
11:25:31.798 [JavaFX Application Thread] INFO  Engine               -              Join the FXGL chat at: https://gitter.im/AlmasB/FXGL
11:25:31.995 [JavaFX Application Thread] DEBUG PrimaryStageWindow   - Creating a JavaFX scene
11:25:32.081 [JavaFX Application Thread] DEBUG PrimaryStageWindow   - Target settings size: 800.0 x 617.0
11:25:32.081 [JavaFX Application Thread] DEBUG PrimaryStageWindow   - Scaled scene size:    800.0 x 617.0
11:25:32.082 [JavaFX Application Thread] DEBUG PrimaryStageWindow   - Scaled ratio: (1.0, 1.0)
11:25:32.084 [JavaFX Application Thread] DEBUG PrimaryStageWindow   - Set initial scene to FXGLStartupScene
11:25:32.102 [JavaFX Application Thread] DEBUG PrimaryStageWindow   - Opening main window
11:25:32.271 [JavaFX Application Thread] DEBUG PrimaryStageWindow   - Window border size: (16.0, 39.0)
11:25:32.272 [JavaFX Application Thread] DEBUG PrimaryStageWindow   - Scaled size: 800.0 x 617.0
11:25:32.273 [JavaFX Application Thread] DEBUG PrimaryStageWindow   - Scaled ratio: (1.0, 1.0)
11:25:32.274 [JavaFX Application Thread] DEBUG PrimaryStageWindow   - Scene size: 800.0 x 617.0
11:25:32.274 [JavaFX Application Thread] DEBUG PrimaryStageWindow   - Stage size: 816.0 x 656.0
11:25:32.375 [JavaFX Application Thread] DEBUG PrimaryStageWindow   - Going fullscreen
11:25:32.441 [FXGL Background Thread 1 ] DEBUG Engine               - Initializing environment variables
11:25:32.506 [FXGL Background Thread 1 ] DEBUG FXGLAssetLoaderServi - User app class for loading assets: class App.App
11:25:32.507 [FXGL Background Thread 1 ] DEBUG GameApplicationServi - Applying CSS: fxgl_dark.css
11:25:32.508 [FXGL Background Thread 1 ] DEBUG FXGLAssetLoaderServi - Loading from file system: jar:file:///C:/Users/Jonathan/.m2/repository/com/github/almasb/fxgl/17.3/fxgl-17.3.jar!/fxglassets/ui/css/fxgl_dark.css
11:25:32.615 [FXGL Background Thread 1 ] DEBUG GameApplicationServi - Initializing application scenes
11:25:32.835 [FXGL Background Thread 1 ] DEBUG GameWorld            - Game world initialized
11:25:32.972 [FXGL Background Thread 1 ] DEBUG PhysicsWorld         - Physics world initialized: appHeight=617, physics.ppm=50,0
11:25:32.973 [FXGL Background Thread 1 ] DEBUG PhysicsWorld         - Using strategy: BRUTE_FORCE
11:25:32.981 [FXGL Background Thread 1 ] DEBUG GameScene            - Game scene initialized: 800x617
11:25:33.000 [FXGL Background Thread 1 ] DEBUG FXGL.DefaultMenu     - createMenuBodyGameMenu()
11:25:33.026 [FXGL Background Thread 1 ] DEBUG FXGL.DefaultMenu     - createOptionsMenu()
11:25:33.047 [FXGL Background Thread 1 ] DEBUG FXGLAssetLoaderServi - Loading from file system: jar:file:///C:/Users/Jonathan/.m2/repository/com/github/almasb/fxgl/17.3/fxgl-17.3.jar!/fxglassets/textures/particles/smoke.png
11:25:33.243 [FXGL Background Thread 1 ] DEBUG FXGLAssetLoaderServi - Loading from file system: jar:file:///C:/Users/Jonathan/.m2/repository/com/github/almasb/fxgl/17.3/fxgl-17.3.jar!/fxglassets/textures/particles/trace_horizontal.png
11:25:33.302 [FXGL Background Thread 1 ] DEBUG GameApplicationServi - Application scenes initialized
11:25:33.328 [FXGL Background Thread 1 ] DEBUG SystemBundleService  - Loading FXGL system data
11:25:33.336 [FXGL Background Thread 1 ] DEBUG FileSystemAccess     - Reading from: C:\Users\Jonathan\Desktop\Galactic odyssey\system\fxgl.bundle
11:25:33.350 [FXGL Background Thread 1 ] DEBUG SystemBundleService  - Bundle FXGL: {}
11:25:33.350 [FXGL Background Thread 1 ] DEBUG UpdaterService       - Checking for updates
11:25:33.358 [FXGL Background Thread 4 ] DEBUG FXGLApplication      - Loading fonts
11:25:33.359 [FXGL Background Thread 1 ] DEBUG FXGLApplication      - Loading default localization
11:25:33.361 [FXGL Background Thread 1 ] DEBUG FXGLAssetLoaderServi - Loading from file system: jar:file:///C:/Users/Jonathan/.m2/repository/com/github/almasb/fxgl/17.3/fxgl-17.3.jar!/fxglassets/languages/english.lang
11:25:33.359 [FXGL Background Thread 4 ] DEBUG FXGLAssetLoaderServi - Loading from file system: jar:file:///C:/Users/Jonathan/.m2/repository/com/github/almasb/fxgl/17.3/fxgl-17.3.jar!/fxglassets/ui/fonts/VarelaRound-Regular.ttf
11:25:33.414 [FXGL Background Thread 1 ] INFO  FXGLApplication      - FXGL initialization took: 0,972 sec
11:25:33.417 [JavaFX Application Thread] DEBUG FXGLAssetLoaderServi - Loading from file system: jar:file:///C:/Users/Jonathan/.m2/repository/com/github/almasb/fxgl/17.3/fxgl-17.3.jar!/fxglassets/textures/fxgl_icon.png
11:25:33.462 [JavaFX Application Thread] DEBUG FXGLAssetLoaderServi - Loading from file system: jar:file:///C:/Users/Jonathan/.m2/repository/com/github/almasb/fxgl/17.3/fxgl-17.3.jar!/fxglassets/textures/fxgl_default_cursor.png
11:25:33.483 [JavaFX Application Thread] DEBUG Input                - Registered new binding: Screenshot - CTRL+8
11:25:33.485 [JavaFX Application Thread] DEBUG Input                - Registered new binding: System info dump - CTRL+9
11:25:33.486 [JavaFX Application Thread] DEBUG Input                - Registered new binding: Restart - CTRL+R
11:25:33.487 [JavaFX Application Thread] DEBUG Input                - Registered new binding: Toggle Debug Camera - CTRL+7
11:25:33.491 [JavaFX Application Thread] DEBUG LoopRunner           - Starting loop
11:25:33.493 [JavaFX Application Thread] DEBUG LoopRunner           - Initializing JavaFX AnimationTimerLoop
11:25:33.495 [JavaFX Application Thread] DEBUG GameApplicationServi - Starting new game
11:25:33.496 [JavaFX Application Thread] DEBUG Input                - Clearing active input actions
11:25:33.522 [JavaFX Application Thread] DEBUG GameApplicationServi - Removing overlay from FXGLStartupScene and adding to MyLoadingScene
11:25:33.523 [JavaFX Application Thread] DEBUG PrimaryStageWindow   - FXGLStartupScene -> MyLoadingScene
11:25:33.523 [JavaFX Application Thread] DEBUG GameApplicationServi - Clearing previous game
11:25:33.523 [JavaFX Application Thread] DEBUG GameScene            - Clearing game scene
11:25:33.523 [JavaFX Application Thread] DEBUG GameWorld            - Clearing game world
11:25:33.524 [JavaFX Application Thread] DEBUG PhysicsWorld         - Clearing physics world
11:25:33.526 [FXGL Background Thread 1 ] DEBUG FXGLApplication      - Initializing game
11:25:33.563 [FXGL Background Thread 1 ] DEBUG FXGLAssetLoaderServi - Loading from file system: file:/C:/Users/Jonathan/Desktop/Galactic%20odyssey/target/classes/assets/textures/fondo_menu.png
11:25:33.608 [FXGL Background Thread 1 ] DEBUG FXGLAssetLoaderServi - Loading from file system: file:/C:/Users/Jonathan/Desktop/Galactic%20odyssey/target/classes/assets/music/intro.mp3
11:25:33.885 [FXGL Background Thread 4 ] DEBUG FXGLAssetLoaderServi - Loading from file system: jar:file:///C:/Users/Jonathan/.m2/repository/com/github/almasb/fxgl/17.3/fxgl-17.3.jar!/fxglassets/ui/fonts/Abel-Regular.ttf
11:25:33.910 [FXGL Background Thread 4 ] DEBUG FXGLAssetLoaderServi - Loading from file system: jar:file:///C:/Users/Jonathan/.m2/repository/com/github/almasb/fxgl/17.3/fxgl-17.3.jar!/fxglassets/ui/fonts/TerminalLandMono-Regular.otf
11:25:33.964 [FXGL Background Thread 4 ] DEBUG FXGLAssetLoaderServi - Loading from file system: jar:file:///C:/Users/Jonathan/.m2/repository/com/github/almasb/fxgl/17.3/fxgl-17.3.jar!/fxglassets/ui/fonts/Courier-Prime.ttf
11:25:33.992 [JavaFX Application Thread] DEBUG FXGLApplication      - Registering font factories with UI factory
11:25:34.015 [FXGL Background Thread 2 ] WARN  UpdaterService       - Failed to find updates: java.net.UnknownHostException: raw.githubusercontent.com
11:25:34.022 [FXGL Background Thread 1 ] DEBUG AudioPlayer          - Playing music com.almasb.fxgl.audio.Music@eb50fc4
11:25:34.044 [FXGL Background Thread 1 ] INFO  FXGLApplication      - Game initialization took: 0,517 sec
11:25:34.045 [JavaFX Application Thread] DEBUG Input                - Clearing active input actions
11:25:34.072 [JavaFX Application Thread] DEBUG GameApplicationServi - Removing overlay from MyLoadingScene and adding to GameScene
11:25:34.072 [JavaFX Application Thread] DEBUG PrimaryStageWindow   - MyLoadingScene -> GameScene
11:25:36.356 [FXGL Background Thread 3 ] DEBUG Engine               - Logging environment variables
11:25:36.357 [FXGL Background Thread 3 ] DEBUG Engine               - achievements: []
11:25:36.357 [FXGL Background Thread 3 ] DEBUG Engine               - actualHeight: 768.0
11:25:36.358 [FXGL Background Thread 3 ] DEBUG Engine               - actualHeightProperty: ReadOnlyDoubleProperty [value: 768.0]
11:25:36.358 [FXGL Background Thread 3 ] DEBUG Engine               - actualWidth: 1366.0
11:25:36.358 [FXGL Background Thread 3 ] DEBUG Engine               - actualWidthProperty: ReadOnlyDoubleProperty [value: 1366.0]
11:25:36.358 [FXGL Background Thread 3 ] DEBUG Engine               - appIcon: fxgl_icon.png
11:25:36.358 [FXGL Background Thread 3 ] DEBUG Engine               - applicationMode: DEVELOPER
11:25:36.359 [FXGL Background Thread 3 ] DEBUG Engine               - cSSList: [fxgl_dark.css]
11:25:36.359 [FXGL Background Thread 3 ] DEBUG Engine               - collisionDetectionStrategy: BRUTE_FORCE
11:25:36.359 [FXGL Background Thread 3 ] DEBUG Engine               - configClass: Optional.empty
11:25:36.359 [FXGL Background Thread 3 ] DEBUG Engine               - credits: []
11:25:36.360 [FXGL Background Thread 3 ] DEBUG Engine               - defaultCursor: CursorInfo(imageName=fxgl_default_cursor.png, hotspotX=7.0, hotspotY=6.0)
11:25:36.361 [FXGL Background Thread 3 ] DEBUG Engine               - devBBoxColorProperty: ObjectProperty [value: 0xff0000ff]
11:25:36.361 [FXGL Background Thread 3 ] DEBUG Engine               - devEnableDebugCameraProperty: BooleanProperty [value: false]
11:25:36.362 [FXGL Background Thread 3 ] DEBUG Engine               - devSensorColorProperty: ObjectProperty [value: 0xffff00ff]
11:25:36.362 [FXGL Background Thread 3 ] DEBUG Engine               - devShowBBoxProperty: BooleanProperty [value: false]
11:25:36.362 [FXGL Background Thread 3 ] DEBUG Engine               - devShowPositionProperty: BooleanProperty [value: false]
11:25:36.363 [FXGL Background Thread 3 ] DEBUG Engine               - enabledMenuItems: []
11:25:36.363 [FXGL Background Thread 3 ] DEBUG Engine               - engineServices: [class com.almasb.fxgl.app.services.FXGLAssetLoaderService, class com.almasb.fxgl.app.FXGLApplication$GameApplicationService, class com.almasb.fxgl.app.services.FXGLDialogService, class com.almasb.fxgl.app.services.IOTaskExecutorService, class com.almasb.fxgl.io.FileSystemService, class com.almasb.fxgl.localization.LocalizationService, class com.almasb.fxgl.app.services.SystemBundleService, class com.almasb.fxgl.profile.SaveLoadService, class com.almasb.fxgl.ui.FXGLUIFactoryServiceProvider, class com.almasb.fxgl.ui.FXGLDialogFactoryServiceProvider, class com.almasb.fxgl.audio.AudioPlayer, class com.almasb.fxgl.notification.impl.NotificationServiceProvider, class com.almasb.fxgl.achievement.AchievementService, class com.almasb.fxgl.cutscene.CutsceneService, class com.almasb.fxgl.minigames.MiniGameService, class com.almasb.fxgl.net.NetService, class com.almasb.fxgl.app.services.UpdaterService, class com.almasb.fxgl.dev.DevService]
11:25:36.363 [FXGL Background Thread 3 ] DEBUG Engine               - fontGame: Abel-Regular.ttf
11:25:36.363 [FXGL Background Thread 3 ] DEBUG Engine               - fontMono: TerminalLandMono-Regular.otf
11:25:36.364 [FXGL Background Thread 3 ] DEBUG Engine               - fontSizeScaleUI: 1.0
11:25:36.364 [FXGL Background Thread 3 ] DEBUG Engine               - fontText: Courier-Prime.ttf
11:25:36.364 [FXGL Background Thread 3 ] DEBUG Engine               - fontUI: VarelaRound-Regular.ttf
11:25:36.364 [FXGL Background Thread 3 ] DEBUG Engine               - fullScreen: BooleanProperty [value: true]
11:25:36.364 [FXGL Background Thread 3 ] DEBUG Engine               - gameDifficulty: MEDIUM
11:25:36.364 [FXGL Background Thread 3 ] DEBUG Engine               - gameDifficultyProperty: ObjectProperty [value: MEDIUM]
11:25:36.365 [FXGL Background Thread 3 ] DEBUG Engine               - globalMusicVolume: 0.5
11:25:36.365 [FXGL Background Thread 3 ] DEBUG Engine               - globalMusicVolumeProperty: DoubleProperty [value: 0.5]
11:25:36.365 [FXGL Background Thread 3 ] DEBUG Engine               - globalSoundVolume: 0.5
11:25:36.365 [FXGL Background Thread 3 ] DEBUG Engine               - globalSoundVolumeProperty: DoubleProperty [value: 0.5]
11:25:36.366 [FXGL Background Thread 3 ] DEBUG Engine               - height: 617
11:25:36.366 [FXGL Background Thread 3 ] DEBUG Engine               - is3D: false
11:25:36.366 [FXGL Background Thread 3 ] DEBUG Engine               - isAndroid: false
11:25:36.366 [FXGL Background Thread 3 ] DEBUG Engine               - isBrowser: false
11:25:36.366 [FXGL Background Thread 3 ] DEBUG Engine               - isClickFeedbackEnabled: false
11:25:36.366 [FXGL Background Thread 3 ] DEBUG Engine               - isCloseConfirmation: false
11:25:36.366 [FXGL Background Thread 3 ] DEBUG Engine               - isDesktop: true
11:25:36.366 [FXGL Background Thread 3 ] DEBUG Engine               - isDeveloperMenuEnabled: false
11:25:36.367 [FXGL Background Thread 3 ] DEBUG Engine               - isEmbedded: false
11:25:36.367 [FXGL Background Thread 3 ] DEBUG Engine               - isEntityPreloadEnabled: true
11:25:36.367 [FXGL Background Thread 3 ] DEBUG Engine               - isExperimentalTiledLargeMap: false
11:25:36.367 [FXGL Background Thread 3 ] DEBUG Engine               - isFileSystemWriteAllowed: true
11:25:36.367 [FXGL Background Thread 3 ] DEBUG Engine               - isFullScreenAllowed: true
11:25:36.367 [FXGL Background Thread 3 ] DEBUG Engine               - isFullScreenFromStart: true
11:25:36.367 [FXGL Background Thread 3 ] DEBUG Engine               - isGameMenuEnabled: true
11:25:36.367 [FXGL Background Thread 3 ] DEBUG Engine               - isIOS: false
11:25:36.368 [FXGL Background Thread 3 ] DEBUG Engine               - isIntroEnabled: false
11:25:36.368 [FXGL Background Thread 3 ] DEBUG Engine               - isLinux: false
11:25:36.368 [FXGL Background Thread 3 ] DEBUG Engine               - isMac: false
11:25:36.368 [FXGL Background Thread 3 ] DEBUG Engine               - isMainMenuEnabled: false
11:25:36.368 [FXGL Background Thread 3 ] DEBUG Engine               - isManualResizeEnabled: false
11:25:36.368 [FXGL Background Thread 3 ] DEBUG Engine               - isMobile: false
11:25:36.368 [FXGL Background Thread 3 ] DEBUG Engine               - isNative: false
11:25:36.369 [FXGL Background Thread 3 ] DEBUG Engine               - isPauseMusicWhenMinimized: true
11:25:36.369 [FXGL Background Thread 3 ] DEBUG Engine               - isPreserveResizeRatio: false
11:25:36.369 [FXGL Background Thread 3 ] DEBUG Engine               - isProfilingEnabled: false
11:25:36.369 [FXGL Background Thread 3 ] DEBUG Engine               - isScaleAffectedOnResize: true
11:25:36.369 [FXGL Background Thread 3 ] DEBUG Engine               - isSingleStep: false
11:25:36.369 [FXGL Background Thread 3 ] DEBUG Engine               - isUserProfileEnabled: false
11:25:36.369 [FXGL Background Thread 3 ] DEBUG Engine               - isWindows: true
11:25:36.369 [FXGL Background Thread 3 ] DEBUG Engine               - language: ObjectProperty [value: ENGLISH]
11:25:36.369 [FXGL Background Thread 3 ] DEBUG Engine               - menuKey: ESCAPE
11:25:36.369 [FXGL Background Thread 3 ] DEBUG Engine               - mouseSensitivity: 0.2
11:25:36.369 [FXGL Background Thread 3 ] DEBUG Engine               - notificationViewClass: class com.almasb.fxgl.notification.view.XboxNotificationView
11:25:36.370 [FXGL Background Thread 3 ] DEBUG Engine               - pixelsPerMeter: 50.0
11:25:36.370 [FXGL Background Thread 3 ] DEBUG Engine               - platform: WINDOWS
11:25:36.370 [FXGL Background Thread 3 ] DEBUG Engine               - prefHeightProperty: ReadOnlyDoubleProperty [value: 617.0]
11:25:36.370 [FXGL Background Thread 3 ] DEBUG Engine               - prefWidthProperty: ReadOnlyDoubleProperty [value: 800.0]
11:25:36.370 [FXGL Background Thread 3 ] DEBUG Engine               - profileDir: profiles/
11:25:36.370 [FXGL Background Thread 3 ] DEBUG Engine               - profileName: StringProperty [value: DEFAULT]
11:25:36.370 [FXGL Background Thread 3 ] DEBUG Engine               - randomSeed: -1
11:25:36.371 [FXGL Background Thread 3 ] DEBUG Engine               - runtimeInfo: RuntimeInfo(platform=WINDOWS, version=17.3, build=30.03.2023 11.49)
11:25:36.371 [FXGL Background Thread 3 ] DEBUG Engine               - saveFileExt: sav
11:25:36.371 [FXGL Background Thread 3 ] DEBUG Engine               - scaledHeightProp$fxgl: DoubleProperty [bound, value: 768.0]
11:25:36.371 [FXGL Background Thread 3 ] DEBUG Engine               - scaledWidthProp$fxgl: DoubleProperty [bound, value: 1366.0]
11:25:36.371 [FXGL Background Thread 3 ] DEBUG Engine               - sceneFactory: App.App$1@5be54d5f
11:25:36.371 [FXGL Background Thread 3 ] DEBUG Engine               - secondsIn24h: 60
11:25:36.371 [FXGL Background Thread 3 ] DEBUG Engine               - soundMenuBack: menu/back.wav
11:25:36.371 [FXGL Background Thread 3 ] DEBUG Engine               - soundMenuPress: menu/press.wav
11:25:36.371 [FXGL Background Thread 3 ] DEBUG Engine               - soundMenuSelect: menu/select.wav
11:25:36.371 [FXGL Background Thread 3 ] DEBUG Engine               - soundNotification: core/notification.wav
11:25:36.372 [FXGL Background Thread 3 ] DEBUG Engine               - stageStyle: DECORATED
11:25:36.372 [FXGL Background Thread 3 ] DEBUG Engine               - supportedLanguages: [ENGLISH, FRENCH, GERMAN, HUNGARIAN, RUSSIAN]
11:25:36.372 [FXGL Background Thread 3 ] DEBUG Engine               - ticksPerSecond: -1
11:25:36.372 [FXGL Background Thread 3 ] DEBUG Engine               - title: Galactic Odyssey
11:25:36.372 [FXGL Background Thread 3 ] DEBUG Engine               - urlGithub: https://github.com/AlmasB/FXGL
11:25:36.372 [FXGL Background Thread 3 ] DEBUG Engine               - urlLeaderboard: http://fxgl-top.herokuapp.com/
11:25:36.373 [FXGL Background Thread 3 ] DEBUG Engine               - urlPOM: https://raw.githubusercontent.com/AlmasB/FXGL/release/README.md
11:25:36.373 [FXGL Background Thread 3 ] DEBUG Engine               - userAppClass: class App.App
11:25:36.373 [FXGL Background Thread 3 ] DEBUG Engine               - version: 0.0.1
11:25:36.373 [FXGL Background Thread 3 ] DEBUG Engine               - versionCheckDays: 7
11:25:36.373 [FXGL Background Thread 3 ] DEBUG Engine               - width: 800
11:25:36.373 [FXGL Background Thread 3 ] DEBUG Engine               - Logging services
11:25:36.374 [FXGL Background Thread 3 ] DEBUG Engine               - class com.almasb.fxgl.app.services.FXGLAssetLoaderService
11:25:36.374 [FXGL Background Thread 3 ] DEBUG Engine               - class com.almasb.fxgl.app.FXGLApplication$GameApplicationService
11:25:36.374 [FXGL Background Thread 3 ] DEBUG Engine               - class com.almasb.fxgl.app.services.FXGLDialogService
11:25:36.374 [FXGL Background Thread 3 ] DEBUG Engine               - class com.almasb.fxgl.app.services.IOTaskExecutorService
11:25:36.374 [FXGL Background Thread 3 ] DEBUG Engine               - class com.almasb.fxgl.io.FileSystemService
11:25:36.374 [FXGL Background Thread 3 ] DEBUG Engine               - class com.almasb.fxgl.localization.LocalizationService
11:25:36.374 [FXGL Background Thread 3 ] DEBUG Engine               - class com.almasb.fxgl.app.services.SystemBundleService
11:25:36.375 [FXGL Background Thread 3 ] DEBUG Engine               - class com.almasb.fxgl.profile.SaveLoadService
11:25:36.375 [FXGL Background Thread 3 ] DEBUG Engine               - class com.almasb.fxgl.ui.FXGLUIFactoryServiceProvider
11:25:36.375 [FXGL Background Thread 3 ] DEBUG Engine               - class com.almasb.fxgl.ui.FXGLDialogFactoryServiceProvider
11:25:36.375 [FXGL Background Thread 3 ] DEBUG Engine               - class com.almasb.fxgl.audio.AudioPlayer
11:25:36.375 [FXGL Background Thread 3 ] DEBUG Engine               - class com.almasb.fxgl.notification.impl.NotificationServiceProvider
11:25:36.375 [FXGL Background Thread 3 ] DEBUG Engine               - class com.almasb.fxgl.achievement.AchievementService
11:25:36.375 [FXGL Background Thread 3 ] DEBUG Engine               - class com.almasb.fxgl.cutscene.CutsceneService
11:25:36.375 [FXGL Background Thread 3 ] DEBUG Engine               - class com.almasb.fxgl.minigames.MiniGameService
11:25:36.375 [FXGL Background Thread 3 ] DEBUG Engine               - class com.almasb.fxgl.net.NetService
11:25:36.376 [FXGL Background Thread 3 ] DEBUG Engine               - class com.almasb.fxgl.app.services.UpdaterService
11:25:36.376 [FXGL Background Thread 3 ] DEBUG Engine               - class com.almasb.fxgl.dev.DevService
11:25:50.134 [JavaFX Application Thread] WARN  TMXLevelLoader       - TiledMap generated from 1.11.2. Supported version: 1.9.0. Some features may not be parsed fully.
11:25:50.185 [JavaFX Application Thread] DEBUG TMXLevelLoader       - Parsed TiledMap: file:/C:/Users/Jonathan/Desktop/Galactic%20odyssey/target/classes/assets/levels/Map1.tmx
11:25:50.187 [JavaFX Application Thread] DEBUG TMXLevelLoader       - Creating tile layer entities
11:25:50.191 [JavaFX Application Thread] DEBUG TilesetLoader        - Loading view for layer Espacio
11:25:50.217 [JavaFX Application Thread] DEBUG TilesetLoader        - Created buffer with size 3360.0x1680.0
11:25:50.475 [JavaFX Application Thread] DEBUG TilesetLoader        - Loading view for layer Planetas
11:25:50.494 [JavaFX Application Thread] DEBUG TilesetLoader        - Created buffer with size 3360.0x1680.0
11:25:50.499 [JavaFX Application Thread] DEBUG TilesetLoader        - Loading view for layer Naves
11:25:50.510 [JavaFX Application Thread] DEBUG TilesetLoader        - Created buffer with size 3360.0x1680.0
11:25:50.680 [JavaFX Application Thread] DEBUG TilesetLoader        - Loading view for layer Suelo
11:25:50.702 [JavaFX Application Thread] DEBUG TilesetLoader        - Created buffer with size 3360.0x1680.0
11:25:50.711 [JavaFX Application Thread] DEBUG TilesetLoader        - Loading view for layer rock
11:25:50.733 [JavaFX Application Thread] DEBUG TilesetLoader        - Created buffer with size 3360.0x1680.0
11:25:50.735 [JavaFX Application Thread] DEBUG TilesetLoader        - Loading view for layer Rocas
11:25:50.750 [JavaFX Application Thread] DEBUG TilesetLoader        - Created buffer with size 3360.0x1680.0
11:25:50.757 [JavaFX Application Thread] DEBUG TilesetLoader        - Loading view for layer Muro
11:25:50.780 [JavaFX Application Thread] DEBUG TilesetLoader        - Created buffer with size 3360.0x1680.0
11:25:50.782 [JavaFX Application Thread] DEBUG TilesetLoader        - Loading view for layer Rocas1
11:25:50.799 [JavaFX Application Thread] DEBUG TilesetLoader        - Created buffer with size 3360.0x1680.0
11:25:50.801 [JavaFX Application Thread] DEBUG TilesetLoader        - Loading view for layer SueloRuinas
11:25:50.824 [JavaFX Application Thread] DEBUG TilesetLoader        - Created buffer with size 3360.0x1680.0
11:25:50.897 [JavaFX Application Thread] DEBUG TilesetLoader        - Loading view for layer Ruinas
11:25:50.916 [JavaFX Application Thread] DEBUG TilesetLoader        - Created buffer with size 3360.0x1680.0
11:25:50.919 [JavaFX Application Thread] DEBUG TMXLevelLoader       - Creating object layer entities
11:25:50.983 [JavaFX Application Thread] DEBUG GameWorld            - Clearing removable entities
11:25:50.984 [JavaFX Application Thread] DEBUG GameWorld            - Setting level: com.almasb.fxgl.entity.level.Level@7ea34a59
11:25:51.009 [JavaFX Application Thread] DEBUG FXGLAssetLoaderServi - Loading from file system: file:/C:/Users/Jonathan/Desktop/Galactic%20odyssey/target/classes/assets/textures/personaje.png
11:25:51.014 [JavaFX Application Thread] DEBUG Input                - Registered new binding: Move Right - D
11:25:51.014 [JavaFX Application Thread] DEBUG Input                - Registered new binding: Move Left - A
11:25:51.015 [JavaFX Application Thread] DEBUG Input                - Registered new binding: Move Up - W
11:25:51.015 [JavaFX Application Thread] DEBUG Input                - Registered new binding: Move Down - S
11:25:51.015 [JavaFX Application Thread] DEBUG Input                - Registered new binding: End Turn - Enter
11:25:51.015 [JavaFX Application Thread] DEBUG Input                - Registered new binding: Attack - Space
11:25:51.015 [JavaFX Application Thread] DEBUG Input                - Registered new binding: Special Ability - E
11:25:51.039 [JavaFX Application Thread] DEBUG FXGLAssetLoaderServi - Loading from file system: file:/C:/Users/Jonathan/Desktop/Galactic%20odyssey/target/classes/assets/textures/drone.png
11:27:15.052 [JavaFX Application Thread] DEBUG PrimaryStageWindow   - Push state: DialogSubScene
11:27:15.052 [JavaFX Application Thread] DEBUG Input                - Clearing active input actions
11:27:15.054 [JavaFX Application Thread] DEBUG GameApplicationServi - Removing overlay from GameScene and adding to DialogSubScene
11:27:15.055 [JavaFX Application Thread] DEBUG PrimaryStageWindow   - GameScene -> DialogSubScene
11:27:16.955 [JavaFX Application Thread] DEBUG PrimaryStageWindow   - Pop state: DialogSubScene
11:27:16.955 [JavaFX Application Thread] DEBUG Input                - Clearing active input actions
11:27:16.956 [JavaFX Application Thread] DEBUG GameApplicationServi - Removing overlay from DialogSubScene and adding to GameScene
11:27:16.956 [JavaFX Application Thread] DEBUG PrimaryStageWindow   - GameScene <- DialogSubScene
11:27:16.956 [JavaFX Application Thread] WARN  GameApplicationServi - Ignoring gotoMainMenu() because main menu is not enabled
11:27:18.262 [JavaFX Application Thread] DEBUG PrimaryStageWindow   - Push state: FXGLDefaultMenu
11:27:18.263 [JavaFX Application Thread] DEBUG Input                - Clearing active input actions
11:27:18.265 [JavaFX Application Thread] DEBUG GameApplicationServi - Removing overlay from GameScene and adding to FXGLDefaultMenu
11:27:18.266 [JavaFX Application Thread] DEBUG PrimaryStageWindow   - GameScene -> FXGLDefaultMenu
11:27:21.339 [JavaFX Application Thread] DEBUG Menu                 - fireExit()
11:27:21.342 [JavaFX Application Thread] DEBUG PrimaryStageWindow   - Push state: DialogSubScene
11:27:21.343 [JavaFX Application Thread] DEBUG Input                - Clearing active input actions
11:27:21.343 [JavaFX Application Thread] DEBUG GameApplicationServi - Removing overlay from FXGLDefaultMenu and adding to DialogSubScene
11:27:21.344 [JavaFX Application Thread] DEBUG PrimaryStageWindow   - FXGLDefaultMenu -> DialogSubScene
11:27:22.143 [JavaFX Application Thread] DEBUG PrimaryStageWindow   - Pop state: DialogSubScene
11:27:22.144 [JavaFX Application Thread] DEBUG Input                - Clearing active input actions
11:27:22.144 [JavaFX Application Thread] DEBUG GameApplicationServi - Removing overlay from DialogSubScene and adding to FXGLDefaultMenu
11:27:22.144 [JavaFX Application Thread] DEBUG PrimaryStageWindow   - FXGLDefaultMenu <- DialogSubScene
11:27:22.144 [JavaFX Application Thread] DEBUG FXGLApplication      - Exiting FXGL
11:27:22.145 [JavaFX Application Thread] DEBUG LoopRunner           - Stopping loop
11:27:22.145 [JavaFX Application Thread] DEBUG SystemBundleService  - Saving FXGL system data
11:27:22.150 [JavaFX Application Thread] DEBUG FileSystemAccess     - Writing to: C:\Users\Jonathan\Desktop\Galactic odyssey\system\fxgl.bundle
11:27:22.153 [JavaFX Application Thread] DEBUG Async                - Shutting down background threads
11:27:22.153 [JavaFX Application Thread] DEBUG PrimaryStageWindow   - Closing main window
11:27:22.186 [JavaFX Application Thread] DEBUG Logger               - Closing Logger
