20:40:26.657 [main                     ] DEBUG Logger               - Configured Logger
20:40:26.729 [main                     ] DEBUG GameApplication      - Logging settings
Title: Galactic Odyssey
Version: 0.0.1
Width: 800
Height: 617
Fullscreen: true
Intro: false
Profiling: false
Single step:false
App Mode: DEVELOPER
Menu Key: ESCAPE
Stage Style: DECORATED
Scene Factory: class App.App$1

20:40:27.272 [JavaFX Application Thread] DEBUG FXGLApplication      - Initializing FXGL
20:40:27.284 [JavaFX Application Thread] INFO  Engine               - FXGL-17.3 (30.03.2023 11.49) on WINDOWS (J:17.0.12 FX:17.0.2-ea)
20:40:27.285 [JavaFX Application Thread] DEBUG Engine               - JRE Vendor Name: Oracle Corporation
20:40:27.286 [JavaFX Application Thread] DEBUG Engine               - Running on OS: Windows 10 version 10.0
20:40:27.286 [JavaFX Application Thread] DEBUG Engine               - Architecture: amd64
20:40:27.286 [JavaFX Application Thread] INFO  Engine               - Source code and latest versions at: https://github.com/AlmasB/FXGL
20:40:27.287 [JavaFX Application Thread] INFO  Engine               -       Ask questions and discuss at: https://github.com/AlmasB/FXGL/discussions
20:40:27.287 [JavaFX Application Thread] INFO  Engine               -              Join the FXGL chat at: https://gitter.im/AlmasB/FXGL
20:40:27.462 [JavaFX Application Thread] DEBUG PrimaryStageWindow   - Creating a JavaFX scene
20:40:27.540 [JavaFX Application Thread] DEBUG PrimaryStageWindow   - Target settings size: 800.0 x 617.0
20:40:27.540 [JavaFX Application Thread] DEBUG PrimaryStageWindow   - Scaled scene size:    800.0 x 617.0
20:40:27.541 [JavaFX Application Thread] DEBUG PrimaryStageWindow   - Scaled ratio: (1.0, 1.0)
20:40:27.543 [JavaFX Application Thread] DEBUG PrimaryStageWindow   - Set initial scene to FXGLStartupScene
20:40:27.560 [JavaFX Application Thread] DEBUG PrimaryStageWindow   - Opening main window
20:40:27.727 [JavaFX Application Thread] DEBUG PrimaryStageWindow   - Window border size: (16.0, 39.0)
20:40:27.727 [JavaFX Application Thread] DEBUG PrimaryStageWindow   - Scaled size: 800.0 x 617.0
20:40:27.728 [JavaFX Application Thread] DEBUG PrimaryStageWindow   - Scaled ratio: (1.0, 1.0)
20:40:27.729 [JavaFX Application Thread] DEBUG PrimaryStageWindow   - Scene size: 800.0 x 617.0
20:40:27.729 [JavaFX Application Thread] DEBUG PrimaryStageWindow   - Stage size: 816.0 x 656.0
20:40:27.828 [JavaFX Application Thread] DEBUG PrimaryStageWindow   - Going fullscreen
20:40:27.857 [FXGL Background Thread 1 ] DEBUG Engine               - Initializing environment variables
20:40:27.930 [FXGL Background Thread 1 ] DEBUG FXGLAssetLoaderServi - User app class for loading assets: class App.App
20:40:27.931 [FXGL Background Thread 1 ] DEBUG GameApplicationServi - Applying CSS: fxgl_dark.css
20:40:27.932 [FXGL Background Thread 1 ] DEBUG FXGLAssetLoaderServi - Loading from file system: jar:file:///C:/Users/Jonathan/.m2/repository/com/github/almasb/fxgl/17.3/fxgl-17.3.jar!/fxglassets/ui/css/fxgl_dark.css
20:40:28.030 [FXGL Background Thread 1 ] DEBUG GameApplicationServi - Initializing application scenes
20:40:28.145 [FXGL Background Thread 1 ] DEBUG GameWorld            - Game world initialized
20:40:28.268 [FXGL Background Thread 1 ] DEBUG PhysicsWorld         - Physics world initialized: appHeight=617, physics.ppm=50,0
20:40:28.269 [FXGL Background Thread 1 ] DEBUG PhysicsWorld         - Using strategy: BRUTE_FORCE
20:40:28.278 [FXGL Background Thread 1 ] DEBUG GameScene            - Game scene initialized: 800x617
20:40:28.296 [FXGL Background Thread 1 ] DEBUG FXGL.DefaultMenu     - createMenuBodyGameMenu()
20:40:28.322 [FXGL Background Thread 1 ] DEBUG FXGL.DefaultMenu     - createOptionsMenu()
20:40:28.345 [FXGL Background Thread 1 ] DEBUG FXGLAssetLoaderServi - Loading from file system: jar:file:///C:/Users/Jonathan/.m2/repository/com/github/almasb/fxgl/17.3/fxgl-17.3.jar!/fxglassets/textures/particles/smoke.png
20:40:28.550 [FXGL Background Thread 1 ] DEBUG FXGLAssetLoaderServi - Loading from file system: jar:file:///C:/Users/Jonathan/.m2/repository/com/github/almasb/fxgl/17.3/fxgl-17.3.jar!/fxglassets/textures/particles/trace_horizontal.png
20:40:28.612 [FXGL Background Thread 1 ] DEBUG GameApplicationServi - Application scenes initialized
20:40:28.639 [FXGL Background Thread 1 ] DEBUG SystemBundleService  - Loading FXGL system data
20:40:28.651 [FXGL Background Thread 1 ] DEBUG FileSystemAccess     - Reading from: C:\Users\Jonathan\Desktop\Galactic odyssey\system\fxgl.bundle
20:40:28.666 [FXGL Background Thread 1 ] DEBUG SystemBundleService  - Bundle FXGL: {}
20:40:28.666 [FXGL Background Thread 1 ] DEBUG UpdaterService       - Checking for updates
20:40:28.679 [FXGL Background Thread 1 ] DEBUG FXGLApplication      - Loading default localization
20:40:28.681 [FXGL Background Thread 1 ] DEBUG FXGLAssetLoaderServi - Loading from file system: jar:file:///C:/Users/Jonathan/.m2/repository/com/github/almasb/fxgl/17.3/fxgl-17.3.jar!/fxglassets/languages/english.lang
20:40:28.710 [FXGL Background Thread 4 ] DEBUG FXGLApplication      - Loading fonts
20:40:28.714 [FXGL Background Thread 1 ] INFO  FXGLApplication      - FXGL initialization took: 0,856 sec
20:40:28.714 [FXGL Background Thread 4 ] DEBUG FXGLAssetLoaderServi - Loading from file system: jar:file:///C:/Users/Jonathan/.m2/repository/com/github/almasb/fxgl/17.3/fxgl-17.3.jar!/fxglassets/ui/fonts/VarelaRound-Regular.ttf
20:40:28.716 [JavaFX Application Thread] DEBUG FXGLAssetLoaderServi - Loading from file system: jar:file:///C:/Users/Jonathan/.m2/repository/com/github/almasb/fxgl/17.3/fxgl-17.3.jar!/fxglassets/textures/fxgl_icon.png
20:40:28.787 [JavaFX Application Thread] DEBUG FXGLAssetLoaderServi - Loading from file system: jar:file:///C:/Users/Jonathan/.m2/repository/com/github/almasb/fxgl/17.3/fxgl-17.3.jar!/fxglassets/textures/fxgl_default_cursor.png
20:40:28.810 [JavaFX Application Thread] DEBUG Input                - Registered new binding: Screenshot - CTRL+8
20:40:28.811 [JavaFX Application Thread] DEBUG Input                - Registered new binding: System info dump - CTRL+9
20:40:28.811 [JavaFX Application Thread] DEBUG Input                - Registered new binding: Restart - CTRL+R
20:40:28.812 [JavaFX Application Thread] DEBUG Input                - Registered new binding: Toggle Debug Camera - CTRL+7
20:40:28.819 [JavaFX Application Thread] DEBUG LoopRunner           - Starting loop
20:40:28.819 [JavaFX Application Thread] DEBUG LoopRunner           - Initializing JavaFX AnimationTimerLoop
20:40:28.821 [JavaFX Application Thread] DEBUG GameApplicationServi - Starting new game
20:40:28.822 [JavaFX Application Thread] DEBUG Input                - Clearing active input actions
20:40:28.862 [JavaFX Application Thread] DEBUG GameApplicationServi - Removing overlay from FXGLStartupScene and adding to MyLoadingScene
20:40:28.862 [JavaFX Application Thread] DEBUG PrimaryStageWindow   - FXGLStartupScene -> MyLoadingScene
20:40:28.863 [JavaFX Application Thread] DEBUG GameApplicationServi - Clearing previous game
20:40:28.863 [JavaFX Application Thread] DEBUG GameScene            - Clearing game scene
20:40:28.863 [JavaFX Application Thread] DEBUG GameWorld            - Clearing game world
20:40:28.863 [JavaFX Application Thread] DEBUG PhysicsWorld         - Clearing physics world
20:40:28.865 [FXGL Background Thread 1 ] DEBUG FXGLApplication      - Initializing game
20:40:28.914 [FXGL Background Thread 1 ] DEBUG FXGLAssetLoaderServi - Loading from file system: file:/C:/Users/Jonathan/Desktop/Galactic%20odyssey/target/classes/assets/textures/fondo_menu.png
20:40:28.966 [FXGL Background Thread 1 ] DEBUG FXGLAssetLoaderServi - Loading from file system: file:/C:/Users/Jonathan/Desktop/Galactic%20odyssey/target/classes/assets/music/intro.mp3
20:40:29.300 [FXGL Background Thread 4 ] DEBUG FXGLAssetLoaderServi - Loading from file system: jar:file:///C:/Users/Jonathan/.m2/repository/com/github/almasb/fxgl/17.3/fxgl-17.3.jar!/fxglassets/ui/fonts/Abel-Regular.ttf
20:40:29.301 [FXGL Background Thread 1 ] DEBUG AudioPlayer          - Playing music com.almasb.fxgl.audio.Music@23a3889e
20:40:29.324 [FXGL Background Thread 4 ] DEBUG FXGLAssetLoaderServi - Loading from file system: jar:file:///C:/Users/Jonathan/.m2/repository/com/github/almasb/fxgl/17.3/fxgl-17.3.jar!/fxglassets/ui/fonts/TerminalLandMono-Regular.otf
20:40:29.331 [FXGL Background Thread 1 ] INFO  FXGLApplication      - Game initialization took: 0,465 sec
20:40:29.332 [JavaFX Application Thread] DEBUG Input                - Clearing active input actions
20:40:29.349 [JavaFX Application Thread] DEBUG GameApplicationServi - Removing overlay from MyLoadingScene and adding to GameScene
20:40:29.349 [JavaFX Application Thread] DEBUG PrimaryStageWindow   - MyLoadingScene -> GameScene
20:40:29.355 [FXGL Background Thread 4 ] DEBUG FXGLAssetLoaderServi - Loading from file system: jar:file:///C:/Users/Jonathan/.m2/repository/com/github/almasb/fxgl/17.3/fxgl-17.3.jar!/fxglassets/ui/fonts/Courier-Prime.ttf
20:40:29.392 [FXGL Background Thread 2 ] WARN  UpdaterService       - Failed to find updates: java.net.UnknownHostException: raw.githubusercontent.com
20:40:29.453 [JavaFX Application Thread] DEBUG FXGLApplication      - Registering font factories with UI factory
20:40:31.675 [FXGL Background Thread 3 ] DEBUG Engine               - Logging environment variables
20:40:31.676 [FXGL Background Thread 3 ] DEBUG Engine               - achievements: []
20:40:31.676 [FXGL Background Thread 3 ] DEBUG Engine               - actualHeight: 768.0
20:40:31.676 [FXGL Background Thread 3 ] DEBUG Engine               - actualHeightProperty: ReadOnlyDoubleProperty [value: 768.0]
20:40:31.676 [FXGL Background Thread 3 ] DEBUG Engine               - actualWidth: 1366.0
20:40:31.676 [FXGL Background Thread 3 ] DEBUG Engine               - actualWidthProperty: ReadOnlyDoubleProperty [value: 1366.0]
20:40:31.676 [FXGL Background Thread 3 ] DEBUG Engine               - appIcon: fxgl_icon.png
20:40:31.676 [FXGL Background Thread 3 ] DEBUG Engine               - applicationMode: DEVELOPER
20:40:31.676 [FXGL Background Thread 3 ] DEBUG Engine               - cSSList: [fxgl_dark.css]
20:40:31.676 [FXGL Background Thread 3 ] DEBUG Engine               - collisionDetectionStrategy: BRUTE_FORCE
20:40:31.677 [FXGL Background Thread 3 ] DEBUG Engine               - configClass: Optional.empty
20:40:31.677 [FXGL Background Thread 3 ] DEBUG Engine               - credits: []
20:40:31.677 [FXGL Background Thread 3 ] DEBUG Engine               - defaultCursor: CursorInfo(imageName=fxgl_default_cursor.png, hotspotX=7.0, hotspotY=6.0)
20:40:31.677 [FXGL Background Thread 3 ] DEBUG Engine               - devBBoxColorProperty: ObjectProperty [value: 0xff0000ff]
20:40:31.678 [FXGL Background Thread 3 ] DEBUG Engine               - devEnableDebugCameraProperty: BooleanProperty [value: false]
20:40:31.678 [FXGL Background Thread 3 ] DEBUG Engine               - devSensorColorProperty: ObjectProperty [value: 0xffff00ff]
20:40:31.678 [FXGL Background Thread 3 ] DEBUG Engine               - devShowBBoxProperty: BooleanProperty [value: false]
20:40:31.678 [FXGL Background Thread 3 ] DEBUG Engine               - devShowPositionProperty: BooleanProperty [value: false]
20:40:31.679 [FXGL Background Thread 3 ] DEBUG Engine               - enabledMenuItems: []
20:40:31.679 [FXGL Background Thread 3 ] DEBUG Engine               - engineServices: [class com.almasb.fxgl.app.services.FXGLAssetLoaderService, class com.almasb.fxgl.app.FXGLApplication$GameApplicationService, class com.almasb.fxgl.app.services.FXGLDialogService, class com.almasb.fxgl.app.services.IOTaskExecutorService, class com.almasb.fxgl.io.FileSystemService, class com.almasb.fxgl.localization.LocalizationService, class com.almasb.fxgl.app.services.SystemBundleService, class com.almasb.fxgl.profile.SaveLoadService, class com.almasb.fxgl.ui.FXGLUIFactoryServiceProvider, class com.almasb.fxgl.ui.FXGLDialogFactoryServiceProvider, class com.almasb.fxgl.audio.AudioPlayer, class com.almasb.fxgl.notification.impl.NotificationServiceProvider, class com.almasb.fxgl.achievement.AchievementService, class com.almasb.fxgl.cutscene.CutsceneService, class com.almasb.fxgl.minigames.MiniGameService, class com.almasb.fxgl.net.NetService, class com.almasb.fxgl.app.services.UpdaterService, class com.almasb.fxgl.dev.DevService]
20:40:31.679 [FXGL Background Thread 3 ] DEBUG Engine               - fontGame: Abel-Regular.ttf
20:40:31.679 [FXGL Background Thread 3 ] DEBUG Engine               - fontMono: TerminalLandMono-Regular.otf
20:40:31.680 [FXGL Background Thread 3 ] DEBUG Engine               - fontSizeScaleUI: 1.0
20:40:31.680 [FXGL Background Thread 3 ] DEBUG Engine               - fontText: Courier-Prime.ttf
20:40:31.680 [FXGL Background Thread 3 ] DEBUG Engine               - fontUI: VarelaRound-Regular.ttf
20:40:31.680 [FXGL Background Thread 3 ] DEBUG Engine               - fullScreen: BooleanProperty [value: true]
20:40:31.680 [FXGL Background Thread 3 ] DEBUG Engine               - gameDifficulty: MEDIUM
20:40:31.680 [FXGL Background Thread 3 ] DEBUG Engine               - gameDifficultyProperty: ObjectProperty [value: MEDIUM]
20:40:31.681 [FXGL Background Thread 3 ] DEBUG Engine               - globalMusicVolume: 0.5
20:40:31.681 [FXGL Background Thread 3 ] DEBUG Engine               - globalMusicVolumeProperty: DoubleProperty [value: 0.5]
20:40:31.681 [FXGL Background Thread 3 ] DEBUG Engine               - globalSoundVolume: 0.5
20:40:31.681 [FXGL Background Thread 3 ] DEBUG Engine               - globalSoundVolumeProperty: DoubleProperty [value: 0.5]
20:40:31.681 [FXGL Background Thread 3 ] DEBUG Engine               - height: 617
20:40:31.681 [FXGL Background Thread 3 ] DEBUG Engine               - is3D: false
20:40:31.681 [FXGL Background Thread 3 ] DEBUG Engine               - isAndroid: false
20:40:31.682 [FXGL Background Thread 3 ] DEBUG Engine               - isBrowser: false
20:40:31.682 [FXGL Background Thread 3 ] DEBUG Engine               - isClickFeedbackEnabled: false
20:40:31.682 [FXGL Background Thread 3 ] DEBUG Engine               - isCloseConfirmation: false
20:40:31.682 [FXGL Background Thread 3 ] DEBUG Engine               - isDesktop: true
20:40:31.682 [FXGL Background Thread 3 ] DEBUG Engine               - isDeveloperMenuEnabled: false
20:40:31.682 [FXGL Background Thread 3 ] DEBUG Engine               - isEmbedded: false
20:40:31.682 [FXGL Background Thread 3 ] DEBUG Engine               - isEntityPreloadEnabled: true
20:40:31.682 [FXGL Background Thread 3 ] DEBUG Engine               - isExperimentalTiledLargeMap: false
20:40:31.682 [FXGL Background Thread 3 ] DEBUG Engine               - isFileSystemWriteAllowed: true
20:40:31.683 [FXGL Background Thread 3 ] DEBUG Engine               - isFullScreenAllowed: true
20:40:31.683 [FXGL Background Thread 3 ] DEBUG Engine               - isFullScreenFromStart: true
20:40:31.683 [FXGL Background Thread 3 ] DEBUG Engine               - isGameMenuEnabled: true
20:40:31.683 [FXGL Background Thread 3 ] DEBUG Engine               - isIOS: false
20:40:31.683 [FXGL Background Thread 3 ] DEBUG Engine               - isIntroEnabled: false
20:40:31.683 [FXGL Background Thread 3 ] DEBUG Engine               - isLinux: false
20:40:31.683 [FXGL Background Thread 3 ] DEBUG Engine               - isMac: false
20:40:31.684 [FXGL Background Thread 3 ] DEBUG Engine               - isMainMenuEnabled: false
20:40:31.684 [FXGL Background Thread 3 ] DEBUG Engine               - isManualResizeEnabled: false
20:40:31.684 [FXGL Background Thread 3 ] DEBUG Engine               - isMobile: false
20:40:31.684 [FXGL Background Thread 3 ] DEBUG Engine               - isNative: false
20:40:31.684 [FXGL Background Thread 3 ] DEBUG Engine               - isPauseMusicWhenMinimized: true
20:40:31.684 [FXGL Background Thread 3 ] DEBUG Engine               - isPreserveResizeRatio: false
20:40:31.685 [FXGL Background Thread 3 ] DEBUG Engine               - isProfilingEnabled: false
20:40:31.685 [FXGL Background Thread 3 ] DEBUG Engine               - isScaleAffectedOnResize: true
20:40:31.685 [FXGL Background Thread 3 ] DEBUG Engine               - isSingleStep: false
20:40:31.685 [FXGL Background Thread 3 ] DEBUG Engine               - isUserProfileEnabled: false
20:40:31.685 [FXGL Background Thread 3 ] DEBUG Engine               - isWindows: true
20:40:31.685 [FXGL Background Thread 3 ] DEBUG Engine               - language: ObjectProperty [value: ENGLISH]
20:40:31.685 [FXGL Background Thread 3 ] DEBUG Engine               - menuKey: ESCAPE
20:40:31.685 [FXGL Background Thread 3 ] DEBUG Engine               - mouseSensitivity: 0.2
20:40:31.686 [FXGL Background Thread 3 ] DEBUG Engine               - notificationViewClass: class com.almasb.fxgl.notification.view.XboxNotificationView
20:40:31.686 [FXGL Background Thread 3 ] DEBUG Engine               - pixelsPerMeter: 50.0
20:40:31.686 [FXGL Background Thread 3 ] DEBUG Engine               - platform: WINDOWS
20:40:31.686 [FXGL Background Thread 3 ] DEBUG Engine               - prefHeightProperty: ReadOnlyDoubleProperty [value: 617.0]
20:40:31.686 [FXGL Background Thread 3 ] DEBUG Engine               - prefWidthProperty: ReadOnlyDoubleProperty [value: 800.0]
20:40:31.686 [FXGL Background Thread 3 ] DEBUG Engine               - profileDir: profiles/
20:40:31.686 [FXGL Background Thread 3 ] DEBUG Engine               - profileName: StringProperty [value: DEFAULT]
20:40:31.687 [FXGL Background Thread 3 ] DEBUG Engine               - randomSeed: -1
20:40:31.687 [FXGL Background Thread 3 ] DEBUG Engine               - runtimeInfo: RuntimeInfo(platform=WINDOWS, version=17.3, build=30.03.2023 11.49)
20:40:31.687 [FXGL Background Thread 3 ] DEBUG Engine               - saveFileExt: sav
20:40:31.687 [FXGL Background Thread 3 ] DEBUG Engine               - scaledHeightProp$fxgl: DoubleProperty [bound, value: 768.0]
20:40:31.688 [FXGL Background Thread 3 ] DEBUG Engine               - scaledWidthProp$fxgl: DoubleProperty [bound, value: 1366.0]
20:40:31.688 [FXGL Background Thread 3 ] DEBUG Engine               - sceneFactory: App.App$1@7f21985c
20:40:31.688 [FXGL Background Thread 3 ] DEBUG Engine               - secondsIn24h: 60
20:40:31.688 [FXGL Background Thread 3 ] DEBUG Engine               - soundMenuBack: menu/back.wav
20:40:31.688 [FXGL Background Thread 3 ] DEBUG Engine               - soundMenuPress: menu/press.wav
20:40:31.688 [FXGL Background Thread 3 ] DEBUG Engine               - soundMenuSelect: menu/select.wav
20:40:31.688 [FXGL Background Thread 3 ] DEBUG Engine               - soundNotification: core/notification.wav
20:40:31.688 [FXGL Background Thread 3 ] DEBUG Engine               - stageStyle: DECORATED
20:40:31.688 [FXGL Background Thread 3 ] DEBUG Engine               - supportedLanguages: [ENGLISH, FRENCH, GERMAN, HUNGARIAN, RUSSIAN]
20:40:31.688 [FXGL Background Thread 3 ] DEBUG Engine               - ticksPerSecond: -1
20:40:31.688 [FXGL Background Thread 3 ] DEBUG Engine               - title: Galactic Odyssey
20:40:31.688 [FXGL Background Thread 3 ] DEBUG Engine               - urlGithub: https://github.com/AlmasB/FXGL
20:40:31.688 [FXGL Background Thread 3 ] DEBUG Engine               - urlLeaderboard: http://fxgl-top.herokuapp.com/
20:40:31.688 [FXGL Background Thread 3 ] DEBUG Engine               - urlPOM: https://raw.githubusercontent.com/AlmasB/FXGL/release/README.md
20:40:31.689 [FXGL Background Thread 3 ] DEBUG Engine               - userAppClass: class App.App
20:40:31.689 [FXGL Background Thread 3 ] DEBUG Engine               - version: 0.0.1
20:40:31.689 [FXGL Background Thread 3 ] DEBUG Engine               - versionCheckDays: 7
20:40:31.689 [FXGL Background Thread 3 ] DEBUG Engine               - width: 800
20:40:31.689 [FXGL Background Thread 3 ] DEBUG Engine               - Logging services
20:40:31.689 [FXGL Background Thread 3 ] DEBUG Engine               - class com.almasb.fxgl.app.services.FXGLAssetLoaderService
20:40:31.689 [FXGL Background Thread 3 ] DEBUG Engine               - class com.almasb.fxgl.app.FXGLApplication$GameApplicationService
20:40:31.689 [FXGL Background Thread 3 ] DEBUG Engine               - class com.almasb.fxgl.app.services.FXGLDialogService
20:40:31.689 [FXGL Background Thread 3 ] DEBUG Engine               - class com.almasb.fxgl.app.services.IOTaskExecutorService
20:40:31.689 [FXGL Background Thread 3 ] DEBUG Engine               - class com.almasb.fxgl.io.FileSystemService
20:40:31.690 [FXGL Background Thread 3 ] DEBUG Engine               - class com.almasb.fxgl.localization.LocalizationService
20:40:31.690 [FXGL Background Thread 3 ] DEBUG Engine               - class com.almasb.fxgl.app.services.SystemBundleService
20:40:31.690 [FXGL Background Thread 3 ] DEBUG Engine               - class com.almasb.fxgl.profile.SaveLoadService
20:40:31.690 [FXGL Background Thread 3 ] DEBUG Engine               - class com.almasb.fxgl.ui.FXGLUIFactoryServiceProvider
20:40:31.690 [FXGL Background Thread 3 ] DEBUG Engine               - class com.almasb.fxgl.ui.FXGLDialogFactoryServiceProvider
20:40:31.690 [FXGL Background Thread 3 ] DEBUG Engine               - class com.almasb.fxgl.audio.AudioPlayer
20:40:31.690 [FXGL Background Thread 3 ] DEBUG Engine               - class com.almasb.fxgl.notification.impl.NotificationServiceProvider
20:40:31.690 [FXGL Background Thread 3 ] DEBUG Engine               - class com.almasb.fxgl.achievement.AchievementService
20:40:31.690 [FXGL Background Thread 3 ] DEBUG Engine               - class com.almasb.fxgl.cutscene.CutsceneService
20:40:31.690 [FXGL Background Thread 3 ] DEBUG Engine               - class com.almasb.fxgl.minigames.MiniGameService
20:40:31.690 [FXGL Background Thread 3 ] DEBUG Engine               - class com.almasb.fxgl.net.NetService
20:40:31.690 [FXGL Background Thread 3 ] DEBUG Engine               - class com.almasb.fxgl.app.services.UpdaterService
20:40:31.690 [FXGL Background Thread 3 ] DEBUG Engine               - class com.almasb.fxgl.dev.DevService
20:40:43.675 [JavaFX Application Thread] WARN  TMXLevelLoader       - TiledMap generated from 1.11.2. Supported version: 1.9.0. Some features may not be parsed fully.
20:40:43.729 [JavaFX Application Thread] DEBUG TMXLevelLoader       - Parsed TiledMap: file:/C:/Users/Jonathan/Desktop/Galactic%20odyssey/target/classes/assets/levels/Map1.tmx
20:40:43.730 [JavaFX Application Thread] DEBUG TMXLevelLoader       - Creating tile layer entities
20:40:43.733 [JavaFX Application Thread] DEBUG TilesetLoader        - Loading view for layer Espacio
20:40:43.751 [JavaFX Application Thread] DEBUG TilesetLoader        - Created buffer with size 3360.0x1680.0
20:40:43.920 [JavaFX Application Thread] DEBUG TilesetLoader        - Loading view for layer Planetas
20:40:43.935 [JavaFX Application Thread] DEBUG TilesetLoader        - Created buffer with size 3360.0x1680.0
20:40:43.939 [JavaFX Application Thread] DEBUG TilesetLoader        - Loading view for layer Naves
20:40:43.951 [JavaFX Application Thread] DEBUG TilesetLoader        - Created buffer with size 3360.0x1680.0
20:40:44.152 [JavaFX Application Thread] DEBUG TilesetLoader        - Loading view for layer Suelo
20:40:44.172 [JavaFX Application Thread] DEBUG TilesetLoader        - Created buffer with size 3360.0x1680.0
20:40:44.182 [JavaFX Application Thread] DEBUG TilesetLoader        - Loading view for layer rock
20:40:44.198 [JavaFX Application Thread] DEBUG TilesetLoader        - Created buffer with size 3360.0x1680.0
20:40:44.200 [JavaFX Application Thread] DEBUG TilesetLoader        - Loading view for layer Rocas
20:40:44.218 [JavaFX Application Thread] DEBUG TilesetLoader        - Created buffer with size 3360.0x1680.0
20:40:44.222 [JavaFX Application Thread] DEBUG TilesetLoader        - Loading view for layer Muro
20:40:44.242 [JavaFX Application Thread] DEBUG TilesetLoader        - Created buffer with size 3360.0x1680.0
20:40:44.244 [JavaFX Application Thread] DEBUG TilesetLoader        - Loading view for layer Rocas1
20:40:44.258 [JavaFX Application Thread] DEBUG TilesetLoader        - Created buffer with size 3360.0x1680.0
20:40:44.266 [JavaFX Application Thread] DEBUG TilesetLoader        - Loading view for layer SueloRuinas
20:40:44.281 [JavaFX Application Thread] DEBUG TilesetLoader        - Created buffer with size 3360.0x1680.0
20:40:44.345 [JavaFX Application Thread] DEBUG TilesetLoader        - Loading view for layer Ruinas
20:40:44.365 [JavaFX Application Thread] DEBUG TilesetLoader        - Created buffer with size 3360.0x1680.0
20:40:44.366 [JavaFX Application Thread] DEBUG TMXLevelLoader       - Creating object layer entities
20:40:44.421 [JavaFX Application Thread] DEBUG GameWorld            - Clearing removable entities
20:40:44.422 [JavaFX Application Thread] DEBUG GameWorld            - Setting level: com.almasb.fxgl.entity.level.Level@73b61db
20:40:44.446 [JavaFX Application Thread] DEBUG FXGLAssetLoaderServi - Loading from file system: file:/C:/Users/Jonathan/Desktop/Galactic%20odyssey/target/classes/assets/textures/personaje.png
20:40:44.450 [JavaFX Application Thread] DEBUG Input                - Registered new binding: Move Right - D
20:40:44.451 [JavaFX Application Thread] DEBUG Input                - Registered new binding: Move Left - A
20:40:44.451 [JavaFX Application Thread] DEBUG Input                - Registered new binding: Move Up - W
20:40:44.451 [JavaFX Application Thread] DEBUG Input                - Registered new binding: Move Down - S
20:40:44.451 [JavaFX Application Thread] DEBUG Input                - Registered new binding: End Turn - Enter
20:40:44.451 [JavaFX Application Thread] DEBUG Input                - Registered new binding: Attack - Space
20:40:44.452 [JavaFX Application Thread] DEBUG Input                - Registered new binding: Special Ability - E
20:40:44.473 [JavaFX Application Thread] DEBUG FXGLAssetLoaderServi - Loading from file system: file:/C:/Users/Jonathan/Desktop/Galactic%20odyssey/target/classes/assets/textures/drone.png
20:41:24.648 [JavaFX Application Thread] DEBUG PrimaryStageWindow   - Push state: FXGLDefaultMenu
20:41:24.649 [JavaFX Application Thread] DEBUG Input                - Clearing active input actions
20:41:24.652 [JavaFX Application Thread] DEBUG GameApplicationServi - Removing overlay from GameScene and adding to FXGLDefaultMenu
20:41:24.654 [JavaFX Application Thread] DEBUG PrimaryStageWindow   - GameScene -> FXGLDefaultMenu
20:41:26.134 [JavaFX Application Thread] DEBUG Menu                 - fireExit()
20:41:26.138 [JavaFX Application Thread] DEBUG PrimaryStageWindow   - Push state: DialogSubScene
20:41:26.139 [JavaFX Application Thread] DEBUG Input                - Clearing active input actions
20:41:26.139 [JavaFX Application Thread] DEBUG GameApplicationServi - Removing overlay from FXGLDefaultMenu and adding to DialogSubScene
20:41:26.140 [JavaFX Application Thread] DEBUG PrimaryStageWindow   - FXGLDefaultMenu -> DialogSubScene
20:41:27.659 [JavaFX Application Thread] DEBUG PrimaryStageWindow   - Pop state: DialogSubScene
20:41:27.659 [JavaFX Application Thread] DEBUG Input                - Clearing active input actions
20:41:27.660 [JavaFX Application Thread] DEBUG GameApplicationServi - Removing overlay from DialogSubScene and adding to FXGLDefaultMenu
20:41:27.660 [JavaFX Application Thread] DEBUG PrimaryStageWindow   - FXGLDefaultMenu <- DialogSubScene
20:41:27.661 [JavaFX Application Thread] DEBUG FXGLApplication      - Exiting FXGL
20:41:27.661 [JavaFX Application Thread] DEBUG LoopRunner           - Stopping loop
20:41:27.661 [JavaFX Application Thread] DEBUG SystemBundleService  - Saving FXGL system data
20:41:27.664 [JavaFX Application Thread] DEBUG FileSystemAccess     - Writing to: C:\Users\Jonathan\Desktop\Galactic odyssey\system\fxgl.bundle
20:41:27.667 [JavaFX Application Thread] DEBUG Async                - Shutting down background threads
20:41:27.667 [JavaFX Application Thread] DEBUG PrimaryStageWindow   - Closing main window
20:41:27.695 [JavaFX Application Thread] DEBUG Logger               - Closing Logger
