14:49:40.311 [main                     ] DEBUG Logger               - Configured Logger
14:49:40.379 [main                     ] DEBUG GameApplication      - Logging settings
Title: Galactic Odyssey
Version: 0.0
Width: 1500
Height: 800
Fullscreen: false
Intro: false
Profiling: false
Single step:false
App Mode: DEVELOPER
Menu Key: ESCAPE
Stage Style: DECORATED
Scene Factory: class com.almasb.fxgl.app.scene.SceneFactory

14:49:40.898 [JavaFX Application Thread] DEBUG FXGLApplication      - Initializing FXGL
14:49:40.922 [JavaFX Application Thread] INFO  Engine               - FXGL-17.3 (30.03.2023 11.49) on WINDOWS (J:17.0.12 FX:17.0.2-ea)
14:49:40.925 [JavaFX Application Thread] DEBUG Engine               - JRE Vendor Name: Oracle Corporation
14:49:40.925 [JavaFX Application Thread] DEBUG Engine               - Running on OS: Windows 10 version 10.0
14:49:40.926 [JavaFX Application Thread] DEBUG Engine               - Architecture: amd64
14:49:40.926 [JavaFX Application Thread] INFO  Engine               - Source code and latest versions at: https://github.com/AlmasB/FXGL
14:49:40.927 [JavaFX Application Thread] INFO  Engine               -       Ask questions and discuss at: https://github.com/AlmasB/FXGL/discussions
14:49:40.928 [JavaFX Application Thread] INFO  Engine               -              Join the FXGL chat at: https://gitter.im/AlmasB/FXGL
14:49:41.112 [JavaFX Application Thread] DEBUG PrimaryStageWindow   - Creating a JavaFX scene
14:49:41.112 [JavaFX Application Thread] DEBUG PrimaryStageWindow   - Target size > screen size
14:49:41.191 [JavaFX Application Thread] DEBUG PrimaryStageWindow   - Target settings size: 1500.0 x 800.0
14:49:41.191 [JavaFX Application Thread] DEBUG PrimaryStageWindow   - Scaled scene size:    1340.0 x 728.0
14:49:41.192 [JavaFX Application Thread] DEBUG PrimaryStageWindow   - Scaled ratio: (0.8933333333333333, 0.91)
14:49:41.194 [JavaFX Application Thread] DEBUG PrimaryStageWindow   - Set initial scene to FXGLStartupScene
14:49:41.210 [JavaFX Application Thread] DEBUG PrimaryStageWindow   - Opening main window
14:49:41.361 [JavaFX Application Thread] DEBUG PrimaryStageWindow   - Window border size: (16.0, 39.0)
14:49:41.362 [JavaFX Application Thread] DEBUG PrimaryStageWindow   - Scaled size: 1340.0 x 728.0
14:49:41.362 [JavaFX Application Thread] DEBUG PrimaryStageWindow   - Scaled ratio: (0.8933333333333333, 0.91)
14:49:41.363 [JavaFX Application Thread] DEBUG PrimaryStageWindow   - Scene size: 1340.0 x 728.0
14:49:41.364 [JavaFX Application Thread] DEBUG PrimaryStageWindow   - Stage size: 1356.0 x 767.0
14:49:41.378 [FXGL Background Thread 1 ] DEBUG Engine               - Initializing environment variables
14:49:41.461 [FXGL Background Thread 1 ] DEBUG FXGLAssetLoaderServi - User app class for loading assets: class App.App
14:49:41.461 [FXGL Background Thread 1 ] DEBUG GameApplicationServi - Applying CSS: fxgl_dark.css
14:49:41.464 [FXGL Background Thread 1 ] DEBUG FXGLAssetLoaderServi - Loading from file system: jar:file:///C:/Users/Jonathan/.m2/repository/com/github/almasb/fxgl/17.3/fxgl-17.3.jar!/fxglassets/ui/css/fxgl_dark.css
14:49:41.561 [FXGL Background Thread 1 ] DEBUG GameApplicationServi - Initializing application scenes
14:49:41.703 [FXGL Background Thread 1 ] DEBUG GameWorld            - Game world initialized
14:49:41.859 [FXGL Background Thread 1 ] DEBUG PhysicsWorld         - Physics world initialized: appHeight=800, physics.ppm=50,0
14:49:41.860 [FXGL Background Thread 1 ] DEBUG PhysicsWorld         - Using strategy: BRUTE_FORCE
14:49:41.870 [FXGL Background Thread 1 ] DEBUG GameScene            - Game scene initialized: 1500x800
14:49:41.901 [FXGL Background Thread 1 ] DEBUG FXGL.DefaultMenu     - createMenuBodyGameMenu()
14:49:41.933 [FXGL Background Thread 1 ] DEBUG FXGL.DefaultMenu     - createOptionsMenu()
14:49:41.957 [FXGL Background Thread 1 ] DEBUG FXGLAssetLoaderServi - Loading from file system: jar:file:///C:/Users/Jonathan/.m2/repository/com/github/almasb/fxgl/17.3/fxgl-17.3.jar!/fxglassets/textures/particles/smoke.png
14:49:42.184 [FXGL Background Thread 1 ] DEBUG FXGLAssetLoaderServi - Loading from file system: jar:file:///C:/Users/Jonathan/.m2/repository/com/github/almasb/fxgl/17.3/fxgl-17.3.jar!/fxglassets/textures/particles/trace_horizontal.png
14:49:42.239 [FXGL Background Thread 1 ] DEBUG GameApplicationServi - Application scenes initialized
14:49:42.267 [FXGL Background Thread 1 ] DEBUG SystemBundleService  - Loading FXGL system data
14:49:42.278 [FXGL Background Thread 1 ] DEBUG FileSystemAccess     - Reading from: C:\Users\Jonathan\Documents\Galactic odyssey\system\fxgl.bundle
14:49:42.294 [FXGL Background Thread 1 ] DEBUG SystemBundleService  - Bundle FXGL: {}
14:49:42.295 [FXGL Background Thread 1 ] DEBUG UpdaterService       - Checking for updates
14:49:42.307 [FXGL Background Thread 1 ] DEBUG FXGLApplication      - Loading default localization
14:49:42.309 [FXGL Background Thread 1 ] DEBUG FXGLAssetLoaderServi - Loading from file system: jar:file:///C:/Users/Jonathan/.m2/repository/com/github/almasb/fxgl/17.3/fxgl-17.3.jar!/fxglassets/languages/english.lang
14:49:42.310 [FXGL Background Thread 4 ] DEBUG FXGLApplication      - Loading fonts
14:49:42.315 [FXGL Background Thread 4 ] DEBUG FXGLAssetLoaderServi - Loading from file system: jar:file:///C:/Users/Jonathan/.m2/repository/com/github/almasb/fxgl/17.3/fxgl-17.3.jar!/fxglassets/ui/fonts/VarelaRound-Regular.ttf
14:49:42.399 [FXGL Background Thread 1 ] INFO  FXGLApplication      - FXGL initialization took: 1,020 sec
14:49:42.402 [JavaFX Application Thread] DEBUG FXGLAssetLoaderServi - Loading from file system: jar:file:///C:/Users/Jonathan/.m2/repository/com/github/almasb/fxgl/17.3/fxgl-17.3.jar!/fxglassets/textures/fxgl_icon.png
14:49:42.451 [JavaFX Application Thread] DEBUG FXGLAssetLoaderServi - Loading from file system: jar:file:///C:/Users/Jonathan/.m2/repository/com/github/almasb/fxgl/17.3/fxgl-17.3.jar!/fxglassets/textures/fxgl_default_cursor.png
14:49:42.487 [JavaFX Application Thread] DEBUG Input                - Registered new binding: Screenshot - CTRL+8
14:49:42.490 [JavaFX Application Thread] DEBUG Input                - Registered new binding: System info dump - CTRL+9
14:49:42.490 [JavaFX Application Thread] DEBUG Input                - Registered new binding: Restart - CTRL+R
14:49:42.491 [JavaFX Application Thread] DEBUG Input                - Registered new binding: Toggle Debug Camera - CTRL+7
14:49:42.508 [JavaFX Application Thread] DEBUG LoopRunner           - Starting loop
14:49:42.508 [JavaFX Application Thread] DEBUG LoopRunner           - Initializing JavaFX AnimationTimerLoop
14:49:42.517 [JavaFX Application Thread] DEBUG GameApplicationServi - Starting new game
14:49:42.518 [JavaFX Application Thread] DEBUG Input                - Clearing active input actions
14:49:42.545 [JavaFX Application Thread] DEBUG GameApplicationServi - Removing overlay from FXGLStartupScene and adding to FXGLLoadingScene
14:49:42.546 [JavaFX Application Thread] DEBUG PrimaryStageWindow   - FXGLStartupScene -> FXGLLoadingScene
14:49:42.546 [JavaFX Application Thread] DEBUG GameApplicationServi - Clearing previous game
14:49:42.546 [JavaFX Application Thread] DEBUG GameScene            - Clearing game scene
14:49:42.547 [JavaFX Application Thread] DEBUG GameWorld            - Clearing game world
14:49:42.547 [JavaFX Application Thread] DEBUG PhysicsWorld         - Clearing physics world
14:49:42.550 [FXGL Background Thread 1 ] DEBUG FXGLApplication      - Initializing game
14:49:42.566 [FXGL Background Thread 1 ] DEBUG FXGLAssetLoaderServi - Loading from file system: file:/C:/Users/Jonathan/Documents/Galactic%20odyssey/target/classes/assets/textures/fondo_menu.png
14:49:42.614 [FXGL Background Thread 1 ] INFO  FXGLApplication      - Game initialization took: 0,064 sec
14:49:42.622 [JavaFX Application Thread] DEBUG Input                - Clearing active input actions
14:49:42.650 [JavaFX Application Thread] DEBUG GameApplicationServi - Removing overlay from FXGLLoadingScene and adding to GameScene
14:49:42.651 [JavaFX Application Thread] DEBUG PrimaryStageWindow   - FXGLLoadingScene -> GameScene
14:49:42.904 [FXGL Background Thread 4 ] DEBUG FXGLAssetLoaderServi - Loading from file system: jar:file:///C:/Users/Jonathan/.m2/repository/com/github/almasb/fxgl/17.3/fxgl-17.3.jar!/fxglassets/ui/fonts/Abel-Regular.ttf
14:49:42.949 [FXGL Background Thread 4 ] DEBUG FXGLAssetLoaderServi - Loading from file system: jar:file:///C:/Users/Jonathan/.m2/repository/com/github/almasb/fxgl/17.3/fxgl-17.3.jar!/fxglassets/ui/fonts/TerminalLandMono-Regular.otf
14:49:42.970 [FXGL Background Thread 4 ] DEBUG FXGLAssetLoaderServi - Loading from file system: jar:file:///C:/Users/Jonathan/.m2/repository/com/github/almasb/fxgl/17.3/fxgl-17.3.jar!/fxglassets/ui/fonts/Courier-Prime.ttf
14:49:42.997 [JavaFX Application Thread] DEBUG FXGLApplication      - Registering font factories with UI factory
14:49:45.304 [FXGL Background Thread 3 ] DEBUG Engine               - Logging environment variables
14:49:45.305 [FXGL Background Thread 3 ] DEBUG Engine               - achievements: []
14:49:45.305 [FXGL Background Thread 3 ] DEBUG Engine               - actualHeight: 728.0
14:49:45.305 [FXGL Background Thread 3 ] DEBUG Engine               - actualHeightProperty: ReadOnlyDoubleProperty [value: 728.0]
14:49:45.305 [FXGL Background Thread 3 ] DEBUG Engine               - actualWidth: 1340.0
14:49:45.305 [FXGL Background Thread 3 ] DEBUG Engine               - actualWidthProperty: ReadOnlyDoubleProperty [value: 1340.0]
14:49:45.306 [FXGL Background Thread 3 ] DEBUG Engine               - appIcon: fxgl_icon.png
14:49:45.306 [FXGL Background Thread 3 ] DEBUG Engine               - applicationMode: DEVELOPER
14:49:45.306 [FXGL Background Thread 3 ] DEBUG Engine               - cSSList: [fxgl_dark.css]
14:49:45.306 [FXGL Background Thread 3 ] DEBUG Engine               - collisionDetectionStrategy: BRUTE_FORCE
14:49:45.306 [FXGL Background Thread 3 ] DEBUG Engine               - configClass: Optional.empty
14:49:45.306 [FXGL Background Thread 3 ] DEBUG Engine               - credits: []
14:49:45.307 [FXGL Background Thread 3 ] DEBUG Engine               - defaultCursor: CursorInfo(imageName=fxgl_default_cursor.png, hotspotX=7.0, hotspotY=6.0)
14:49:45.307 [FXGL Background Thread 3 ] DEBUG Engine               - devBBoxColorProperty: ObjectProperty [value: 0xff0000ff]
14:49:45.307 [FXGL Background Thread 3 ] DEBUG Engine               - devEnableDebugCameraProperty: BooleanProperty [value: false]
14:49:45.307 [FXGL Background Thread 3 ] DEBUG Engine               - devSensorColorProperty: ObjectProperty [value: 0xffff00ff]
14:49:45.307 [FXGL Background Thread 3 ] DEBUG Engine               - devShowBBoxProperty: BooleanProperty [value: false]
14:49:45.307 [FXGL Background Thread 3 ] DEBUG Engine               - devShowPositionProperty: BooleanProperty [value: false]
14:49:45.308 [FXGL Background Thread 3 ] DEBUG Engine               - enabledMenuItems: []
14:49:45.308 [FXGL Background Thread 3 ] DEBUG Engine               - engineServices: [class com.almasb.fxgl.app.services.FXGLAssetLoaderService, class com.almasb.fxgl.app.FXGLApplication$GameApplicationService, class com.almasb.fxgl.app.services.FXGLDialogService, class com.almasb.fxgl.app.services.IOTaskExecutorService, class com.almasb.fxgl.io.FileSystemService, class com.almasb.fxgl.localization.LocalizationService, class com.almasb.fxgl.app.services.SystemBundleService, class com.almasb.fxgl.profile.SaveLoadService, class com.almasb.fxgl.ui.FXGLUIFactoryServiceProvider, class com.almasb.fxgl.ui.FXGLDialogFactoryServiceProvider, class com.almasb.fxgl.audio.AudioPlayer, class com.almasb.fxgl.notification.impl.NotificationServiceProvider, class com.almasb.fxgl.achievement.AchievementService, class com.almasb.fxgl.cutscene.CutsceneService, class com.almasb.fxgl.minigames.MiniGameService, class com.almasb.fxgl.net.NetService, class com.almasb.fxgl.app.services.UpdaterService, class com.almasb.fxgl.dev.DevService]
14:49:45.308 [FXGL Background Thread 3 ] DEBUG Engine               - fontGame: Abel-Regular.ttf
14:49:45.308 [FXGL Background Thread 3 ] DEBUG Engine               - fontMono: TerminalLandMono-Regular.otf
14:49:45.308 [FXGL Background Thread 3 ] DEBUG Engine               - fontSizeScaleUI: 1.0
14:49:45.308 [FXGL Background Thread 3 ] DEBUG Engine               - fontText: Courier-Prime.ttf
14:49:45.308 [FXGL Background Thread 3 ] DEBUG Engine               - fontUI: VarelaRound-Regular.ttf
14:49:45.309 [FXGL Background Thread 3 ] DEBUG Engine               - fullScreen: BooleanProperty [value: false]
14:49:45.309 [FXGL Background Thread 3 ] DEBUG Engine               - gameDifficulty: MEDIUM
14:49:45.309 [FXGL Background Thread 3 ] DEBUG Engine               - gameDifficultyProperty: ObjectProperty [value: MEDIUM]
14:49:45.310 [FXGL Background Thread 3 ] DEBUG Engine               - globalMusicVolume: 0.5
14:49:45.311 [FXGL Background Thread 3 ] DEBUG Engine               - globalMusicVolumeProperty: DoubleProperty [value: 0.5]
14:49:45.312 [FXGL Background Thread 3 ] DEBUG Engine               - globalSoundVolume: 0.5
14:49:45.312 [FXGL Background Thread 3 ] DEBUG Engine               - globalSoundVolumeProperty: DoubleProperty [value: 0.5]
14:49:45.313 [FXGL Background Thread 3 ] DEBUG Engine               - height: 800
14:49:45.313 [FXGL Background Thread 3 ] DEBUG Engine               - is3D: false
14:49:45.314 [FXGL Background Thread 3 ] DEBUG Engine               - isAndroid: false
14:49:45.314 [FXGL Background Thread 3 ] DEBUG Engine               - isBrowser: false
14:49:45.314 [FXGL Background Thread 3 ] DEBUG Engine               - isClickFeedbackEnabled: false
14:49:45.315 [FXGL Background Thread 3 ] DEBUG Engine               - isCloseConfirmation: false
14:49:45.315 [FXGL Background Thread 3 ] DEBUG Engine               - isDesktop: true
14:49:45.315 [FXGL Background Thread 3 ] DEBUG Engine               - isDeveloperMenuEnabled: false
14:49:45.316 [FXGL Background Thread 3 ] DEBUG Engine               - isEmbedded: false
14:49:45.316 [FXGL Background Thread 3 ] DEBUG Engine               - isEntityPreloadEnabled: true
14:49:45.316 [FXGL Background Thread 3 ] DEBUG Engine               - isExperimentalTiledLargeMap: false
14:49:45.316 [FXGL Background Thread 3 ] DEBUG Engine               - isFileSystemWriteAllowed: true
14:49:45.317 [FXGL Background Thread 3 ] DEBUG Engine               - isFullScreenAllowed: false
14:49:45.317 [FXGL Background Thread 3 ] DEBUG Engine               - isFullScreenFromStart: false
14:49:45.317 [FXGL Background Thread 3 ] DEBUG Engine               - isGameMenuEnabled: true
14:49:45.318 [FXGL Background Thread 3 ] DEBUG Engine               - isIOS: false
14:49:45.318 [FXGL Background Thread 3 ] DEBUG Engine               - isIntroEnabled: false
14:49:45.318 [FXGL Background Thread 3 ] DEBUG Engine               - isLinux: false
14:49:45.318 [FXGL Background Thread 3 ] DEBUG Engine               - isMac: false
14:49:45.319 [FXGL Background Thread 3 ] DEBUG Engine               - isMainMenuEnabled: false
14:49:45.319 [FXGL Background Thread 3 ] DEBUG Engine               - isManualResizeEnabled: false
14:49:45.320 [FXGL Background Thread 3 ] DEBUG Engine               - isMobile: false
14:49:45.320 [FXGL Background Thread 3 ] DEBUG Engine               - isNative: false
14:49:45.322 [FXGL Background Thread 3 ] DEBUG Engine               - isPauseMusicWhenMinimized: true
14:49:45.322 [FXGL Background Thread 3 ] DEBUG Engine               - isPreserveResizeRatio: false
14:49:45.323 [FXGL Background Thread 3 ] DEBUG Engine               - isProfilingEnabled: false
14:49:45.325 [FXGL Background Thread 3 ] DEBUG Engine               - isScaleAffectedOnResize: true
14:49:45.325 [FXGL Background Thread 3 ] DEBUG Engine               - isSingleStep: false
14:49:45.326 [FXGL Background Thread 3 ] DEBUG Engine               - isUserProfileEnabled: false
14:49:45.327 [FXGL Background Thread 3 ] DEBUG Engine               - isWindows: true
14:49:45.327 [FXGL Background Thread 3 ] DEBUG Engine               - language: ObjectProperty [value: ENGLISH]
14:49:45.327 [FXGL Background Thread 3 ] DEBUG Engine               - menuKey: ESCAPE
14:49:45.328 [FXGL Background Thread 3 ] DEBUG Engine               - mouseSensitivity: 0.2
14:49:45.328 [FXGL Background Thread 3 ] DEBUG Engine               - notificationViewClass: class com.almasb.fxgl.notification.view.XboxNotificationView
14:49:45.328 [FXGL Background Thread 3 ] DEBUG Engine               - pixelsPerMeter: 50.0
14:49:45.328 [FXGL Background Thread 3 ] DEBUG Engine               - platform: WINDOWS
14:49:45.328 [FXGL Background Thread 3 ] DEBUG Engine               - prefHeightProperty: ReadOnlyDoubleProperty [value: 800.0]
14:49:45.328 [FXGL Background Thread 3 ] DEBUG Engine               - prefWidthProperty: ReadOnlyDoubleProperty [value: 1500.0]
14:49:45.329 [FXGL Background Thread 3 ] DEBUG Engine               - profileDir: profiles/
14:49:45.329 [FXGL Background Thread 3 ] DEBUG Engine               - profileName: StringProperty [value: DEFAULT]
14:49:45.329 [FXGL Background Thread 3 ] DEBUG Engine               - randomSeed: -1
14:49:45.330 [FXGL Background Thread 3 ] DEBUG Engine               - runtimeInfo: RuntimeInfo(platform=WINDOWS, version=17.3, build=30.03.2023 11.49)
14:49:45.330 [FXGL Background Thread 3 ] DEBUG Engine               - saveFileExt: sav
14:49:45.330 [FXGL Background Thread 3 ] DEBUG Engine               - scaledHeightProp$fxgl: DoubleProperty [bound, value: 728.0]
14:49:45.330 [FXGL Background Thread 3 ] DEBUG Engine               - scaledWidthProp$fxgl: DoubleProperty [bound, value: 1340.0]
14:49:45.330 [FXGL Background Thread 3 ] DEBUG Engine               - sceneFactory: com.almasb.fxgl.app.scene.SceneFactory@2d03494a
14:49:45.331 [FXGL Background Thread 3 ] DEBUG Engine               - secondsIn24h: 60
14:49:45.331 [FXGL Background Thread 3 ] DEBUG Engine               - soundMenuBack: menu/back.wav
14:49:45.331 [FXGL Background Thread 3 ] DEBUG Engine               - soundMenuPress: menu/press.wav
14:49:45.331 [FXGL Background Thread 3 ] DEBUG Engine               - soundMenuSelect: menu/select.wav
14:49:45.331 [FXGL Background Thread 3 ] DEBUG Engine               - soundNotification: core/notification.wav
14:49:45.331 [FXGL Background Thread 3 ] DEBUG Engine               - stageStyle: DECORATED
14:49:45.331 [FXGL Background Thread 3 ] DEBUG Engine               - supportedLanguages: [ENGLISH, FRENCH, GERMAN, HUNGARIAN, RUSSIAN]
14:49:45.332 [FXGL Background Thread 3 ] DEBUG Engine               - ticksPerSecond: -1
14:49:45.332 [FXGL Background Thread 3 ] DEBUG Engine               - title: Galactic Odyssey
14:49:45.332 [FXGL Background Thread 3 ] DEBUG Engine               - urlGithub: https://github.com/AlmasB/FXGL
14:49:45.332 [FXGL Background Thread 3 ] DEBUG Engine               - urlLeaderboard: http://fxgl-top.herokuapp.com/
14:49:45.332 [FXGL Background Thread 3 ] DEBUG Engine               - urlPOM: https://raw.githubusercontent.com/AlmasB/FXGL/release/README.md
14:49:45.332 [FXGL Background Thread 3 ] DEBUG Engine               - userAppClass: class App.App
14:49:45.333 [FXGL Background Thread 3 ] DEBUG Engine               - version: 0.0
14:49:45.333 [FXGL Background Thread 3 ] DEBUG Engine               - versionCheckDays: 7
14:49:45.333 [FXGL Background Thread 3 ] DEBUG Engine               - width: 1500
14:49:45.333 [FXGL Background Thread 3 ] DEBUG Engine               - Logging services
14:49:45.334 [FXGL Background Thread 3 ] DEBUG Engine               - class com.almasb.fxgl.app.services.FXGLAssetLoaderService
14:49:45.334 [FXGL Background Thread 3 ] DEBUG Engine               - class com.almasb.fxgl.app.FXGLApplication$GameApplicationService
14:49:45.334 [FXGL Background Thread 3 ] DEBUG Engine               - class com.almasb.fxgl.app.services.FXGLDialogService
14:49:45.335 [FXGL Background Thread 3 ] DEBUG Engine               - class com.almasb.fxgl.app.services.IOTaskExecutorService
14:49:45.335 [FXGL Background Thread 3 ] DEBUG Engine               - class com.almasb.fxgl.io.FileSystemService
14:49:45.336 [FXGL Background Thread 3 ] DEBUG Engine               - class com.almasb.fxgl.localization.LocalizationService
14:49:45.336 [FXGL Background Thread 3 ] DEBUG Engine               - class com.almasb.fxgl.app.services.SystemBundleService
14:49:45.336 [FXGL Background Thread 3 ] DEBUG Engine               - class com.almasb.fxgl.profile.SaveLoadService
14:49:45.336 [FXGL Background Thread 3 ] DEBUG Engine               - class com.almasb.fxgl.ui.FXGLUIFactoryServiceProvider
14:49:45.336 [FXGL Background Thread 3 ] DEBUG Engine               - class com.almasb.fxgl.ui.FXGLDialogFactoryServiceProvider
14:49:45.336 [FXGL Background Thread 3 ] DEBUG Engine               - class com.almasb.fxgl.audio.AudioPlayer
14:49:45.337 [FXGL Background Thread 3 ] DEBUG Engine               - class com.almasb.fxgl.notification.impl.NotificationServiceProvider
14:49:45.337 [FXGL Background Thread 3 ] DEBUG Engine               - class com.almasb.fxgl.achievement.AchievementService
14:49:45.337 [FXGL Background Thread 3 ] DEBUG Engine               - class com.almasb.fxgl.cutscene.CutsceneService
14:49:45.337 [FXGL Background Thread 3 ] DEBUG Engine               - class com.almasb.fxgl.minigames.MiniGameService
14:49:45.337 [FXGL Background Thread 3 ] DEBUG Engine               - class com.almasb.fxgl.net.NetService
14:49:45.337 [FXGL Background Thread 3 ] DEBUG Engine               - class com.almasb.fxgl.app.services.UpdaterService
14:49:45.337 [FXGL Background Thread 3 ] DEBUG Engine               - class com.almasb.fxgl.dev.DevService
14:49:45.364 [JavaFX Application Thread] WARN  TMXLevelLoader       - TiledMap generated from 1.11.2. Supported version: 1.9.0. Some features may not be parsed fully.
14:49:45.423 [JavaFX Application Thread] DEBUG TMXLevelLoader       - Parsed TiledMap: file:/C:/Users/Jonathan/Documents/Galactic%20odyssey/target/classes/assets/levels/MapGame1.tmx
14:49:45.424 [JavaFX Application Thread] DEBUG TMXLevelLoader       - Creating tile layer entities
14:49:45.428 [JavaFX Application Thread] DEBUG TilesetLoader        - Loading view for layer Espacio
14:49:45.432 [JavaFX Application Thread] DEBUG TilesetLoader        - Created buffer with size 1920.0x960.0
14:49:45.530 [JavaFX Application Thread] DEBUG TilesetLoader        - Loading view for layer Planetas
14:49:45.536 [JavaFX Application Thread] DEBUG TilesetLoader        - Created buffer with size 1920.0x960.0
14:49:45.540 [JavaFX Application Thread] DEBUG TilesetLoader        - Loading view for layer Suelo
14:49:45.547 [JavaFX Application Thread] DEBUG TilesetLoader        - Created buffer with size 1920.0x960.0
14:49:45.560 [JavaFX Application Thread] DEBUG TilesetLoader        - Loading view for layer Suelo ruinas
14:49:45.578 [JavaFX Application Thread] DEBUG TilesetLoader        - Created buffer with size 1920.0x960.0
14:49:45.580 [JavaFX Application Thread] DEBUG TilesetLoader        - Loading view for layer Torres ruinas
14:49:45.591 [JavaFX Application Thread] DEBUG TilesetLoader        - Created buffer with size 1920.0x960.0
14:49:45.710 [JavaFX Application Thread] DEBUG TilesetLoader        - Loading view for layer Cristales espaciales
14:49:45.717 [JavaFX Application Thread] DEBUG TilesetLoader        - Created buffer with size 1920.0x960.0
14:49:45.719 [JavaFX Application Thread] DEBUG TilesetLoader        - Loading view for layer Rocas1
14:49:45.725 [JavaFX Application Thread] DEBUG TilesetLoader        - Created buffer with size 1920.0x960.0
14:49:45.792 [JavaFX Application Thread] DEBUG TilesetLoader        - Loading view for layer Muro
14:49:45.801 [JavaFX Application Thread] DEBUG TilesetLoader        - Created buffer with size 1920.0x960.0
14:49:45.804 [JavaFX Application Thread] DEBUG TilesetLoader        - Loading view for layer Rocas
14:49:45.811 [JavaFX Application Thread] DEBUG TilesetLoader        - Created buffer with size 1920.0x960.0
14:49:45.816 [JavaFX Application Thread] DEBUG TilesetLoader        - Loading view for layer Rocas2
14:49:45.824 [JavaFX Application Thread] DEBUG TilesetLoader        - Created buffer with size 1920.0x960.0
14:49:45.827 [JavaFX Application Thread] DEBUG TilesetLoader        - Loading view for layer Naves
14:49:45.842 [JavaFX Application Thread] DEBUG TilesetLoader        - Created buffer with size 1920.0x960.0
14:49:45.844 [JavaFX Application Thread] DEBUG TilesetLoader        - Loading view for layer Objetos
14:49:45.853 [JavaFX Application Thread] DEBUG TilesetLoader        - Created buffer with size 1920.0x960.0
14:49:45.854 [JavaFX Application Thread] DEBUG TMXLevelLoader       - Creating object layer entities
14:49:45.908 [JavaFX Application Thread] DEBUG GameWorld            - Clearing removable entities
14:49:45.910 [JavaFX Application Thread] DEBUG GameWorld            - Setting level: com.almasb.fxgl.entity.level.Level@509b6818
14:49:45.943 [JavaFX Application Thread] DEBUG Input                - Registered new binding: Move Right - D
14:49:45.943 [JavaFX Application Thread] DEBUG Input                - Registered new binding: Move Left - A
14:49:45.943 [JavaFX Application Thread] DEBUG Input                - Registered new binding: Move Up - W
14:49:45.944 [JavaFX Application Thread] DEBUG Input                - Registered new binding: Move Down - S
14:49:54.918 [FXGL Background Thread 2 ] WARN  UpdaterService       - Failed to find updates: java.net.UnknownHostException: raw.githubusercontent.com
14:50:43.896 [JavaFX Application Thread] DEBUG FXGLApplication      - Exiting FXGL
14:50:43.896 [JavaFX Application Thread] DEBUG LoopRunner           - Stopping loop
14:50:43.896 [JavaFX Application Thread] DEBUG SystemBundleService  - Saving FXGL system data
14:50:43.899 [JavaFX Application Thread] DEBUG FileSystemAccess     - Writing to: C:\Users\Jonathan\Documents\Galactic odyssey\system\fxgl.bundle
14:50:43.904 [JavaFX Application Thread] DEBUG Async                - Shutting down background threads
14:50:43.904 [JavaFX Application Thread] DEBUG PrimaryStageWindow   - Closing main window
14:50:43.938 [JavaFX Application Thread] DEBUG Logger               - Closing Logger
