20:29:47.340 [main                     ] DEBUG Logger               - Configured Logger
20:29:47.410 [main                     ] DEBUG GameApplication      - Logging settings
Title: Galactic Odyssey
Version: 0.0
Width: 1080
Height: 617
Fullscreen: false
Intro: false
Profiling: false
Single step:false
App Mode: DEVELOPER
Menu Key: ESCAPE
Stage Style: DECORATED
Scene Factory: class com.almasb.fxgl.app.scene.SceneFactory

20:29:47.958 [JavaFX Application Thread] DEBUG FXGLApplication      - Initializing FXGL
20:29:47.975 [JavaFX Application Thread] INFO  Engine               - FXGL-17.3 (30.03.2023 11.49) on WINDOWS (J:17.0.12 FX:17.0.2-ea)
20:29:47.977 [JavaFX Application Thread] DEBUG Engine               - JRE Vendor Name: Oracle Corporation
20:29:47.977 [JavaFX Application Thread] DEBUG Engine               - Running on OS: Windows 10 version 10.0
20:29:47.978 [JavaFX Application Thread] DEBUG Engine               - Architecture: amd64
20:29:47.978 [JavaFX Application Thread] INFO  Engine               - Source code and latest versions at: https://github.com/AlmasB/FXGL
20:29:47.979 [JavaFX Application Thread] INFO  Engine               -       Ask questions and discuss at: https://github.com/AlmasB/FXGL/discussions
20:29:47.979 [JavaFX Application Thread] INFO  Engine               -              Join the FXGL chat at: https://gitter.im/AlmasB/FXGL
20:29:48.161 [JavaFX Application Thread] DEBUG PrimaryStageWindow   - Creating a JavaFX scene
20:29:48.239 [JavaFX Application Thread] DEBUG PrimaryStageWindow   - Target settings size: 1080.0 x 617.0
20:29:48.239 [JavaFX Application Thread] DEBUG PrimaryStageWindow   - Scaled scene size:    1080.0 x 617.0
20:29:48.240 [JavaFX Application Thread] DEBUG PrimaryStageWindow   - Scaled ratio: (1.0, 1.0)
20:29:48.242 [JavaFX Application Thread] DEBUG PrimaryStageWindow   - Set initial scene to FXGLStartupScene
20:29:48.259 [JavaFX Application Thread] DEBUG PrimaryStageWindow   - Opening main window
20:29:48.414 [JavaFX Application Thread] DEBUG PrimaryStageWindow   - Window border size: (16.0, 39.0)
20:29:48.415 [JavaFX Application Thread] DEBUG PrimaryStageWindow   - Scaled size: 1080.0 x 617.0
20:29:48.415 [JavaFX Application Thread] DEBUG PrimaryStageWindow   - Scaled ratio: (1.0, 1.0)
20:29:48.416 [JavaFX Application Thread] DEBUG PrimaryStageWindow   - Scene size: 1080.0 x 617.0
20:29:48.417 [JavaFX Application Thread] DEBUG PrimaryStageWindow   - Stage size: 1096.0 x 656.0
20:29:48.439 [FXGL Background Thread 1 ] DEBUG Engine               - Initializing environment variables
20:29:48.517 [FXGL Background Thread 1 ] DEBUG FXGLAssetLoaderServi - User app class for loading assets: class App.App
20:29:48.518 [FXGL Background Thread 1 ] DEBUG GameApplicationServi - Applying CSS: fxgl_dark.css
20:29:48.520 [FXGL Background Thread 1 ] DEBUG FXGLAssetLoaderServi - Loading from file system: jar:file:///C:/Users/Jonathan/.m2/repository/com/github/almasb/fxgl/17.3/fxgl-17.3.jar!/fxglassets/ui/css/fxgl_dark.css
20:29:48.637 [FXGL Background Thread 1 ] DEBUG GameApplicationServi - Initializing application scenes
20:29:48.819 [FXGL Background Thread 1 ] DEBUG GameWorld            - Game world initialized
20:29:48.957 [FXGL Background Thread 1 ] DEBUG PhysicsWorld         - Physics world initialized: appHeight=617, physics.ppm=50,0
20:29:48.957 [FXGL Background Thread 1 ] DEBUG PhysicsWorld         - Using strategy: BRUTE_FORCE
20:29:48.968 [FXGL Background Thread 1 ] DEBUG GameScene            - Game scene initialized: 1080x617
20:29:48.994 [FXGL Background Thread 1 ] DEBUG FXGL.DefaultMenu     - createMenuBodyGameMenu()
20:29:49.025 [FXGL Background Thread 1 ] DEBUG FXGL.DefaultMenu     - createOptionsMenu()
20:29:49.047 [FXGL Background Thread 1 ] DEBUG FXGLAssetLoaderServi - Loading from file system: jar:file:///C:/Users/Jonathan/.m2/repository/com/github/almasb/fxgl/17.3/fxgl-17.3.jar!/fxglassets/textures/particles/smoke.png
20:29:49.255 [FXGL Background Thread 1 ] DEBUG FXGLAssetLoaderServi - Loading from file system: jar:file:///C:/Users/Jonathan/.m2/repository/com/github/almasb/fxgl/17.3/fxgl-17.3.jar!/fxglassets/textures/particles/trace_horizontal.png
20:29:49.325 [FXGL Background Thread 1 ] DEBUG GameApplicationServi - Application scenes initialized
20:29:49.356 [FXGL Background Thread 1 ] DEBUG SystemBundleService  - Loading FXGL system data
20:29:49.365 [FXGL Background Thread 1 ] DEBUG FileSystemAccess     - Reading from: C:\Users\Jonathan\Documents\Galactic oddisseycopia 1\system\fxgl.bundle
20:29:49.380 [FXGL Background Thread 1 ] DEBUG SystemBundleService  - Bundle FXGL: {}
20:29:49.381 [FXGL Background Thread 1 ] DEBUG UpdaterService       - Checking for updates
20:29:49.401 [FXGL Background Thread 1 ] DEBUG FXGLApplication      - Loading default localization
20:29:49.402 [FXGL Background Thread 4 ] DEBUG FXGLApplication      - Loading fonts
20:29:49.403 [FXGL Background Thread 4 ] DEBUG FXGLAssetLoaderServi - Loading from file system: jar:file:///C:/Users/Jonathan/.m2/repository/com/github/almasb/fxgl/17.3/fxgl-17.3.jar!/fxglassets/ui/fonts/VarelaRound-Regular.ttf
20:29:49.403 [FXGL Background Thread 1 ] DEBUG FXGLAssetLoaderServi - Loading from file system: jar:file:///C:/Users/Jonathan/.m2/repository/com/github/almasb/fxgl/17.3/fxgl-17.3.jar!/fxglassets/languages/english.lang
20:29:49.482 [FXGL Background Thread 1 ] INFO  FXGLApplication      - FXGL initialization took: 1,043 sec
20:29:49.484 [JavaFX Application Thread] DEBUG FXGLAssetLoaderServi - Loading from file system: jar:file:///C:/Users/Jonathan/.m2/repository/com/github/almasb/fxgl/17.3/fxgl-17.3.jar!/fxglassets/textures/fxgl_icon.png
20:29:49.524 [JavaFX Application Thread] DEBUG FXGLAssetLoaderServi - Loading from file system: jar:file:///C:/Users/Jonathan/.m2/repository/com/github/almasb/fxgl/17.3/fxgl-17.3.jar!/fxglassets/textures/fxgl_default_cursor.png
20:29:49.547 [JavaFX Application Thread] DEBUG Input                - Registered new binding: Screenshot - CTRL+8
20:29:49.548 [JavaFX Application Thread] DEBUG Input                - Registered new binding: System info dump - CTRL+9
20:29:49.549 [JavaFX Application Thread] DEBUG Input                - Registered new binding: Restart - CTRL+R
20:29:49.550 [JavaFX Application Thread] DEBUG Input                - Registered new binding: Toggle Debug Camera - CTRL+7
20:29:49.556 [JavaFX Application Thread] DEBUG LoopRunner           - Starting loop
20:29:49.556 [JavaFX Application Thread] DEBUG LoopRunner           - Initializing JavaFX AnimationTimerLoop
20:29:49.562 [JavaFX Application Thread] DEBUG GameApplicationServi - Starting new game
20:29:49.563 [JavaFX Application Thread] DEBUG Input                - Clearing active input actions
20:29:49.647 [JavaFX Application Thread] DEBUG GameApplicationServi - Removing overlay from FXGLStartupScene and adding to FXGLLoadingScene
20:29:49.648 [JavaFX Application Thread] DEBUG PrimaryStageWindow   - FXGLStartupScene -> FXGLLoadingScene
20:29:49.648 [JavaFX Application Thread] DEBUG GameApplicationServi - Clearing previous game
20:29:49.648 [JavaFX Application Thread] DEBUG GameScene            - Clearing game scene
20:29:49.648 [JavaFX Application Thread] DEBUG GameWorld            - Clearing game world
20:29:49.648 [JavaFX Application Thread] DEBUG PhysicsWorld         - Clearing physics world
20:29:49.651 [FXGL Background Thread 1 ] DEBUG FXGLApplication      - Initializing game
20:29:49.668 [FXGL Background Thread 1 ] DEBUG FXGLAssetLoaderServi - Loading from file system: file:/C:/Users/Jonathan/Documents/Galactic%20oddisseycopia%201/target/classes/assets/textures/fondo_menu.png
20:29:49.739 [FXGL Background Thread 1 ] INFO  FXGLApplication      - Game initialization took: 0,088 sec
20:29:49.873 [JavaFX Application Thread] DEBUG Input                - Clearing active input actions
20:29:49.904 [JavaFX Application Thread] DEBUG GameApplicationServi - Removing overlay from FXGLLoadingScene and adding to GameScene
20:29:49.908 [JavaFX Application Thread] DEBUG PrimaryStageWindow   - FXGLLoadingScene -> GameScene
20:29:50.040 [FXGL Background Thread 4 ] DEBUG FXGLAssetLoaderServi - Loading from file system: jar:file:///C:/Users/Jonathan/.m2/repository/com/github/almasb/fxgl/17.3/fxgl-17.3.jar!/fxglassets/ui/fonts/Abel-Regular.ttf
20:29:50.064 [FXGL Background Thread 4 ] DEBUG FXGLAssetLoaderServi - Loading from file system: jar:file:///C:/Users/Jonathan/.m2/repository/com/github/almasb/fxgl/17.3/fxgl-17.3.jar!/fxglassets/ui/fonts/TerminalLandMono-Regular.otf
20:29:50.090 [FXGL Background Thread 4 ] DEBUG FXGLAssetLoaderServi - Loading from file system: jar:file:///C:/Users/Jonathan/.m2/repository/com/github/almasb/fxgl/17.3/fxgl-17.3.jar!/fxglassets/ui/fonts/Courier-Prime.ttf
20:29:50.141 [JavaFX Application Thread] DEBUG FXGLApplication      - Registering font factories with UI factory
20:29:51.901 [JavaFX Application Thread] WARN  TMXLevelLoader       - TiledMap generated from 1.11.2. Supported version: 1.9.0. Some features may not be parsed fully.
20:29:51.959 [JavaFX Application Thread] DEBUG TMXLevelLoader       - Parsed TiledMap: file:/C:/Users/Jonathan/Documents/Galactic%20oddisseycopia%201/target/classes/assets/levels/MapGame1.tmx
20:29:51.961 [JavaFX Application Thread] DEBUG TMXLevelLoader       - Creating tile layer entities
20:29:51.964 [JavaFX Application Thread] DEBUG TilesetLoader        - Loading view for layer Espacio
20:29:51.969 [JavaFX Application Thread] DEBUG TilesetLoader        - Created buffer with size 1920.0x960.0
20:29:52.101 [JavaFX Application Thread] DEBUG TilesetLoader        - Loading view for layer Planetas
20:29:52.106 [JavaFX Application Thread] DEBUG TilesetLoader        - Created buffer with size 1920.0x960.0
20:29:52.110 [JavaFX Application Thread] DEBUG TilesetLoader        - Loading view for layer Suelo
20:29:52.125 [JavaFX Application Thread] DEBUG TilesetLoader        - Created buffer with size 1920.0x960.0
20:29:52.140 [JavaFX Application Thread] DEBUG TilesetLoader        - Loading view for layer Suelo ruinas
20:29:52.143 [JavaFX Application Thread] DEBUG TilesetLoader        - Created buffer with size 1920.0x960.0
20:29:52.145 [JavaFX Application Thread] DEBUG TilesetLoader        - Loading view for layer Torres ruinas
20:29:52.149 [JavaFX Application Thread] DEBUG TilesetLoader        - Created buffer with size 1920.0x960.0
20:29:52.294 [JavaFX Application Thread] DEBUG TilesetLoader        - Loading view for layer Cristales espaciales
20:29:52.299 [JavaFX Application Thread] DEBUG TilesetLoader        - Created buffer with size 1920.0x960.0
20:29:52.301 [JavaFX Application Thread] DEBUG TilesetLoader        - Loading view for layer Rocas1
20:29:52.307 [JavaFX Application Thread] DEBUG TilesetLoader        - Created buffer with size 1920.0x960.0
20:29:52.394 [FXGL Background Thread 3 ] DEBUG Engine               - Logging environment variables
20:29:52.395 [FXGL Background Thread 3 ] DEBUG Engine               - achievements: []
20:29:52.395 [FXGL Background Thread 3 ] DEBUG Engine               - actualHeight: 617.0
20:29:52.395 [FXGL Background Thread 3 ] DEBUG Engine               - actualHeightProperty: ReadOnlyDoubleProperty [value: 617.0]
20:29:52.396 [FXGL Background Thread 3 ] DEBUG Engine               - actualWidth: 1080.0
20:29:52.396 [FXGL Background Thread 3 ] DEBUG Engine               - actualWidthProperty: ReadOnlyDoubleProperty [value: 1080.0]
20:29:52.396 [FXGL Background Thread 3 ] DEBUG Engine               - appIcon: fxgl_icon.png
20:29:52.396 [FXGL Background Thread 3 ] DEBUG Engine               - applicationMode: DEVELOPER
20:29:52.396 [FXGL Background Thread 3 ] DEBUG Engine               - cSSList: [fxgl_dark.css]
20:29:52.396 [FXGL Background Thread 3 ] DEBUG Engine               - collisionDetectionStrategy: BRUTE_FORCE
20:29:52.397 [FXGL Background Thread 3 ] DEBUG Engine               - configClass: Optional.empty
20:29:52.397 [FXGL Background Thread 3 ] DEBUG Engine               - credits: []
20:29:52.398 [FXGL Background Thread 3 ] DEBUG Engine               - defaultCursor: CursorInfo(imageName=fxgl_default_cursor.png, hotspotX=7.0, hotspotY=6.0)
20:29:52.398 [FXGL Background Thread 3 ] DEBUG Engine               - devBBoxColorProperty: ObjectProperty [value: 0xff0000ff]
20:29:52.398 [FXGL Background Thread 3 ] DEBUG Engine               - devEnableDebugCameraProperty: BooleanProperty [value: false]
20:29:52.399 [FXGL Background Thread 3 ] DEBUG Engine               - devSensorColorProperty: ObjectProperty [value: 0xffff00ff]
20:29:52.399 [FXGL Background Thread 3 ] DEBUG Engine               - devShowBBoxProperty: BooleanProperty [value: false]
20:29:52.399 [FXGL Background Thread 3 ] DEBUG Engine               - devShowPositionProperty: BooleanProperty [value: false]
20:29:52.399 [FXGL Background Thread 3 ] DEBUG Engine               - enabledMenuItems: []
20:29:52.400 [FXGL Background Thread 3 ] DEBUG Engine               - engineServices: [class com.almasb.fxgl.app.services.FXGLAssetLoaderService, class com.almasb.fxgl.app.FXGLApplication$GameApplicationService, class com.almasb.fxgl.app.services.FXGLDialogService, class com.almasb.fxgl.app.services.IOTaskExecutorService, class com.almasb.fxgl.io.FileSystemService, class com.almasb.fxgl.localization.LocalizationService, class com.almasb.fxgl.app.services.SystemBundleService, class com.almasb.fxgl.profile.SaveLoadService, class com.almasb.fxgl.ui.FXGLUIFactoryServiceProvider, class com.almasb.fxgl.ui.FXGLDialogFactoryServiceProvider, class com.almasb.fxgl.audio.AudioPlayer, class com.almasb.fxgl.notification.impl.NotificationServiceProvider, class com.almasb.fxgl.achievement.AchievementService, class com.almasb.fxgl.cutscene.CutsceneService, class com.almasb.fxgl.minigames.MiniGameService, class com.almasb.fxgl.net.NetService, class com.almasb.fxgl.app.services.UpdaterService, class com.almasb.fxgl.dev.DevService]
20:29:52.400 [JavaFX Application Thread] DEBUG TilesetLoader        - Loading view for layer Muro
20:29:52.400 [FXGL Background Thread 3 ] DEBUG Engine               - fontGame: Abel-Regular.ttf
20:29:52.400 [FXGL Background Thread 3 ] DEBUG Engine               - fontMono: TerminalLandMono-Regular.otf
20:29:52.400 [FXGL Background Thread 3 ] DEBUG Engine               - fontSizeScaleUI: 1.0
20:29:52.400 [FXGL Background Thread 3 ] DEBUG Engine               - fontText: Courier-Prime.ttf
20:29:52.401 [FXGL Background Thread 3 ] DEBUG Engine               - fontUI: VarelaRound-Regular.ttf
20:29:52.401 [FXGL Background Thread 3 ] DEBUG Engine               - fullScreen: BooleanProperty [value: false]
20:29:52.401 [FXGL Background Thread 3 ] DEBUG Engine               - gameDifficulty: MEDIUM
20:29:52.401 [FXGL Background Thread 3 ] DEBUG Engine               - gameDifficultyProperty: ObjectProperty [value: MEDIUM]
20:29:52.401 [FXGL Background Thread 3 ] DEBUG Engine               - globalMusicVolume: 0.5
20:29:52.401 [FXGL Background Thread 3 ] DEBUG Engine               - globalMusicVolumeProperty: DoubleProperty [value: 0.5]
20:29:52.402 [FXGL Background Thread 3 ] DEBUG Engine               - globalSoundVolume: 0.5
20:29:52.402 [FXGL Background Thread 3 ] DEBUG Engine               - globalSoundVolumeProperty: DoubleProperty [value: 0.5]
20:29:52.402 [FXGL Background Thread 3 ] DEBUG Engine               - height: 617
20:29:52.402 [FXGL Background Thread 3 ] DEBUG Engine               - is3D: false
20:29:52.402 [FXGL Background Thread 3 ] DEBUG Engine               - isAndroid: false
20:29:52.402 [FXGL Background Thread 3 ] DEBUG Engine               - isBrowser: false
20:29:52.402 [FXGL Background Thread 3 ] DEBUG Engine               - isClickFeedbackEnabled: false
20:29:52.403 [FXGL Background Thread 3 ] DEBUG Engine               - isCloseConfirmation: false
20:29:52.403 [FXGL Background Thread 3 ] DEBUG Engine               - isDesktop: true
20:29:52.403 [FXGL Background Thread 3 ] DEBUG Engine               - isDeveloperMenuEnabled: false
20:29:52.404 [FXGL Background Thread 3 ] DEBUG Engine               - isEmbedded: false
20:29:52.404 [FXGL Background Thread 3 ] DEBUG Engine               - isEntityPreloadEnabled: true
20:29:52.404 [FXGL Background Thread 3 ] DEBUG Engine               - isExperimentalTiledLargeMap: false
20:29:52.404 [FXGL Background Thread 3 ] DEBUG Engine               - isFileSystemWriteAllowed: true
20:29:52.404 [FXGL Background Thread 3 ] DEBUG Engine               - isFullScreenAllowed: false
20:29:52.405 [FXGL Background Thread 3 ] DEBUG Engine               - isFullScreenFromStart: false
20:29:52.405 [FXGL Background Thread 3 ] DEBUG Engine               - isGameMenuEnabled: true
20:29:52.405 [FXGL Background Thread 3 ] DEBUG Engine               - isIOS: false
20:29:52.405 [FXGL Background Thread 3 ] DEBUG Engine               - isIntroEnabled: false
20:29:52.405 [FXGL Background Thread 3 ] DEBUG Engine               - isLinux: false
20:29:52.405 [FXGL Background Thread 3 ] DEBUG Engine               - isMac: false
20:29:52.405 [FXGL Background Thread 3 ] DEBUG Engine               - isMainMenuEnabled: false
20:29:52.405 [FXGL Background Thread 3 ] DEBUG Engine               - isManualResizeEnabled: false
20:29:52.406 [FXGL Background Thread 3 ] DEBUG Engine               - isMobile: false
20:29:52.406 [FXGL Background Thread 3 ] DEBUG Engine               - isNative: false
20:29:52.406 [FXGL Background Thread 3 ] DEBUG Engine               - isPauseMusicWhenMinimized: true
20:29:52.406 [FXGL Background Thread 3 ] DEBUG Engine               - isPreserveResizeRatio: false
20:29:52.406 [FXGL Background Thread 3 ] DEBUG Engine               - isProfilingEnabled: false
20:29:52.406 [FXGL Background Thread 3 ] DEBUG Engine               - isScaleAffectedOnResize: true
20:29:52.406 [FXGL Background Thread 3 ] DEBUG Engine               - isSingleStep: false
20:29:52.406 [FXGL Background Thread 3 ] DEBUG Engine               - isUserProfileEnabled: false
20:29:52.407 [FXGL Background Thread 3 ] DEBUG Engine               - isWindows: true
20:29:52.407 [FXGL Background Thread 3 ] DEBUG Engine               - language: ObjectProperty [value: ENGLISH]
20:29:52.407 [FXGL Background Thread 3 ] DEBUG Engine               - menuKey: ESCAPE
20:29:52.407 [FXGL Background Thread 3 ] DEBUG Engine               - mouseSensitivity: 0.2
20:29:52.407 [FXGL Background Thread 3 ] DEBUG Engine               - notificationViewClass: class com.almasb.fxgl.notification.view.XboxNotificationView
20:29:52.407 [FXGL Background Thread 3 ] DEBUG Engine               - pixelsPerMeter: 50.0
20:29:52.407 [FXGL Background Thread 3 ] DEBUG Engine               - platform: WINDOWS
20:29:52.408 [FXGL Background Thread 3 ] DEBUG Engine               - prefHeightProperty: ReadOnlyDoubleProperty [value: 617.0]
20:29:52.408 [FXGL Background Thread 3 ] DEBUG Engine               - prefWidthProperty: ReadOnlyDoubleProperty [value: 1080.0]
20:29:52.408 [FXGL Background Thread 3 ] DEBUG Engine               - profileDir: profiles/
20:29:52.408 [JavaFX Application Thread] DEBUG TilesetLoader        - Created buffer with size 1920.0x960.0
20:29:52.408 [FXGL Background Thread 3 ] DEBUG Engine               - profileName: StringProperty [value: DEFAULT]
20:29:52.408 [FXGL Background Thread 3 ] DEBUG Engine               - randomSeed: -1
20:29:52.409 [FXGL Background Thread 3 ] DEBUG Engine               - runtimeInfo: RuntimeInfo(platform=WINDOWS, version=17.3, build=30.03.2023 11.49)
20:29:52.409 [FXGL Background Thread 3 ] DEBUG Engine               - saveFileExt: sav
20:29:52.409 [FXGL Background Thread 3 ] DEBUG Engine               - scaledHeightProp$fxgl: DoubleProperty [bound, value: 617.0]
20:29:52.409 [FXGL Background Thread 3 ] DEBUG Engine               - scaledWidthProp$fxgl: DoubleProperty [bound, value: 1080.0]
20:29:52.409 [FXGL Background Thread 3 ] DEBUG Engine               - sceneFactory: com.almasb.fxgl.app.scene.SceneFactory@266c2fa2
20:29:52.410 [FXGL Background Thread 3 ] DEBUG Engine               - secondsIn24h: 60
20:29:52.410 [FXGL Background Thread 3 ] DEBUG Engine               - soundMenuBack: menu/back.wav
20:29:52.410 [FXGL Background Thread 3 ] DEBUG Engine               - soundMenuPress: menu/press.wav
20:29:52.410 [FXGL Background Thread 3 ] DEBUG Engine               - soundMenuSelect: menu/select.wav
20:29:52.410 [FXGL Background Thread 3 ] DEBUG Engine               - soundNotification: core/notification.wav
20:29:52.410 [FXGL Background Thread 3 ] DEBUG Engine               - stageStyle: DECORATED
20:29:52.410 [FXGL Background Thread 3 ] DEBUG Engine               - supportedLanguages: [ENGLISH, FRENCH, GERMAN, HUNGARIAN, RUSSIAN]
20:29:52.410 [FXGL Background Thread 3 ] DEBUG Engine               - ticksPerSecond: -1
20:29:52.411 [FXGL Background Thread 3 ] DEBUG Engine               - title: Galactic Odyssey
20:29:52.411 [FXGL Background Thread 3 ] DEBUG Engine               - urlGithub: https://github.com/AlmasB/FXGL
20:29:52.411 [FXGL Background Thread 3 ] DEBUG Engine               - urlLeaderboard: http://fxgl-top.herokuapp.com/
20:29:52.411 [FXGL Background Thread 3 ] DEBUG Engine               - urlPOM: https://raw.githubusercontent.com/AlmasB/FXGL/release/README.md
20:29:52.411 [FXGL Background Thread 3 ] DEBUG Engine               - userAppClass: class App.App
20:29:52.411 [FXGL Background Thread 3 ] DEBUG Engine               - version: 0.0
20:29:52.411 [FXGL Background Thread 3 ] DEBUG Engine               - versionCheckDays: 7
20:29:52.411 [FXGL Background Thread 3 ] DEBUG Engine               - width: 1080
20:29:52.411 [FXGL Background Thread 3 ] DEBUG Engine               - Logging services
20:29:52.412 [FXGL Background Thread 3 ] DEBUG Engine               - class com.almasb.fxgl.app.services.FXGLAssetLoaderService
20:29:52.412 [FXGL Background Thread 3 ] DEBUG Engine               - class com.almasb.fxgl.app.FXGLApplication$GameApplicationService
20:29:52.412 [FXGL Background Thread 3 ] DEBUG Engine               - class com.almasb.fxgl.app.services.FXGLDialogService
20:29:52.412 [FXGL Background Thread 3 ] DEBUG Engine               - class com.almasb.fxgl.app.services.IOTaskExecutorService
20:29:52.412 [JavaFX Application Thread] DEBUG TilesetLoader        - Loading view for layer Rocas
20:29:52.412 [FXGL Background Thread 3 ] DEBUG Engine               - class com.almasb.fxgl.io.FileSystemService
20:29:52.412 [FXGL Background Thread 3 ] DEBUG Engine               - class com.almasb.fxgl.localization.LocalizationService
20:29:52.412 [FXGL Background Thread 3 ] DEBUG Engine               - class com.almasb.fxgl.app.services.SystemBundleService
20:29:52.412 [FXGL Background Thread 3 ] DEBUG Engine               - class com.almasb.fxgl.profile.SaveLoadService
20:29:52.412 [FXGL Background Thread 3 ] DEBUG Engine               - class com.almasb.fxgl.ui.FXGLUIFactoryServiceProvider
20:29:52.413 [FXGL Background Thread 3 ] DEBUG Engine               - class com.almasb.fxgl.ui.FXGLDialogFactoryServiceProvider
20:29:52.413 [FXGL Background Thread 3 ] DEBUG Engine               - class com.almasb.fxgl.audio.AudioPlayer
20:29:52.413 [FXGL Background Thread 3 ] DEBUG Engine               - class com.almasb.fxgl.notification.impl.NotificationServiceProvider
20:29:52.413 [FXGL Background Thread 3 ] DEBUG Engine               - class com.almasb.fxgl.achievement.AchievementService
20:29:52.413 [FXGL Background Thread 3 ] DEBUG Engine               - class com.almasb.fxgl.cutscene.CutsceneService
20:29:52.413 [FXGL Background Thread 3 ] DEBUG Engine               - class com.almasb.fxgl.minigames.MiniGameService
20:29:52.413 [FXGL Background Thread 3 ] DEBUG Engine               - class com.almasb.fxgl.net.NetService
20:29:52.413 [FXGL Background Thread 3 ] DEBUG Engine               - class com.almasb.fxgl.app.services.UpdaterService
20:29:52.413 [FXGL Background Thread 3 ] DEBUG Engine               - class com.almasb.fxgl.dev.DevService
20:29:52.417 [JavaFX Application Thread] DEBUG TilesetLoader        - Created buffer with size 1920.0x960.0
20:29:52.423 [JavaFX Application Thread] DEBUG TilesetLoader        - Loading view for layer Rocas2
20:29:52.428 [JavaFX Application Thread] DEBUG TilesetLoader        - Created buffer with size 1920.0x960.0
20:29:52.431 [JavaFX Application Thread] DEBUG TilesetLoader        - Loading view for layer Naves
20:29:52.436 [JavaFX Application Thread] DEBUG TilesetLoader        - Created buffer with size 1920.0x960.0
20:29:52.439 [JavaFX Application Thread] DEBUG TilesetLoader        - Loading view for layer Objetos
20:29:52.444 [JavaFX Application Thread] DEBUG TilesetLoader        - Created buffer with size 1920.0x960.0
20:29:52.445 [JavaFX Application Thread] DEBUG TMXLevelLoader       - Creating object layer entities
20:29:52.508 [JavaFX Application Thread] DEBUG GameWorld            - Clearing removable entities
20:29:52.509 [JavaFX Application Thread] DEBUG GameWorld            - Setting level: com.almasb.fxgl.entity.level.Level@323b5c71
20:29:52.529 [JavaFX Application Thread] DEBUG Input                - Registered new binding: Move Right - D
20:29:52.530 [JavaFX Application Thread] DEBUG Input                - Registered new binding: Move Left - A
20:29:52.530 [JavaFX Application Thread] DEBUG Input                - Registered new binding: Move Up - W
20:29:52.530 [JavaFX Application Thread] DEBUG Input                - Registered new binding: Move Down - S
20:30:03.018 [FXGL Background Thread 2 ] INFO  UpdaterService       - Your current version:  17.3
20:30:03.018 [FXGL Background Thread 2 ] INFO  UpdaterService       - Latest stable version: 21.1
20:30:52.911 [JavaFX Application Thread] DEBUG FXGLApplication      - Exiting FXGL
20:30:52.911 [JavaFX Application Thread] DEBUG LoopRunner           - Stopping loop
20:30:52.911 [JavaFX Application Thread] DEBUG SystemBundleService  - Saving FXGL system data
20:30:52.914 [JavaFX Application Thread] DEBUG FileSystemAccess     - Writing to: C:\Users\Jonathan\Documents\Galactic oddisseycopia 1\system\fxgl.bundle
20:30:52.917 [JavaFX Application Thread] DEBUG Async                - Shutting down background threads
20:30:52.917 [JavaFX Application Thread] DEBUG PrimaryStageWindow   - Closing main window
20:30:52.944 [JavaFX Application Thread] DEBUG Logger               - Closing Logger
