08:36:13.610 [main                     ] DEBUG Logger               - Configured Logger
08:36:13.719 [main                     ] DEBUG GameApplication      - Logging settings
Title: Galactic Odyssey
Version: 0.0
Width: 1500
Height: 800
Fullscreen: false
Intro: false
Profiling: false
Single step:false
App Mode: DEVELOPER
Menu Key: ESCAPE
Stage Style: DECORATED
Scene Factory: class com.almasb.fxgl.app.scene.SceneFactory

08:36:14.358 [JavaFX Application Thread] DEBUG FXGLApplication      - Initializing FXGL
08:36:14.382 [JavaFX Application Thread] INFO  Engine               - FXGL-17.3 (30.03.2023 11.49) on WINDOWS (J:17.0.12 FX:17.0.2-ea)
08:36:14.382 [JavaFX Application Thread] DEBUG Engine               - JRE Vendor Name: Oracle Corporation
08:36:14.384 [JavaFX Application Thread] DEBUG Engine               - Running on OS: Windows 10 version 10.0
08:36:14.384 [JavaFX Application Thread] DEBUG Engine               - Architecture: amd64
08:36:14.384 [JavaFX Application Thread] INFO  Engine               - Source code and latest versions at: https://github.com/AlmasB/FXGL
08:36:14.385 [JavaFX Application Thread] INFO  Engine               -       Ask questions and discuss at: https://github.com/AlmasB/FXGL/discussions
08:36:14.385 [JavaFX Application Thread] INFO  Engine               -              Join the FXGL chat at: https://gitter.im/AlmasB/FXGL
08:36:14.635 [JavaFX Application Thread] DEBUG PrimaryStageWindow   - Creating a JavaFX scene
08:36:14.636 [JavaFX Application Thread] DEBUG PrimaryStageWindow   - Target size > screen size
08:36:14.727 [JavaFX Application Thread] DEBUG PrimaryStageWindow   - Target settings size: 1500.0 x 800.0
08:36:14.728 [JavaFX Application Thread] DEBUG PrimaryStageWindow   - Scaled scene size:    1340.0 x 728.0
08:36:14.730 [JavaFX Application Thread] DEBUG PrimaryStageWindow   - Scaled ratio: (0.8933333333333333, 0.91)
08:36:14.733 [JavaFX Application Thread] DEBUG PrimaryStageWindow   - Set initial scene to FXGLStartupScene
08:36:14.758 [JavaFX Application Thread] DEBUG PrimaryStageWindow   - Opening main window
08:36:14.929 [JavaFX Application Thread] DEBUG PrimaryStageWindow   - Window border size: (16.0, 39.0)
08:36:14.929 [JavaFX Application Thread] DEBUG PrimaryStageWindow   - Scaled size: 1340.0 x 728.0
08:36:14.930 [JavaFX Application Thread] DEBUG PrimaryStageWindow   - Scaled ratio: (0.8933333333333333, 0.91)
08:36:14.931 [JavaFX Application Thread] DEBUG PrimaryStageWindow   - Scene size: 1340.0 x 728.0
08:36:14.931 [JavaFX Application Thread] DEBUG PrimaryStageWindow   - Stage size: 1356.0 x 767.0
08:36:15.172 [FXGL Background Thread 1 ] DEBUG Engine               - Initializing environment variables
08:36:15.255 [FXGL Background Thread 1 ] DEBUG FXGLAssetLoaderServi - User app class for loading assets: class App.App
08:36:15.256 [FXGL Background Thread 1 ] DEBUG GameApplicationServi - Applying CSS: fxgl_dark.css
08:36:15.257 [FXGL Background Thread 1 ] DEBUG FXGLAssetLoaderServi - Loading from file system: jar:file:///C:/Users/Jonathan/.m2/repository/com/github/almasb/fxgl/17.3/fxgl-17.3.jar!/fxglassets/ui/css/fxgl_dark.css
08:36:15.385 [FXGL Background Thread 1 ] DEBUG GameApplicationServi - Initializing application scenes
08:36:15.560 [FXGL Background Thread 1 ] DEBUG GameWorld            - Game world initialized
08:36:15.735 [FXGL Background Thread 1 ] DEBUG PhysicsWorld         - Physics world initialized: appHeight=800, physics.ppm=50,0
08:36:15.736 [FXGL Background Thread 1 ] DEBUG PhysicsWorld         - Using strategy: BRUTE_FORCE
08:36:15.745 [FXGL Background Thread 1 ] DEBUG GameScene            - Game scene initialized: 1500x800
08:36:15.782 [FXGL Background Thread 1 ] DEBUG FXGL.DefaultMenu     - createMenuBodyGameMenu()
08:36:15.820 [FXGL Background Thread 1 ] DEBUG FXGL.DefaultMenu     - createOptionsMenu()
08:36:15.846 [FXGL Background Thread 1 ] DEBUG FXGLAssetLoaderServi - Loading from file system: jar:file:///C:/Users/Jonathan/.m2/repository/com/github/almasb/fxgl/17.3/fxgl-17.3.jar!/fxglassets/textures/particles/smoke.png
08:36:16.112 [FXGL Background Thread 1 ] DEBUG FXGLAssetLoaderServi - Loading from file system: jar:file:///C:/Users/Jonathan/.m2/repository/com/github/almasb/fxgl/17.3/fxgl-17.3.jar!/fxglassets/textures/particles/trace_horizontal.png
08:36:16.168 [FXGL Background Thread 1 ] DEBUG GameApplicationServi - Application scenes initialized
08:36:16.197 [FXGL Background Thread 1 ] DEBUG SystemBundleService  - Loading FXGL system data
08:36:16.213 [FXGL Background Thread 1 ] DEBUG FileSystemAccess     - Reading from: C:\Users\Jonathan\Documents\Galactic oddisseycopia 1\system\fxgl.bundle
08:36:16.232 [FXGL Background Thread 1 ] DEBUG SystemBundleService  - Bundle FXGL: {}
08:36:16.232 [FXGL Background Thread 1 ] DEBUG UpdaterService       - Checking for updates
08:36:16.245 [FXGL Background Thread 1 ] DEBUG FXGLApplication      - Loading default localization
08:36:16.245 [FXGL Background Thread 4 ] DEBUG FXGLApplication      - Loading fonts
08:36:16.247 [FXGL Background Thread 1 ] DEBUG FXGLAssetLoaderServi - Loading from file system: jar:file:///C:/Users/Jonathan/.m2/repository/com/github/almasb/fxgl/17.3/fxgl-17.3.jar!/fxglassets/languages/english.lang
08:36:16.254 [FXGL Background Thread 4 ] DEBUG FXGLAssetLoaderServi - Loading from file system: jar:file:///C:/Users/Jonathan/.m2/repository/com/github/almasb/fxgl/17.3/fxgl-17.3.jar!/fxglassets/ui/fonts/VarelaRound-Regular.ttf
08:36:16.348 [FXGL Background Thread 1 ] INFO  FXGLApplication      - FXGL initialization took: 1,177 sec
08:36:16.352 [JavaFX Application Thread] DEBUG FXGLAssetLoaderServi - Loading from file system: jar:file:///C:/Users/Jonathan/.m2/repository/com/github/almasb/fxgl/17.3/fxgl-17.3.jar!/fxglassets/textures/fxgl_icon.png
08:36:16.399 [JavaFX Application Thread] DEBUG FXGLAssetLoaderServi - Loading from file system: jar:file:///C:/Users/Jonathan/.m2/repository/com/github/almasb/fxgl/17.3/fxgl-17.3.jar!/fxglassets/textures/fxgl_default_cursor.png
08:36:16.433 [JavaFX Application Thread] DEBUG Input                - Registered new binding: Screenshot - CTRL+8
08:36:16.435 [JavaFX Application Thread] DEBUG Input                - Registered new binding: System info dump - CTRL+9
08:36:16.436 [JavaFX Application Thread] DEBUG Input                - Registered new binding: Restart - CTRL+R
08:36:16.437 [JavaFX Application Thread] DEBUG Input                - Registered new binding: Toggle Debug Camera - CTRL+7
08:36:16.443 [JavaFX Application Thread] DEBUG LoopRunner           - Starting loop
08:36:16.443 [JavaFX Application Thread] DEBUG LoopRunner           - Initializing JavaFX AnimationTimerLoop
08:36:16.449 [JavaFX Application Thread] DEBUG GameApplicationServi - Starting new game
08:36:16.450 [JavaFX Application Thread] DEBUG Input                - Clearing active input actions
08:36:16.495 [JavaFX Application Thread] DEBUG GameApplicationServi - Removing overlay from FXGLStartupScene and adding to FXGLLoadingScene
08:36:16.497 [JavaFX Application Thread] DEBUG PrimaryStageWindow   - FXGLStartupScene -> FXGLLoadingScene
08:36:16.497 [JavaFX Application Thread] DEBUG GameApplicationServi - Clearing previous game
08:36:16.497 [JavaFX Application Thread] DEBUG GameScene            - Clearing game scene
08:36:16.497 [JavaFX Application Thread] DEBUG GameWorld            - Clearing game world
08:36:16.497 [JavaFX Application Thread] DEBUG PhysicsWorld         - Clearing physics world
08:36:16.500 [FXGL Background Thread 1 ] DEBUG FXGLApplication      - Initializing game
08:36:16.525 [FXGL Background Thread 1 ] DEBUG FXGLAssetLoaderServi - Loading from file system: file:/C:/Users/Jonathan/Documents/Galactic%20oddisseycopia%201/target/classes/assets/textures/fondo_menu.png
08:36:16.586 [FXGL Background Thread 1 ] INFO  FXGLApplication      - Game initialization took: 0,086 sec
08:36:16.643 [JavaFX Application Thread] DEBUG Input                - Clearing active input actions
08:36:16.666 [JavaFX Application Thread] DEBUG GameApplicationServi - Removing overlay from FXGLLoadingScene and adding to GameScene
08:36:16.666 [JavaFX Application Thread] DEBUG PrimaryStageWindow   - FXGLLoadingScene -> GameScene
08:36:17.089 [FXGL Background Thread 4 ] DEBUG FXGLAssetLoaderServi - Loading from file system: jar:file:///C:/Users/Jonathan/.m2/repository/com/github/almasb/fxgl/17.3/fxgl-17.3.jar!/fxglassets/ui/fonts/Abel-Regular.ttf
08:36:17.112 [FXGL Background Thread 4 ] DEBUG FXGLAssetLoaderServi - Loading from file system: jar:file:///C:/Users/Jonathan/.m2/repository/com/github/almasb/fxgl/17.3/fxgl-17.3.jar!/fxglassets/ui/fonts/TerminalLandMono-Regular.otf
08:36:17.136 [FXGL Background Thread 4 ] DEBUG FXGLAssetLoaderServi - Loading from file system: jar:file:///C:/Users/Jonathan/.m2/repository/com/github/almasb/fxgl/17.3/fxgl-17.3.jar!/fxglassets/ui/fonts/Courier-Prime.ttf
08:36:17.163 [JavaFX Application Thread] DEBUG FXGLApplication      - Registering font factories with UI factory
08:36:17.171 [FXGL Background Thread 2 ] WARN  UpdaterService       - Failed to find updates: java.net.UnknownHostException: raw.githubusercontent.com
08:36:19.228 [JavaFX Application Thread] WARN  TMXLevelLoader       - TiledMap generated from 1.11.2. Supported version: 1.9.0. Some features may not be parsed fully.
08:36:19.242 [FXGL Background Thread 3 ] DEBUG Engine               - Logging environment variables
08:36:19.243 [FXGL Background Thread 3 ] DEBUG Engine               - achievements: []
08:36:19.243 [FXGL Background Thread 3 ] DEBUG Engine               - actualHeight: 728.0
08:36:19.244 [FXGL Background Thread 3 ] DEBUG Engine               - actualHeightProperty: ReadOnlyDoubleProperty [value: 728.0]
08:36:19.244 [FXGL Background Thread 3 ] DEBUG Engine               - actualWidth: 1340.0
08:36:19.244 [FXGL Background Thread 3 ] DEBUG Engine               - actualWidthProperty: ReadOnlyDoubleProperty [value: 1340.0]
08:36:19.244 [FXGL Background Thread 3 ] DEBUG Engine               - appIcon: fxgl_icon.png
08:36:19.244 [FXGL Background Thread 3 ] DEBUG Engine               - applicationMode: DEVELOPER
08:36:19.244 [FXGL Background Thread 3 ] DEBUG Engine               - cSSList: [fxgl_dark.css]
08:36:19.245 [FXGL Background Thread 3 ] DEBUG Engine               - collisionDetectionStrategy: BRUTE_FORCE
08:36:19.245 [FXGL Background Thread 3 ] DEBUG Engine               - configClass: Optional.empty
08:36:19.245 [FXGL Background Thread 3 ] DEBUG Engine               - credits: []
08:36:19.246 [FXGL Background Thread 3 ] DEBUG Engine               - defaultCursor: CursorInfo(imageName=fxgl_default_cursor.png, hotspotX=7.0, hotspotY=6.0)
08:36:19.246 [FXGL Background Thread 3 ] DEBUG Engine               - devBBoxColorProperty: ObjectProperty [value: 0xff0000ff]
08:36:19.247 [FXGL Background Thread 3 ] DEBUG Engine               - devEnableDebugCameraProperty: BooleanProperty [value: false]
08:36:19.247 [FXGL Background Thread 3 ] DEBUG Engine               - devSensorColorProperty: ObjectProperty [value: 0xffff00ff]
08:36:19.247 [FXGL Background Thread 3 ] DEBUG Engine               - devShowBBoxProperty: BooleanProperty [value: false]
08:36:19.247 [FXGL Background Thread 3 ] DEBUG Engine               - devShowPositionProperty: BooleanProperty [value: false]
08:36:19.248 [FXGL Background Thread 3 ] DEBUG Engine               - enabledMenuItems: []
08:36:19.248 [FXGL Background Thread 3 ] DEBUG Engine               - engineServices: [class com.almasb.fxgl.app.services.FXGLAssetLoaderService, class com.almasb.fxgl.app.FXGLApplication$GameApplicationService, class com.almasb.fxgl.app.services.FXGLDialogService, class com.almasb.fxgl.app.services.IOTaskExecutorService, class com.almasb.fxgl.io.FileSystemService, class com.almasb.fxgl.localization.LocalizationService, class com.almasb.fxgl.app.services.SystemBundleService, class com.almasb.fxgl.profile.SaveLoadService, class com.almasb.fxgl.ui.FXGLUIFactoryServiceProvider, class com.almasb.fxgl.ui.FXGLDialogFactoryServiceProvider, class com.almasb.fxgl.audio.AudioPlayer, class com.almasb.fxgl.notification.impl.NotificationServiceProvider, class com.almasb.fxgl.achievement.AchievementService, class com.almasb.fxgl.cutscene.CutsceneService, class com.almasb.fxgl.minigames.MiniGameService, class com.almasb.fxgl.net.NetService, class com.almasb.fxgl.app.services.UpdaterService, class com.almasb.fxgl.dev.DevService]
08:36:19.248 [FXGL Background Thread 3 ] DEBUG Engine               - fontGame: Abel-Regular.ttf
08:36:19.249 [FXGL Background Thread 3 ] DEBUG Engine               - fontMono: TerminalLandMono-Regular.otf
08:36:19.249 [FXGL Background Thread 3 ] DEBUG Engine               - fontSizeScaleUI: 1.0
08:36:19.249 [FXGL Background Thread 3 ] DEBUG Engine               - fontText: Courier-Prime.ttf
08:36:19.249 [FXGL Background Thread 3 ] DEBUG Engine               - fontUI: VarelaRound-Regular.ttf
08:36:19.249 [FXGL Background Thread 3 ] DEBUG Engine               - fullScreen: BooleanProperty [value: false]
08:36:19.250 [FXGL Background Thread 3 ] DEBUG Engine               - gameDifficulty: MEDIUM
08:36:19.250 [FXGL Background Thread 3 ] DEBUG Engine               - gameDifficultyProperty: ObjectProperty [value: MEDIUM]
08:36:19.250 [FXGL Background Thread 3 ] DEBUG Engine               - globalMusicVolume: 0.5
08:36:19.250 [FXGL Background Thread 3 ] DEBUG Engine               - globalMusicVolumeProperty: DoubleProperty [value: 0.5]
08:36:19.251 [FXGL Background Thread 3 ] DEBUG Engine               - globalSoundVolume: 0.5
08:36:19.251 [FXGL Background Thread 3 ] DEBUG Engine               - globalSoundVolumeProperty: DoubleProperty [value: 0.5]
08:36:19.252 [FXGL Background Thread 3 ] DEBUG Engine               - height: 800
08:36:19.252 [FXGL Background Thread 3 ] DEBUG Engine               - is3D: false
08:36:19.252 [FXGL Background Thread 3 ] DEBUG Engine               - isAndroid: false
08:36:19.252 [FXGL Background Thread 3 ] DEBUG Engine               - isBrowser: false
08:36:19.252 [FXGL Background Thread 3 ] DEBUG Engine               - isClickFeedbackEnabled: false
08:36:19.252 [FXGL Background Thread 3 ] DEBUG Engine               - isCloseConfirmation: false
08:36:19.253 [FXGL Background Thread 3 ] DEBUG Engine               - isDesktop: true
08:36:19.253 [FXGL Background Thread 3 ] DEBUG Engine               - isDeveloperMenuEnabled: false
08:36:19.253 [FXGL Background Thread 3 ] DEBUG Engine               - isEmbedded: false
08:36:19.253 [FXGL Background Thread 3 ] DEBUG Engine               - isEntityPreloadEnabled: true
08:36:19.253 [FXGL Background Thread 3 ] DEBUG Engine               - isExperimentalTiledLargeMap: false
08:36:19.253 [FXGL Background Thread 3 ] DEBUG Engine               - isFileSystemWriteAllowed: true
08:36:19.254 [FXGL Background Thread 3 ] DEBUG Engine               - isFullScreenAllowed: false
08:36:19.254 [FXGL Background Thread 3 ] DEBUG Engine               - isFullScreenFromStart: false
08:36:19.254 [FXGL Background Thread 3 ] DEBUG Engine               - isGameMenuEnabled: true
08:36:19.254 [FXGL Background Thread 3 ] DEBUG Engine               - isIOS: false
08:36:19.254 [FXGL Background Thread 3 ] DEBUG Engine               - isIntroEnabled: false
08:36:19.254 [FXGL Background Thread 3 ] DEBUG Engine               - isLinux: false
08:36:19.255 [FXGL Background Thread 3 ] DEBUG Engine               - isMac: false
08:36:19.255 [FXGL Background Thread 3 ] DEBUG Engine               - isMainMenuEnabled: false
08:36:19.255 [FXGL Background Thread 3 ] DEBUG Engine               - isManualResizeEnabled: false
08:36:19.255 [FXGL Background Thread 3 ] DEBUG Engine               - isMobile: false
08:36:19.257 [FXGL Background Thread 3 ] DEBUG Engine               - isNative: false
08:36:19.258 [FXGL Background Thread 3 ] DEBUG Engine               - isPauseMusicWhenMinimized: true
08:36:19.258 [FXGL Background Thread 3 ] DEBUG Engine               - isPreserveResizeRatio: false
08:36:19.258 [FXGL Background Thread 3 ] DEBUG Engine               - isProfilingEnabled: false
08:36:19.262 [FXGL Background Thread 3 ] DEBUG Engine               - isScaleAffectedOnResize: true
08:36:19.262 [FXGL Background Thread 3 ] DEBUG Engine               - isSingleStep: false
08:36:19.262 [FXGL Background Thread 3 ] DEBUG Engine               - isUserProfileEnabled: false
08:36:19.262 [FXGL Background Thread 3 ] DEBUG Engine               - isWindows: true
08:36:19.265 [FXGL Background Thread 3 ] DEBUG Engine               - language: ObjectProperty [value: ENGLISH]
08:36:19.265 [FXGL Background Thread 3 ] DEBUG Engine               - menuKey: ESCAPE
08:36:19.265 [FXGL Background Thread 3 ] DEBUG Engine               - mouseSensitivity: 0.2
08:36:19.265 [FXGL Background Thread 3 ] DEBUG Engine               - notificationViewClass: class com.almasb.fxgl.notification.view.XboxNotificationView
08:36:19.265 [FXGL Background Thread 3 ] DEBUG Engine               - pixelsPerMeter: 50.0
08:36:19.265 [FXGL Background Thread 3 ] DEBUG Engine               - platform: WINDOWS
08:36:19.265 [FXGL Background Thread 3 ] DEBUG Engine               - prefHeightProperty: ReadOnlyDoubleProperty [value: 800.0]
08:36:19.266 [FXGL Background Thread 3 ] DEBUG Engine               - prefWidthProperty: ReadOnlyDoubleProperty [value: 1500.0]
08:36:19.266 [FXGL Background Thread 3 ] DEBUG Engine               - profileDir: profiles/
08:36:19.268 [FXGL Background Thread 3 ] DEBUG Engine               - profileName: StringProperty [value: DEFAULT]
08:36:19.268 [FXGL Background Thread 3 ] DEBUG Engine               - randomSeed: -1
08:36:19.274 [FXGL Background Thread 3 ] DEBUG Engine               - runtimeInfo: RuntimeInfo(platform=WINDOWS, version=17.3, build=30.03.2023 11.49)
08:36:19.274 [FXGL Background Thread 3 ] DEBUG Engine               - saveFileExt: sav
08:36:19.275 [FXGL Background Thread 3 ] DEBUG Engine               - scaledHeightProp$fxgl: DoubleProperty [bound, value: 728.0]
08:36:19.275 [FXGL Background Thread 3 ] DEBUG Engine               - scaledWidthProp$fxgl: DoubleProperty [bound, value: 1340.0]
08:36:19.276 [FXGL Background Thread 3 ] DEBUG Engine               - sceneFactory: com.almasb.fxgl.app.scene.SceneFactory@3a863691
08:36:19.276 [FXGL Background Thread 3 ] DEBUG Engine               - secondsIn24h: 60
08:36:19.276 [FXGL Background Thread 3 ] DEBUG Engine               - soundMenuBack: menu/back.wav
08:36:19.276 [FXGL Background Thread 3 ] DEBUG Engine               - soundMenuPress: menu/press.wav
08:36:19.277 [FXGL Background Thread 3 ] DEBUG Engine               - soundMenuSelect: menu/select.wav
08:36:19.279 [FXGL Background Thread 3 ] DEBUG Engine               - soundNotification: core/notification.wav
08:36:19.279 [FXGL Background Thread 3 ] DEBUG Engine               - stageStyle: DECORATED
08:36:19.279 [FXGL Background Thread 3 ] DEBUG Engine               - supportedLanguages: [ENGLISH, FRENCH, GERMAN, HUNGARIAN, RUSSIAN]
08:36:19.279 [FXGL Background Thread 3 ] DEBUG Engine               - ticksPerSecond: -1
08:36:19.279 [FXGL Background Thread 3 ] DEBUG Engine               - title: Galactic Odyssey
08:36:19.279 [FXGL Background Thread 3 ] DEBUG Engine               - urlGithub: https://github.com/AlmasB/FXGL
08:36:19.279 [FXGL Background Thread 3 ] DEBUG Engine               - urlLeaderboard: http://fxgl-top.herokuapp.com/
08:36:19.280 [FXGL Background Thread 3 ] DEBUG Engine               - urlPOM: https://raw.githubusercontent.com/AlmasB/FXGL/release/README.md
08:36:19.280 [FXGL Background Thread 3 ] DEBUG Engine               - userAppClass: class App.App
08:36:19.280 [FXGL Background Thread 3 ] DEBUG Engine               - version: 0.0
08:36:19.280 [FXGL Background Thread 3 ] DEBUG Engine               - versionCheckDays: 7
08:36:19.280 [FXGL Background Thread 3 ] DEBUG Engine               - width: 1500
08:36:19.280 [FXGL Background Thread 3 ] DEBUG Engine               - Logging services
08:36:19.281 [FXGL Background Thread 3 ] DEBUG Engine               - class com.almasb.fxgl.app.services.FXGLAssetLoaderService
08:36:19.281 [FXGL Background Thread 3 ] DEBUG Engine               - class com.almasb.fxgl.app.FXGLApplication$GameApplicationService
08:36:19.281 [FXGL Background Thread 3 ] DEBUG Engine               - class com.almasb.fxgl.app.services.FXGLDialogService
08:36:19.281 [FXGL Background Thread 3 ] DEBUG Engine               - class com.almasb.fxgl.app.services.IOTaskExecutorService
08:36:19.281 [FXGL Background Thread 3 ] DEBUG Engine               - class com.almasb.fxgl.io.FileSystemService
08:36:19.281 [FXGL Background Thread 3 ] DEBUG Engine               - class com.almasb.fxgl.localization.LocalizationService
08:36:19.281 [FXGL Background Thread 3 ] DEBUG Engine               - class com.almasb.fxgl.app.services.SystemBundleService
08:36:19.281 [FXGL Background Thread 3 ] DEBUG Engine               - class com.almasb.fxgl.profile.SaveLoadService
08:36:19.283 [FXGL Background Thread 3 ] DEBUG Engine               - class com.almasb.fxgl.ui.FXGLUIFactoryServiceProvider
08:36:19.284 [FXGL Background Thread 3 ] DEBUG Engine               - class com.almasb.fxgl.ui.FXGLDialogFactoryServiceProvider
08:36:19.284 [FXGL Background Thread 3 ] DEBUG Engine               - class com.almasb.fxgl.audio.AudioPlayer
08:36:19.285 [FXGL Background Thread 3 ] DEBUG Engine               - class com.almasb.fxgl.notification.impl.NotificationServiceProvider
08:36:19.285 [FXGL Background Thread 3 ] DEBUG Engine               - class com.almasb.fxgl.achievement.AchievementService
08:36:19.285 [FXGL Background Thread 3 ] DEBUG Engine               - class com.almasb.fxgl.cutscene.CutsceneService
08:36:19.285 [FXGL Background Thread 3 ] DEBUG Engine               - class com.almasb.fxgl.minigames.MiniGameService
08:36:19.285 [FXGL Background Thread 3 ] DEBUG Engine               - class com.almasb.fxgl.net.NetService
08:36:19.285 [FXGL Background Thread 3 ] DEBUG Engine               - class com.almasb.fxgl.app.services.UpdaterService
08:36:19.285 [FXGL Background Thread 3 ] DEBUG Engine               - class com.almasb.fxgl.dev.DevService
08:36:19.304 [JavaFX Application Thread] DEBUG TMXLevelLoader       - Parsed TiledMap: file:/C:/Users/Jonathan/Documents/Galactic%20oddisseycopia%201/target/classes/assets/levels/MapGame1.tmx
08:36:19.306 [JavaFX Application Thread] DEBUG TMXLevelLoader       - Creating tile layer entities
08:36:19.310 [JavaFX Application Thread] DEBUG TilesetLoader        - Loading view for layer Espacio
08:36:19.316 [JavaFX Application Thread] DEBUG TilesetLoader        - Created buffer with size 1920.0x960.0
08:36:19.439 [JavaFX Application Thread] DEBUG TilesetLoader        - Loading view for layer Planetas
08:36:19.444 [JavaFX Application Thread] DEBUG TilesetLoader        - Created buffer with size 1920.0x960.0
08:36:19.448 [JavaFX Application Thread] DEBUG TilesetLoader        - Loading view for layer Suelo
08:36:19.453 [JavaFX Application Thread] DEBUG TilesetLoader        - Created buffer with size 1920.0x960.0
08:36:19.465 [JavaFX Application Thread] DEBUG TilesetLoader        - Loading view for layer Suelo ruinas
08:36:19.481 [JavaFX Application Thread] DEBUG TilesetLoader        - Created buffer with size 1920.0x960.0
08:36:19.482 [JavaFX Application Thread] DEBUG TilesetLoader        - Loading view for layer Torres ruinas
08:36:19.487 [JavaFX Application Thread] DEBUG TilesetLoader        - Created buffer with size 1920.0x960.0
08:36:19.596 [JavaFX Application Thread] DEBUG TilesetLoader        - Loading view for layer Cristales espaciales
08:36:19.601 [JavaFX Application Thread] DEBUG TilesetLoader        - Created buffer with size 1920.0x960.0
08:36:19.603 [JavaFX Application Thread] DEBUG TilesetLoader        - Loading view for layer Rocas1
08:36:19.608 [JavaFX Application Thread] DEBUG TilesetLoader        - Created buffer with size 1920.0x960.0
08:36:19.683 [JavaFX Application Thread] DEBUG TilesetLoader        - Loading view for layer Muro
08:36:19.689 [JavaFX Application Thread] DEBUG TilesetLoader        - Created buffer with size 1920.0x960.0
08:36:19.693 [JavaFX Application Thread] DEBUG TilesetLoader        - Loading view for layer Rocas
08:36:19.698 [JavaFX Application Thread] DEBUG TilesetLoader        - Created buffer with size 1920.0x960.0
08:36:19.706 [JavaFX Application Thread] DEBUG TilesetLoader        - Loading view for layer Rocas2
08:36:19.710 [JavaFX Application Thread] DEBUG TilesetLoader        - Created buffer with size 1920.0x960.0
08:36:19.712 [JavaFX Application Thread] DEBUG TilesetLoader        - Loading view for layer Naves
08:36:19.719 [JavaFX Application Thread] DEBUG TilesetLoader        - Created buffer with size 1920.0x960.0
08:36:19.722 [JavaFX Application Thread] DEBUG TilesetLoader        - Loading view for layer Objetos
08:36:19.727 [JavaFX Application Thread] DEBUG TilesetLoader        - Created buffer with size 1920.0x960.0
08:36:19.728 [JavaFX Application Thread] DEBUG TMXLevelLoader       - Creating object layer entities
08:36:19.781 [JavaFX Application Thread] DEBUG GameWorld            - Clearing removable entities
08:36:19.781 [JavaFX Application Thread] DEBUG GameWorld            - Setting level: com.almasb.fxgl.entity.level.Level@5729e7e5
08:36:19.805 [JavaFX Application Thread] DEBUG Input                - Registered new binding: Move Right - D
08:36:19.806 [JavaFX Application Thread] DEBUG Input                - Registered new binding: Move Left - A
08:36:19.806 [JavaFX Application Thread] DEBUG Input                - Registered new binding: Move Up - W
08:36:19.806 [JavaFX Application Thread] DEBUG Input                - Registered new binding: Move Down - S
08:36:55.197 [JavaFX Application Thread] DEBUG FXGLApplication      - Exiting FXGL
08:36:55.197 [JavaFX Application Thread] DEBUG LoopRunner           - Stopping loop
08:36:55.197 [JavaFX Application Thread] DEBUG SystemBundleService  - Saving FXGL system data
08:36:55.202 [JavaFX Application Thread] DEBUG FileSystemAccess     - Writing to: C:\Users\Jonathan\Documents\Galactic oddisseycopia 1\system\fxgl.bundle
08:36:55.205 [JavaFX Application Thread] DEBUG Async                - Shutting down background threads
08:36:55.205 [JavaFX Application Thread] DEBUG PrimaryStageWindow   - Closing main window
08:36:55.245 [JavaFX Application Thread] DEBUG Logger               - Closing Logger
