09:59:46.922 [main                     ] DEBUG Logger               - Configured Logger
09:59:47.000 [main                     ] DEBUG GameApplication      - Logging settings
Title: Galactic Odyssey
Version: 0.0
Width: 1500
Height: 800
Fullscreen: false
Intro: false
Profiling: false
Single step:false
App Mode: DEVELOPER
Menu Key: ESCAPE
Stage Style: DECORATED
Scene Factory: class com.almasb.fxgl.app.scene.SceneFactory

09:59:47.765 [JavaFX Application Thread] DEBUG FXGLApplication      - Initializing FXGL
09:59:47.790 [JavaFX Application Thread] INFO  Engine               - FXGL-17.3 (30.03.2023 11.49) on WINDOWS (J:17.0.12 FX:17.0.2-ea)
09:59:47.791 [JavaFX Application Thread] DEBUG Engine               - JRE Vendor Name: Oracle Corporation
09:59:47.792 [JavaFX Application Thread] DEBUG Engine               - Running on OS: Windows 10 version 10.0
09:59:47.792 [JavaFX Application Thread] DEBUG Engine               - Architecture: amd64
09:59:47.793 [JavaFX Application Thread] INFO  Engine               - Source code and latest versions at: https://github.com/AlmasB/FXGL
09:59:47.793 [JavaFX Application Thread] INFO  Engine               -       Ask questions and discuss at: https://github.com/AlmasB/FXGL/discussions
09:59:47.793 [JavaFX Application Thread] INFO  Engine               -              Join the FXGL chat at: https://gitter.im/AlmasB/FXGL
09:59:47.990 [JavaFX Application Thread] DEBUG PrimaryStageWindow   - Creating a JavaFX scene
09:59:47.991 [JavaFX Application Thread] DEBUG PrimaryStageWindow   - Target size > screen size
09:59:48.149 [JavaFX Application Thread] DEBUG PrimaryStageWindow   - Target settings size: 1500.0 x 800.0
09:59:48.150 [JavaFX Application Thread] DEBUG PrimaryStageWindow   - Scaled scene size:    1340.0 x 728.0
09:59:48.151 [JavaFX Application Thread] DEBUG PrimaryStageWindow   - Scaled ratio: (0.8933333333333333, 0.91)
09:59:48.153 [JavaFX Application Thread] DEBUG PrimaryStageWindow   - Set initial scene to FXGLStartupScene
09:59:48.171 [JavaFX Application Thread] DEBUG PrimaryStageWindow   - Opening main window
09:59:48.401 [JavaFX Application Thread] DEBUG PrimaryStageWindow   - Window border size: (16.0, 39.0)
09:59:48.401 [JavaFX Application Thread] DEBUG PrimaryStageWindow   - Scaled size: 1340.0 x 728.0
09:59:48.402 [JavaFX Application Thread] DEBUG PrimaryStageWindow   - Scaled ratio: (0.8933333333333333, 0.91)
09:59:48.403 [JavaFX Application Thread] DEBUG PrimaryStageWindow   - Scene size: 1340.0 x 728.0
09:59:48.404 [JavaFX Application Thread] DEBUG PrimaryStageWindow   - Stage size: 1356.0 x 767.0
09:59:48.431 [FXGL Background Thread 1 ] DEBUG Engine               - Initializing environment variables
09:59:48.520 [FXGL Background Thread 1 ] DEBUG FXGLAssetLoaderServi - User app class for loading assets: class App.App
09:59:48.521 [FXGL Background Thread 1 ] DEBUG GameApplicationServi - Applying CSS: fxgl_dark.css
09:59:48.523 [FXGL Background Thread 1 ] DEBUG FXGLAssetLoaderServi - Loading from file system: jar:file:///C:/Users/Jonathan/.m2/repository/com/github/almasb/fxgl/17.3/fxgl-17.3.jar!/fxglassets/ui/css/fxgl_dark.css
09:59:48.642 [FXGL Background Thread 1 ] DEBUG GameApplicationServi - Initializing application scenes
09:59:48.901 [FXGL Background Thread 1 ] DEBUG GameWorld            - Game world initialized
09:59:49.041 [FXGL Background Thread 1 ] DEBUG PhysicsWorld         - Physics world initialized: appHeight=800, physics.ppm=50,0
09:59:49.042 [FXGL Background Thread 1 ] DEBUG PhysicsWorld         - Using strategy: BRUTE_FORCE
09:59:49.051 [FXGL Background Thread 1 ] DEBUG GameScene            - Game scene initialized: 1500x800
09:59:49.079 [FXGL Background Thread 1 ] DEBUG FXGL.DefaultMenu     - createMenuBodyGameMenu()
09:59:49.112 [FXGL Background Thread 1 ] DEBUG FXGL.DefaultMenu     - createOptionsMenu()
09:59:49.134 [FXGL Background Thread 1 ] DEBUG FXGLAssetLoaderServi - Loading from file system: jar:file:///C:/Users/Jonathan/.m2/repository/com/github/almasb/fxgl/17.3/fxgl-17.3.jar!/fxglassets/textures/particles/smoke.png
09:59:49.346 [FXGL Background Thread 1 ] DEBUG FXGLAssetLoaderServi - Loading from file system: jar:file:///C:/Users/Jonathan/.m2/repository/com/github/almasb/fxgl/17.3/fxgl-17.3.jar!/fxglassets/textures/particles/trace_horizontal.png
09:59:49.401 [FXGL Background Thread 1 ] DEBUG GameApplicationServi - Application scenes initialized
09:59:49.429 [FXGL Background Thread 1 ] DEBUG SystemBundleService  - Loading FXGL system data
09:59:49.442 [FXGL Background Thread 1 ] DEBUG FileSystemAccess     - Reading from: C:\Users\Jonathan\Documents\Galactic odyssey\system\fxgl.bundle
09:59:49.457 [FXGL Background Thread 1 ] DEBUG SystemBundleService  - Bundle FXGL: {}
09:59:49.457 [FXGL Background Thread 1 ] DEBUG UpdaterService       - Checking for updates
09:59:49.465 [FXGL Background Thread 4 ] DEBUG FXGLApplication      - Loading fonts
09:59:49.467 [FXGL Background Thread 4 ] DEBUG FXGLAssetLoaderServi - Loading from file system: jar:file:///C:/Users/Jonathan/.m2/repository/com/github/almasb/fxgl/17.3/fxgl-17.3.jar!/fxglassets/ui/fonts/VarelaRound-Regular.ttf
09:59:49.467 [FXGL Background Thread 1 ] DEBUG FXGLApplication      - Loading default localization
09:59:49.469 [FXGL Background Thread 1 ] DEBUG FXGLAssetLoaderServi - Loading from file system: jar:file:///C:/Users/Jonathan/.m2/repository/com/github/almasb/fxgl/17.3/fxgl-17.3.jar!/fxglassets/languages/english.lang
09:59:49.547 [FXGL Background Thread 1 ] INFO  FXGLApplication      - FXGL initialization took: 1,115 sec
09:59:49.550 [JavaFX Application Thread] DEBUG FXGLAssetLoaderServi - Loading from file system: jar:file:///C:/Users/Jonathan/.m2/repository/com/github/almasb/fxgl/17.3/fxgl-17.3.jar!/fxglassets/textures/fxgl_icon.png
09:59:49.601 [JavaFX Application Thread] DEBUG FXGLAssetLoaderServi - Loading from file system: jar:file:///C:/Users/Jonathan/.m2/repository/com/github/almasb/fxgl/17.3/fxgl-17.3.jar!/fxglassets/textures/fxgl_default_cursor.png
09:59:49.634 [JavaFX Application Thread] DEBUG Input                - Registered new binding: Screenshot - CTRL+8
09:59:49.635 [JavaFX Application Thread] DEBUG Input                - Registered new binding: System info dump - CTRL+9
09:59:49.636 [JavaFX Application Thread] DEBUG Input                - Registered new binding: Restart - CTRL+R
09:59:49.637 [JavaFX Application Thread] DEBUG Input                - Registered new binding: Toggle Debug Camera - CTRL+7
09:59:49.645 [JavaFX Application Thread] DEBUG LoopRunner           - Starting loop
09:59:49.645 [JavaFX Application Thread] DEBUG LoopRunner           - Initializing JavaFX AnimationTimerLoop
09:59:49.648 [JavaFX Application Thread] DEBUG GameApplicationServi - Starting new game
09:59:49.649 [JavaFX Application Thread] DEBUG Input                - Clearing active input actions
09:59:49.675 [JavaFX Application Thread] DEBUG GameApplicationServi - Removing overlay from FXGLStartupScene and adding to FXGLLoadingScene
09:59:49.676 [JavaFX Application Thread] DEBUG PrimaryStageWindow   - FXGLStartupScene -> FXGLLoadingScene
09:59:49.677 [JavaFX Application Thread] DEBUG GameApplicationServi - Clearing previous game
09:59:49.677 [JavaFX Application Thread] DEBUG GameScene            - Clearing game scene
09:59:49.677 [JavaFX Application Thread] DEBUG GameWorld            - Clearing game world
09:59:49.677 [JavaFX Application Thread] DEBUG PhysicsWorld         - Clearing physics world
09:59:49.681 [FXGL Background Thread 1 ] DEBUG FXGLApplication      - Initializing game
09:59:49.708 [FXGL Background Thread 1 ] DEBUG FXGLAssetLoaderServi - Loading from file system: file:/C:/Users/Jonathan/Documents/Galactic%20odyssey/target/classes/assets/textures/fondo_menu.png
09:59:49.825 [FXGL Background Thread 1 ] INFO  FXGLApplication      - Game initialization took: 0,140 sec
09:59:49.873 [JavaFX Application Thread] DEBUG Input                - Clearing active input actions
09:59:49.896 [FXGL Background Thread 4 ] DEBUG FXGLAssetLoaderServi - Loading from file system: jar:file:///C:/Users/Jonathan/.m2/repository/com/github/almasb/fxgl/17.3/fxgl-17.3.jar!/fxglassets/ui/fonts/Abel-Regular.ttf
09:59:49.899 [JavaFX Application Thread] DEBUG GameApplicationServi - Removing overlay from FXGLLoadingScene and adding to GameScene
09:59:49.900 [JavaFX Application Thread] DEBUG PrimaryStageWindow   - FXGLLoadingScene -> GameScene
09:59:49.935 [FXGL Background Thread 4 ] DEBUG FXGLAssetLoaderServi - Loading from file system: jar:file:///C:/Users/Jonathan/.m2/repository/com/github/almasb/fxgl/17.3/fxgl-17.3.jar!/fxglassets/ui/fonts/TerminalLandMono-Regular.otf
09:59:49.981 [FXGL Background Thread 4 ] DEBUG FXGLAssetLoaderServi - Loading from file system: jar:file:///C:/Users/Jonathan/.m2/repository/com/github/almasb/fxgl/17.3/fxgl-17.3.jar!/fxglassets/ui/fonts/Courier-Prime.ttf
09:59:50.203 [JavaFX Application Thread] DEBUG FXGLApplication      - Registering font factories with UI factory
09:59:51.853 [JavaFX Application Thread] WARN  TMXLevelLoader       - TiledMap generated from 1.11.2. Supported version: 1.9.0. Some features may not be parsed fully.
09:59:51.915 [JavaFX Application Thread] DEBUG TMXLevelLoader       - Parsed TiledMap: file:/C:/Users/Jonathan/Documents/Galactic%20odyssey/target/classes/assets/levels/MapGame1.tmx
09:59:51.916 [JavaFX Application Thread] DEBUG TMXLevelLoader       - Creating tile layer entities
09:59:51.919 [JavaFX Application Thread] DEBUG TilesetLoader        - Loading view for layer Espacio
09:59:51.924 [JavaFX Application Thread] DEBUG TilesetLoader        - Created buffer with size 1920.0x960.0
09:59:52.019 [JavaFX Application Thread] DEBUG TilesetLoader        - Loading view for layer Planetas
09:59:52.024 [JavaFX Application Thread] DEBUG TilesetLoader        - Created buffer with size 1920.0x960.0
09:59:52.028 [JavaFX Application Thread] DEBUG TilesetLoader        - Loading view for layer Suelo
09:59:52.033 [JavaFX Application Thread] DEBUG TilesetLoader        - Created buffer with size 1920.0x960.0
09:59:52.044 [JavaFX Application Thread] DEBUG TilesetLoader        - Loading view for layer Suelo ruinas
09:59:52.060 [JavaFX Application Thread] DEBUG TilesetLoader        - Created buffer with size 1920.0x960.0
09:59:52.062 [JavaFX Application Thread] DEBUG TilesetLoader        - Loading view for layer Torres ruinas
09:59:52.074 [JavaFX Application Thread] DEBUG TilesetLoader        - Created buffer with size 1920.0x960.0
09:59:52.235 [JavaFX Application Thread] DEBUG TilesetLoader        - Loading view for layer Cristales espaciales
09:59:52.244 [JavaFX Application Thread] DEBUG TilesetLoader        - Created buffer with size 1920.0x960.0
09:59:52.246 [JavaFX Application Thread] DEBUG TilesetLoader        - Loading view for layer Rocas1
09:59:52.254 [JavaFX Application Thread] DEBUG TilesetLoader        - Created buffer with size 1920.0x960.0
09:59:52.385 [JavaFX Application Thread] DEBUG TilesetLoader        - Loading view for layer Muro
09:59:52.395 [JavaFX Application Thread] DEBUG TilesetLoader        - Created buffer with size 1920.0x960.0
09:59:52.401 [JavaFX Application Thread] DEBUG TilesetLoader        - Loading view for layer Rocas
09:59:52.407 [JavaFX Application Thread] DEBUG TilesetLoader        - Created buffer with size 1920.0x960.0
09:59:52.416 [JavaFX Application Thread] DEBUG TilesetLoader        - Loading view for layer Rocas2
09:59:52.421 [JavaFX Application Thread] DEBUG TilesetLoader        - Created buffer with size 1920.0x960.0
09:59:52.427 [JavaFX Application Thread] DEBUG TilesetLoader        - Loading view for layer Naves
09:59:52.433 [JavaFX Application Thread] DEBUG TilesetLoader        - Created buffer with size 1920.0x960.0
09:59:52.437 [JavaFX Application Thread] DEBUG TilesetLoader        - Loading view for layer Objetos
09:59:52.442 [JavaFX Application Thread] DEBUG TilesetLoader        - Created buffer with size 1920.0x960.0
09:59:52.443 [JavaFX Application Thread] DEBUG TMXLevelLoader       - Creating object layer entities
09:59:52.465 [FXGL Background Thread 3 ] DEBUG Engine               - Logging environment variables
09:59:52.466 [FXGL Background Thread 3 ] DEBUG Engine               - achievements: []
09:59:52.466 [FXGL Background Thread 3 ] DEBUG Engine               - actualHeight: 728.0
09:59:52.466 [FXGL Background Thread 3 ] DEBUG Engine               - actualHeightProperty: ReadOnlyDoubleProperty [value: 728.0]
09:59:52.466 [FXGL Background Thread 3 ] DEBUG Engine               - actualWidth: 1340.0
09:59:52.467 [FXGL Background Thread 3 ] DEBUG Engine               - actualWidthProperty: ReadOnlyDoubleProperty [value: 1340.0]
09:59:52.467 [FXGL Background Thread 3 ] DEBUG Engine               - appIcon: fxgl_icon.png
09:59:52.467 [FXGL Background Thread 3 ] DEBUG Engine               - applicationMode: DEVELOPER
09:59:52.467 [FXGL Background Thread 3 ] DEBUG Engine               - cSSList: [fxgl_dark.css]
09:59:52.467 [FXGL Background Thread 3 ] DEBUG Engine               - collisionDetectionStrategy: BRUTE_FORCE
09:59:52.467 [FXGL Background Thread 3 ] DEBUG Engine               - configClass: Optional.empty
09:59:52.467 [FXGL Background Thread 3 ] DEBUG Engine               - credits: []
09:59:52.468 [FXGL Background Thread 3 ] DEBUG Engine               - defaultCursor: CursorInfo(imageName=fxgl_default_cursor.png, hotspotX=7.0, hotspotY=6.0)
09:59:52.469 [FXGL Background Thread 3 ] DEBUG Engine               - devBBoxColorProperty: ObjectProperty [value: 0xff0000ff]
09:59:52.469 [FXGL Background Thread 3 ] DEBUG Engine               - devEnableDebugCameraProperty: BooleanProperty [value: false]
09:59:52.469 [FXGL Background Thread 3 ] DEBUG Engine               - devSensorColorProperty: ObjectProperty [value: 0xffff00ff]
09:59:52.469 [FXGL Background Thread 3 ] DEBUG Engine               - devShowBBoxProperty: BooleanProperty [value: false]
09:59:52.469 [FXGL Background Thread 3 ] DEBUG Engine               - devShowPositionProperty: BooleanProperty [value: false]
09:59:52.469 [FXGL Background Thread 3 ] DEBUG Engine               - enabledMenuItems: []
09:59:52.470 [FXGL Background Thread 3 ] DEBUG Engine               - engineServices: [class com.almasb.fxgl.app.services.FXGLAssetLoaderService, class com.almasb.fxgl.app.FXGLApplication$GameApplicationService, class com.almasb.fxgl.app.services.FXGLDialogService, class com.almasb.fxgl.app.services.IOTaskExecutorService, class com.almasb.fxgl.io.FileSystemService, class com.almasb.fxgl.localization.LocalizationService, class com.almasb.fxgl.app.services.SystemBundleService, class com.almasb.fxgl.profile.SaveLoadService, class com.almasb.fxgl.ui.FXGLUIFactoryServiceProvider, class com.almasb.fxgl.ui.FXGLDialogFactoryServiceProvider, class com.almasb.fxgl.audio.AudioPlayer, class com.almasb.fxgl.notification.impl.NotificationServiceProvider, class com.almasb.fxgl.achievement.AchievementService, class com.almasb.fxgl.cutscene.CutsceneService, class com.almasb.fxgl.minigames.MiniGameService, class com.almasb.fxgl.net.NetService, class com.almasb.fxgl.app.services.UpdaterService, class com.almasb.fxgl.dev.DevService]
09:59:52.470 [FXGL Background Thread 3 ] DEBUG Engine               - fontGame: Abel-Regular.ttf
09:59:52.470 [FXGL Background Thread 3 ] DEBUG Engine               - fontMono: TerminalLandMono-Regular.otf
09:59:52.470 [FXGL Background Thread 3 ] DEBUG Engine               - fontSizeScaleUI: 1.0
09:59:52.470 [FXGL Background Thread 3 ] DEBUG Engine               - fontText: Courier-Prime.ttf
09:59:52.470 [FXGL Background Thread 3 ] DEBUG Engine               - fontUI: VarelaRound-Regular.ttf
09:59:52.470 [FXGL Background Thread 3 ] DEBUG Engine               - fullScreen: BooleanProperty [value: false]
09:59:52.471 [FXGL Background Thread 3 ] DEBUG Engine               - gameDifficulty: MEDIUM
09:59:52.471 [FXGL Background Thread 3 ] DEBUG Engine               - gameDifficultyProperty: ObjectProperty [value: MEDIUM]
09:59:52.473 [FXGL Background Thread 3 ] DEBUG Engine               - globalMusicVolume: 0.5
09:59:52.473 [FXGL Background Thread 3 ] DEBUG Engine               - globalMusicVolumeProperty: DoubleProperty [value: 0.5]
09:59:52.473 [FXGL Background Thread 3 ] DEBUG Engine               - globalSoundVolume: 0.5
09:59:52.474 [FXGL Background Thread 3 ] DEBUG Engine               - globalSoundVolumeProperty: DoubleProperty [value: 0.5]
09:59:52.474 [FXGL Background Thread 3 ] DEBUG Engine               - height: 800
09:59:52.474 [FXGL Background Thread 3 ] DEBUG Engine               - is3D: false
09:59:52.474 [FXGL Background Thread 3 ] DEBUG Engine               - isAndroid: false
09:59:52.474 [FXGL Background Thread 3 ] DEBUG Engine               - isBrowser: false
09:59:52.474 [FXGL Background Thread 3 ] DEBUG Engine               - isClickFeedbackEnabled: false
09:59:52.474 [FXGL Background Thread 3 ] DEBUG Engine               - isCloseConfirmation: false
09:59:52.474 [FXGL Background Thread 3 ] DEBUG Engine               - isDesktop: true
09:59:52.475 [FXGL Background Thread 3 ] DEBUG Engine               - isDeveloperMenuEnabled: false
09:59:52.475 [FXGL Background Thread 3 ] DEBUG Engine               - isEmbedded: false
09:59:52.475 [FXGL Background Thread 3 ] DEBUG Engine               - isEntityPreloadEnabled: true
09:59:52.475 [FXGL Background Thread 3 ] DEBUG Engine               - isExperimentalTiledLargeMap: false
09:59:52.475 [FXGL Background Thread 3 ] DEBUG Engine               - isFileSystemWriteAllowed: true
09:59:52.475 [FXGL Background Thread 3 ] DEBUG Engine               - isFullScreenAllowed: false
09:59:52.475 [FXGL Background Thread 3 ] DEBUG Engine               - isFullScreenFromStart: false
09:59:52.476 [FXGL Background Thread 3 ] DEBUG Engine               - isGameMenuEnabled: true
09:59:52.476 [FXGL Background Thread 3 ] DEBUG Engine               - isIOS: false
09:59:52.476 [FXGL Background Thread 3 ] DEBUG Engine               - isIntroEnabled: false
09:59:52.476 [FXGL Background Thread 3 ] DEBUG Engine               - isLinux: false
09:59:52.476 [FXGL Background Thread 3 ] DEBUG Engine               - isMac: false
09:59:52.476 [FXGL Background Thread 3 ] DEBUG Engine               - isMainMenuEnabled: false
09:59:52.476 [FXGL Background Thread 3 ] DEBUG Engine               - isManualResizeEnabled: false
09:59:52.477 [FXGL Background Thread 3 ] DEBUG Engine               - isMobile: false
09:59:52.477 [FXGL Background Thread 3 ] DEBUG Engine               - isNative: false
09:59:52.477 [FXGL Background Thread 3 ] DEBUG Engine               - isPauseMusicWhenMinimized: true
09:59:52.477 [FXGL Background Thread 3 ] DEBUG Engine               - isPreserveResizeRatio: false
09:59:52.477 [FXGL Background Thread 3 ] DEBUG Engine               - isProfilingEnabled: false
09:59:52.477 [FXGL Background Thread 3 ] DEBUG Engine               - isScaleAffectedOnResize: true
09:59:52.477 [FXGL Background Thread 3 ] DEBUG Engine               - isSingleStep: false
09:59:52.477 [FXGL Background Thread 3 ] DEBUG Engine               - isUserProfileEnabled: false
09:59:52.478 [FXGL Background Thread 3 ] DEBUG Engine               - isWindows: true
09:59:52.478 [FXGL Background Thread 3 ] DEBUG Engine               - language: ObjectProperty [value: ENGLISH]
09:59:52.478 [FXGL Background Thread 3 ] DEBUG Engine               - menuKey: ESCAPE
09:59:52.478 [FXGL Background Thread 3 ] DEBUG Engine               - mouseSensitivity: 0.2
09:59:52.478 [FXGL Background Thread 3 ] DEBUG Engine               - notificationViewClass: class com.almasb.fxgl.notification.view.XboxNotificationView
09:59:52.478 [FXGL Background Thread 3 ] DEBUG Engine               - pixelsPerMeter: 50.0
09:59:52.478 [FXGL Background Thread 3 ] DEBUG Engine               - platform: WINDOWS
09:59:52.479 [FXGL Background Thread 3 ] DEBUG Engine               - prefHeightProperty: ReadOnlyDoubleProperty [value: 800.0]
09:59:52.479 [FXGL Background Thread 3 ] DEBUG Engine               - prefWidthProperty: ReadOnlyDoubleProperty [value: 1500.0]
09:59:52.479 [FXGL Background Thread 3 ] DEBUG Engine               - profileDir: profiles/
09:59:52.479 [FXGL Background Thread 3 ] DEBUG Engine               - profileName: StringProperty [value: DEFAULT]
09:59:52.479 [FXGL Background Thread 3 ] DEBUG Engine               - randomSeed: -1
09:59:52.480 [FXGL Background Thread 3 ] DEBUG Engine               - runtimeInfo: RuntimeInfo(platform=WINDOWS, version=17.3, build=30.03.2023 11.49)
09:59:52.480 [FXGL Background Thread 3 ] DEBUG Engine               - saveFileExt: sav
09:59:52.480 [FXGL Background Thread 3 ] DEBUG Engine               - scaledHeightProp$fxgl: DoubleProperty [bound, value: 728.0]
09:59:52.481 [FXGL Background Thread 3 ] DEBUG Engine               - scaledWidthProp$fxgl: DoubleProperty [bound, value: 1340.0]
09:59:52.481 [FXGL Background Thread 3 ] DEBUG Engine               - sceneFactory: com.almasb.fxgl.app.scene.SceneFactory@17a30507
09:59:52.481 [FXGL Background Thread 3 ] DEBUG Engine               - secondsIn24h: 60
09:59:52.481 [FXGL Background Thread 3 ] DEBUG Engine               - soundMenuBack: menu/back.wav
09:59:52.481 [FXGL Background Thread 3 ] DEBUG Engine               - soundMenuPress: menu/press.wav
09:59:52.481 [FXGL Background Thread 3 ] DEBUG Engine               - soundMenuSelect: menu/select.wav
09:59:52.481 [FXGL Background Thread 3 ] DEBUG Engine               - soundNotification: core/notification.wav
09:59:52.481 [FXGL Background Thread 3 ] DEBUG Engine               - stageStyle: DECORATED
09:59:52.482 [FXGL Background Thread 3 ] DEBUG Engine               - supportedLanguages: [ENGLISH, FRENCH, GERMAN, HUNGARIAN, RUSSIAN]
09:59:52.482 [FXGL Background Thread 3 ] DEBUG Engine               - ticksPerSecond: -1
09:59:52.482 [FXGL Background Thread 3 ] DEBUG Engine               - title: Galactic Odyssey
09:59:52.482 [FXGL Background Thread 3 ] DEBUG Engine               - urlGithub: https://github.com/AlmasB/FXGL
09:59:52.482 [FXGL Background Thread 3 ] DEBUG Engine               - urlLeaderboard: http://fxgl-top.herokuapp.com/
09:59:52.482 [FXGL Background Thread 3 ] DEBUG Engine               - urlPOM: https://raw.githubusercontent.com/AlmasB/FXGL/release/README.md
09:59:52.482 [FXGL Background Thread 3 ] DEBUG Engine               - userAppClass: class App.App
09:59:52.482 [FXGL Background Thread 3 ] DEBUG Engine               - version: 0.0
09:59:52.482 [FXGL Background Thread 3 ] DEBUG Engine               - versionCheckDays: 7
09:59:52.483 [FXGL Background Thread 3 ] DEBUG Engine               - width: 1500
09:59:52.483 [FXGL Background Thread 3 ] DEBUG Engine               - Logging services
09:59:52.484 [FXGL Background Thread 3 ] DEBUG Engine               - class com.almasb.fxgl.app.services.FXGLAssetLoaderService
09:59:52.484 [FXGL Background Thread 3 ] DEBUG Engine               - class com.almasb.fxgl.app.FXGLApplication$GameApplicationService
09:59:52.484 [FXGL Background Thread 3 ] DEBUG Engine               - class com.almasb.fxgl.app.services.FXGLDialogService
09:59:52.484 [FXGL Background Thread 3 ] DEBUG Engine               - class com.almasb.fxgl.app.services.IOTaskExecutorService
09:59:52.484 [FXGL Background Thread 3 ] DEBUG Engine               - class com.almasb.fxgl.io.FileSystemService
09:59:52.484 [FXGL Background Thread 3 ] DEBUG Engine               - class com.almasb.fxgl.localization.LocalizationService
09:59:52.485 [FXGL Background Thread 3 ] DEBUG Engine               - class com.almasb.fxgl.app.services.SystemBundleService
09:59:52.485 [FXGL Background Thread 3 ] DEBUG Engine               - class com.almasb.fxgl.profile.SaveLoadService
09:59:52.485 [FXGL Background Thread 3 ] DEBUG Engine               - class com.almasb.fxgl.ui.FXGLUIFactoryServiceProvider
09:59:52.485 [FXGL Background Thread 3 ] DEBUG Engine               - class com.almasb.fxgl.ui.FXGLDialogFactoryServiceProvider
09:59:52.485 [FXGL Background Thread 3 ] DEBUG Engine               - class com.almasb.fxgl.audio.AudioPlayer
09:59:52.485 [FXGL Background Thread 3 ] DEBUG Engine               - class com.almasb.fxgl.notification.impl.NotificationServiceProvider
09:59:52.485 [FXGL Background Thread 3 ] DEBUG Engine               - class com.almasb.fxgl.achievement.AchievementService
09:59:52.485 [FXGL Background Thread 3 ] DEBUG Engine               - class com.almasb.fxgl.cutscene.CutsceneService
09:59:52.485 [FXGL Background Thread 3 ] DEBUG Engine               - class com.almasb.fxgl.minigames.MiniGameService
09:59:52.486 [FXGL Background Thread 3 ] DEBUG Engine               - class com.almasb.fxgl.net.NetService
09:59:52.486 [FXGL Background Thread 3 ] DEBUG Engine               - class com.almasb.fxgl.app.services.UpdaterService
09:59:52.486 [FXGL Background Thread 3 ] DEBUG Engine               - class com.almasb.fxgl.dev.DevService
09:59:52.517 [JavaFX Application Thread] DEBUG GameWorld            - Clearing removable entities
09:59:52.518 [JavaFX Application Thread] DEBUG GameWorld            - Setting level: com.almasb.fxgl.entity.level.Level@37c2128b
09:59:52.542 [JavaFX Application Thread] DEBUG Input                - Registered new binding: Move Right - D
09:59:52.543 [JavaFX Application Thread] DEBUG Input                - Registered new binding: Move Left - A
09:59:52.543 [JavaFX Application Thread] DEBUG Input                - Registered new binding: Move Up - W
09:59:52.543 [JavaFX Application Thread] DEBUG Input                - Registered new binding: Move Down - S
09:59:52.608 [FXGL Background Thread 2 ] INFO  UpdaterService       - Your current version:  17.3
09:59:52.609 [FXGL Background Thread 2 ] INFO  UpdaterService       - Latest stable version: 21.1
09:59:54.370 [JavaFX Application Thread] DEBUG FXGLApplication      - Exiting FXGL
09:59:54.370 [JavaFX Application Thread] DEBUG LoopRunner           - Stopping loop
09:59:54.370 [JavaFX Application Thread] DEBUG SystemBundleService  - Saving FXGL system data
09:59:54.373 [JavaFX Application Thread] DEBUG FileSystemAccess     - Writing to: C:\Users\Jonathan\Documents\Galactic odyssey\system\fxgl.bundle
09:59:54.376 [JavaFX Application Thread] DEBUG Async                - Shutting down background threads
09:59:54.376 [JavaFX Application Thread] DEBUG PrimaryStageWindow   - Closing main window
09:59:54.413 [JavaFX Application Thread] DEBUG Logger               - Closing Logger
