20:06:09.988 [main                     ] DEBUG Logger               - Configured Logger
20:06:10.074 [main                     ] DEBUG GameApplication      - Logging settings
Title: Galactic Odyssey
Version: 0.0.1
Width: 800
Height: 617
Fullscreen: true
Intro: false
Profiling: false
Single step:false
App Mode: DEVELOPER
Menu Key: ESCAPE
Stage Style: DECORATED
Scene Factory: class App.App$1

20:06:10.592 [JavaFX Application Thread] DEBUG FXGLApplication      - Initializing FXGL
20:06:10.603 [JavaFX Application Thread] INFO  Engine               - FXGL-17.3 (30.03.2023 11.49) on WINDOWS (J:17.0.12 FX:17.0.2-ea)
20:06:10.604 [JavaFX Application Thread] DEBUG Engine               - JRE Vendor Name: Oracle Corporation
20:06:10.605 [JavaFX Application Thread] DEBUG Engine               - Running on OS: Windows 10 version 10.0
20:06:10.606 [JavaFX Application Thread] DEBUG Engine               - Architecture: amd64
20:06:10.606 [JavaFX Application Thread] INFO  Engine               - Source code and latest versions at: https://github.com/AlmasB/FXGL
20:06:10.606 [JavaFX Application Thread] INFO  Engine               -       Ask questions and discuss at: https://github.com/AlmasB/FXGL/discussions
20:06:10.607 [JavaFX Application Thread] INFO  Engine               -              Join the FXGL chat at: https://gitter.im/AlmasB/FXGL
20:06:10.775 [JavaFX Application Thread] DEBUG PrimaryStageWindow   - Creating a JavaFX scene
20:06:10.855 [JavaFX Application Thread] DEBUG PrimaryStageWindow   - Target settings size: 800.0 x 617.0
20:06:10.855 [JavaFX Application Thread] DEBUG PrimaryStageWindow   - Scaled scene size:    800.0 x 617.0
20:06:10.856 [JavaFX Application Thread] DEBUG PrimaryStageWindow   - Scaled ratio: (1.0, 1.0)
20:06:10.858 [JavaFX Application Thread] DEBUG PrimaryStageWindow   - Set initial scene to FXGLStartupScene
20:06:10.876 [JavaFX Application Thread] DEBUG PrimaryStageWindow   - Opening main window
20:06:11.021 [JavaFX Application Thread] DEBUG PrimaryStageWindow   - Window border size: (16.0, 39.0)
20:06:11.022 [JavaFX Application Thread] DEBUG PrimaryStageWindow   - Scaled size: 800.0 x 617.0
20:06:11.023 [JavaFX Application Thread] DEBUG PrimaryStageWindow   - Scaled ratio: (1.0, 1.0)
20:06:11.023 [JavaFX Application Thread] DEBUG PrimaryStageWindow   - Scene size: 800.0 x 617.0
20:06:11.024 [JavaFX Application Thread] DEBUG PrimaryStageWindow   - Stage size: 816.0 x 656.0
20:06:11.122 [JavaFX Application Thread] DEBUG PrimaryStageWindow   - Going fullscreen
20:06:11.139 [FXGL Background Thread 1 ] DEBUG Engine               - Initializing environment variables
20:06:11.215 [FXGL Background Thread 1 ] DEBUG FXGLAssetLoaderServi - User app class for loading assets: class App.App
20:06:11.216 [FXGL Background Thread 1 ] DEBUG GameApplicationServi - Applying CSS: fxgl_dark.css
20:06:11.218 [FXGL Background Thread 1 ] DEBUG FXGLAssetLoaderServi - Loading from file system: jar:file:///C:/Users/Jonathan/.m2/repository/com/github/almasb/fxgl/17.3/fxgl-17.3.jar!/fxglassets/ui/css/fxgl_dark.css
20:06:11.339 [FXGL Background Thread 1 ] DEBUG GameApplicationServi - Initializing application scenes
20:06:11.531 [FXGL Background Thread 1 ] DEBUG GameWorld            - Game world initialized
20:06:11.660 [FXGL Background Thread 1 ] DEBUG PhysicsWorld         - Physics world initialized: appHeight=617, physics.ppm=50,0
20:06:11.661 [FXGL Background Thread 1 ] DEBUG PhysicsWorld         - Using strategy: BRUTE_FORCE
20:06:11.670 [FXGL Background Thread 1 ] DEBUG GameScene            - Game scene initialized: 800x617
20:06:11.689 [FXGL Background Thread 1 ] DEBUG FXGL.DefaultMenu     - createMenuBodyGameMenu()
20:06:11.715 [FXGL Background Thread 1 ] DEBUG FXGL.DefaultMenu     - createOptionsMenu()
20:06:11.736 [FXGL Background Thread 1 ] DEBUG FXGLAssetLoaderServi - Loading from file system: jar:file:///C:/Users/Jonathan/.m2/repository/com/github/almasb/fxgl/17.3/fxgl-17.3.jar!/fxglassets/textures/particles/smoke.png
20:06:11.944 [FXGL Background Thread 1 ] DEBUG FXGLAssetLoaderServi - Loading from file system: jar:file:///C:/Users/Jonathan/.m2/repository/com/github/almasb/fxgl/17.3/fxgl-17.3.jar!/fxglassets/textures/particles/trace_horizontal.png
20:06:12.000 [FXGL Background Thread 1 ] DEBUG GameApplicationServi - Application scenes initialized
20:06:12.026 [FXGL Background Thread 1 ] DEBUG SystemBundleService  - Loading FXGL system data
20:06:12.035 [FXGL Background Thread 1 ] DEBUG FileSystemAccess     - Reading from: C:\Users\Jonathan\Desktop\Galactic odyssey\system\fxgl.bundle
20:06:12.048 [FXGL Background Thread 1 ] DEBUG SystemBundleService  - Bundle FXGL: {}
20:06:12.049 [FXGL Background Thread 1 ] DEBUG UpdaterService       - Checking for updates
20:06:12.058 [FXGL Background Thread 4 ] DEBUG FXGLApplication      - Loading fonts
20:06:12.059 [FXGL Background Thread 1 ] DEBUG FXGLApplication      - Loading default localization
20:06:12.059 [FXGL Background Thread 4 ] DEBUG FXGLAssetLoaderServi - Loading from file system: jar:file:///C:/Users/Jonathan/.m2/repository/com/github/almasb/fxgl/17.3/fxgl-17.3.jar!/fxglassets/ui/fonts/VarelaRound-Regular.ttf
20:06:12.060 [FXGL Background Thread 1 ] DEBUG FXGLAssetLoaderServi - Loading from file system: jar:file:///C:/Users/Jonathan/.m2/repository/com/github/almasb/fxgl/17.3/fxgl-17.3.jar!/fxglassets/languages/english.lang
20:06:12.117 [FXGL Background Thread 1 ] INFO  FXGLApplication      - FXGL initialization took: 0,978 sec
20:06:12.120 [JavaFX Application Thread] DEBUG FXGLAssetLoaderServi - Loading from file system: jar:file:///C:/Users/Jonathan/.m2/repository/com/github/almasb/fxgl/17.3/fxgl-17.3.jar!/fxglassets/textures/fxgl_icon.png
20:06:12.174 [JavaFX Application Thread] DEBUG FXGLAssetLoaderServi - Loading from file system: jar:file:///C:/Users/Jonathan/.m2/repository/com/github/almasb/fxgl/17.3/fxgl-17.3.jar!/fxglassets/textures/fxgl_default_cursor.png
20:06:12.197 [JavaFX Application Thread] DEBUG Input                - Registered new binding: Screenshot - CTRL+8
20:06:12.199 [JavaFX Application Thread] DEBUG Input                - Registered new binding: System info dump - CTRL+9
20:06:12.200 [JavaFX Application Thread] DEBUG Input                - Registered new binding: Restart - CTRL+R
20:06:12.201 [JavaFX Application Thread] DEBUG Input                - Registered new binding: Toggle Debug Camera - CTRL+7
20:06:12.207 [JavaFX Application Thread] DEBUG LoopRunner           - Starting loop
20:06:12.207 [JavaFX Application Thread] DEBUG LoopRunner           - Initializing JavaFX AnimationTimerLoop
20:06:12.210 [JavaFX Application Thread] DEBUG GameApplicationServi - Starting new game
20:06:12.213 [JavaFX Application Thread] DEBUG Input                - Clearing active input actions
20:06:12.249 [JavaFX Application Thread] DEBUG GameApplicationServi - Removing overlay from FXGLStartupScene and adding to MyLoadingScene
20:06:12.250 [JavaFX Application Thread] DEBUG PrimaryStageWindow   - FXGLStartupScene -> MyLoadingScene
20:06:12.251 [JavaFX Application Thread] DEBUG GameApplicationServi - Clearing previous game
20:06:12.251 [JavaFX Application Thread] DEBUG GameScene            - Clearing game scene
20:06:12.251 [JavaFX Application Thread] DEBUG GameWorld            - Clearing game world
20:06:12.251 [JavaFX Application Thread] DEBUG PhysicsWorld         - Clearing physics world
20:06:12.253 [FXGL Background Thread 1 ] DEBUG FXGLApplication      - Initializing game
20:06:12.272 [FXGL Background Thread 1 ] DEBUG FXGLAssetLoaderServi - Loading from file system: file:/C:/Users/Jonathan/Desktop/Galactic%20odyssey/target/classes/assets/textures/fondo_menu.png
20:06:12.317 [FXGL Background Thread 1 ] DEBUG FXGLAssetLoaderServi - Loading from file system: file:/C:/Users/Jonathan/Desktop/Galactic%20odyssey/target/classes/assets/music/intro.mp3
20:06:12.637 [FXGL Background Thread 4 ] DEBUG FXGLAssetLoaderServi - Loading from file system: jar:file:///C:/Users/Jonathan/.m2/repository/com/github/almasb/fxgl/17.3/fxgl-17.3.jar!/fxglassets/ui/fonts/Abel-Regular.ttf
20:06:12.664 [FXGL Background Thread 4 ] DEBUG FXGLAssetLoaderServi - Loading from file system: jar:file:///C:/Users/Jonathan/.m2/repository/com/github/almasb/fxgl/17.3/fxgl-17.3.jar!/fxglassets/ui/fonts/TerminalLandMono-Regular.otf
20:06:12.676 [FXGL Background Thread 1 ] DEBUG AudioPlayer          - Playing music com.almasb.fxgl.audio.Music@45d92a58
20:06:12.687 [FXGL Background Thread 4 ] DEBUG FXGLAssetLoaderServi - Loading from file system: jar:file:///C:/Users/Jonathan/.m2/repository/com/github/almasb/fxgl/17.3/fxgl-17.3.jar!/fxglassets/ui/fonts/Courier-Prime.ttf
20:06:12.698 [FXGL Background Thread 1 ] INFO  FXGLApplication      - Game initialization took: 0,445 sec
20:06:12.699 [JavaFX Application Thread] DEBUG Input                - Clearing active input actions
20:06:12.740 [JavaFX Application Thread] DEBUG GameApplicationServi - Removing overlay from MyLoadingScene and adding to GameScene
20:06:12.741 [JavaFX Application Thread] DEBUG PrimaryStageWindow   - MyLoadingScene -> GameScene
20:06:12.819 [JavaFX Application Thread] DEBUG FXGLApplication      - Registering font factories with UI factory
20:06:15.055 [FXGL Background Thread 3 ] DEBUG Engine               - Logging environment variables
20:06:15.059 [FXGL Background Thread 3 ] DEBUG Engine               - achievements: []
20:06:15.061 [FXGL Background Thread 3 ] DEBUG Engine               - actualHeight: 768.0
20:06:15.062 [FXGL Background Thread 3 ] DEBUG Engine               - actualHeightProperty: ReadOnlyDoubleProperty [value: 768.0]
20:06:15.063 [FXGL Background Thread 3 ] DEBUG Engine               - actualWidth: 1366.0
20:06:15.064 [FXGL Background Thread 3 ] DEBUG Engine               - actualWidthProperty: ReadOnlyDoubleProperty [value: 1366.0]
20:06:15.064 [FXGL Background Thread 3 ] DEBUG Engine               - appIcon: fxgl_icon.png
20:06:15.064 [FXGL Background Thread 3 ] DEBUG Engine               - applicationMode: DEVELOPER
20:06:15.065 [FXGL Background Thread 3 ] DEBUG Engine               - cSSList: [fxgl_dark.css]
20:06:15.065 [FXGL Background Thread 3 ] DEBUG Engine               - collisionDetectionStrategy: BRUTE_FORCE
20:06:15.066 [FXGL Background Thread 3 ] DEBUG Engine               - configClass: Optional.empty
20:06:15.066 [FXGL Background Thread 3 ] DEBUG Engine               - credits: []
20:06:15.068 [FXGL Background Thread 3 ] DEBUG Engine               - defaultCursor: CursorInfo(imageName=fxgl_default_cursor.png, hotspotX=7.0, hotspotY=6.0)
20:06:15.069 [FXGL Background Thread 3 ] DEBUG Engine               - devBBoxColorProperty: ObjectProperty [value: 0xff0000ff]
20:06:15.070 [FXGL Background Thread 3 ] DEBUG Engine               - devEnableDebugCameraProperty: BooleanProperty [value: false]
20:06:15.072 [FXGL Background Thread 3 ] DEBUG Engine               - devSensorColorProperty: ObjectProperty [value: 0xffff00ff]
20:06:15.073 [FXGL Background Thread 3 ] DEBUG Engine               - devShowBBoxProperty: BooleanProperty [value: false]
20:06:15.073 [FXGL Background Thread 3 ] DEBUG Engine               - devShowPositionProperty: BooleanProperty [value: false]
20:06:15.074 [FXGL Background Thread 3 ] DEBUG Engine               - enabledMenuItems: []
20:06:15.075 [FXGL Background Thread 3 ] DEBUG Engine               - engineServices: [class com.almasb.fxgl.app.services.FXGLAssetLoaderService, class com.almasb.fxgl.app.FXGLApplication$GameApplicationService, class com.almasb.fxgl.app.services.FXGLDialogService, class com.almasb.fxgl.app.services.IOTaskExecutorService, class com.almasb.fxgl.io.FileSystemService, class com.almasb.fxgl.localization.LocalizationService, class com.almasb.fxgl.app.services.SystemBundleService, class com.almasb.fxgl.profile.SaveLoadService, class com.almasb.fxgl.ui.FXGLUIFactoryServiceProvider, class com.almasb.fxgl.ui.FXGLDialogFactoryServiceProvider, class com.almasb.fxgl.audio.AudioPlayer, class com.almasb.fxgl.notification.impl.NotificationServiceProvider, class com.almasb.fxgl.achievement.AchievementService, class com.almasb.fxgl.cutscene.CutsceneService, class com.almasb.fxgl.minigames.MiniGameService, class com.almasb.fxgl.net.NetService, class com.almasb.fxgl.app.services.UpdaterService, class com.almasb.fxgl.dev.DevService]
20:06:15.075 [FXGL Background Thread 3 ] DEBUG Engine               - fontGame: Abel-Regular.ttf
20:06:15.076 [FXGL Background Thread 3 ] DEBUG Engine               - fontMono: TerminalLandMono-Regular.otf
20:06:15.076 [FXGL Background Thread 3 ] DEBUG Engine               - fontSizeScaleUI: 1.0
20:06:15.076 [FXGL Background Thread 3 ] DEBUG Engine               - fontText: Courier-Prime.ttf
20:06:15.077 [FXGL Background Thread 3 ] DEBUG Engine               - fontUI: VarelaRound-Regular.ttf
20:06:15.077 [FXGL Background Thread 3 ] DEBUG Engine               - fullScreen: BooleanProperty [value: true]
20:06:15.077 [FXGL Background Thread 3 ] DEBUG Engine               - gameDifficulty: MEDIUM
20:06:15.078 [FXGL Background Thread 3 ] DEBUG Engine               - gameDifficultyProperty: ObjectProperty [value: MEDIUM]
20:06:15.078 [FXGL Background Thread 3 ] DEBUG Engine               - globalMusicVolume: 0.5
20:06:15.079 [FXGL Background Thread 3 ] DEBUG Engine               - globalMusicVolumeProperty: DoubleProperty [value: 0.5]
20:06:15.079 [FXGL Background Thread 3 ] DEBUG Engine               - globalSoundVolume: 0.5
20:06:15.079 [FXGL Background Thread 3 ] DEBUG Engine               - globalSoundVolumeProperty: DoubleProperty [value: 0.5]
20:06:15.081 [FXGL Background Thread 3 ] DEBUG Engine               - height: 617
20:06:15.084 [FXGL Background Thread 3 ] DEBUG Engine               - is3D: false
20:06:15.084 [FXGL Background Thread 3 ] DEBUG Engine               - isAndroid: false
20:06:15.085 [FXGL Background Thread 3 ] DEBUG Engine               - isBrowser: false
20:06:15.086 [FXGL Background Thread 3 ] DEBUG Engine               - isClickFeedbackEnabled: false
20:06:15.086 [FXGL Background Thread 3 ] DEBUG Engine               - isCloseConfirmation: false
20:06:15.086 [FXGL Background Thread 3 ] DEBUG Engine               - isDesktop: true
20:06:15.087 [FXGL Background Thread 3 ] DEBUG Engine               - isDeveloperMenuEnabled: false
20:06:15.087 [FXGL Background Thread 3 ] DEBUG Engine               - isEmbedded: false
20:06:15.088 [FXGL Background Thread 3 ] DEBUG Engine               - isEntityPreloadEnabled: true
20:06:15.088 [FXGL Background Thread 3 ] DEBUG Engine               - isExperimentalTiledLargeMap: false
20:06:15.088 [FXGL Background Thread 3 ] DEBUG Engine               - isFileSystemWriteAllowed: true
20:06:15.089 [FXGL Background Thread 3 ] DEBUG Engine               - isFullScreenAllowed: true
20:06:15.089 [FXGL Background Thread 3 ] DEBUG Engine               - isFullScreenFromStart: true
20:06:15.089 [FXGL Background Thread 3 ] DEBUG Engine               - isGameMenuEnabled: true
20:06:15.090 [FXGL Background Thread 3 ] DEBUG Engine               - isIOS: false
20:06:15.091 [FXGL Background Thread 3 ] DEBUG Engine               - isIntroEnabled: false
20:06:15.091 [FXGL Background Thread 3 ] DEBUG Engine               - isLinux: false
20:06:15.092 [FXGL Background Thread 3 ] DEBUG Engine               - isMac: false
20:06:15.092 [FXGL Background Thread 3 ] DEBUG Engine               - isMainMenuEnabled: false
20:06:15.096 [FXGL Background Thread 3 ] DEBUG Engine               - isManualResizeEnabled: false
20:06:15.097 [FXGL Background Thread 3 ] DEBUG Engine               - isMobile: false
20:06:15.097 [FXGL Background Thread 3 ] DEBUG Engine               - isNative: false
20:06:15.097 [FXGL Background Thread 3 ] DEBUG Engine               - isPauseMusicWhenMinimized: true
20:06:15.097 [FXGL Background Thread 3 ] DEBUG Engine               - isPreserveResizeRatio: false
20:06:15.097 [FXGL Background Thread 3 ] DEBUG Engine               - isProfilingEnabled: false
20:06:15.097 [FXGL Background Thread 3 ] DEBUG Engine               - isScaleAffectedOnResize: true
20:06:15.098 [FXGL Background Thread 3 ] DEBUG Engine               - isSingleStep: false
20:06:15.098 [FXGL Background Thread 3 ] DEBUG Engine               - isUserProfileEnabled: false
20:06:15.098 [FXGL Background Thread 3 ] DEBUG Engine               - isWindows: true
20:06:15.098 [FXGL Background Thread 3 ] DEBUG Engine               - language: ObjectProperty [value: ENGLISH]
20:06:15.098 [FXGL Background Thread 3 ] DEBUG Engine               - menuKey: ESCAPE
20:06:15.098 [FXGL Background Thread 3 ] DEBUG Engine               - mouseSensitivity: 0.2
20:06:15.098 [FXGL Background Thread 3 ] DEBUG Engine               - notificationViewClass: class com.almasb.fxgl.notification.view.XboxNotificationView
20:06:15.098 [FXGL Background Thread 3 ] DEBUG Engine               - pixelsPerMeter: 50.0
20:06:15.099 [FXGL Background Thread 3 ] DEBUG Engine               - platform: WINDOWS
20:06:15.099 [FXGL Background Thread 3 ] DEBUG Engine               - prefHeightProperty: ReadOnlyDoubleProperty [value: 617.0]
20:06:15.099 [FXGL Background Thread 3 ] DEBUG Engine               - prefWidthProperty: ReadOnlyDoubleProperty [value: 800.0]
20:06:15.099 [FXGL Background Thread 3 ] DEBUG Engine               - profileDir: profiles/
20:06:15.099 [FXGL Background Thread 3 ] DEBUG Engine               - profileName: StringProperty [value: DEFAULT]
20:06:15.100 [FXGL Background Thread 3 ] DEBUG Engine               - randomSeed: -1
20:06:15.101 [FXGL Background Thread 3 ] DEBUG Engine               - runtimeInfo: RuntimeInfo(platform=WINDOWS, version=17.3, build=30.03.2023 11.49)
20:06:15.101 [FXGL Background Thread 3 ] DEBUG Engine               - saveFileExt: sav
20:06:15.102 [FXGL Background Thread 3 ] DEBUG Engine               - scaledHeightProp$fxgl: DoubleProperty [bound, value: 768.0]
20:06:15.102 [FXGL Background Thread 3 ] DEBUG Engine               - scaledWidthProp$fxgl: DoubleProperty [bound, value: 1366.0]
20:06:15.102 [FXGL Background Thread 3 ] DEBUG Engine               - sceneFactory: App.App$1@d42497
20:06:15.102 [FXGL Background Thread 3 ] DEBUG Engine               - secondsIn24h: 60
20:06:15.102 [FXGL Background Thread 3 ] DEBUG Engine               - soundMenuBack: menu/back.wav
20:06:15.102 [FXGL Background Thread 3 ] DEBUG Engine               - soundMenuPress: menu/press.wav
20:06:15.102 [FXGL Background Thread 3 ] DEBUG Engine               - soundMenuSelect: menu/select.wav
20:06:15.103 [FXGL Background Thread 3 ] DEBUG Engine               - soundNotification: core/notification.wav
20:06:15.103 [FXGL Background Thread 3 ] DEBUG Engine               - stageStyle: DECORATED
20:06:15.103 [FXGL Background Thread 3 ] DEBUG Engine               - supportedLanguages: [ENGLISH, FRENCH, GERMAN, HUNGARIAN, RUSSIAN]
20:06:15.103 [FXGL Background Thread 3 ] DEBUG Engine               - ticksPerSecond: -1
20:06:15.103 [FXGL Background Thread 3 ] DEBUG Engine               - title: Galactic Odyssey
20:06:15.103 [FXGL Background Thread 3 ] DEBUG Engine               - urlGithub: https://github.com/AlmasB/FXGL
20:06:15.103 [FXGL Background Thread 3 ] DEBUG Engine               - urlLeaderboard: http://fxgl-top.herokuapp.com/
20:06:15.104 [FXGL Background Thread 3 ] DEBUG Engine               - urlPOM: https://raw.githubusercontent.com/AlmasB/FXGL/release/README.md
20:06:15.104 [FXGL Background Thread 3 ] DEBUG Engine               - userAppClass: class App.App
20:06:15.104 [FXGL Background Thread 3 ] DEBUG Engine               - version: 0.0.1
20:06:15.104 [FXGL Background Thread 3 ] DEBUG Engine               - versionCheckDays: 7
20:06:15.104 [FXGL Background Thread 3 ] DEBUG Engine               - width: 800
20:06:15.104 [FXGL Background Thread 3 ] DEBUG Engine               - Logging services
20:06:15.104 [FXGL Background Thread 3 ] DEBUG Engine               - class com.almasb.fxgl.app.services.FXGLAssetLoaderService
20:06:15.105 [FXGL Background Thread 3 ] DEBUG Engine               - class com.almasb.fxgl.app.FXGLApplication$GameApplicationService
20:06:15.105 [FXGL Background Thread 3 ] DEBUG Engine               - class com.almasb.fxgl.app.services.FXGLDialogService
20:06:15.105 [FXGL Background Thread 3 ] DEBUG Engine               - class com.almasb.fxgl.app.services.IOTaskExecutorService
20:06:15.105 [FXGL Background Thread 3 ] DEBUG Engine               - class com.almasb.fxgl.io.FileSystemService
20:06:15.105 [FXGL Background Thread 3 ] DEBUG Engine               - class com.almasb.fxgl.localization.LocalizationService
20:06:15.105 [FXGL Background Thread 3 ] DEBUG Engine               - class com.almasb.fxgl.app.services.SystemBundleService
20:06:15.105 [FXGL Background Thread 3 ] DEBUG Engine               - class com.almasb.fxgl.profile.SaveLoadService
20:06:15.105 [FXGL Background Thread 3 ] DEBUG Engine               - class com.almasb.fxgl.ui.FXGLUIFactoryServiceProvider
20:06:15.106 [FXGL Background Thread 3 ] DEBUG Engine               - class com.almasb.fxgl.ui.FXGLDialogFactoryServiceProvider
20:06:15.106 [FXGL Background Thread 3 ] DEBUG Engine               - class com.almasb.fxgl.audio.AudioPlayer
20:06:15.106 [FXGL Background Thread 3 ] DEBUG Engine               - class com.almasb.fxgl.notification.impl.NotificationServiceProvider
20:06:15.106 [FXGL Background Thread 3 ] DEBUG Engine               - class com.almasb.fxgl.achievement.AchievementService
20:06:15.106 [FXGL Background Thread 3 ] DEBUG Engine               - class com.almasb.fxgl.cutscene.CutsceneService
20:06:15.107 [FXGL Background Thread 3 ] DEBUG Engine               - class com.almasb.fxgl.minigames.MiniGameService
20:06:15.107 [FXGL Background Thread 3 ] DEBUG Engine               - class com.almasb.fxgl.net.NetService
20:06:15.107 [FXGL Background Thread 3 ] DEBUG Engine               - class com.almasb.fxgl.app.services.UpdaterService
20:06:15.107 [FXGL Background Thread 3 ] DEBUG Engine               - class com.almasb.fxgl.dev.DevService
20:06:15.875 [FXGL Background Thread 2 ] INFO  UpdaterService       - Your current version:  17.3
20:06:15.875 [FXGL Background Thread 2 ] INFO  UpdaterService       - Latest stable version: 21.1
20:06:19.636 [JavaFX Application Thread] WARN  TMXLevelLoader       - TiledMap generated from 1.11.2. Supported version: 1.9.0. Some features may not be parsed fully.
20:06:19.685 [JavaFX Application Thread] DEBUG TMXLevelLoader       - Parsed TiledMap: file:/C:/Users/Jonathan/Desktop/Galactic%20odyssey/target/classes/assets/levels/Map1.tmx
20:06:19.686 [JavaFX Application Thread] DEBUG TMXLevelLoader       - Creating tile layer entities
20:06:19.688 [JavaFX Application Thread] DEBUG TilesetLoader        - Loading view for layer Espacio
20:06:19.701 [JavaFX Application Thread] DEBUG TilesetLoader        - Created buffer with size 3360.0x1680.0
20:06:19.896 [JavaFX Application Thread] DEBUG TilesetLoader        - Loading view for layer Planetas
20:06:19.917 [JavaFX Application Thread] DEBUG TilesetLoader        - Created buffer with size 3360.0x1680.0
20:06:19.921 [JavaFX Application Thread] DEBUG TilesetLoader        - Loading view for layer Naves
20:06:19.936 [JavaFX Application Thread] DEBUG TilesetLoader        - Created buffer with size 3360.0x1680.0
20:06:20.141 [JavaFX Application Thread] DEBUG TilesetLoader        - Loading view for layer Suelo
20:06:20.152 [JavaFX Application Thread] DEBUG TilesetLoader        - Created buffer with size 3360.0x1680.0
20:06:20.161 [JavaFX Application Thread] DEBUG TilesetLoader        - Loading view for layer rock
20:06:20.174 [JavaFX Application Thread] DEBUG TilesetLoader        - Created buffer with size 3360.0x1680.0
20:06:20.176 [JavaFX Application Thread] DEBUG TilesetLoader        - Loading view for layer Rocas
20:06:20.195 [JavaFX Application Thread] DEBUG TilesetLoader        - Created buffer with size 3360.0x1680.0
20:06:20.199 [JavaFX Application Thread] DEBUG TilesetLoader        - Loading view for layer Muro
20:06:20.214 [JavaFX Application Thread] DEBUG TilesetLoader        - Created buffer with size 3360.0x1680.0
20:06:20.216 [JavaFX Application Thread] DEBUG TilesetLoader        - Loading view for layer Rocas1
20:06:20.229 [JavaFX Application Thread] DEBUG TilesetLoader        - Created buffer with size 3360.0x1680.0
20:06:20.233 [JavaFX Application Thread] DEBUG TilesetLoader        - Loading view for layer SueloRuinas
20:06:20.250 [JavaFX Application Thread] DEBUG TilesetLoader        - Created buffer with size 3360.0x1680.0
20:06:20.309 [JavaFX Application Thread] DEBUG TilesetLoader        - Loading view for layer Ruinas
20:06:20.323 [JavaFX Application Thread] DEBUG TilesetLoader        - Created buffer with size 3360.0x1680.0
20:06:20.325 [JavaFX Application Thread] DEBUG TMXLevelLoader       - Creating object layer entities
20:06:20.378 [JavaFX Application Thread] DEBUG GameWorld            - Clearing removable entities
20:06:20.379 [JavaFX Application Thread] DEBUG GameWorld            - Setting level: com.almasb.fxgl.entity.level.Level@37e898ac
20:06:20.399 [JavaFX Application Thread] DEBUG FXGLAssetLoaderServi - Loading from file system: file:/C:/Users/Jonathan/Desktop/Galactic%20odyssey/target/classes/assets/textures/personaje.png
20:06:20.403 [JavaFX Application Thread] DEBUG Input                - Registered new binding: Move Right - D
20:06:20.403 [JavaFX Application Thread] DEBUG Input                - Registered new binding: Move Left - A
20:06:20.403 [JavaFX Application Thread] DEBUG Input                - Registered new binding: Move Up - W
20:06:20.403 [JavaFX Application Thread] DEBUG Input                - Registered new binding: Move Down - S
20:06:20.403 [JavaFX Application Thread] DEBUG Input                - Registered new binding: End Turn - Enter
20:06:20.403 [JavaFX Application Thread] DEBUG Input                - Registered new binding: Attack - Space
20:06:20.403 [JavaFX Application Thread] DEBUG Input                - Registered new binding: Special Ability - E
20:06:20.426 [JavaFX Application Thread] DEBUG FXGLAssetLoaderServi - Loading from file system: file:/C:/Users/Jonathan/Desktop/Galactic%20odyssey/target/classes/assets/textures/drone.png
20:06:22.509 [JavaFX Application Thread] DEBUG PrimaryStageWindow   - Push state: FXGLDefaultMenu
20:06:22.520 [JavaFX Application Thread] DEBUG Input                - Clearing active input actions
20:06:22.523 [JavaFX Application Thread] DEBUG GameApplicationServi - Removing overlay from GameScene and adding to FXGLDefaultMenu
20:06:22.524 [JavaFX Application Thread] DEBUG PrimaryStageWindow   - GameScene -> FXGLDefaultMenu
20:06:25.517 [JavaFX Application Thread] DEBUG Menu                 - fireExit()
20:06:25.521 [JavaFX Application Thread] DEBUG PrimaryStageWindow   - Push state: DialogSubScene
20:06:25.522 [JavaFX Application Thread] DEBUG Input                - Clearing active input actions
20:06:25.522 [JavaFX Application Thread] DEBUG GameApplicationServi - Removing overlay from FXGLDefaultMenu and adding to DialogSubScene
20:06:25.523 [JavaFX Application Thread] DEBUG PrimaryStageWindow   - FXGLDefaultMenu -> DialogSubScene
20:06:26.267 [JavaFX Application Thread] DEBUG PrimaryStageWindow   - Pop state: DialogSubScene
20:06:26.267 [JavaFX Application Thread] DEBUG Input                - Clearing active input actions
20:06:26.267 [JavaFX Application Thread] DEBUG GameApplicationServi - Removing overlay from DialogSubScene and adding to FXGLDefaultMenu
20:06:26.268 [JavaFX Application Thread] DEBUG PrimaryStageWindow   - FXGLDefaultMenu <- DialogSubScene
20:06:26.268 [JavaFX Application Thread] DEBUG FXGLApplication      - Exiting FXGL
20:06:26.268 [JavaFX Application Thread] DEBUG LoopRunner           - Stopping loop
20:06:26.268 [JavaFX Application Thread] DEBUG SystemBundleService  - Saving FXGL system data
20:06:26.271 [JavaFX Application Thread] DEBUG FileSystemAccess     - Writing to: C:\Users\Jonathan\Desktop\Galactic odyssey\system\fxgl.bundle
20:06:26.273 [JavaFX Application Thread] DEBUG Async                - Shutting down background threads
20:06:26.273 [JavaFX Application Thread] DEBUG PrimaryStageWindow   - Closing main window
20:06:26.303 [JavaFX Application Thread] DEBUG Logger               - Closing Logger
