15:00:00.410 [main                     ] DEBUG Logger               - Configured Logger
15:00:00.484 [main                     ] DEBUG GameApplication      - Logging settings
Title: Galactic Odyssey
Version: 0.0
Width: 1500
Height: 800
Fullscreen: false
Intro: false
Profiling: false
Single step:false
App Mode: DEVELOPER
Menu Key: ESCAPE
Stage Style: DECORATED
Scene Factory: class com.almasb.fxgl.app.scene.SceneFactory

15:00:01.052 [JavaFX Application Thread] DEBUG FXGLApplication      - Initializing FXGL
15:00:01.071 [JavaFX Application Thread] INFO  Engine               - FXGL-17.3 (30.03.2023 11.49) on WINDOWS (J:17.0.12 FX:17.0.2-ea)
15:00:01.072 [JavaFX Application Thread] DEBUG Engine               - JRE Vendor Name: Oracle Corporation
15:00:01.072 [JavaFX Application Thread] DEBUG Engine               - Running on OS: Windows 10 version 10.0
15:00:01.073 [JavaFX Application Thread] DEBUG Engine               - Architecture: amd64
15:00:01.073 [JavaFX Application Thread] INFO  Engine               - Source code and latest versions at: https://github.com/AlmasB/FXGL
15:00:01.073 [JavaFX Application Thread] INFO  Engine               -       Ask questions and discuss at: https://github.com/AlmasB/FXGL/discussions
15:00:01.078 [JavaFX Application Thread] INFO  Engine               -              Join the FXGL chat at: https://gitter.im/AlmasB/FXGL
15:00:01.312 [JavaFX Application Thread] DEBUG PrimaryStageWindow   - Creating a JavaFX scene
15:00:01.312 [JavaFX Application Thread] DEBUG PrimaryStageWindow   - Target size > screen size
15:00:01.407 [JavaFX Application Thread] DEBUG PrimaryStageWindow   - Target settings size: 1500.0 x 800.0
15:00:01.408 [JavaFX Application Thread] DEBUG PrimaryStageWindow   - Scaled scene size:    1340.0 x 728.0
15:00:01.409 [JavaFX Application Thread] DEBUG PrimaryStageWindow   - Scaled ratio: (0.8933333333333333, 0.91)
15:00:01.411 [JavaFX Application Thread] DEBUG PrimaryStageWindow   - Set initial scene to FXGLStartupScene
15:00:01.428 [JavaFX Application Thread] DEBUG PrimaryStageWindow   - Opening main window
15:00:01.606 [JavaFX Application Thread] DEBUG PrimaryStageWindow   - Window border size: (16.0, 39.0)
15:00:01.607 [JavaFX Application Thread] DEBUG PrimaryStageWindow   - Scaled size: 1340.0 x 728.0
15:00:01.607 [JavaFX Application Thread] DEBUG PrimaryStageWindow   - Scaled ratio: (0.8933333333333333, 0.91)
15:00:01.608 [JavaFX Application Thread] DEBUG PrimaryStageWindow   - Scene size: 1340.0 x 728.0
15:00:01.609 [JavaFX Application Thread] DEBUG PrimaryStageWindow   - Stage size: 1356.0 x 767.0
15:00:01.652 [FXGL Background Thread 1 ] DEBUG Engine               - Initializing environment variables
15:00:01.738 [FXGL Background Thread 1 ] DEBUG FXGLAssetLoaderServi - User app class for loading assets: class App.App
15:00:01.738 [FXGL Background Thread 1 ] DEBUG GameApplicationServi - Applying CSS: fxgl_dark.css
15:00:01.741 [FXGL Background Thread 1 ] DEBUG FXGLAssetLoaderServi - Loading from file system: jar:file:///C:/Users/Jonathan/.m2/repository/com/github/almasb/fxgl/17.3/fxgl-17.3.jar!/fxglassets/ui/css/fxgl_dark.css
15:00:01.861 [FXGL Background Thread 1 ] DEBUG GameApplicationServi - Initializing application scenes
15:00:02.076 [FXGL Background Thread 1 ] DEBUG GameWorld            - Game world initialized
15:00:02.200 [FXGL Background Thread 1 ] DEBUG PhysicsWorld         - Physics world initialized: appHeight=800, physics.ppm=50,0
15:00:02.200 [FXGL Background Thread 1 ] DEBUG PhysicsWorld         - Using strategy: BRUTE_FORCE
15:00:02.211 [FXGL Background Thread 1 ] DEBUG GameScene            - Game scene initialized: 1500x800
15:00:02.234 [FXGL Background Thread 1 ] DEBUG FXGL.DefaultMenu     - createMenuBodyGameMenu()
15:00:02.262 [FXGL Background Thread 1 ] DEBUG FXGL.DefaultMenu     - createOptionsMenu()
15:00:02.283 [FXGL Background Thread 1 ] DEBUG FXGLAssetLoaderServi - Loading from file system: jar:file:///C:/Users/Jonathan/.m2/repository/com/github/almasb/fxgl/17.3/fxgl-17.3.jar!/fxglassets/textures/particles/smoke.png
15:00:02.489 [FXGL Background Thread 1 ] DEBUG FXGLAssetLoaderServi - Loading from file system: jar:file:///C:/Users/Jonathan/.m2/repository/com/github/almasb/fxgl/17.3/fxgl-17.3.jar!/fxglassets/textures/particles/trace_horizontal.png
15:00:02.548 [FXGL Background Thread 1 ] DEBUG GameApplicationServi - Application scenes initialized
15:00:02.576 [FXGL Background Thread 1 ] DEBUG SystemBundleService  - Loading FXGL system data
15:00:02.586 [FXGL Background Thread 1 ] DEBUG FileSystemAccess     - Reading from: C:\Users\Jonathan\Documents\Galactic odyssey\system\fxgl.bundle
15:00:02.601 [FXGL Background Thread 1 ] DEBUG SystemBundleService  - Bundle FXGL: {}
15:00:02.602 [FXGL Background Thread 1 ] DEBUG UpdaterService       - Checking for updates
15:00:02.610 [FXGL Background Thread 4 ] DEBUG FXGLApplication      - Loading fonts
15:00:02.612 [FXGL Background Thread 1 ] DEBUG FXGLApplication      - Loading default localization
15:00:02.613 [FXGL Background Thread 4 ] DEBUG FXGLAssetLoaderServi - Loading from file system: jar:file:///C:/Users/Jonathan/.m2/repository/com/github/almasb/fxgl/17.3/fxgl-17.3.jar!/fxglassets/ui/fonts/VarelaRound-Regular.ttf
15:00:02.613 [FXGL Background Thread 1 ] DEBUG FXGLAssetLoaderServi - Loading from file system: jar:file:///C:/Users/Jonathan/.m2/repository/com/github/almasb/fxgl/17.3/fxgl-17.3.jar!/fxglassets/languages/english.lang
15:00:02.654 [FXGL Background Thread 1 ] INFO  FXGLApplication      - FXGL initialization took: 1,002 sec
15:00:02.660 [JavaFX Application Thread] DEBUG FXGLAssetLoaderServi - Loading from file system: jar:file:///C:/Users/Jonathan/.m2/repository/com/github/almasb/fxgl/17.3/fxgl-17.3.jar!/fxglassets/textures/fxgl_icon.png
15:00:02.725 [JavaFX Application Thread] DEBUG FXGLAssetLoaderServi - Loading from file system: jar:file:///C:/Users/Jonathan/.m2/repository/com/github/almasb/fxgl/17.3/fxgl-17.3.jar!/fxglassets/textures/fxgl_default_cursor.png
15:00:02.750 [JavaFX Application Thread] DEBUG Input                - Registered new binding: Screenshot - CTRL+8
15:00:02.750 [JavaFX Application Thread] DEBUG Input                - Registered new binding: System info dump - CTRL+9
15:00:02.752 [JavaFX Application Thread] DEBUG Input                - Registered new binding: Restart - CTRL+R
15:00:02.753 [JavaFX Application Thread] DEBUG Input                - Registered new binding: Toggle Debug Camera - CTRL+7
15:00:02.759 [JavaFX Application Thread] DEBUG LoopRunner           - Starting loop
15:00:02.759 [JavaFX Application Thread] DEBUG LoopRunner           - Initializing JavaFX AnimationTimerLoop
15:00:02.762 [JavaFX Application Thread] DEBUG GameApplicationServi - Starting new game
15:00:02.763 [JavaFX Application Thread] DEBUG Input                - Clearing active input actions
15:00:02.809 [JavaFX Application Thread] DEBUG GameApplicationServi - Removing overlay from FXGLStartupScene and adding to FXGLLoadingScene
15:00:02.810 [JavaFX Application Thread] DEBUG PrimaryStageWindow   - FXGLStartupScene -> FXGLLoadingScene
15:00:02.810 [JavaFX Application Thread] DEBUG GameApplicationServi - Clearing previous game
15:00:02.810 [JavaFX Application Thread] DEBUG GameScene            - Clearing game scene
15:00:02.811 [JavaFX Application Thread] DEBUG GameWorld            - Clearing game world
15:00:02.811 [JavaFX Application Thread] DEBUG PhysicsWorld         - Clearing physics world
15:00:02.814 [FXGL Background Thread 1 ] DEBUG FXGLApplication      - Initializing game
15:00:02.825 [FXGL Background Thread 1 ] DEBUG FXGLAssetLoaderServi - Loading from file system: file:/C:/Users/Jonathan/Documents/Galactic%20odyssey/target/classes/assets/textures/fondo_menu.png
15:00:02.876 [FXGL Background Thread 1 ] INFO  FXGLApplication      - Game initialization took: 0,062 sec
15:00:03.002 [JavaFX Application Thread] DEBUG Input                - Clearing active input actions
15:00:03.029 [JavaFX Application Thread] DEBUG GameApplicationServi - Removing overlay from FXGLLoadingScene and adding to GameScene
15:00:03.029 [JavaFX Application Thread] DEBUG PrimaryStageWindow   - FXGLLoadingScene -> GameScene
15:00:03.277 [FXGL Background Thread 4 ] DEBUG FXGLAssetLoaderServi - Loading from file system: jar:file:///C:/Users/Jonathan/.m2/repository/com/github/almasb/fxgl/17.3/fxgl-17.3.jar!/fxglassets/ui/fonts/Abel-Regular.ttf
15:00:03.318 [FXGL Background Thread 4 ] DEBUG FXGLAssetLoaderServi - Loading from file system: jar:file:///C:/Users/Jonathan/.m2/repository/com/github/almasb/fxgl/17.3/fxgl-17.3.jar!/fxglassets/ui/fonts/TerminalLandMono-Regular.otf
15:00:03.351 [FXGL Background Thread 4 ] DEBUG FXGLAssetLoaderServi - Loading from file system: jar:file:///C:/Users/Jonathan/.m2/repository/com/github/almasb/fxgl/17.3/fxgl-17.3.jar!/fxglassets/ui/fonts/Courier-Prime.ttf
15:00:03.376 [FXGL Background Thread 2 ] WARN  UpdaterService       - Failed to find updates: java.net.UnknownHostException: raw.githubusercontent.com
15:00:03.383 [JavaFX Application Thread] DEBUG FXGLApplication      - Registering font factories with UI factory
15:00:04.185 [JavaFX Application Thread] DEBUG Input                - Registered new binding: Move Right - D
15:00:04.185 [JavaFX Application Thread] DEBUG Input                - Registered new binding: Move Left - A
15:00:04.186 [JavaFX Application Thread] DEBUG Input                - Registered new binding: Move Up - W
15:00:04.186 [JavaFX Application Thread] DEBUG Input                - Registered new binding: Move Down - S
15:00:05.608 [FXGL Background Thread 3 ] DEBUG Engine               - Logging environment variables
15:00:05.611 [FXGL Background Thread 3 ] DEBUG Engine               - achievements: []
15:00:05.611 [FXGL Background Thread 3 ] DEBUG Engine               - actualHeight: 728.0
15:00:05.612 [FXGL Background Thread 3 ] DEBUG Engine               - actualHeightProperty: ReadOnlyDoubleProperty [value: 728.0]
15:00:05.613 [FXGL Background Thread 3 ] DEBUG Engine               - actualWidth: 1340.0
15:00:05.614 [FXGL Background Thread 3 ] DEBUG Engine               - actualWidthProperty: ReadOnlyDoubleProperty [value: 1340.0]
15:00:05.615 [FXGL Background Thread 3 ] DEBUG Engine               - appIcon: fxgl_icon.png
15:00:05.616 [FXGL Background Thread 3 ] DEBUG Engine               - applicationMode: DEVELOPER
15:00:05.616 [FXGL Background Thread 3 ] DEBUG Engine               - cSSList: [fxgl_dark.css]
15:00:05.617 [FXGL Background Thread 3 ] DEBUG Engine               - collisionDetectionStrategy: BRUTE_FORCE
15:00:05.617 [FXGL Background Thread 3 ] DEBUG Engine               - configClass: Optional.empty
15:00:05.618 [FXGL Background Thread 3 ] DEBUG Engine               - credits: []
15:00:05.620 [FXGL Background Thread 3 ] DEBUG Engine               - defaultCursor: CursorInfo(imageName=fxgl_default_cursor.png, hotspotX=7.0, hotspotY=6.0)
15:00:05.623 [FXGL Background Thread 3 ] DEBUG Engine               - devBBoxColorProperty: ObjectProperty [value: 0xff0000ff]
15:00:05.624 [FXGL Background Thread 3 ] DEBUG Engine               - devEnableDebugCameraProperty: BooleanProperty [value: false]
15:00:05.625 [FXGL Background Thread 3 ] DEBUG Engine               - devSensorColorProperty: ObjectProperty [value: 0xffff00ff]
15:00:05.626 [FXGL Background Thread 3 ] DEBUG Engine               - devShowBBoxProperty: BooleanProperty [value: false]
15:00:05.626 [FXGL Background Thread 3 ] DEBUG Engine               - devShowPositionProperty: BooleanProperty [value: false]
15:00:05.628 [FXGL Background Thread 3 ] DEBUG Engine               - enabledMenuItems: []
15:00:05.628 [FXGL Background Thread 3 ] DEBUG Engine               - engineServices: [class com.almasb.fxgl.app.services.FXGLAssetLoaderService, class com.almasb.fxgl.app.FXGLApplication$GameApplicationService, class com.almasb.fxgl.app.services.FXGLDialogService, class com.almasb.fxgl.app.services.IOTaskExecutorService, class com.almasb.fxgl.io.FileSystemService, class com.almasb.fxgl.localization.LocalizationService, class com.almasb.fxgl.app.services.SystemBundleService, class com.almasb.fxgl.profile.SaveLoadService, class com.almasb.fxgl.ui.FXGLUIFactoryServiceProvider, class com.almasb.fxgl.ui.FXGLDialogFactoryServiceProvider, class com.almasb.fxgl.audio.AudioPlayer, class com.almasb.fxgl.notification.impl.NotificationServiceProvider, class com.almasb.fxgl.achievement.AchievementService, class com.almasb.fxgl.cutscene.CutsceneService, class com.almasb.fxgl.minigames.MiniGameService, class com.almasb.fxgl.net.NetService, class com.almasb.fxgl.app.services.UpdaterService, class com.almasb.fxgl.dev.DevService]
15:00:05.629 [FXGL Background Thread 3 ] DEBUG Engine               - fontGame: Abel-Regular.ttf
15:00:05.630 [FXGL Background Thread 3 ] DEBUG Engine               - fontMono: TerminalLandMono-Regular.otf
15:00:05.630 [FXGL Background Thread 3 ] DEBUG Engine               - fontSizeScaleUI: 1.0
15:00:05.631 [FXGL Background Thread 3 ] DEBUG Engine               - fontText: Courier-Prime.ttf
15:00:05.631 [FXGL Background Thread 3 ] DEBUG Engine               - fontUI: VarelaRound-Regular.ttf
15:00:05.632 [FXGL Background Thread 3 ] DEBUG Engine               - fullScreen: BooleanProperty [value: false]
15:00:05.633 [FXGL Background Thread 3 ] DEBUG Engine               - gameDifficulty: MEDIUM
15:00:05.633 [FXGL Background Thread 3 ] DEBUG Engine               - gameDifficultyProperty: ObjectProperty [value: MEDIUM]
15:00:05.634 [FXGL Background Thread 3 ] DEBUG Engine               - globalMusicVolume: 0.5
15:00:05.635 [FXGL Background Thread 3 ] DEBUG Engine               - globalMusicVolumeProperty: DoubleProperty [value: 0.5]
15:00:05.635 [FXGL Background Thread 3 ] DEBUG Engine               - globalSoundVolume: 0.5
15:00:05.636 [FXGL Background Thread 3 ] DEBUG Engine               - globalSoundVolumeProperty: DoubleProperty [value: 0.5]
15:00:05.636 [FXGL Background Thread 3 ] DEBUG Engine               - height: 800
15:00:05.636 [FXGL Background Thread 3 ] DEBUG Engine               - is3D: false
15:00:05.637 [FXGL Background Thread 3 ] DEBUG Engine               - isAndroid: false
15:00:05.637 [FXGL Background Thread 3 ] DEBUG Engine               - isBrowser: false
15:00:05.637 [FXGL Background Thread 3 ] DEBUG Engine               - isClickFeedbackEnabled: false
15:00:05.637 [FXGL Background Thread 3 ] DEBUG Engine               - isCloseConfirmation: false
15:00:05.637 [FXGL Background Thread 3 ] DEBUG Engine               - isDesktop: true
15:00:05.637 [FXGL Background Thread 3 ] DEBUG Engine               - isDeveloperMenuEnabled: false
15:00:05.637 [FXGL Background Thread 3 ] DEBUG Engine               - isEmbedded: false
15:00:05.638 [FXGL Background Thread 3 ] DEBUG Engine               - isEntityPreloadEnabled: true
15:00:05.638 [FXGL Background Thread 3 ] DEBUG Engine               - isExperimentalTiledLargeMap: false
15:00:05.638 [FXGL Background Thread 3 ] DEBUG Engine               - isFileSystemWriteAllowed: true
15:00:05.638 [FXGL Background Thread 3 ] DEBUG Engine               - isFullScreenAllowed: false
15:00:05.638 [FXGL Background Thread 3 ] DEBUG Engine               - isFullScreenFromStart: false
15:00:05.638 [FXGL Background Thread 3 ] DEBUG Engine               - isGameMenuEnabled: true
15:00:05.638 [FXGL Background Thread 3 ] DEBUG Engine               - isIOS: false
15:00:05.639 [FXGL Background Thread 3 ] DEBUG Engine               - isIntroEnabled: false
15:00:05.639 [FXGL Background Thread 3 ] DEBUG Engine               - isLinux: false
15:00:05.639 [FXGL Background Thread 3 ] DEBUG Engine               - isMac: false
15:00:05.639 [FXGL Background Thread 3 ] DEBUG Engine               - isMainMenuEnabled: false
15:00:05.640 [FXGL Background Thread 3 ] DEBUG Engine               - isManualResizeEnabled: false
15:00:05.640 [FXGL Background Thread 3 ] DEBUG Engine               - isMobile: false
15:00:05.640 [FXGL Background Thread 3 ] DEBUG Engine               - isNative: false
15:00:05.641 [FXGL Background Thread 3 ] DEBUG Engine               - isPauseMusicWhenMinimized: true
15:00:05.641 [FXGL Background Thread 3 ] DEBUG Engine               - isPreserveResizeRatio: false
15:00:05.641 [FXGL Background Thread 3 ] DEBUG Engine               - isProfilingEnabled: false
15:00:05.641 [FXGL Background Thread 3 ] DEBUG Engine               - isScaleAffectedOnResize: true
15:00:05.641 [FXGL Background Thread 3 ] DEBUG Engine               - isSingleStep: false
15:00:05.642 [FXGL Background Thread 3 ] DEBUG Engine               - isUserProfileEnabled: false
15:00:05.642 [FXGL Background Thread 3 ] DEBUG Engine               - isWindows: true
15:00:05.642 [FXGL Background Thread 3 ] DEBUG Engine               - language: ObjectProperty [value: ENGLISH]
15:00:05.642 [FXGL Background Thread 3 ] DEBUG Engine               - menuKey: ESCAPE
15:00:05.642 [FXGL Background Thread 3 ] DEBUG Engine               - mouseSensitivity: 0.2
15:00:05.643 [FXGL Background Thread 3 ] DEBUG Engine               - notificationViewClass: class com.almasb.fxgl.notification.view.XboxNotificationView
15:00:05.643 [FXGL Background Thread 3 ] DEBUG Engine               - pixelsPerMeter: 50.0
15:00:05.643 [FXGL Background Thread 3 ] DEBUG Engine               - platform: WINDOWS
15:00:05.644 [FXGL Background Thread 3 ] DEBUG Engine               - prefHeightProperty: ReadOnlyDoubleProperty [value: 800.0]
15:00:05.644 [FXGL Background Thread 3 ] DEBUG Engine               - prefWidthProperty: ReadOnlyDoubleProperty [value: 1500.0]
15:00:05.644 [FXGL Background Thread 3 ] DEBUG Engine               - profileDir: profiles/
15:00:05.644 [FXGL Background Thread 3 ] DEBUG Engine               - profileName: StringProperty [value: DEFAULT]
15:00:05.645 [FXGL Background Thread 3 ] DEBUG Engine               - randomSeed: -1
15:00:05.646 [FXGL Background Thread 3 ] DEBUG Engine               - runtimeInfo: RuntimeInfo(platform=WINDOWS, version=17.3, build=30.03.2023 11.49)
15:00:05.646 [FXGL Background Thread 3 ] DEBUG Engine               - saveFileExt: sav
15:00:05.646 [FXGL Background Thread 3 ] DEBUG Engine               - scaledHeightProp$fxgl: DoubleProperty [bound, value: 728.0]
15:00:05.647 [FXGL Background Thread 3 ] DEBUG Engine               - scaledWidthProp$fxgl: DoubleProperty [bound, value: 1340.0]
15:00:05.647 [FXGL Background Thread 3 ] DEBUG Engine               - sceneFactory: com.almasb.fxgl.app.scene.SceneFactory@79b1ebec
15:00:05.647 [FXGL Background Thread 3 ] DEBUG Engine               - secondsIn24h: 60
15:00:05.647 [FXGL Background Thread 3 ] DEBUG Engine               - soundMenuBack: menu/back.wav
15:00:05.648 [FXGL Background Thread 3 ] DEBUG Engine               - soundMenuPress: menu/press.wav
15:00:05.648 [FXGL Background Thread 3 ] DEBUG Engine               - soundMenuSelect: menu/select.wav
15:00:05.648 [FXGL Background Thread 3 ] DEBUG Engine               - soundNotification: core/notification.wav
15:00:05.648 [FXGL Background Thread 3 ] DEBUG Engine               - stageStyle: DECORATED
15:00:05.648 [FXGL Background Thread 3 ] DEBUG Engine               - supportedLanguages: [ENGLISH, FRENCH, GERMAN, HUNGARIAN, RUSSIAN]
15:00:05.649 [FXGL Background Thread 3 ] DEBUG Engine               - ticksPerSecond: -1
15:00:05.649 [FXGL Background Thread 3 ] DEBUG Engine               - title: Galactic Odyssey
15:00:05.649 [FXGL Background Thread 3 ] DEBUG Engine               - urlGithub: https://github.com/AlmasB/FXGL
15:00:05.649 [FXGL Background Thread 3 ] DEBUG Engine               - urlLeaderboard: http://fxgl-top.herokuapp.com/
15:00:05.649 [FXGL Background Thread 3 ] DEBUG Engine               - urlPOM: https://raw.githubusercontent.com/AlmasB/FXGL/release/README.md
15:00:05.650 [FXGL Background Thread 3 ] DEBUG Engine               - userAppClass: class App.App
15:00:05.650 [FXGL Background Thread 3 ] DEBUG Engine               - version: 0.0
15:00:05.650 [FXGL Background Thread 3 ] DEBUG Engine               - versionCheckDays: 7
15:00:05.650 [FXGL Background Thread 3 ] DEBUG Engine               - width: 1500
15:00:05.651 [FXGL Background Thread 3 ] DEBUG Engine               - Logging services
15:00:05.651 [FXGL Background Thread 3 ] DEBUG Engine               - class com.almasb.fxgl.app.services.FXGLAssetLoaderService
15:00:05.651 [FXGL Background Thread 3 ] DEBUG Engine               - class com.almasb.fxgl.app.FXGLApplication$GameApplicationService
15:00:05.651 [FXGL Background Thread 3 ] DEBUG Engine               - class com.almasb.fxgl.app.services.FXGLDialogService
15:00:05.652 [FXGL Background Thread 3 ] DEBUG Engine               - class com.almasb.fxgl.app.services.IOTaskExecutorService
15:00:05.652 [FXGL Background Thread 3 ] DEBUG Engine               - class com.almasb.fxgl.io.FileSystemService
15:00:05.652 [FXGL Background Thread 3 ] DEBUG Engine               - class com.almasb.fxgl.localization.LocalizationService
15:00:05.652 [FXGL Background Thread 3 ] DEBUG Engine               - class com.almasb.fxgl.app.services.SystemBundleService
15:00:05.652 [FXGL Background Thread 3 ] DEBUG Engine               - class com.almasb.fxgl.profile.SaveLoadService
15:00:05.652 [FXGL Background Thread 3 ] DEBUG Engine               - class com.almasb.fxgl.ui.FXGLUIFactoryServiceProvider
15:00:05.653 [FXGL Background Thread 3 ] DEBUG Engine               - class com.almasb.fxgl.ui.FXGLDialogFactoryServiceProvider
15:00:05.653 [FXGL Background Thread 3 ] DEBUG Engine               - class com.almasb.fxgl.audio.AudioPlayer
15:00:05.653 [FXGL Background Thread 3 ] DEBUG Engine               - class com.almasb.fxgl.notification.impl.NotificationServiceProvider
15:00:05.653 [FXGL Background Thread 3 ] DEBUG Engine               - class com.almasb.fxgl.achievement.AchievementService
15:00:05.653 [FXGL Background Thread 3 ] DEBUG Engine               - class com.almasb.fxgl.cutscene.CutsceneService
15:00:05.654 [FXGL Background Thread 3 ] DEBUG Engine               - class com.almasb.fxgl.minigames.MiniGameService
15:00:05.654 [FXGL Background Thread 3 ] DEBUG Engine               - class com.almasb.fxgl.net.NetService
15:00:05.654 [FXGL Background Thread 3 ] DEBUG Engine               - class com.almasb.fxgl.app.services.UpdaterService
15:00:05.654 [FXGL Background Thread 3 ] DEBUG Engine               - class com.almasb.fxgl.dev.DevService
15:00:09.346 [JavaFX Application Thread] DEBUG FXGLApplication      - Exiting FXGL
15:00:09.346 [JavaFX Application Thread] DEBUG LoopRunner           - Stopping loop
15:00:09.346 [JavaFX Application Thread] DEBUG SystemBundleService  - Saving FXGL system data
15:00:09.349 [JavaFX Application Thread] DEBUG FileSystemAccess     - Writing to: C:\Users\Jonathan\Documents\Galactic odyssey\system\fxgl.bundle
15:00:09.352 [JavaFX Application Thread] DEBUG Async                - Shutting down background threads
15:00:09.352 [JavaFX Application Thread] DEBUG PrimaryStageWindow   - Closing main window
15:00:09.392 [JavaFX Application Thread] DEBUG Logger               - Closing Logger
