15:04:38.722 [main                     ] DEBUG Logger               - Configured Logger
15:04:38.791 [main                     ] DEBUG GameApplication      - Logging settings
Title: Galactic Odyssey
Version: 0.0
Width: 1500
Height: 800
Fullscreen: false
Intro: false
Profiling: false
Single step:false
App Mode: DEVELOPER
Menu Key: ESCAPE
Stage Style: DECORATED
Scene Factory: class com.almasb.fxgl.app.scene.SceneFactory

15:04:39.303 [JavaFX Application Thread] DEBUG FXGLApplication      - Initializing FXGL
15:04:39.318 [JavaFX Application Thread] INFO  Engine               - FXGL-17.3 (30.03.2023 11.49) on WINDOWS (J:17.0.12 FX:17.0.2-ea)
15:04:39.319 [JavaFX Application Thread] DEBUG Engine               - JRE Vendor Name: Oracle Corporation
15:04:39.320 [JavaFX Application Thread] DEBUG Engine               - Running on OS: Windows 10 version 10.0
15:04:39.320 [JavaFX Application Thread] DEBUG Engine               - Architecture: amd64
15:04:39.320 [JavaFX Application Thread] INFO  Engine               - Source code and latest versions at: https://github.com/AlmasB/FXGL
15:04:39.321 [JavaFX Application Thread] INFO  Engine               -       Ask questions and discuss at: https://github.com/AlmasB/FXGL/discussions
15:04:39.321 [JavaFX Application Thread] INFO  Engine               -              Join the FXGL chat at: https://gitter.im/AlmasB/FXGL
15:04:39.508 [JavaFX Application Thread] DEBUG PrimaryStageWindow   - Creating a JavaFX scene
15:04:39.509 [JavaFX Application Thread] DEBUG PrimaryStageWindow   - Target size > screen size
15:04:39.585 [JavaFX Application Thread] DEBUG PrimaryStageWindow   - Target settings size: 1500.0 x 800.0
15:04:39.585 [JavaFX Application Thread] DEBUG PrimaryStageWindow   - Scaled scene size:    1340.0 x 728.0
15:04:39.586 [JavaFX Application Thread] DEBUG PrimaryStageWindow   - Scaled ratio: (0.8933333333333333, 0.91)
15:04:39.588 [JavaFX Application Thread] DEBUG PrimaryStageWindow   - Set initial scene to FXGLStartupScene
15:04:39.603 [JavaFX Application Thread] DEBUG PrimaryStageWindow   - Opening main window
15:04:39.760 [JavaFX Application Thread] DEBUG PrimaryStageWindow   - Window border size: (16.0, 39.0)
15:04:39.760 [JavaFX Application Thread] DEBUG PrimaryStageWindow   - Scaled size: 1340.0 x 728.0
15:04:39.761 [JavaFX Application Thread] DEBUG PrimaryStageWindow   - Scaled ratio: (0.8933333333333333, 0.91)
15:04:39.762 [JavaFX Application Thread] DEBUG PrimaryStageWindow   - Scene size: 1340.0 x 728.0
15:04:39.763 [JavaFX Application Thread] DEBUG PrimaryStageWindow   - Stage size: 1356.0 x 767.0
15:04:39.805 [FXGL Background Thread 1 ] DEBUG Engine               - Initializing environment variables
15:04:39.878 [FXGL Background Thread 1 ] DEBUG FXGLAssetLoaderServi - User app class for loading assets: class App.App
15:04:39.880 [FXGL Background Thread 1 ] DEBUG GameApplicationServi - Applying CSS: fxgl_dark.css
15:04:39.882 [FXGL Background Thread 1 ] DEBUG FXGLAssetLoaderServi - Loading from file system: jar:file:///C:/Users/Jonathan/.m2/repository/com/github/almasb/fxgl/17.3/fxgl-17.3.jar!/fxglassets/ui/css/fxgl_dark.css
15:04:39.991 [FXGL Background Thread 1 ] DEBUG GameApplicationServi - Initializing application scenes
15:04:40.170 [FXGL Background Thread 1 ] DEBUG GameWorld            - Game world initialized
15:04:40.307 [FXGL Background Thread 1 ] DEBUG PhysicsWorld         - Physics world initialized: appHeight=800, physics.ppm=50,0
15:04:40.308 [FXGL Background Thread 1 ] DEBUG PhysicsWorld         - Using strategy: BRUTE_FORCE
15:04:40.316 [FXGL Background Thread 1 ] DEBUG GameScene            - Game scene initialized: 1500x800
15:04:40.341 [FXGL Background Thread 1 ] DEBUG FXGL.DefaultMenu     - createMenuBodyGameMenu()
15:04:40.370 [FXGL Background Thread 1 ] DEBUG FXGL.DefaultMenu     - createOptionsMenu()
15:04:40.392 [FXGL Background Thread 1 ] DEBUG FXGLAssetLoaderServi - Loading from file system: jar:file:///C:/Users/Jonathan/.m2/repository/com/github/almasb/fxgl/17.3/fxgl-17.3.jar!/fxglassets/textures/particles/smoke.png
15:04:40.623 [FXGL Background Thread 1 ] DEBUG FXGLAssetLoaderServi - Loading from file system: jar:file:///C:/Users/Jonathan/.m2/repository/com/github/almasb/fxgl/17.3/fxgl-17.3.jar!/fxglassets/textures/particles/trace_horizontal.png
15:04:40.686 [FXGL Background Thread 1 ] DEBUG GameApplicationServi - Application scenes initialized
15:04:40.716 [FXGL Background Thread 1 ] DEBUG SystemBundleService  - Loading FXGL system data
15:04:40.727 [FXGL Background Thread 1 ] DEBUG FileSystemAccess     - Reading from: C:\Users\Jonathan\Documents\Galactic odyssey\system\fxgl.bundle
15:04:40.741 [FXGL Background Thread 1 ] DEBUG SystemBundleService  - Bundle FXGL: {}
15:04:40.742 [FXGL Background Thread 1 ] DEBUG UpdaterService       - Checking for updates
15:04:40.752 [FXGL Background Thread 4 ] DEBUG FXGLApplication      - Loading fonts
15:04:40.754 [FXGL Background Thread 1 ] DEBUG FXGLApplication      - Loading default localization
15:04:40.755 [FXGL Background Thread 1 ] DEBUG FXGLAssetLoaderServi - Loading from file system: jar:file:///C:/Users/Jonathan/.m2/repository/com/github/almasb/fxgl/17.3/fxgl-17.3.jar!/fxglassets/languages/english.lang
15:04:40.756 [FXGL Background Thread 4 ] DEBUG FXGLAssetLoaderServi - Loading from file system: jar:file:///C:/Users/Jonathan/.m2/repository/com/github/almasb/fxgl/17.3/fxgl-17.3.jar!/fxglassets/ui/fonts/VarelaRound-Regular.ttf
15:04:40.823 [FXGL Background Thread 1 ] INFO  FXGLApplication      - FXGL initialization took: 1,018 sec
15:04:40.829 [JavaFX Application Thread] DEBUG FXGLAssetLoaderServi - Loading from file system: jar:file:///C:/Users/Jonathan/.m2/repository/com/github/almasb/fxgl/17.3/fxgl-17.3.jar!/fxglassets/textures/fxgl_icon.png
15:04:40.870 [JavaFX Application Thread] DEBUG FXGLAssetLoaderServi - Loading from file system: jar:file:///C:/Users/Jonathan/.m2/repository/com/github/almasb/fxgl/17.3/fxgl-17.3.jar!/fxglassets/textures/fxgl_default_cursor.png
15:04:40.899 [JavaFX Application Thread] DEBUG Input                - Registered new binding: Screenshot - CTRL+8
15:04:40.901 [JavaFX Application Thread] DEBUG Input                - Registered new binding: System info dump - CTRL+9
15:04:40.902 [JavaFX Application Thread] DEBUG Input                - Registered new binding: Restart - CTRL+R
15:04:40.908 [JavaFX Application Thread] DEBUG Input                - Registered new binding: Toggle Debug Camera - CTRL+7
15:04:40.915 [JavaFX Application Thread] DEBUG LoopRunner           - Starting loop
15:04:40.916 [JavaFX Application Thread] DEBUG LoopRunner           - Initializing JavaFX AnimationTimerLoop
15:04:40.922 [JavaFX Application Thread] DEBUG GameApplicationServi - Starting new game
15:04:40.925 [JavaFX Application Thread] DEBUG Input                - Clearing active input actions
15:04:40.953 [JavaFX Application Thread] DEBUG GameApplicationServi - Removing overlay from FXGLStartupScene and adding to FXGLLoadingScene
15:04:40.954 [JavaFX Application Thread] DEBUG PrimaryStageWindow   - FXGLStartupScene -> FXGLLoadingScene
15:04:40.954 [JavaFX Application Thread] DEBUG GameApplicationServi - Clearing previous game
15:04:40.954 [JavaFX Application Thread] DEBUG GameScene            - Clearing game scene
15:04:40.954 [JavaFX Application Thread] DEBUG GameWorld            - Clearing game world
15:04:40.954 [JavaFX Application Thread] DEBUG PhysicsWorld         - Clearing physics world
15:04:40.972 [FXGL Background Thread 1 ] DEBUG FXGLApplication      - Initializing game
15:04:41.013 [FXGL Background Thread 1 ] DEBUG FXGLAssetLoaderServi - Loading from file system: file:/C:/Users/Jonathan/Documents/Galactic%20odyssey/target/classes/assets/textures/fondo_menu.png
15:04:41.050 [FXGL Background Thread 4 ] DEBUG FXGLAssetLoaderServi - Loading from file system: jar:file:///C:/Users/Jonathan/.m2/repository/com/github/almasb/fxgl/17.3/fxgl-17.3.jar!/fxglassets/ui/fonts/Abel-Regular.ttf
15:04:41.083 [FXGL Background Thread 4 ] DEBUG FXGLAssetLoaderServi - Loading from file system: jar:file:///C:/Users/Jonathan/.m2/repository/com/github/almasb/fxgl/17.3/fxgl-17.3.jar!/fxglassets/ui/fonts/TerminalLandMono-Regular.otf
15:04:41.101 [FXGL Background Thread 1 ] INFO  FXGLApplication      - Game initialization took: 0,129 sec
15:04:41.107 [FXGL Background Thread 4 ] DEBUG FXGLAssetLoaderServi - Loading from file system: jar:file:///C:/Users/Jonathan/.m2/repository/com/github/almasb/fxgl/17.3/fxgl-17.3.jar!/fxglassets/ui/fonts/Courier-Prime.ttf
15:04:41.155 [JavaFX Application Thread] DEBUG Input                - Clearing active input actions
15:04:41.210 [JavaFX Application Thread] DEBUG GameApplicationServi - Removing overlay from FXGLLoadingScene and adding to GameScene
15:04:41.211 [JavaFX Application Thread] DEBUG PrimaryStageWindow   - FXGLLoadingScene -> GameScene
15:04:41.397 [JavaFX Application Thread] DEBUG FXGLApplication      - Registering font factories with UI factory
15:04:42.281 [JavaFX Application Thread] WARN  TMXLevelLoader       - TiledMap generated from 1.11.2. Supported version: 1.9.0. Some features may not be parsed fully.
15:04:42.344 [JavaFX Application Thread] DEBUG TMXLevelLoader       - Parsed TiledMap: file:/C:/Users/Jonathan/Documents/Galactic%20odyssey/target/classes/assets/levels/MapGame1.tmx
15:04:42.346 [JavaFX Application Thread] DEBUG TMXLevelLoader       - Creating tile layer entities
15:04:42.349 [JavaFX Application Thread] DEBUG TilesetLoader        - Loading view for layer Espacio
15:04:42.354 [JavaFX Application Thread] DEBUG TilesetLoader        - Created buffer with size 1920.0x960.0
15:04:42.454 [JavaFX Application Thread] DEBUG TilesetLoader        - Loading view for layer Planetas
15:04:42.460 [JavaFX Application Thread] DEBUG TilesetLoader        - Created buffer with size 1920.0x960.0
15:04:42.464 [JavaFX Application Thread] DEBUG TilesetLoader        - Loading view for layer Suelo
15:04:42.482 [JavaFX Application Thread] DEBUG TilesetLoader        - Created buffer with size 1920.0x960.0
15:04:42.493 [JavaFX Application Thread] DEBUG TilesetLoader        - Loading view for layer Suelo ruinas
15:04:42.497 [JavaFX Application Thread] DEBUG TilesetLoader        - Created buffer with size 1920.0x960.0
15:04:42.499 [JavaFX Application Thread] DEBUG TilesetLoader        - Loading view for layer Torres ruinas
15:04:42.503 [JavaFX Application Thread] DEBUG TilesetLoader        - Created buffer with size 1920.0x960.0
15:04:42.597 [JavaFX Application Thread] DEBUG TilesetLoader        - Loading view for layer Cristales espaciales
15:04:42.601 [JavaFX Application Thread] DEBUG TilesetLoader        - Created buffer with size 1920.0x960.0
15:04:42.603 [JavaFX Application Thread] DEBUG TilesetLoader        - Loading view for layer Rocas1
15:04:42.607 [JavaFX Application Thread] DEBUG TilesetLoader        - Created buffer with size 1920.0x960.0
15:04:42.668 [JavaFX Application Thread] DEBUG TilesetLoader        - Loading view for layer Muro
15:04:42.672 [JavaFX Application Thread] DEBUG TilesetLoader        - Created buffer with size 1920.0x960.0
15:04:42.675 [JavaFX Application Thread] DEBUG TilesetLoader        - Loading view for layer Rocas
15:04:42.679 [JavaFX Application Thread] DEBUG TilesetLoader        - Created buffer with size 1920.0x960.0
15:04:42.685 [JavaFX Application Thread] DEBUG TilesetLoader        - Loading view for layer Rocas2
15:04:42.690 [JavaFX Application Thread] DEBUG TilesetLoader        - Created buffer with size 1920.0x960.0
15:04:42.692 [JavaFX Application Thread] DEBUG TilesetLoader        - Loading view for layer Naves
15:04:42.696 [JavaFX Application Thread] DEBUG TilesetLoader        - Created buffer with size 1920.0x960.0
15:04:42.699 [JavaFX Application Thread] DEBUG TilesetLoader        - Loading view for layer Objetos
15:04:42.704 [JavaFX Application Thread] DEBUG TilesetLoader        - Created buffer with size 1920.0x960.0
15:04:42.705 [JavaFX Application Thread] DEBUG TMXLevelLoader       - Creating object layer entities
15:04:42.750 [JavaFX Application Thread] DEBUG GameWorld            - Clearing removable entities
15:04:42.752 [JavaFX Application Thread] DEBUG GameWorld            - Setting level: com.almasb.fxgl.entity.level.Level@794f06eb
15:04:42.786 [JavaFX Application Thread] DEBUG Input                - Registered new binding: Move Right - D
15:04:42.787 [JavaFX Application Thread] DEBUG Input                - Registered new binding: Move Left - A
15:04:42.787 [JavaFX Application Thread] DEBUG Input                - Registered new binding: Move Up - W
15:04:42.787 [JavaFX Application Thread] DEBUG Input                - Registered new binding: Move Down - S
15:04:43.750 [FXGL Background Thread 3 ] DEBUG Engine               - Logging environment variables
15:04:43.754 [FXGL Background Thread 3 ] DEBUG Engine               - achievements: []
15:04:43.754 [FXGL Background Thread 3 ] DEBUG Engine               - actualHeight: 728.0
15:04:43.755 [FXGL Background Thread 3 ] DEBUG Engine               - actualHeightProperty: ReadOnlyDoubleProperty [value: 728.0]
15:04:43.756 [FXGL Background Thread 3 ] DEBUG Engine               - actualWidth: 1340.0
15:04:43.756 [FXGL Background Thread 3 ] DEBUG Engine               - actualWidthProperty: ReadOnlyDoubleProperty [value: 1340.0]
15:04:43.757 [FXGL Background Thread 3 ] DEBUG Engine               - appIcon: fxgl_icon.png
15:04:43.758 [FXGL Background Thread 3 ] DEBUG Engine               - applicationMode: DEVELOPER
15:04:43.758 [FXGL Background Thread 3 ] DEBUG Engine               - cSSList: [fxgl_dark.css]
15:04:43.759 [FXGL Background Thread 3 ] DEBUG Engine               - collisionDetectionStrategy: BRUTE_FORCE
15:04:43.759 [FXGL Background Thread 3 ] DEBUG Engine               - configClass: Optional.empty
15:04:43.760 [FXGL Background Thread 3 ] DEBUG Engine               - credits: []
15:04:43.763 [FXGL Background Thread 3 ] DEBUG Engine               - defaultCursor: CursorInfo(imageName=fxgl_default_cursor.png, hotspotX=7.0, hotspotY=6.0)
15:04:43.764 [FXGL Background Thread 3 ] DEBUG Engine               - devBBoxColorProperty: ObjectProperty [value: 0xff0000ff]
15:04:43.765 [FXGL Background Thread 3 ] DEBUG Engine               - devEnableDebugCameraProperty: BooleanProperty [value: false]
15:04:43.766 [FXGL Background Thread 3 ] DEBUG Engine               - devSensorColorProperty: ObjectProperty [value: 0xffff00ff]
15:04:43.766 [FXGL Background Thread 3 ] DEBUG Engine               - devShowBBoxProperty: BooleanProperty [value: false]
15:04:43.767 [FXGL Background Thread 3 ] DEBUG Engine               - devShowPositionProperty: BooleanProperty [value: false]
15:04:43.768 [FXGL Background Thread 3 ] DEBUG Engine               - enabledMenuItems: []
15:04:43.769 [FXGL Background Thread 3 ] DEBUG Engine               - engineServices: [class com.almasb.fxgl.app.services.FXGLAssetLoaderService, class com.almasb.fxgl.app.FXGLApplication$GameApplicationService, class com.almasb.fxgl.app.services.FXGLDialogService, class com.almasb.fxgl.app.services.IOTaskExecutorService, class com.almasb.fxgl.io.FileSystemService, class com.almasb.fxgl.localization.LocalizationService, class com.almasb.fxgl.app.services.SystemBundleService, class com.almasb.fxgl.profile.SaveLoadService, class com.almasb.fxgl.ui.FXGLUIFactoryServiceProvider, class com.almasb.fxgl.ui.FXGLDialogFactoryServiceProvider, class com.almasb.fxgl.audio.AudioPlayer, class com.almasb.fxgl.notification.impl.NotificationServiceProvider, class com.almasb.fxgl.achievement.AchievementService, class com.almasb.fxgl.cutscene.CutsceneService, class com.almasb.fxgl.minigames.MiniGameService, class com.almasb.fxgl.net.NetService, class com.almasb.fxgl.app.services.UpdaterService, class com.almasb.fxgl.dev.DevService]
15:04:43.770 [FXGL Background Thread 3 ] DEBUG Engine               - fontGame: Abel-Regular.ttf
15:04:43.770 [FXGL Background Thread 3 ] DEBUG Engine               - fontMono: TerminalLandMono-Regular.otf
15:04:43.771 [FXGL Background Thread 3 ] DEBUG Engine               - fontSizeScaleUI: 1.0
15:04:43.772 [FXGL Background Thread 3 ] DEBUG Engine               - fontText: Courier-Prime.ttf
15:04:43.773 [FXGL Background Thread 3 ] DEBUG Engine               - fontUI: VarelaRound-Regular.ttf
15:04:43.773 [FXGL Background Thread 3 ] DEBUG Engine               - fullScreen: BooleanProperty [value: false]
15:04:43.774 [FXGL Background Thread 3 ] DEBUG Engine               - gameDifficulty: MEDIUM
15:04:43.774 [FXGL Background Thread 3 ] DEBUG Engine               - gameDifficultyProperty: ObjectProperty [value: MEDIUM]
15:04:43.775 [FXGL Background Thread 3 ] DEBUG Engine               - globalMusicVolume: 0.5
15:04:43.775 [FXGL Background Thread 3 ] DEBUG Engine               - globalMusicVolumeProperty: DoubleProperty [value: 0.5]
15:04:43.776 [FXGL Background Thread 3 ] DEBUG Engine               - globalSoundVolume: 0.5
15:04:43.776 [FXGL Background Thread 3 ] DEBUG Engine               - globalSoundVolumeProperty: DoubleProperty [value: 0.5]
15:04:43.777 [FXGL Background Thread 3 ] DEBUG Engine               - height: 800
15:04:43.778 [FXGL Background Thread 3 ] DEBUG Engine               - is3D: false
15:04:43.778 [FXGL Background Thread 3 ] DEBUG Engine               - isAndroid: false
15:04:43.779 [FXGL Background Thread 3 ] DEBUG Engine               - isBrowser: false
15:04:43.779 [FXGL Background Thread 3 ] DEBUG Engine               - isClickFeedbackEnabled: false
15:04:43.780 [FXGL Background Thread 3 ] DEBUG Engine               - isCloseConfirmation: false
15:04:43.780 [FXGL Background Thread 3 ] DEBUG Engine               - isDesktop: true
15:04:43.781 [FXGL Background Thread 3 ] DEBUG Engine               - isDeveloperMenuEnabled: false
15:04:43.781 [FXGL Background Thread 3 ] DEBUG Engine               - isEmbedded: false
15:04:43.781 [FXGL Background Thread 3 ] DEBUG Engine               - isEntityPreloadEnabled: true
15:04:43.781 [FXGL Background Thread 3 ] DEBUG Engine               - isExperimentalTiledLargeMap: false
15:04:43.781 [FXGL Background Thread 3 ] DEBUG Engine               - isFileSystemWriteAllowed: true
15:04:43.781 [FXGL Background Thread 3 ] DEBUG Engine               - isFullScreenAllowed: false
15:04:43.782 [FXGL Background Thread 3 ] DEBUG Engine               - isFullScreenFromStart: false
15:04:43.782 [FXGL Background Thread 3 ] DEBUG Engine               - isGameMenuEnabled: true
15:04:43.782 [FXGL Background Thread 3 ] DEBUG Engine               - isIOS: false
15:04:43.782 [FXGL Background Thread 3 ] DEBUG Engine               - isIntroEnabled: false
15:04:43.782 [FXGL Background Thread 3 ] DEBUG Engine               - isLinux: false
15:04:43.782 [FXGL Background Thread 3 ] DEBUG Engine               - isMac: false
15:04:43.782 [FXGL Background Thread 3 ] DEBUG Engine               - isMainMenuEnabled: false
15:04:43.783 [FXGL Background Thread 3 ] DEBUG Engine               - isManualResizeEnabled: false
15:04:43.783 [FXGL Background Thread 3 ] DEBUG Engine               - isMobile: false
15:04:43.783 [FXGL Background Thread 3 ] DEBUG Engine               - isNative: false
15:04:43.783 [FXGL Background Thread 3 ] DEBUG Engine               - isPauseMusicWhenMinimized: true
15:04:43.783 [FXGL Background Thread 3 ] DEBUG Engine               - isPreserveResizeRatio: false
15:04:43.783 [FXGL Background Thread 3 ] DEBUG Engine               - isProfilingEnabled: false
15:04:43.783 [FXGL Background Thread 3 ] DEBUG Engine               - isScaleAffectedOnResize: true
15:04:43.783 [FXGL Background Thread 3 ] DEBUG Engine               - isSingleStep: false
15:04:43.783 [FXGL Background Thread 3 ] DEBUG Engine               - isUserProfileEnabled: false
15:04:43.784 [FXGL Background Thread 3 ] DEBUG Engine               - isWindows: true
15:04:43.784 [FXGL Background Thread 3 ] DEBUG Engine               - language: ObjectProperty [value: ENGLISH]
15:04:43.784 [FXGL Background Thread 3 ] DEBUG Engine               - menuKey: ESCAPE
15:04:43.784 [FXGL Background Thread 3 ] DEBUG Engine               - mouseSensitivity: 0.2
15:04:43.784 [FXGL Background Thread 3 ] DEBUG Engine               - notificationViewClass: class com.almasb.fxgl.notification.view.XboxNotificationView
15:04:43.785 [FXGL Background Thread 3 ] DEBUG Engine               - pixelsPerMeter: 50.0
15:04:43.785 [FXGL Background Thread 3 ] DEBUG Engine               - platform: WINDOWS
15:04:43.785 [FXGL Background Thread 3 ] DEBUG Engine               - prefHeightProperty: ReadOnlyDoubleProperty [value: 800.0]
15:04:43.785 [FXGL Background Thread 3 ] DEBUG Engine               - prefWidthProperty: ReadOnlyDoubleProperty [value: 1500.0]
15:04:43.785 [FXGL Background Thread 3 ] DEBUG Engine               - profileDir: profiles/
15:04:43.785 [FXGL Background Thread 3 ] DEBUG Engine               - profileName: StringProperty [value: DEFAULT]
15:04:43.785 [FXGL Background Thread 3 ] DEBUG Engine               - randomSeed: -1
15:04:43.787 [FXGL Background Thread 3 ] DEBUG Engine               - runtimeInfo: RuntimeInfo(platform=WINDOWS, version=17.3, build=30.03.2023 11.49)
15:04:43.787 [FXGL Background Thread 3 ] DEBUG Engine               - saveFileExt: sav
15:04:43.787 [FXGL Background Thread 3 ] DEBUG Engine               - scaledHeightProp$fxgl: DoubleProperty [bound, value: 728.0]
15:04:43.787 [FXGL Background Thread 3 ] DEBUG Engine               - scaledWidthProp$fxgl: DoubleProperty [bound, value: 1340.0]
15:04:43.788 [FXGL Background Thread 3 ] DEBUG Engine               - sceneFactory: com.almasb.fxgl.app.scene.SceneFactory@653542fa
15:04:43.788 [FXGL Background Thread 3 ] DEBUG Engine               - secondsIn24h: 60
15:04:43.788 [FXGL Background Thread 3 ] DEBUG Engine               - soundMenuBack: menu/back.wav
15:04:43.788 [FXGL Background Thread 3 ] DEBUG Engine               - soundMenuPress: menu/press.wav
15:04:43.788 [FXGL Background Thread 3 ] DEBUG Engine               - soundMenuSelect: menu/select.wav
15:04:43.789 [FXGL Background Thread 3 ] DEBUG Engine               - soundNotification: core/notification.wav
15:04:43.789 [FXGL Background Thread 3 ] DEBUG Engine               - stageStyle: DECORATED
15:04:43.789 [FXGL Background Thread 3 ] DEBUG Engine               - supportedLanguages: [ENGLISH, FRENCH, GERMAN, HUNGARIAN, RUSSIAN]
15:04:43.789 [FXGL Background Thread 3 ] DEBUG Engine               - ticksPerSecond: -1
15:04:43.789 [FXGL Background Thread 3 ] DEBUG Engine               - title: Galactic Odyssey
15:04:43.789 [FXGL Background Thread 3 ] DEBUG Engine               - urlGithub: https://github.com/AlmasB/FXGL
15:04:43.790 [FXGL Background Thread 3 ] DEBUG Engine               - urlLeaderboard: http://fxgl-top.herokuapp.com/
15:04:43.790 [FXGL Background Thread 3 ] DEBUG Engine               - urlPOM: https://raw.githubusercontent.com/AlmasB/FXGL/release/README.md
15:04:43.790 [FXGL Background Thread 3 ] DEBUG Engine               - userAppClass: class App.App
15:04:43.790 [FXGL Background Thread 3 ] DEBUG Engine               - version: 0.0
15:04:43.790 [FXGL Background Thread 3 ] DEBUG Engine               - versionCheckDays: 7
15:04:43.790 [FXGL Background Thread 3 ] DEBUG Engine               - width: 1500
15:04:43.791 [FXGL Background Thread 3 ] DEBUG Engine               - Logging services
15:04:43.791 [FXGL Background Thread 3 ] DEBUG Engine               - class com.almasb.fxgl.app.services.FXGLAssetLoaderService
15:04:43.791 [FXGL Background Thread 3 ] DEBUG Engine               - class com.almasb.fxgl.app.FXGLApplication$GameApplicationService
15:04:43.791 [FXGL Background Thread 3 ] DEBUG Engine               - class com.almasb.fxgl.app.services.FXGLDialogService
15:04:43.791 [FXGL Background Thread 3 ] DEBUG Engine               - class com.almasb.fxgl.app.services.IOTaskExecutorService
15:04:43.792 [FXGL Background Thread 3 ] DEBUG Engine               - class com.almasb.fxgl.io.FileSystemService
15:04:43.792 [FXGL Background Thread 3 ] DEBUG Engine               - class com.almasb.fxgl.localization.LocalizationService
15:04:43.792 [FXGL Background Thread 3 ] DEBUG Engine               - class com.almasb.fxgl.app.services.SystemBundleService
15:04:43.792 [FXGL Background Thread 3 ] DEBUG Engine               - class com.almasb.fxgl.profile.SaveLoadService
15:04:43.792 [FXGL Background Thread 3 ] DEBUG Engine               - class com.almasb.fxgl.ui.FXGLUIFactoryServiceProvider
15:04:43.792 [FXGL Background Thread 3 ] DEBUG Engine               - class com.almasb.fxgl.ui.FXGLDialogFactoryServiceProvider
15:04:43.792 [FXGL Background Thread 3 ] DEBUG Engine               - class com.almasb.fxgl.audio.AudioPlayer
15:04:43.793 [FXGL Background Thread 3 ] DEBUG Engine               - class com.almasb.fxgl.notification.impl.NotificationServiceProvider
15:04:43.793 [FXGL Background Thread 3 ] DEBUG Engine               - class com.almasb.fxgl.achievement.AchievementService
15:04:43.793 [FXGL Background Thread 3 ] DEBUG Engine               - class com.almasb.fxgl.cutscene.CutsceneService
15:04:43.793 [FXGL Background Thread 3 ] DEBUG Engine               - class com.almasb.fxgl.minigames.MiniGameService
15:04:43.793 [FXGL Background Thread 3 ] DEBUG Engine               - class com.almasb.fxgl.net.NetService
15:04:43.793 [FXGL Background Thread 3 ] DEBUG Engine               - class com.almasb.fxgl.app.services.UpdaterService
15:04:43.793 [FXGL Background Thread 3 ] DEBUG Engine               - class com.almasb.fxgl.dev.DevService
15:04:50.803 [JavaFX Application Thread] DEBUG FXGLApplication      - Exiting FXGL
15:04:50.804 [JavaFX Application Thread] DEBUG LoopRunner           - Stopping loop
15:04:50.804 [JavaFX Application Thread] DEBUG SystemBundleService  - Saving FXGL system data
15:04:50.807 [JavaFX Application Thread] DEBUG FileSystemAccess     - Writing to: C:\Users\Jonathan\Documents\Galactic odyssey\system\fxgl.bundle
15:04:50.810 [JavaFX Application Thread] DEBUG Async                - Shutting down background threads
15:04:50.810 [JavaFX Application Thread] DEBUG PrimaryStageWindow   - Closing main window
15:04:50.848 [JavaFX Application Thread] DEBUG Logger               - Closing Logger
