20:11:29.401 [main                     ] DEBUG Logger               - Configured Logger
20:11:29.467 [main                     ] DEBUG GameApplication      - Logging settings
Title: Galactic Odyssey
Version: 0.0.1
Width: 800
Height: 617
Fullscreen: true
Intro: false
Profiling: false
Single step:false
App Mode: DEVELOPER
Menu Key: ESCAPE
Stage Style: DECORATED
Scene Factory: class App.App$1

20:11:29.995 [JavaFX Application Thread] DEBUG FXGLApplication      - Initializing FXGL
20:11:30.008 [JavaFX Application Thread] INFO  Engine               - FXGL-17.3 (30.03.2023 11.49) on WINDOWS (J:17.0.12 FX:17.0.2-ea)
20:11:30.009 [JavaFX Application Thread] DEBUG Engine               - JRE Vendor Name: Oracle Corporation
20:11:30.010 [JavaFX Application Thread] DEBUG Engine               - Running on OS: Windows 10 version 10.0
20:11:30.010 [JavaFX Application Thread] DEBUG Engine               - Architecture: amd64
20:11:30.010 [JavaFX Application Thread] INFO  Engine               - Source code and latest versions at: https://github.com/AlmasB/FXGL
20:11:30.011 [JavaFX Application Thread] INFO  Engine               -       Ask questions and discuss at: https://github.com/AlmasB/FXGL/discussions
20:11:30.011 [JavaFX Application Thread] INFO  Engine               -              Join the FXGL chat at: https://gitter.im/AlmasB/FXGL
20:11:30.174 [JavaFX Application Thread] DEBUG PrimaryStageWindow   - Creating a JavaFX scene
20:11:30.252 [JavaFX Application Thread] DEBUG PrimaryStageWindow   - Target settings size: 800.0 x 617.0
20:11:30.252 [JavaFX Application Thread] DEBUG PrimaryStageWindow   - Scaled scene size:    800.0 x 617.0
20:11:30.253 [JavaFX Application Thread] DEBUG PrimaryStageWindow   - Scaled ratio: (1.0, 1.0)
20:11:30.255 [JavaFX Application Thread] DEBUG PrimaryStageWindow   - Set initial scene to FXGLStartupScene
20:11:30.271 [JavaFX Application Thread] DEBUG PrimaryStageWindow   - Opening main window
20:11:30.413 [JavaFX Application Thread] DEBUG PrimaryStageWindow   - Window border size: (16.0, 39.0)
20:11:30.414 [JavaFX Application Thread] DEBUG PrimaryStageWindow   - Scaled size: 800.0 x 617.0
20:11:30.415 [JavaFX Application Thread] DEBUG PrimaryStageWindow   - Scaled ratio: (1.0, 1.0)
20:11:30.416 [JavaFX Application Thread] DEBUG PrimaryStageWindow   - Scene size: 800.0 x 617.0
20:11:30.417 [JavaFX Application Thread] DEBUG PrimaryStageWindow   - Stage size: 816.0 x 656.0
20:11:30.514 [JavaFX Application Thread] DEBUG PrimaryStageWindow   - Going fullscreen
20:11:30.541 [FXGL Background Thread 1 ] DEBUG Engine               - Initializing environment variables
20:11:30.611 [FXGL Background Thread 1 ] DEBUG FXGLAssetLoaderServi - User app class for loading assets: class App.App
20:11:30.611 [FXGL Background Thread 1 ] DEBUG GameApplicationServi - Applying CSS: fxgl_dark.css
20:11:30.613 [FXGL Background Thread 1 ] DEBUG FXGLAssetLoaderServi - Loading from file system: jar:file:///C:/Users/Jonathan/.m2/repository/com/github/almasb/fxgl/17.3/fxgl-17.3.jar!/fxglassets/ui/css/fxgl_dark.css
20:11:30.712 [FXGL Background Thread 1 ] DEBUG GameApplicationServi - Initializing application scenes
20:11:30.845 [FXGL Background Thread 1 ] DEBUG GameWorld            - Game world initialized
20:11:30.970 [FXGL Background Thread 1 ] DEBUG PhysicsWorld         - Physics world initialized: appHeight=617, physics.ppm=50,0
20:11:30.971 [FXGL Background Thread 1 ] DEBUG PhysicsWorld         - Using strategy: BRUTE_FORCE
20:11:30.979 [FXGL Background Thread 1 ] DEBUG GameScene            - Game scene initialized: 800x617
20:11:30.998 [FXGL Background Thread 1 ] DEBUG FXGL.DefaultMenu     - createMenuBodyGameMenu()
20:11:31.024 [FXGL Background Thread 1 ] DEBUG FXGL.DefaultMenu     - createOptionsMenu()
20:11:31.046 [FXGL Background Thread 1 ] DEBUG FXGLAssetLoaderServi - Loading from file system: jar:file:///C:/Users/Jonathan/.m2/repository/com/github/almasb/fxgl/17.3/fxgl-17.3.jar!/fxglassets/textures/particles/smoke.png
20:11:31.243 [FXGL Background Thread 1 ] DEBUG FXGLAssetLoaderServi - Loading from file system: jar:file:///C:/Users/Jonathan/.m2/repository/com/github/almasb/fxgl/17.3/fxgl-17.3.jar!/fxglassets/textures/particles/trace_horizontal.png
20:11:31.301 [FXGL Background Thread 1 ] DEBUG GameApplicationServi - Application scenes initialized
20:11:31.327 [FXGL Background Thread 1 ] DEBUG SystemBundleService  - Loading FXGL system data
20:11:31.337 [FXGL Background Thread 1 ] DEBUG FileSystemAccess     - Reading from: C:\Users\Jonathan\Desktop\Galactic odyssey\system\fxgl.bundle
20:11:31.353 [FXGL Background Thread 1 ] DEBUG SystemBundleService  - Bundle FXGL: {}
20:11:31.353 [FXGL Background Thread 1 ] DEBUG UpdaterService       - Checking for updates
20:11:31.366 [FXGL Background Thread 1 ] DEBUG FXGLApplication      - Loading default localization
20:11:31.368 [FXGL Background Thread 1 ] DEBUG FXGLAssetLoaderServi - Loading from file system: jar:file:///C:/Users/Jonathan/.m2/repository/com/github/almasb/fxgl/17.3/fxgl-17.3.jar!/fxglassets/languages/english.lang
20:11:31.376 [FXGL Background Thread 4 ] DEBUG FXGLApplication      - Loading fonts
20:11:31.377 [FXGL Background Thread 4 ] DEBUG FXGLAssetLoaderServi - Loading from file system: jar:file:///C:/Users/Jonathan/.m2/repository/com/github/almasb/fxgl/17.3/fxgl-17.3.jar!/fxglassets/ui/fonts/VarelaRound-Regular.ttf
20:11:31.421 [FXGL Background Thread 1 ] INFO  FXGLApplication      - FXGL initialization took: 0,888 sec
20:11:31.423 [JavaFX Application Thread] DEBUG FXGLAssetLoaderServi - Loading from file system: jar:file:///C:/Users/Jonathan/.m2/repository/com/github/almasb/fxgl/17.3/fxgl-17.3.jar!/fxglassets/textures/fxgl_icon.png
20:11:31.472 [JavaFX Application Thread] DEBUG FXGLAssetLoaderServi - Loading from file system: jar:file:///C:/Users/Jonathan/.m2/repository/com/github/almasb/fxgl/17.3/fxgl-17.3.jar!/fxglassets/textures/fxgl_default_cursor.png
20:11:31.496 [JavaFX Application Thread] DEBUG Input                - Registered new binding: Screenshot - CTRL+8
20:11:31.497 [JavaFX Application Thread] DEBUG Input                - Registered new binding: System info dump - CTRL+9
20:11:31.497 [JavaFX Application Thread] DEBUG Input                - Registered new binding: Restart - CTRL+R
20:11:31.498 [JavaFX Application Thread] DEBUG Input                - Registered new binding: Toggle Debug Camera - CTRL+7
20:11:31.503 [JavaFX Application Thread] DEBUG LoopRunner           - Starting loop
20:11:31.504 [JavaFX Application Thread] DEBUG LoopRunner           - Initializing JavaFX AnimationTimerLoop
20:11:31.507 [JavaFX Application Thread] DEBUG GameApplicationServi - Starting new game
20:11:31.508 [JavaFX Application Thread] DEBUG Input                - Clearing active input actions
20:11:31.538 [JavaFX Application Thread] DEBUG GameApplicationServi - Removing overlay from FXGLStartupScene and adding to MyLoadingScene
20:11:31.539 [JavaFX Application Thread] DEBUG PrimaryStageWindow   - FXGLStartupScene -> MyLoadingScene
20:11:31.539 [JavaFX Application Thread] DEBUG GameApplicationServi - Clearing previous game
20:11:31.539 [JavaFX Application Thread] DEBUG GameScene            - Clearing game scene
20:11:31.539 [JavaFX Application Thread] DEBUG GameWorld            - Clearing game world
20:11:31.539 [JavaFX Application Thread] DEBUG PhysicsWorld         - Clearing physics world
20:11:31.541 [FXGL Background Thread 1 ] DEBUG FXGLApplication      - Initializing game
20:11:31.568 [FXGL Background Thread 1 ] DEBUG FXGLAssetLoaderServi - Loading from file system: file:/C:/Users/Jonathan/Desktop/Galactic%20odyssey/target/classes/assets/textures/fondo_menu.png
20:11:31.622 [FXGL Background Thread 1 ] DEBUG FXGLAssetLoaderServi - Loading from file system: file:/C:/Users/Jonathan/Desktop/Galactic%20odyssey/target/classes/assets/music/intro.mp3
20:11:31.909 [FXGL Background Thread 4 ] DEBUG FXGLAssetLoaderServi - Loading from file system: jar:file:///C:/Users/Jonathan/.m2/repository/com/github/almasb/fxgl/17.3/fxgl-17.3.jar!/fxglassets/ui/fonts/Abel-Regular.ttf
20:11:31.911 [FXGL Background Thread 1 ] DEBUG AudioPlayer          - Playing music com.almasb.fxgl.audio.Music@1fdfff14
20:11:31.950 [FXGL Background Thread 4 ] DEBUG FXGLAssetLoaderServi - Loading from file system: jar:file:///C:/Users/Jonathan/.m2/repository/com/github/almasb/fxgl/17.3/fxgl-17.3.jar!/fxglassets/ui/fonts/TerminalLandMono-Regular.otf
20:11:31.962 [FXGL Background Thread 1 ] INFO  FXGLApplication      - Game initialization took: 0,421 sec
20:11:31.964 [JavaFX Application Thread] DEBUG Input                - Clearing active input actions
20:11:31.997 [JavaFX Application Thread] DEBUG GameApplicationServi - Removing overlay from MyLoadingScene and adding to GameScene
20:11:31.998 [JavaFX Application Thread] DEBUG PrimaryStageWindow   - MyLoadingScene -> GameScene
20:11:32.001 [FXGL Background Thread 4 ] DEBUG FXGLAssetLoaderServi - Loading from file system: jar:file:///C:/Users/Jonathan/.m2/repository/com/github/almasb/fxgl/17.3/fxgl-17.3.jar!/fxglassets/ui/fonts/Courier-Prime.ttf
20:11:32.090 [FXGL Background Thread 2 ] WARN  UpdaterService       - Failed to find updates: java.net.UnknownHostException: raw.githubusercontent.com
20:11:32.092 [JavaFX Application Thread] DEBUG FXGLApplication      - Registering font factories with UI factory
20:11:34.365 [FXGL Background Thread 3 ] DEBUG Engine               - Logging environment variables
20:11:34.368 [FXGL Background Thread 3 ] DEBUG Engine               - achievements: []
20:11:34.369 [FXGL Background Thread 3 ] DEBUG Engine               - actualHeight: 768.0
20:11:34.370 [FXGL Background Thread 3 ] DEBUG Engine               - actualHeightProperty: ReadOnlyDoubleProperty [value: 768.0]
20:11:34.370 [FXGL Background Thread 3 ] DEBUG Engine               - actualWidth: 1366.0
20:11:34.371 [FXGL Background Thread 3 ] DEBUG Engine               - actualWidthProperty: ReadOnlyDoubleProperty [value: 1366.0]
20:11:34.371 [FXGL Background Thread 3 ] DEBUG Engine               - appIcon: fxgl_icon.png
20:11:34.372 [FXGL Background Thread 3 ] DEBUG Engine               - applicationMode: DEVELOPER
20:11:34.373 [FXGL Background Thread 3 ] DEBUG Engine               - cSSList: [fxgl_dark.css]
20:11:34.373 [FXGL Background Thread 3 ] DEBUG Engine               - collisionDetectionStrategy: BRUTE_FORCE
20:11:34.374 [FXGL Background Thread 3 ] DEBUG Engine               - configClass: Optional.empty
20:11:34.374 [FXGL Background Thread 3 ] DEBUG Engine               - credits: []
20:11:34.377 [FXGL Background Thread 3 ] DEBUG Engine               - defaultCursor: CursorInfo(imageName=fxgl_default_cursor.png, hotspotX=7.0, hotspotY=6.0)
20:11:34.378 [FXGL Background Thread 3 ] DEBUG Engine               - devBBoxColorProperty: ObjectProperty [value: 0xff0000ff]
20:11:34.379 [FXGL Background Thread 3 ] DEBUG Engine               - devEnableDebugCameraProperty: BooleanProperty [value: false]
20:11:34.380 [FXGL Background Thread 3 ] DEBUG Engine               - devSensorColorProperty: ObjectProperty [value: 0xffff00ff]
20:11:34.380 [FXGL Background Thread 3 ] DEBUG Engine               - devShowBBoxProperty: BooleanProperty [value: false]
20:11:34.381 [FXGL Background Thread 3 ] DEBUG Engine               - devShowPositionProperty: BooleanProperty [value: false]
20:11:34.382 [FXGL Background Thread 3 ] DEBUG Engine               - enabledMenuItems: []
20:11:34.382 [FXGL Background Thread 3 ] DEBUG Engine               - engineServices: [class com.almasb.fxgl.app.services.FXGLAssetLoaderService, class com.almasb.fxgl.app.FXGLApplication$GameApplicationService, class com.almasb.fxgl.app.services.FXGLDialogService, class com.almasb.fxgl.app.services.IOTaskExecutorService, class com.almasb.fxgl.io.FileSystemService, class com.almasb.fxgl.localization.LocalizationService, class com.almasb.fxgl.app.services.SystemBundleService, class com.almasb.fxgl.profile.SaveLoadService, class com.almasb.fxgl.ui.FXGLUIFactoryServiceProvider, class com.almasb.fxgl.ui.FXGLDialogFactoryServiceProvider, class com.almasb.fxgl.audio.AudioPlayer, class com.almasb.fxgl.notification.impl.NotificationServiceProvider, class com.almasb.fxgl.achievement.AchievementService, class com.almasb.fxgl.cutscene.CutsceneService, class com.almasb.fxgl.minigames.MiniGameService, class com.almasb.fxgl.net.NetService, class com.almasb.fxgl.app.services.UpdaterService, class com.almasb.fxgl.dev.DevService]
20:11:34.383 [FXGL Background Thread 3 ] DEBUG Engine               - fontGame: Abel-Regular.ttf
20:11:34.384 [FXGL Background Thread 3 ] DEBUG Engine               - fontMono: TerminalLandMono-Regular.otf
20:11:34.384 [FXGL Background Thread 3 ] DEBUG Engine               - fontSizeScaleUI: 1.0
20:11:34.386 [FXGL Background Thread 3 ] DEBUG Engine               - fontText: Courier-Prime.ttf
20:11:34.387 [FXGL Background Thread 3 ] DEBUG Engine               - fontUI: VarelaRound-Regular.ttf
20:11:34.388 [FXGL Background Thread 3 ] DEBUG Engine               - fullScreen: BooleanProperty [value: true]
20:11:34.388 [FXGL Background Thread 3 ] DEBUG Engine               - gameDifficulty: MEDIUM
20:11:34.389 [FXGL Background Thread 3 ] DEBUG Engine               - gameDifficultyProperty: ObjectProperty [value: MEDIUM]
20:11:34.389 [FXGL Background Thread 3 ] DEBUG Engine               - globalMusicVolume: 0.5
20:11:34.390 [FXGL Background Thread 3 ] DEBUG Engine               - globalMusicVolumeProperty: DoubleProperty [value: 0.5]
20:11:34.390 [FXGL Background Thread 3 ] DEBUG Engine               - globalSoundVolume: 0.5
20:11:34.390 [FXGL Background Thread 3 ] DEBUG Engine               - globalSoundVolumeProperty: DoubleProperty [value: 0.5]
20:11:34.391 [FXGL Background Thread 3 ] DEBUG Engine               - height: 617
20:11:34.391 [FXGL Background Thread 3 ] DEBUG Engine               - is3D: false
20:11:34.391 [FXGL Background Thread 3 ] DEBUG Engine               - isAndroid: false
20:11:34.392 [FXGL Background Thread 3 ] DEBUG Engine               - isBrowser: false
20:11:34.392 [FXGL Background Thread 3 ] DEBUG Engine               - isClickFeedbackEnabled: false
20:11:34.392 [FXGL Background Thread 3 ] DEBUG Engine               - isCloseConfirmation: false
20:11:34.393 [FXGL Background Thread 3 ] DEBUG Engine               - isDesktop: true
20:11:34.393 [FXGL Background Thread 3 ] DEBUG Engine               - isDeveloperMenuEnabled: false
20:11:34.394 [FXGL Background Thread 3 ] DEBUG Engine               - isEmbedded: false
20:11:34.394 [FXGL Background Thread 3 ] DEBUG Engine               - isEntityPreloadEnabled: true
20:11:34.394 [FXGL Background Thread 3 ] DEBUG Engine               - isExperimentalTiledLargeMap: false
20:11:34.394 [FXGL Background Thread 3 ] DEBUG Engine               - isFileSystemWriteAllowed: true
20:11:34.395 [FXGL Background Thread 3 ] DEBUG Engine               - isFullScreenAllowed: true
20:11:34.395 [FXGL Background Thread 3 ] DEBUG Engine               - isFullScreenFromStart: true
20:11:34.396 [FXGL Background Thread 3 ] DEBUG Engine               - isGameMenuEnabled: true
20:11:34.396 [FXGL Background Thread 3 ] DEBUG Engine               - isIOS: false
20:11:34.397 [FXGL Background Thread 3 ] DEBUG Engine               - isIntroEnabled: false
20:11:34.397 [FXGL Background Thread 3 ] DEBUG Engine               - isLinux: false
20:11:34.398 [FXGL Background Thread 3 ] DEBUG Engine               - isMac: false
20:11:34.398 [FXGL Background Thread 3 ] DEBUG Engine               - isMainMenuEnabled: false
20:11:34.399 [FXGL Background Thread 3 ] DEBUG Engine               - isManualResizeEnabled: false
20:11:34.399 [FXGL Background Thread 3 ] DEBUG Engine               - isMobile: false
20:11:34.400 [FXGL Background Thread 3 ] DEBUG Engine               - isNative: false
20:11:34.401 [FXGL Background Thread 3 ] DEBUG Engine               - isPauseMusicWhenMinimized: true
20:11:34.401 [FXGL Background Thread 3 ] DEBUG Engine               - isPreserveResizeRatio: false
20:11:34.402 [FXGL Background Thread 3 ] DEBUG Engine               - isProfilingEnabled: false
20:11:34.402 [FXGL Background Thread 3 ] DEBUG Engine               - isScaleAffectedOnResize: true
20:11:34.403 [FXGL Background Thread 3 ] DEBUG Engine               - isSingleStep: false
20:11:34.404 [FXGL Background Thread 3 ] DEBUG Engine               - isUserProfileEnabled: false
20:11:34.404 [FXGL Background Thread 3 ] DEBUG Engine               - isWindows: true
20:11:34.405 [FXGL Background Thread 3 ] DEBUG Engine               - language: ObjectProperty [value: ENGLISH]
20:11:34.405 [FXGL Background Thread 3 ] DEBUG Engine               - menuKey: ESCAPE
20:11:34.406 [FXGL Background Thread 3 ] DEBUG Engine               - mouseSensitivity: 0.2
20:11:34.407 [FXGL Background Thread 3 ] DEBUG Engine               - notificationViewClass: class com.almasb.fxgl.notification.view.XboxNotificationView
20:11:34.407 [FXGL Background Thread 3 ] DEBUG Engine               - pixelsPerMeter: 50.0
20:11:34.407 [FXGL Background Thread 3 ] DEBUG Engine               - platform: WINDOWS
20:11:34.408 [FXGL Background Thread 3 ] DEBUG Engine               - prefHeightProperty: ReadOnlyDoubleProperty [value: 617.0]
20:11:34.408 [FXGL Background Thread 3 ] DEBUG Engine               - prefWidthProperty: ReadOnlyDoubleProperty [value: 800.0]
20:11:34.408 [FXGL Background Thread 3 ] DEBUG Engine               - profileDir: profiles/
20:11:34.409 [FXGL Background Thread 3 ] DEBUG Engine               - profileName: StringProperty [value: DEFAULT]
20:11:34.409 [FXGL Background Thread 3 ] DEBUG Engine               - randomSeed: -1
20:11:34.411 [FXGL Background Thread 3 ] DEBUG Engine               - runtimeInfo: RuntimeInfo(platform=WINDOWS, version=17.3, build=30.03.2023 11.49)
20:11:34.411 [FXGL Background Thread 3 ] DEBUG Engine               - saveFileExt: sav
20:11:34.411 [FXGL Background Thread 3 ] DEBUG Engine               - scaledHeightProp$fxgl: DoubleProperty [bound, value: 768.0]
20:11:34.412 [FXGL Background Thread 3 ] DEBUG Engine               - scaledWidthProp$fxgl: DoubleProperty [bound, value: 1366.0]
20:11:34.412 [FXGL Background Thread 3 ] DEBUG Engine               - sceneFactory: App.App$1@7fa89a21
20:11:34.412 [FXGL Background Thread 3 ] DEBUG Engine               - secondsIn24h: 60
20:11:34.413 [FXGL Background Thread 3 ] DEBUG Engine               - soundMenuBack: menu/back.wav
20:11:34.413 [FXGL Background Thread 3 ] DEBUG Engine               - soundMenuPress: menu/press.wav
20:11:34.413 [FXGL Background Thread 3 ] DEBUG Engine               - soundMenuSelect: menu/select.wav
20:11:34.414 [FXGL Background Thread 3 ] DEBUG Engine               - soundNotification: core/notification.wav
20:11:34.414 [FXGL Background Thread 3 ] DEBUG Engine               - stageStyle: DECORATED
20:11:34.415 [FXGL Background Thread 3 ] DEBUG Engine               - supportedLanguages: [ENGLISH, FRENCH, GERMAN, HUNGARIAN, RUSSIAN]
20:11:34.415 [FXGL Background Thread 3 ] DEBUG Engine               - ticksPerSecond: -1
20:11:34.416 [FXGL Background Thread 3 ] DEBUG Engine               - title: Galactic Odyssey
20:11:34.417 [FXGL Background Thread 3 ] DEBUG Engine               - urlGithub: https://github.com/AlmasB/FXGL
20:11:34.417 [FXGL Background Thread 3 ] DEBUG Engine               - urlLeaderboard: http://fxgl-top.herokuapp.com/
20:11:34.417 [FXGL Background Thread 3 ] DEBUG Engine               - urlPOM: https://raw.githubusercontent.com/AlmasB/FXGL/release/README.md
20:11:34.418 [FXGL Background Thread 3 ] DEBUG Engine               - userAppClass: class App.App
20:11:34.418 [FXGL Background Thread 3 ] DEBUG Engine               - version: 0.0.1
20:11:34.418 [FXGL Background Thread 3 ] DEBUG Engine               - versionCheckDays: 7
20:11:34.419 [FXGL Background Thread 3 ] DEBUG Engine               - width: 800
20:11:34.419 [FXGL Background Thread 3 ] DEBUG Engine               - Logging services
20:11:34.419 [FXGL Background Thread 3 ] DEBUG Engine               - class com.almasb.fxgl.app.services.FXGLAssetLoaderService
20:11:34.419 [FXGL Background Thread 3 ] DEBUG Engine               - class com.almasb.fxgl.app.FXGLApplication$GameApplicationService
20:11:34.420 [FXGL Background Thread 3 ] DEBUG Engine               - class com.almasb.fxgl.app.services.FXGLDialogService
20:11:34.420 [FXGL Background Thread 3 ] DEBUG Engine               - class com.almasb.fxgl.app.services.IOTaskExecutorService
20:11:34.420 [FXGL Background Thread 3 ] DEBUG Engine               - class com.almasb.fxgl.io.FileSystemService
20:11:34.421 [FXGL Background Thread 3 ] DEBUG Engine               - class com.almasb.fxgl.localization.LocalizationService
20:11:34.421 [FXGL Background Thread 3 ] DEBUG Engine               - class com.almasb.fxgl.app.services.SystemBundleService
20:11:34.421 [FXGL Background Thread 3 ] DEBUG Engine               - class com.almasb.fxgl.profile.SaveLoadService
20:11:34.421 [FXGL Background Thread 3 ] DEBUG Engine               - class com.almasb.fxgl.ui.FXGLUIFactoryServiceProvider
20:11:34.422 [FXGL Background Thread 3 ] DEBUG Engine               - class com.almasb.fxgl.ui.FXGLDialogFactoryServiceProvider
20:11:34.422 [FXGL Background Thread 3 ] DEBUG Engine               - class com.almasb.fxgl.audio.AudioPlayer
20:11:34.422 [FXGL Background Thread 3 ] DEBUG Engine               - class com.almasb.fxgl.notification.impl.NotificationServiceProvider
20:11:34.422 [FXGL Background Thread 3 ] DEBUG Engine               - class com.almasb.fxgl.achievement.AchievementService
20:11:34.422 [FXGL Background Thread 3 ] DEBUG Engine               - class com.almasb.fxgl.cutscene.CutsceneService
20:11:34.423 [FXGL Background Thread 3 ] DEBUG Engine               - class com.almasb.fxgl.minigames.MiniGameService
20:11:34.424 [FXGL Background Thread 3 ] DEBUG Engine               - class com.almasb.fxgl.net.NetService
20:11:34.424 [FXGL Background Thread 3 ] DEBUG Engine               - class com.almasb.fxgl.app.services.UpdaterService
20:11:34.424 [FXGL Background Thread 3 ] DEBUG Engine               - class com.almasb.fxgl.dev.DevService
20:11:57.737 [JavaFX Application Thread] WARN  TMXLevelLoader       - TiledMap generated from 1.11.2. Supported version: 1.9.0. Some features may not be parsed fully.
20:11:57.791 [JavaFX Application Thread] DEBUG TMXLevelLoader       - Parsed TiledMap: file:/C:/Users/Jonathan/Desktop/Galactic%20odyssey/target/classes/assets/levels/Map1.tmx
20:11:57.793 [JavaFX Application Thread] DEBUG TMXLevelLoader       - Creating tile layer entities
20:11:57.795 [JavaFX Application Thread] DEBUG TilesetLoader        - Loading view for layer Espacio
20:11:57.811 [JavaFX Application Thread] DEBUG TilesetLoader        - Created buffer with size 3360.0x1680.0
20:11:58.009 [JavaFX Application Thread] DEBUG TilesetLoader        - Loading view for layer Planetas
20:11:58.024 [JavaFX Application Thread] DEBUG TilesetLoader        - Created buffer with size 3360.0x1680.0
20:11:58.027 [JavaFX Application Thread] DEBUG TilesetLoader        - Loading view for layer Naves
20:11:58.038 [JavaFX Application Thread] DEBUG TilesetLoader        - Created buffer with size 3360.0x1680.0
20:11:58.245 [JavaFX Application Thread] DEBUG TilesetLoader        - Loading view for layer Suelo
20:11:58.259 [JavaFX Application Thread] DEBUG TilesetLoader        - Created buffer with size 3360.0x1680.0
20:11:58.268 [JavaFX Application Thread] DEBUG TilesetLoader        - Loading view for layer rock
20:11:58.283 [JavaFX Application Thread] DEBUG TilesetLoader        - Created buffer with size 3360.0x1680.0
20:11:58.285 [JavaFX Application Thread] DEBUG TilesetLoader        - Loading view for layer Rocas
20:11:58.298 [JavaFX Application Thread] DEBUG TilesetLoader        - Created buffer with size 3360.0x1680.0
20:11:58.303 [JavaFX Application Thread] DEBUG TilesetLoader        - Loading view for layer Muro
20:11:58.317 [JavaFX Application Thread] DEBUG TilesetLoader        - Created buffer with size 3360.0x1680.0
20:11:58.318 [JavaFX Application Thread] DEBUG TilesetLoader        - Loading view for layer Rocas1
20:11:58.330 [JavaFX Application Thread] DEBUG TilesetLoader        - Created buffer with size 3360.0x1680.0
20:11:58.333 [JavaFX Application Thread] DEBUG TilesetLoader        - Loading view for layer SueloRuinas
20:11:58.350 [JavaFX Application Thread] DEBUG TilesetLoader        - Created buffer with size 3360.0x1680.0
20:11:58.418 [JavaFX Application Thread] DEBUG TilesetLoader        - Loading view for layer Ruinas
20:11:58.433 [JavaFX Application Thread] DEBUG TilesetLoader        - Created buffer with size 3360.0x1680.0
20:11:58.435 [JavaFX Application Thread] DEBUG TMXLevelLoader       - Creating object layer entities
20:11:58.494 [JavaFX Application Thread] DEBUG GameWorld            - Clearing removable entities
20:11:58.495 [JavaFX Application Thread] DEBUG GameWorld            - Setting level: com.almasb.fxgl.entity.level.Level@101c149e
20:11:58.518 [JavaFX Application Thread] DEBUG FXGLAssetLoaderServi - Loading from file system: file:/C:/Users/Jonathan/Desktop/Galactic%20odyssey/target/classes/assets/textures/personaje.png
20:11:58.523 [JavaFX Application Thread] DEBUG Input                - Registered new binding: Move Right - D
20:11:58.523 [JavaFX Application Thread] DEBUG Input                - Registered new binding: Move Left - A
20:11:58.524 [JavaFX Application Thread] DEBUG Input                - Registered new binding: Move Up - W
20:11:58.524 [JavaFX Application Thread] DEBUG Input                - Registered new binding: Move Down - S
20:11:58.524 [JavaFX Application Thread] DEBUG Input                - Registered new binding: End Turn - Enter
20:11:58.524 [JavaFX Application Thread] DEBUG Input                - Registered new binding: Attack - Space
20:11:58.525 [JavaFX Application Thread] DEBUG Input                - Registered new binding: Special Ability - E
20:11:58.550 [JavaFX Application Thread] DEBUG FXGLAssetLoaderServi - Loading from file system: file:/C:/Users/Jonathan/Desktop/Galactic%20odyssey/target/classes/assets/textures/drone.png
20:12:59.872 [JavaFX Application Thread] DEBUG PrimaryStageWindow   - Push state: FXGLDefaultMenu
20:12:59.874 [JavaFX Application Thread] DEBUG Input                - Clearing active input actions
20:12:59.878 [JavaFX Application Thread] DEBUG GameApplicationServi - Removing overlay from GameScene and adding to FXGLDefaultMenu
20:12:59.880 [JavaFX Application Thread] DEBUG PrimaryStageWindow   - GameScene -> FXGLDefaultMenu
20:13:05.881 [JavaFX Application Thread] DEBUG Menu                 - fireExit()
20:13:05.885 [JavaFX Application Thread] DEBUG PrimaryStageWindow   - Push state: DialogSubScene
20:13:05.885 [JavaFX Application Thread] DEBUG Input                - Clearing active input actions
20:13:05.886 [JavaFX Application Thread] DEBUG GameApplicationServi - Removing overlay from FXGLDefaultMenu and adding to DialogSubScene
20:13:05.886 [JavaFX Application Thread] DEBUG PrimaryStageWindow   - FXGLDefaultMenu -> DialogSubScene
20:13:07.529 [JavaFX Application Thread] DEBUG PrimaryStageWindow   - Pop state: DialogSubScene
20:13:07.529 [JavaFX Application Thread] DEBUG Input                - Clearing active input actions
20:13:07.530 [JavaFX Application Thread] DEBUG GameApplicationServi - Removing overlay from DialogSubScene and adding to FXGLDefaultMenu
20:13:07.531 [JavaFX Application Thread] DEBUG PrimaryStageWindow   - FXGLDefaultMenu <- DialogSubScene
20:13:07.531 [JavaFX Application Thread] DEBUG FXGLApplication      - Exiting FXGL
20:13:07.531 [JavaFX Application Thread] DEBUG LoopRunner           - Stopping loop
20:13:07.531 [JavaFX Application Thread] DEBUG SystemBundleService  - Saving FXGL system data
20:13:07.535 [JavaFX Application Thread] DEBUG FileSystemAccess     - Writing to: C:\Users\Jonathan\Desktop\Galactic odyssey\system\fxgl.bundle
20:13:07.538 [JavaFX Application Thread] DEBUG Async                - Shutting down background threads
20:13:07.538 [JavaFX Application Thread] DEBUG PrimaryStageWindow   - Closing main window
20:13:07.581 [JavaFX Application Thread] DEBUG Logger               - Closing Logger
