20:29:09.696 [main                     ] DEBUG Logger               - Configured Logger
20:29:09.760 [main                     ] DEBUG GameApplication      - Logging settings
Title: Galactic Odyssey
Version: 0.0.1
Width: 800
Height: 617
Fullscreen: true
Intro: false
Profiling: false
Single step:false
App Mode: DEVELOPER
Menu Key: ESCAPE
Stage Style: DECORATED
Scene Factory: class App.App$1

20:29:10.275 [JavaFX Application Thread] DEBUG FXGLApplication      - Initializing FXGL
20:29:10.288 [JavaFX Application Thread] INFO  Engine               - FXGL-17.3 (30.03.2023 11.49) on WINDOWS (J:17.0.12 FX:17.0.2-ea)
20:29:10.288 [JavaFX Application Thread] DEBUG Engine               - JRE Vendor Name: Oracle Corporation
20:29:10.289 [JavaFX Application Thread] DEBUG Engine               - Running on OS: Windows 10 version 10.0
20:29:10.289 [JavaFX Application Thread] DEBUG Engine               - Architecture: amd64
20:29:10.290 [JavaFX Application Thread] INFO  Engine               - Source code and latest versions at: https://github.com/AlmasB/FXGL
20:29:10.290 [JavaFX Application Thread] INFO  Engine               -       Ask questions and discuss at: https://github.com/AlmasB/FXGL/discussions
20:29:10.290 [JavaFX Application Thread] INFO  Engine               -              Join the FXGL chat at: https://gitter.im/AlmasB/FXGL
20:29:10.452 [JavaFX Application Thread] DEBUG PrimaryStageWindow   - Creating a JavaFX scene
20:29:10.528 [JavaFX Application Thread] DEBUG PrimaryStageWindow   - Target settings size: 800.0 x 617.0
20:29:10.529 [JavaFX Application Thread] DEBUG PrimaryStageWindow   - Scaled scene size:    800.0 x 617.0
20:29:10.529 [JavaFX Application Thread] DEBUG PrimaryStageWindow   - Scaled ratio: (1.0, 1.0)
20:29:10.531 [JavaFX Application Thread] DEBUG PrimaryStageWindow   - Set initial scene to FXGLStartupScene
20:29:10.547 [JavaFX Application Thread] DEBUG PrimaryStageWindow   - Opening main window
20:29:10.700 [JavaFX Application Thread] DEBUG PrimaryStageWindow   - Window border size: (16.0, 39.0)
20:29:10.700 [JavaFX Application Thread] DEBUG PrimaryStageWindow   - Scaled size: 800.0 x 617.0
20:29:10.701 [JavaFX Application Thread] DEBUG PrimaryStageWindow   - Scaled ratio: (1.0, 1.0)
20:29:10.702 [JavaFX Application Thread] DEBUG PrimaryStageWindow   - Scene size: 800.0 x 617.0
20:29:10.702 [JavaFX Application Thread] DEBUG PrimaryStageWindow   - Stage size: 816.0 x 656.0
20:29:10.797 [JavaFX Application Thread] DEBUG PrimaryStageWindow   - Going fullscreen
20:29:10.817 [FXGL Background Thread 1 ] DEBUG Engine               - Initializing environment variables
20:29:10.885 [FXGL Background Thread 1 ] DEBUG FXGLAssetLoaderServi - User app class for loading assets: class App.App
20:29:10.886 [FXGL Background Thread 1 ] DEBUG GameApplicationServi - Applying CSS: fxgl_dark.css
20:29:10.889 [FXGL Background Thread 1 ] DEBUG FXGLAssetLoaderServi - Loading from file system: jar:file:///C:/Users/Jonathan/.m2/repository/com/github/almasb/fxgl/17.3/fxgl-17.3.jar!/fxglassets/ui/css/fxgl_dark.css
20:29:10.992 [FXGL Background Thread 1 ] DEBUG GameApplicationServi - Initializing application scenes
20:29:11.136 [FXGL Background Thread 1 ] DEBUG GameWorld            - Game world initialized
20:29:11.265 [FXGL Background Thread 1 ] DEBUG PhysicsWorld         - Physics world initialized: appHeight=617, physics.ppm=50,0
20:29:11.265 [FXGL Background Thread 1 ] DEBUG PhysicsWorld         - Using strategy: BRUTE_FORCE
20:29:11.275 [FXGL Background Thread 1 ] DEBUG GameScene            - Game scene initialized: 800x617
20:29:11.296 [FXGL Background Thread 1 ] DEBUG FXGL.DefaultMenu     - createMenuBodyGameMenu()
20:29:11.322 [FXGL Background Thread 1 ] DEBUG FXGL.DefaultMenu     - createOptionsMenu()
20:29:11.345 [FXGL Background Thread 1 ] DEBUG FXGLAssetLoaderServi - Loading from file system: jar:file:///C:/Users/Jonathan/.m2/repository/com/github/almasb/fxgl/17.3/fxgl-17.3.jar!/fxglassets/textures/particles/smoke.png
20:29:11.547 [FXGL Background Thread 1 ] DEBUG FXGLAssetLoaderServi - Loading from file system: jar:file:///C:/Users/Jonathan/.m2/repository/com/github/almasb/fxgl/17.3/fxgl-17.3.jar!/fxglassets/textures/particles/trace_horizontal.png
20:29:11.602 [FXGL Background Thread 1 ] DEBUG GameApplicationServi - Application scenes initialized
20:29:11.628 [FXGL Background Thread 1 ] DEBUG SystemBundleService  - Loading FXGL system data
20:29:11.638 [FXGL Background Thread 1 ] DEBUG FileSystemAccess     - Reading from: C:\Users\Jonathan\Desktop\Galactic odyssey\system\fxgl.bundle
20:29:11.652 [FXGL Background Thread 1 ] DEBUG SystemBundleService  - Bundle FXGL: {}
20:29:11.652 [FXGL Background Thread 1 ] DEBUG UpdaterService       - Checking for updates
20:29:11.660 [FXGL Background Thread 4 ] DEBUG FXGLApplication      - Loading fonts
20:29:11.661 [FXGL Background Thread 1 ] DEBUG FXGLApplication      - Loading default localization
20:29:11.661 [FXGL Background Thread 4 ] DEBUG FXGLAssetLoaderServi - Loading from file system: jar:file:///C:/Users/Jonathan/.m2/repository/com/github/almasb/fxgl/17.3/fxgl-17.3.jar!/fxglassets/ui/fonts/VarelaRound-Regular.ttf
20:29:11.662 [FXGL Background Thread 1 ] DEBUG FXGLAssetLoaderServi - Loading from file system: jar:file:///C:/Users/Jonathan/.m2/repository/com/github/almasb/fxgl/17.3/fxgl-17.3.jar!/fxglassets/languages/english.lang
20:29:11.710 [FXGL Background Thread 1 ] INFO  FXGLApplication      - FXGL initialization took: 0,894 sec
20:29:11.713 [JavaFX Application Thread] DEBUG FXGLAssetLoaderServi - Loading from file system: jar:file:///C:/Users/Jonathan/.m2/repository/com/github/almasb/fxgl/17.3/fxgl-17.3.jar!/fxglassets/textures/fxgl_icon.png
20:29:11.747 [JavaFX Application Thread] DEBUG FXGLAssetLoaderServi - Loading from file system: jar:file:///C:/Users/Jonathan/.m2/repository/com/github/almasb/fxgl/17.3/fxgl-17.3.jar!/fxglassets/textures/fxgl_default_cursor.png
20:29:11.768 [JavaFX Application Thread] DEBUG Input                - Registered new binding: Screenshot - CTRL+8
20:29:11.769 [JavaFX Application Thread] DEBUG Input                - Registered new binding: System info dump - CTRL+9
20:29:11.769 [JavaFX Application Thread] DEBUG Input                - Registered new binding: Restart - CTRL+R
20:29:11.770 [JavaFX Application Thread] DEBUG Input                - Registered new binding: Toggle Debug Camera - CTRL+7
20:29:11.775 [JavaFX Application Thread] DEBUG LoopRunner           - Starting loop
20:29:11.776 [JavaFX Application Thread] DEBUG LoopRunner           - Initializing JavaFX AnimationTimerLoop
20:29:11.778 [JavaFX Application Thread] DEBUG GameApplicationServi - Starting new game
20:29:11.779 [JavaFX Application Thread] DEBUG Input                - Clearing active input actions
20:29:11.803 [JavaFX Application Thread] DEBUG GameApplicationServi - Removing overlay from FXGLStartupScene and adding to MyLoadingScene
20:29:11.804 [JavaFX Application Thread] DEBUG PrimaryStageWindow   - FXGLStartupScene -> MyLoadingScene
20:29:11.804 [JavaFX Application Thread] DEBUG GameApplicationServi - Clearing previous game
20:29:11.804 [JavaFX Application Thread] DEBUG GameScene            - Clearing game scene
20:29:11.805 [JavaFX Application Thread] DEBUG GameWorld            - Clearing game world
20:29:11.805 [JavaFX Application Thread] DEBUG PhysicsWorld         - Clearing physics world
20:29:11.807 [FXGL Background Thread 1 ] DEBUG FXGLApplication      - Initializing game
20:29:11.836 [FXGL Background Thread 1 ] DEBUG FXGLAssetLoaderServi - Loading from file system: file:/C:/Users/Jonathan/Desktop/Galactic%20odyssey/target/classes/assets/textures/fondo_menu.png
20:29:11.890 [FXGL Background Thread 1 ] DEBUG FXGLAssetLoaderServi - Loading from file system: file:/C:/Users/Jonathan/Desktop/Galactic%20odyssey/target/classes/assets/music/intro.mp3
20:29:12.238 [FXGL Background Thread 1 ] DEBUG AudioPlayer          - Playing music com.almasb.fxgl.audio.Music@68ca0492
20:29:12.244 [FXGL Background Thread 4 ] DEBUG FXGLAssetLoaderServi - Loading from file system: jar:file:///C:/Users/Jonathan/.m2/repository/com/github/almasb/fxgl/17.3/fxgl-17.3.jar!/fxglassets/ui/fonts/Abel-Regular.ttf
20:29:12.268 [FXGL Background Thread 4 ] DEBUG FXGLAssetLoaderServi - Loading from file system: jar:file:///C:/Users/Jonathan/.m2/repository/com/github/almasb/fxgl/17.3/fxgl-17.3.jar!/fxglassets/ui/fonts/TerminalLandMono-Regular.otf
20:29:12.291 [FXGL Background Thread 4 ] DEBUG FXGLAssetLoaderServi - Loading from file system: jar:file:///C:/Users/Jonathan/.m2/repository/com/github/almasb/fxgl/17.3/fxgl-17.3.jar!/fxglassets/ui/fonts/Courier-Prime.ttf
20:29:12.303 [FXGL Background Thread 1 ] INFO  FXGLApplication      - Game initialization took: 0,496 sec
20:29:12.304 [JavaFX Application Thread] DEBUG Input                - Clearing active input actions
20:29:12.342 [JavaFX Application Thread] DEBUG GameApplicationServi - Removing overlay from MyLoadingScene and adding to GameScene
20:29:12.342 [JavaFX Application Thread] DEBUG PrimaryStageWindow   - MyLoadingScene -> GameScene
20:29:12.379 [FXGL Background Thread 2 ] WARN  UpdaterService       - Failed to find updates: java.net.UnknownHostException: raw.githubusercontent.com
20:29:12.412 [JavaFX Application Thread] DEBUG FXGLApplication      - Registering font factories with UI factory
20:29:14.658 [FXGL Background Thread 3 ] DEBUG Engine               - Logging environment variables
20:29:14.660 [FXGL Background Thread 3 ] DEBUG Engine               - achievements: []
20:29:14.660 [FXGL Background Thread 3 ] DEBUG Engine               - actualHeight: 768.0
20:29:14.661 [FXGL Background Thread 3 ] DEBUG Engine               - actualHeightProperty: ReadOnlyDoubleProperty [value: 768.0]
20:29:14.661 [FXGL Background Thread 3 ] DEBUG Engine               - actualWidth: 1366.0
20:29:14.661 [FXGL Background Thread 3 ] DEBUG Engine               - actualWidthProperty: ReadOnlyDoubleProperty [value: 1366.0]
20:29:14.662 [FXGL Background Thread 3 ] DEBUG Engine               - appIcon: fxgl_icon.png
20:29:14.662 [FXGL Background Thread 3 ] DEBUG Engine               - applicationMode: DEVELOPER
20:29:14.662 [FXGL Background Thread 3 ] DEBUG Engine               - cSSList: [fxgl_dark.css]
20:29:14.662 [FXGL Background Thread 3 ] DEBUG Engine               - collisionDetectionStrategy: BRUTE_FORCE
20:29:14.663 [FXGL Background Thread 3 ] DEBUG Engine               - configClass: Optional.empty
20:29:14.663 [FXGL Background Thread 3 ] DEBUG Engine               - credits: []
20:29:14.665 [FXGL Background Thread 3 ] DEBUG Engine               - defaultCursor: CursorInfo(imageName=fxgl_default_cursor.png, hotspotX=7.0, hotspotY=6.0)
20:29:14.665 [FXGL Background Thread 3 ] DEBUG Engine               - devBBoxColorProperty: ObjectProperty [value: 0xff0000ff]
20:29:14.666 [FXGL Background Thread 3 ] DEBUG Engine               - devEnableDebugCameraProperty: BooleanProperty [value: false]
20:29:14.666 [FXGL Background Thread 3 ] DEBUG Engine               - devSensorColorProperty: ObjectProperty [value: 0xffff00ff]
20:29:14.666 [FXGL Background Thread 3 ] DEBUG Engine               - devShowBBoxProperty: BooleanProperty [value: false]
20:29:14.667 [FXGL Background Thread 3 ] DEBUG Engine               - devShowPositionProperty: BooleanProperty [value: false]
20:29:14.667 [FXGL Background Thread 3 ] DEBUG Engine               - enabledMenuItems: []
20:29:14.668 [FXGL Background Thread 3 ] DEBUG Engine               - engineServices: [class com.almasb.fxgl.app.services.FXGLAssetLoaderService, class com.almasb.fxgl.app.FXGLApplication$GameApplicationService, class com.almasb.fxgl.app.services.FXGLDialogService, class com.almasb.fxgl.app.services.IOTaskExecutorService, class com.almasb.fxgl.io.FileSystemService, class com.almasb.fxgl.localization.LocalizationService, class com.almasb.fxgl.app.services.SystemBundleService, class com.almasb.fxgl.profile.SaveLoadService, class com.almasb.fxgl.ui.FXGLUIFactoryServiceProvider, class com.almasb.fxgl.ui.FXGLDialogFactoryServiceProvider, class com.almasb.fxgl.audio.AudioPlayer, class com.almasb.fxgl.notification.impl.NotificationServiceProvider, class com.almasb.fxgl.achievement.AchievementService, class com.almasb.fxgl.cutscene.CutsceneService, class com.almasb.fxgl.minigames.MiniGameService, class com.almasb.fxgl.net.NetService, class com.almasb.fxgl.app.services.UpdaterService, class com.almasb.fxgl.dev.DevService]
20:29:14.668 [FXGL Background Thread 3 ] DEBUG Engine               - fontGame: Abel-Regular.ttf
20:29:14.668 [FXGL Background Thread 3 ] DEBUG Engine               - fontMono: TerminalLandMono-Regular.otf
20:29:14.668 [FXGL Background Thread 3 ] DEBUG Engine               - fontSizeScaleUI: 1.0
20:29:14.670 [FXGL Background Thread 3 ] DEBUG Engine               - fontText: Courier-Prime.ttf
20:29:14.671 [FXGL Background Thread 3 ] DEBUG Engine               - fontUI: VarelaRound-Regular.ttf
20:29:14.671 [FXGL Background Thread 3 ] DEBUG Engine               - fullScreen: BooleanProperty [value: true]
20:29:14.671 [FXGL Background Thread 3 ] DEBUG Engine               - gameDifficulty: MEDIUM
20:29:14.672 [FXGL Background Thread 3 ] DEBUG Engine               - gameDifficultyProperty: ObjectProperty [value: MEDIUM]
20:29:14.672 [FXGL Background Thread 3 ] DEBUG Engine               - globalMusicVolume: 0.5
20:29:14.673 [FXGL Background Thread 3 ] DEBUG Engine               - globalMusicVolumeProperty: DoubleProperty [value: 0.5]
20:29:14.673 [FXGL Background Thread 3 ] DEBUG Engine               - globalSoundVolume: 0.5
20:29:14.673 [FXGL Background Thread 3 ] DEBUG Engine               - globalSoundVolumeProperty: DoubleProperty [value: 0.5]
20:29:14.673 [FXGL Background Thread 3 ] DEBUG Engine               - height: 617
20:29:14.673 [FXGL Background Thread 3 ] DEBUG Engine               - is3D: false
20:29:14.674 [FXGL Background Thread 3 ] DEBUG Engine               - isAndroid: false
20:29:14.674 [FXGL Background Thread 3 ] DEBUG Engine               - isBrowser: false
20:29:14.674 [FXGL Background Thread 3 ] DEBUG Engine               - isClickFeedbackEnabled: false
20:29:14.675 [FXGL Background Thread 3 ] DEBUG Engine               - isCloseConfirmation: false
20:29:14.675 [FXGL Background Thread 3 ] DEBUG Engine               - isDesktop: true
20:29:14.675 [FXGL Background Thread 3 ] DEBUG Engine               - isDeveloperMenuEnabled: false
20:29:14.675 [FXGL Background Thread 3 ] DEBUG Engine               - isEmbedded: false
20:29:14.676 [FXGL Background Thread 3 ] DEBUG Engine               - isEntityPreloadEnabled: true
20:29:14.676 [FXGL Background Thread 3 ] DEBUG Engine               - isExperimentalTiledLargeMap: false
20:29:14.676 [FXGL Background Thread 3 ] DEBUG Engine               - isFileSystemWriteAllowed: true
20:29:14.677 [FXGL Background Thread 3 ] DEBUG Engine               - isFullScreenAllowed: true
20:29:14.677 [FXGL Background Thread 3 ] DEBUG Engine               - isFullScreenFromStart: true
20:29:14.677 [FXGL Background Thread 3 ] DEBUG Engine               - isGameMenuEnabled: true
20:29:14.677 [FXGL Background Thread 3 ] DEBUG Engine               - isIOS: false
20:29:14.678 [FXGL Background Thread 3 ] DEBUG Engine               - isIntroEnabled: false
20:29:14.678 [FXGL Background Thread 3 ] DEBUG Engine               - isLinux: false
20:29:14.678 [FXGL Background Thread 3 ] DEBUG Engine               - isMac: false
20:29:14.678 [FXGL Background Thread 3 ] DEBUG Engine               - isMainMenuEnabled: false
20:29:14.679 [FXGL Background Thread 3 ] DEBUG Engine               - isManualResizeEnabled: false
20:29:14.679 [FXGL Background Thread 3 ] DEBUG Engine               - isMobile: false
20:29:14.680 [FXGL Background Thread 3 ] DEBUG Engine               - isNative: false
20:29:14.680 [FXGL Background Thread 3 ] DEBUG Engine               - isPauseMusicWhenMinimized: true
20:29:14.681 [FXGL Background Thread 3 ] DEBUG Engine               - isPreserveResizeRatio: false
20:29:14.682 [FXGL Background Thread 3 ] DEBUG Engine               - isProfilingEnabled: false
20:29:14.682 [FXGL Background Thread 3 ] DEBUG Engine               - isScaleAffectedOnResize: true
20:29:14.682 [FXGL Background Thread 3 ] DEBUG Engine               - isSingleStep: false
20:29:14.683 [FXGL Background Thread 3 ] DEBUG Engine               - isUserProfileEnabled: false
20:29:14.683 [FXGL Background Thread 3 ] DEBUG Engine               - isWindows: true
20:29:14.683 [FXGL Background Thread 3 ] DEBUG Engine               - language: ObjectProperty [value: ENGLISH]
20:29:14.683 [FXGL Background Thread 3 ] DEBUG Engine               - menuKey: ESCAPE
20:29:14.683 [FXGL Background Thread 3 ] DEBUG Engine               - mouseSensitivity: 0.2
20:29:14.684 [FXGL Background Thread 3 ] DEBUG Engine               - notificationViewClass: class com.almasb.fxgl.notification.view.XboxNotificationView
20:29:14.684 [FXGL Background Thread 3 ] DEBUG Engine               - pixelsPerMeter: 50.0
20:29:14.684 [FXGL Background Thread 3 ] DEBUG Engine               - platform: WINDOWS
20:29:14.684 [FXGL Background Thread 3 ] DEBUG Engine               - prefHeightProperty: ReadOnlyDoubleProperty [value: 617.0]
20:29:14.685 [FXGL Background Thread 3 ] DEBUG Engine               - prefWidthProperty: ReadOnlyDoubleProperty [value: 800.0]
20:29:14.685 [FXGL Background Thread 3 ] DEBUG Engine               - profileDir: profiles/
20:29:14.685 [FXGL Background Thread 3 ] DEBUG Engine               - profileName: StringProperty [value: DEFAULT]
20:29:14.686 [FXGL Background Thread 3 ] DEBUG Engine               - randomSeed: -1
20:29:14.687 [FXGL Background Thread 3 ] DEBUG Engine               - runtimeInfo: RuntimeInfo(platform=WINDOWS, version=17.3, build=30.03.2023 11.49)
20:29:14.687 [FXGL Background Thread 3 ] DEBUG Engine               - saveFileExt: sav
20:29:14.687 [FXGL Background Thread 3 ] DEBUG Engine               - scaledHeightProp$fxgl: DoubleProperty [bound, value: 768.0]
20:29:14.687 [FXGL Background Thread 3 ] DEBUG Engine               - scaledWidthProp$fxgl: DoubleProperty [bound, value: 1366.0]
20:29:14.688 [FXGL Background Thread 3 ] DEBUG Engine               - sceneFactory: App.App$1@57925b9c
20:29:14.688 [FXGL Background Thread 3 ] DEBUG Engine               - secondsIn24h: 60
20:29:14.688 [FXGL Background Thread 3 ] DEBUG Engine               - soundMenuBack: menu/back.wav
20:29:14.688 [FXGL Background Thread 3 ] DEBUG Engine               - soundMenuPress: menu/press.wav
20:29:14.688 [FXGL Background Thread 3 ] DEBUG Engine               - soundMenuSelect: menu/select.wav
20:29:14.689 [FXGL Background Thread 3 ] DEBUG Engine               - soundNotification: core/notification.wav
20:29:14.689 [FXGL Background Thread 3 ] DEBUG Engine               - stageStyle: DECORATED
20:29:14.689 [FXGL Background Thread 3 ] DEBUG Engine               - supportedLanguages: [ENGLISH, FRENCH, GERMAN, HUNGARIAN, RUSSIAN]
20:29:14.689 [FXGL Background Thread 3 ] DEBUG Engine               - ticksPerSecond: -1
20:29:14.689 [FXGL Background Thread 3 ] DEBUG Engine               - title: Galactic Odyssey
20:29:14.689 [FXGL Background Thread 3 ] DEBUG Engine               - urlGithub: https://github.com/AlmasB/FXGL
20:29:14.689 [FXGL Background Thread 3 ] DEBUG Engine               - urlLeaderboard: http://fxgl-top.herokuapp.com/
20:29:14.689 [FXGL Background Thread 3 ] DEBUG Engine               - urlPOM: https://raw.githubusercontent.com/AlmasB/FXGL/release/README.md
20:29:14.690 [FXGL Background Thread 3 ] DEBUG Engine               - userAppClass: class App.App
20:29:14.690 [FXGL Background Thread 3 ] DEBUG Engine               - version: 0.0.1
20:29:14.690 [FXGL Background Thread 3 ] DEBUG Engine               - versionCheckDays: 7
20:29:14.690 [FXGL Background Thread 3 ] DEBUG Engine               - width: 800
20:29:14.690 [FXGL Background Thread 3 ] DEBUG Engine               - Logging services
20:29:14.690 [FXGL Background Thread 3 ] DEBUG Engine               - class com.almasb.fxgl.app.services.FXGLAssetLoaderService
20:29:14.690 [FXGL Background Thread 3 ] DEBUG Engine               - class com.almasb.fxgl.app.FXGLApplication$GameApplicationService
20:29:14.690 [FXGL Background Thread 3 ] DEBUG Engine               - class com.almasb.fxgl.app.services.FXGLDialogService
20:29:14.691 [FXGL Background Thread 3 ] DEBUG Engine               - class com.almasb.fxgl.app.services.IOTaskExecutorService
20:29:14.691 [FXGL Background Thread 3 ] DEBUG Engine               - class com.almasb.fxgl.io.FileSystemService
20:29:14.691 [FXGL Background Thread 3 ] DEBUG Engine               - class com.almasb.fxgl.localization.LocalizationService
20:29:14.691 [FXGL Background Thread 3 ] DEBUG Engine               - class com.almasb.fxgl.app.services.SystemBundleService
20:29:14.691 [FXGL Background Thread 3 ] DEBUG Engine               - class com.almasb.fxgl.profile.SaveLoadService
20:29:14.691 [FXGL Background Thread 3 ] DEBUG Engine               - class com.almasb.fxgl.ui.FXGLUIFactoryServiceProvider
20:29:14.691 [FXGL Background Thread 3 ] DEBUG Engine               - class com.almasb.fxgl.ui.FXGLDialogFactoryServiceProvider
20:29:14.691 [FXGL Background Thread 3 ] DEBUG Engine               - class com.almasb.fxgl.audio.AudioPlayer
20:29:14.691 [FXGL Background Thread 3 ] DEBUG Engine               - class com.almasb.fxgl.notification.impl.NotificationServiceProvider
20:29:14.691 [FXGL Background Thread 3 ] DEBUG Engine               - class com.almasb.fxgl.achievement.AchievementService
20:29:14.691 [FXGL Background Thread 3 ] DEBUG Engine               - class com.almasb.fxgl.cutscene.CutsceneService
20:29:14.692 [FXGL Background Thread 3 ] DEBUG Engine               - class com.almasb.fxgl.minigames.MiniGameService
20:29:14.692 [FXGL Background Thread 3 ] DEBUG Engine               - class com.almasb.fxgl.net.NetService
20:29:14.692 [FXGL Background Thread 3 ] DEBUG Engine               - class com.almasb.fxgl.app.services.UpdaterService
20:29:14.692 [FXGL Background Thread 3 ] DEBUG Engine               - class com.almasb.fxgl.dev.DevService
20:29:52.276 [JavaFX Application Thread] DEBUG AudioPlayer          - Playing music com.almasb.fxgl.audio.Music@68ca0492
20:29:53.538 [JavaFX Application Thread] DEBUG FXGLApplication      - Exiting FXGL
20:29:53.538 [JavaFX Application Thread] DEBUG LoopRunner           - Stopping loop
20:29:53.539 [JavaFX Application Thread] DEBUG SystemBundleService  - Saving FXGL system data
20:29:53.542 [JavaFX Application Thread] DEBUG FileSystemAccess     - Writing to: C:\Users\Jonathan\Desktop\Galactic odyssey\system\fxgl.bundle
20:29:53.544 [JavaFX Application Thread] DEBUG Async                - Shutting down background threads
20:29:53.545 [JavaFX Application Thread] DEBUG PrimaryStageWindow   - Closing main window
20:29:53.583 [JavaFX Application Thread] DEBUG Logger               - Closing Logger
