22:45:01.457 [main                     ] DEBUG Logger               - Configured Logger
22:45:01.535 [main                     ] DEBUG GameApplication      - Logging settings
Title: Galactic Odyssey
Version: 0.0
Width: 1080
Height: 617
Fullscreen: false
Intro: false
Profiling: false
Single step:false
App Mode: DEVELOPER
Menu Key: ESCAPE
Stage Style: DECORATED
Scene Factory: class com.almasb.fxgl.app.scene.SceneFactory

22:45:02.047 [JavaFX Application Thread] DEBUG FXGLApplication      - Initializing FXGL
22:45:02.063 [JavaFX Application Thread] INFO  Engine               - FXGL-17.3 (30.03.2023 11.49) on WINDOWS (J:17.0.12 FX:17.0.2-ea)
22:45:02.064 [JavaFX Application Thread] DEBUG Engine               - JRE Vendor Name: Oracle Corporation
22:45:02.065 [JavaFX Application Thread] DEBUG Engine               - Running on OS: Windows 10 version 10.0
22:45:02.065 [JavaFX Application Thread] DEBUG Engine               - Architecture: amd64
22:45:02.066 [JavaFX Application Thread] INFO  Engine               - Source code and latest versions at: https://github.com/AlmasB/FXGL
22:45:02.066 [JavaFX Application Thread] INFO  Engine               -       Ask questions and discuss at: https://github.com/AlmasB/FXGL/discussions
22:45:02.067 [JavaFX Application Thread] INFO  Engine               -              Join the FXGL chat at: https://gitter.im/AlmasB/FXGL
22:45:02.249 [JavaFX Application Thread] DEBUG PrimaryStageWindow   - Creating a JavaFX scene
22:45:02.334 [JavaFX Application Thread] DEBUG PrimaryStageWindow   - Target settings size: 1080.0 x 617.0
22:45:02.334 [JavaFX Application Thread] DEBUG PrimaryStageWindow   - Scaled scene size:    1080.0 x 617.0
22:45:02.335 [JavaFX Application Thread] DEBUG PrimaryStageWindow   - Scaled ratio: (1.0, 1.0)
22:45:02.337 [JavaFX Application Thread] DEBUG PrimaryStageWindow   - Set initial scene to FXGLStartupScene
22:45:02.354 [JavaFX Application Thread] DEBUG PrimaryStageWindow   - Opening main window
22:45:02.513 [JavaFX Application Thread] DEBUG PrimaryStageWindow   - Window border size: (16.0, 39.0)
22:45:02.514 [JavaFX Application Thread] DEBUG PrimaryStageWindow   - Scaled size: 1080.0 x 617.0
22:45:02.515 [JavaFX Application Thread] DEBUG PrimaryStageWindow   - Scaled ratio: (1.0, 1.0)
22:45:02.515 [JavaFX Application Thread] DEBUG PrimaryStageWindow   - Scene size: 1080.0 x 617.0
22:45:02.516 [JavaFX Application Thread] DEBUG PrimaryStageWindow   - Stage size: 1096.0 x 656.0
22:45:02.621 [FXGL Background Thread 1 ] DEBUG Engine               - Initializing environment variables
22:45:02.695 [FXGL Background Thread 1 ] DEBUG FXGLAssetLoaderServi - User app class for loading assets: class App.App
22:45:02.695 [FXGL Background Thread 1 ] DEBUG GameApplicationServi - Applying CSS: fxgl_dark.css
22:45:02.698 [FXGL Background Thread 1 ] DEBUG FXGLAssetLoaderServi - Loading from file system: jar:file:///C:/Users/Jonathan/.m2/repository/com/github/almasb/fxgl/17.3/fxgl-17.3.jar!/fxglassets/ui/css/fxgl_dark.css
22:45:02.823 [FXGL Background Thread 1 ] DEBUG GameApplicationServi - Initializing application scenes
22:45:03.034 [FXGL Background Thread 1 ] DEBUG GameWorld            - Game world initialized
22:45:03.170 [FXGL Background Thread 1 ] DEBUG PhysicsWorld         - Physics world initialized: appHeight=617, physics.ppm=50,0
22:45:03.170 [FXGL Background Thread 1 ] DEBUG PhysicsWorld         - Using strategy: BRUTE_FORCE
22:45:03.182 [FXGL Background Thread 1 ] DEBUG GameScene            - Game scene initialized: 1080x617
22:45:03.211 [FXGL Background Thread 1 ] DEBUG FXGL.DefaultMenu     - createMenuBodyGameMenu()
22:45:03.242 [FXGL Background Thread 1 ] DEBUG FXGL.DefaultMenu     - createOptionsMenu()
22:45:03.265 [FXGL Background Thread 1 ] DEBUG FXGLAssetLoaderServi - Loading from file system: jar:file:///C:/Users/Jonathan/.m2/repository/com/github/almasb/fxgl/17.3/fxgl-17.3.jar!/fxglassets/textures/particles/smoke.png
22:45:03.487 [FXGL Background Thread 1 ] DEBUG FXGLAssetLoaderServi - Loading from file system: jar:file:///C:/Users/Jonathan/.m2/repository/com/github/almasb/fxgl/17.3/fxgl-17.3.jar!/fxglassets/textures/particles/trace_horizontal.png
22:45:03.551 [FXGL Background Thread 1 ] DEBUG GameApplicationServi - Application scenes initialized
22:45:03.578 [FXGL Background Thread 1 ] DEBUG SystemBundleService  - Loading FXGL system data
22:45:03.589 [FXGL Background Thread 1 ] DEBUG FileSystemAccess     - Reading from: C:\Users\Jonathan\Documents\Galactic oddisseycopia 1\system\fxgl.bundle
22:45:03.606 [FXGL Background Thread 1 ] DEBUG SystemBundleService  - Bundle FXGL: {}
22:45:03.606 [FXGL Background Thread 1 ] DEBUG UpdaterService       - Checking for updates
22:45:03.615 [FXGL Background Thread 4 ] DEBUG FXGLApplication      - Loading fonts
22:45:03.617 [FXGL Background Thread 4 ] DEBUG FXGLAssetLoaderServi - Loading from file system: jar:file:///C:/Users/Jonathan/.m2/repository/com/github/almasb/fxgl/17.3/fxgl-17.3.jar!/fxglassets/ui/fonts/VarelaRound-Regular.ttf
22:45:03.618 [FXGL Background Thread 1 ] DEBUG FXGLApplication      - Loading default localization
22:45:03.620 [FXGL Background Thread 1 ] DEBUG FXGLAssetLoaderServi - Loading from file system: jar:file:///C:/Users/Jonathan/.m2/repository/com/github/almasb/fxgl/17.3/fxgl-17.3.jar!/fxglassets/languages/english.lang
22:45:03.672 [FXGL Background Thread 1 ] INFO  FXGLApplication      - FXGL initialization took: 1,051 sec
22:45:03.675 [JavaFX Application Thread] DEBUG FXGLAssetLoaderServi - Loading from file system: jar:file:///C:/Users/Jonathan/.m2/repository/com/github/almasb/fxgl/17.3/fxgl-17.3.jar!/fxglassets/textures/fxgl_icon.png
22:45:03.730 [JavaFX Application Thread] DEBUG FXGLAssetLoaderServi - Loading from file system: jar:file:///C:/Users/Jonathan/.m2/repository/com/github/almasb/fxgl/17.3/fxgl-17.3.jar!/fxglassets/textures/fxgl_default_cursor.png
22:45:03.752 [JavaFX Application Thread] DEBUG Input                - Registered new binding: Screenshot - CTRL+8
22:45:03.753 [JavaFX Application Thread] DEBUG Input                - Registered new binding: System info dump - CTRL+9
22:45:03.755 [JavaFX Application Thread] DEBUG Input                - Registered new binding: Restart - CTRL+R
22:45:03.756 [JavaFX Application Thread] DEBUG Input                - Registered new binding: Toggle Debug Camera - CTRL+7
22:45:03.764 [JavaFX Application Thread] DEBUG LoopRunner           - Starting loop
22:45:03.765 [JavaFX Application Thread] DEBUG LoopRunner           - Initializing JavaFX AnimationTimerLoop
22:45:03.768 [JavaFX Application Thread] DEBUG GameApplicationServi - Starting new game
22:45:03.769 [JavaFX Application Thread] DEBUG Input                - Clearing active input actions
22:45:03.805 [JavaFX Application Thread] DEBUG GameApplicationServi - Removing overlay from FXGLStartupScene and adding to FXGLLoadingScene
22:45:03.807 [JavaFX Application Thread] DEBUG PrimaryStageWindow   - FXGLStartupScene -> FXGLLoadingScene
22:45:03.807 [JavaFX Application Thread] DEBUG GameApplicationServi - Clearing previous game
22:45:03.808 [JavaFX Application Thread] DEBUG GameScene            - Clearing game scene
22:45:03.837 [JavaFX Application Thread] DEBUG GameWorld            - Clearing game world
22:45:03.838 [JavaFX Application Thread] DEBUG PhysicsWorld         - Clearing physics world
22:45:03.842 [FXGL Background Thread 1 ] DEBUG FXGLApplication      - Initializing game
22:45:03.867 [FXGL Background Thread 1 ] DEBUG FXGLAssetLoaderServi - Loading from file system: file:/C:/Users/Jonathan/Documents/Galactic%20oddisseycopia%201/target/classes/assets/textures/fondo_menu.png
22:45:03.933 [FXGL Background Thread 1 ] INFO  FXGLApplication      - Game initialization took: 0,090 sec
22:45:04.024 [JavaFX Application Thread] DEBUG Input                - Clearing active input actions
22:45:04.048 [JavaFX Application Thread] DEBUG GameApplicationServi - Removing overlay from FXGLLoadingScene and adding to GameScene
22:45:04.049 [JavaFX Application Thread] DEBUG PrimaryStageWindow   - FXGLLoadingScene -> GameScene
22:45:04.203 [FXGL Background Thread 4 ] DEBUG FXGLAssetLoaderServi - Loading from file system: jar:file:///C:/Users/Jonathan/.m2/repository/com/github/almasb/fxgl/17.3/fxgl-17.3.jar!/fxglassets/ui/fonts/Abel-Regular.ttf
22:45:04.232 [FXGL Background Thread 4 ] DEBUG FXGLAssetLoaderServi - Loading from file system: jar:file:///C:/Users/Jonathan/.m2/repository/com/github/almasb/fxgl/17.3/fxgl-17.3.jar!/fxglassets/ui/fonts/TerminalLandMono-Regular.otf
22:45:04.256 [FXGL Background Thread 4 ] DEBUG FXGLAssetLoaderServi - Loading from file system: jar:file:///C:/Users/Jonathan/.m2/repository/com/github/almasb/fxgl/17.3/fxgl-17.3.jar!/fxglassets/ui/fonts/Courier-Prime.ttf
22:45:04.286 [FXGL Background Thread 2 ] WARN  UpdaterService       - Failed to find updates: java.net.UnknownHostException: raw.githubusercontent.com
22:45:04.303 [JavaFX Application Thread] DEBUG FXGLApplication      - Registering font factories with UI factory
22:45:05.229 [JavaFX Application Thread] WARN  TMXLevelLoader       - TiledMap generated from 1.11.2. Supported version: 1.9.0. Some features may not be parsed fully.
22:45:05.288 [JavaFX Application Thread] DEBUG TMXLevelLoader       - Parsed TiledMap: file:/C:/Users/Jonathan/Documents/Galactic%20oddisseycopia%201/target/classes/assets/levels/MapGame1.tmx
22:45:05.290 [JavaFX Application Thread] DEBUG TMXLevelLoader       - Creating tile layer entities
22:45:05.293 [JavaFX Application Thread] DEBUG TilesetLoader        - Loading view for layer Espacio
22:45:05.298 [JavaFX Application Thread] DEBUG TilesetLoader        - Created buffer with size 1920.0x960.0
22:45:05.417 [JavaFX Application Thread] DEBUG TilesetLoader        - Loading view for layer Planetas
22:45:05.423 [JavaFX Application Thread] DEBUG TilesetLoader        - Created buffer with size 1920.0x960.0
22:45:05.426 [JavaFX Application Thread] DEBUG TilesetLoader        - Loading view for layer Suelo
22:45:05.431 [JavaFX Application Thread] DEBUG TilesetLoader        - Created buffer with size 1920.0x960.0
22:45:05.443 [JavaFX Application Thread] DEBUG TilesetLoader        - Loading view for layer Suelo ruinas
22:45:05.458 [JavaFX Application Thread] DEBUG TilesetLoader        - Created buffer with size 1920.0x960.0
22:45:05.459 [JavaFX Application Thread] DEBUG TilesetLoader        - Loading view for layer Torres ruinas
22:45:05.469 [JavaFX Application Thread] DEBUG TilesetLoader        - Created buffer with size 1920.0x960.0
22:45:05.575 [JavaFX Application Thread] DEBUG TilesetLoader        - Loading view for layer Cristales espaciales
22:45:05.579 [JavaFX Application Thread] DEBUG TilesetLoader        - Created buffer with size 1920.0x960.0
22:45:05.581 [JavaFX Application Thread] DEBUG TilesetLoader        - Loading view for layer Rocas1
22:45:05.585 [JavaFX Application Thread] DEBUG TilesetLoader        - Created buffer with size 1920.0x960.0
22:45:05.652 [JavaFX Application Thread] DEBUG TilesetLoader        - Loading view for layer Muro
22:45:05.656 [JavaFX Application Thread] DEBUG TilesetLoader        - Created buffer with size 1920.0x960.0
22:45:05.658 [JavaFX Application Thread] DEBUG TilesetLoader        - Loading view for layer Rocas
22:45:05.662 [JavaFX Application Thread] DEBUG TilesetLoader        - Created buffer with size 1920.0x960.0
22:45:05.667 [JavaFX Application Thread] DEBUG TilesetLoader        - Loading view for layer Rocas2
22:45:05.672 [JavaFX Application Thread] DEBUG TilesetLoader        - Created buffer with size 1920.0x960.0
22:45:05.673 [JavaFX Application Thread] DEBUG TilesetLoader        - Loading view for layer Naves
22:45:05.678 [JavaFX Application Thread] DEBUG TilesetLoader        - Created buffer with size 1920.0x960.0
22:45:05.680 [JavaFX Application Thread] DEBUG TilesetLoader        - Loading view for layer Objetos
22:45:05.685 [JavaFX Application Thread] DEBUG TilesetLoader        - Created buffer with size 1920.0x960.0
22:45:05.686 [JavaFX Application Thread] DEBUG TMXLevelLoader       - Creating object layer entities
22:45:05.734 [JavaFX Application Thread] DEBUG GameWorld            - Clearing removable entities
22:45:05.735 [JavaFX Application Thread] DEBUG GameWorld            - Setting level: com.almasb.fxgl.entity.level.Level@625212d6
22:45:05.759 [JavaFX Application Thread] DEBUG Input                - Registered new binding: Move Right - D
22:45:05.759 [JavaFX Application Thread] DEBUG Input                - Registered new binding: Move Left - A
22:45:05.759 [JavaFX Application Thread] DEBUG Input                - Registered new binding: Move Up - W
22:45:05.759 [JavaFX Application Thread] DEBUG Input                - Registered new binding: Move Down - S
22:45:06.613 [FXGL Background Thread 3 ] DEBUG Engine               - Logging environment variables
22:45:06.616 [FXGL Background Thread 3 ] DEBUG Engine               - achievements: []
22:45:06.616 [FXGL Background Thread 3 ] DEBUG Engine               - actualHeight: 617.0
22:45:06.617 [FXGL Background Thread 3 ] DEBUG Engine               - actualHeightProperty: ReadOnlyDoubleProperty [value: 617.0]
22:45:06.617 [FXGL Background Thread 3 ] DEBUG Engine               - actualWidth: 1080.0
22:45:06.617 [FXGL Background Thread 3 ] DEBUG Engine               - actualWidthProperty: ReadOnlyDoubleProperty [value: 1080.0]
22:45:06.618 [FXGL Background Thread 3 ] DEBUG Engine               - appIcon: fxgl_icon.png
22:45:06.619 [FXGL Background Thread 3 ] DEBUG Engine               - applicationMode: DEVELOPER
22:45:06.619 [FXGL Background Thread 3 ] DEBUG Engine               - cSSList: [fxgl_dark.css]
22:45:06.620 [FXGL Background Thread 3 ] DEBUG Engine               - collisionDetectionStrategy: BRUTE_FORCE
22:45:06.620 [FXGL Background Thread 3 ] DEBUG Engine               - configClass: Optional.empty
22:45:06.620 [FXGL Background Thread 3 ] DEBUG Engine               - credits: []
22:45:06.623 [FXGL Background Thread 3 ] DEBUG Engine               - defaultCursor: CursorInfo(imageName=fxgl_default_cursor.png, hotspotX=7.0, hotspotY=6.0)
22:45:06.624 [FXGL Background Thread 3 ] DEBUG Engine               - devBBoxColorProperty: ObjectProperty [value: 0xff0000ff]
22:45:06.624 [FXGL Background Thread 3 ] DEBUG Engine               - devEnableDebugCameraProperty: BooleanProperty [value: false]
22:45:06.625 [FXGL Background Thread 3 ] DEBUG Engine               - devSensorColorProperty: ObjectProperty [value: 0xffff00ff]
22:45:06.625 [FXGL Background Thread 3 ] DEBUG Engine               - devShowBBoxProperty: BooleanProperty [value: false]
22:45:06.625 [FXGL Background Thread 3 ] DEBUG Engine               - devShowPositionProperty: BooleanProperty [value: false]
22:45:06.626 [FXGL Background Thread 3 ] DEBUG Engine               - enabledMenuItems: []
22:45:06.627 [FXGL Background Thread 3 ] DEBUG Engine               - engineServices: [class com.almasb.fxgl.app.services.FXGLAssetLoaderService, class com.almasb.fxgl.app.FXGLApplication$GameApplicationService, class com.almasb.fxgl.app.services.FXGLDialogService, class com.almasb.fxgl.app.services.IOTaskExecutorService, class com.almasb.fxgl.io.FileSystemService, class com.almasb.fxgl.localization.LocalizationService, class com.almasb.fxgl.app.services.SystemBundleService, class com.almasb.fxgl.profile.SaveLoadService, class com.almasb.fxgl.ui.FXGLUIFactoryServiceProvider, class com.almasb.fxgl.ui.FXGLDialogFactoryServiceProvider, class com.almasb.fxgl.audio.AudioPlayer, class com.almasb.fxgl.notification.impl.NotificationServiceProvider, class com.almasb.fxgl.achievement.AchievementService, class com.almasb.fxgl.cutscene.CutsceneService, class com.almasb.fxgl.minigames.MiniGameService, class com.almasb.fxgl.net.NetService, class com.almasb.fxgl.app.services.UpdaterService, class com.almasb.fxgl.dev.DevService]
22:45:06.627 [FXGL Background Thread 3 ] DEBUG Engine               - fontGame: Abel-Regular.ttf
22:45:06.627 [FXGL Background Thread 3 ] DEBUG Engine               - fontMono: TerminalLandMono-Regular.otf
22:45:06.628 [FXGL Background Thread 3 ] DEBUG Engine               - fontSizeScaleUI: 1.0
22:45:06.628 [FXGL Background Thread 3 ] DEBUG Engine               - fontText: Courier-Prime.ttf
22:45:06.629 [FXGL Background Thread 3 ] DEBUG Engine               - fontUI: VarelaRound-Regular.ttf
22:45:06.629 [FXGL Background Thread 3 ] DEBUG Engine               - fullScreen: BooleanProperty [value: false]
22:45:06.629 [FXGL Background Thread 3 ] DEBUG Engine               - gameDifficulty: MEDIUM
22:45:06.630 [FXGL Background Thread 3 ] DEBUG Engine               - gameDifficultyProperty: ObjectProperty [value: MEDIUM]
22:45:06.630 [FXGL Background Thread 3 ] DEBUG Engine               - globalMusicVolume: 0.5
22:45:06.630 [FXGL Background Thread 3 ] DEBUG Engine               - globalMusicVolumeProperty: DoubleProperty [value: 0.5]
22:45:06.631 [FXGL Background Thread 3 ] DEBUG Engine               - globalSoundVolume: 0.5
22:45:06.631 [FXGL Background Thread 3 ] DEBUG Engine               - globalSoundVolumeProperty: DoubleProperty [value: 0.5]
22:45:06.631 [FXGL Background Thread 3 ] DEBUG Engine               - height: 617
22:45:06.632 [FXGL Background Thread 3 ] DEBUG Engine               - is3D: false
22:45:06.632 [FXGL Background Thread 3 ] DEBUG Engine               - isAndroid: false
22:45:06.632 [FXGL Background Thread 3 ] DEBUG Engine               - isBrowser: false
22:45:06.632 [FXGL Background Thread 3 ] DEBUG Engine               - isClickFeedbackEnabled: false
22:45:06.633 [FXGL Background Thread 3 ] DEBUG Engine               - isCloseConfirmation: false
22:45:06.633 [FXGL Background Thread 3 ] DEBUG Engine               - isDesktop: true
22:45:06.633 [FXGL Background Thread 3 ] DEBUG Engine               - isDeveloperMenuEnabled: false
22:45:06.633 [FXGL Background Thread 3 ] DEBUG Engine               - isEmbedded: false
22:45:06.634 [FXGL Background Thread 3 ] DEBUG Engine               - isEntityPreloadEnabled: true
22:45:06.634 [FXGL Background Thread 3 ] DEBUG Engine               - isExperimentalTiledLargeMap: false
22:45:06.634 [FXGL Background Thread 3 ] DEBUG Engine               - isFileSystemWriteAllowed: true
22:45:06.635 [FXGL Background Thread 3 ] DEBUG Engine               - isFullScreenAllowed: false
22:45:06.635 [FXGL Background Thread 3 ] DEBUG Engine               - isFullScreenFromStart: false
22:45:06.636 [FXGL Background Thread 3 ] DEBUG Engine               - isGameMenuEnabled: true
22:45:06.636 [FXGL Background Thread 3 ] DEBUG Engine               - isIOS: false
22:45:06.637 [FXGL Background Thread 3 ] DEBUG Engine               - isIntroEnabled: false
22:45:06.637 [FXGL Background Thread 3 ] DEBUG Engine               - isLinux: false
22:45:06.637 [FXGL Background Thread 3 ] DEBUG Engine               - isMac: false
22:45:06.637 [FXGL Background Thread 3 ] DEBUG Engine               - isMainMenuEnabled: false
22:45:06.637 [FXGL Background Thread 3 ] DEBUG Engine               - isManualResizeEnabled: false
22:45:06.638 [FXGL Background Thread 3 ] DEBUG Engine               - isMobile: false
22:45:06.638 [FXGL Background Thread 3 ] DEBUG Engine               - isNative: false
22:45:06.638 [FXGL Background Thread 3 ] DEBUG Engine               - isPauseMusicWhenMinimized: true
22:45:06.638 [FXGL Background Thread 3 ] DEBUG Engine               - isPreserveResizeRatio: false
22:45:06.638 [FXGL Background Thread 3 ] DEBUG Engine               - isProfilingEnabled: false
22:45:06.638 [FXGL Background Thread 3 ] DEBUG Engine               - isScaleAffectedOnResize: true
22:45:06.638 [FXGL Background Thread 3 ] DEBUG Engine               - isSingleStep: false
22:45:06.638 [FXGL Background Thread 3 ] DEBUG Engine               - isUserProfileEnabled: false
22:45:06.638 [FXGL Background Thread 3 ] DEBUG Engine               - isWindows: true
22:45:06.638 [FXGL Background Thread 3 ] DEBUG Engine               - language: ObjectProperty [value: ENGLISH]
22:45:06.639 [FXGL Background Thread 3 ] DEBUG Engine               - menuKey: ESCAPE
22:45:06.639 [FXGL Background Thread 3 ] DEBUG Engine               - mouseSensitivity: 0.2
22:45:06.639 [FXGL Background Thread 3 ] DEBUG Engine               - notificationViewClass: class com.almasb.fxgl.notification.view.XboxNotificationView
22:45:06.639 [FXGL Background Thread 3 ] DEBUG Engine               - pixelsPerMeter: 50.0
22:45:06.639 [FXGL Background Thread 3 ] DEBUG Engine               - platform: WINDOWS
22:45:06.639 [FXGL Background Thread 3 ] DEBUG Engine               - prefHeightProperty: ReadOnlyDoubleProperty [value: 617.0]
22:45:06.639 [FXGL Background Thread 3 ] DEBUG Engine               - prefWidthProperty: ReadOnlyDoubleProperty [value: 1080.0]
22:45:06.640 [FXGL Background Thread 3 ] DEBUG Engine               - profileDir: profiles/
22:45:06.640 [FXGL Background Thread 3 ] DEBUG Engine               - profileName: StringProperty [value: DEFAULT]
22:45:06.640 [FXGL Background Thread 3 ] DEBUG Engine               - randomSeed: -1
22:45:06.641 [FXGL Background Thread 3 ] DEBUG Engine               - runtimeInfo: RuntimeInfo(platform=WINDOWS, version=17.3, build=30.03.2023 11.49)
22:45:06.641 [FXGL Background Thread 3 ] DEBUG Engine               - saveFileExt: sav
22:45:06.641 [FXGL Background Thread 3 ] DEBUG Engine               - scaledHeightProp$fxgl: DoubleProperty [bound, value: 617.0]
22:45:06.641 [FXGL Background Thread 3 ] DEBUG Engine               - scaledWidthProp$fxgl: DoubleProperty [bound, value: 1080.0]
22:45:06.642 [FXGL Background Thread 3 ] DEBUG Engine               - sceneFactory: com.almasb.fxgl.app.scene.SceneFactory@62a476bb
22:45:06.642 [FXGL Background Thread 3 ] DEBUG Engine               - secondsIn24h: 60
22:45:06.642 [FXGL Background Thread 3 ] DEBUG Engine               - soundMenuBack: menu/back.wav
22:45:06.642 [FXGL Background Thread 3 ] DEBUG Engine               - soundMenuPress: menu/press.wav
22:45:06.642 [FXGL Background Thread 3 ] DEBUG Engine               - soundMenuSelect: menu/select.wav
22:45:06.642 [FXGL Background Thread 3 ] DEBUG Engine               - soundNotification: core/notification.wav
22:45:06.643 [FXGL Background Thread 3 ] DEBUG Engine               - stageStyle: DECORATED
22:45:06.643 [FXGL Background Thread 3 ] DEBUG Engine               - supportedLanguages: [ENGLISH, FRENCH, GERMAN, HUNGARIAN, RUSSIAN]
22:45:06.643 [FXGL Background Thread 3 ] DEBUG Engine               - ticksPerSecond: -1
22:45:06.643 [FXGL Background Thread 3 ] DEBUG Engine               - title: Galactic Odyssey
22:45:06.643 [FXGL Background Thread 3 ] DEBUG Engine               - urlGithub: https://github.com/AlmasB/FXGL
22:45:06.643 [FXGL Background Thread 3 ] DEBUG Engine               - urlLeaderboard: http://fxgl-top.herokuapp.com/
22:45:06.644 [FXGL Background Thread 3 ] DEBUG Engine               - urlPOM: https://raw.githubusercontent.com/AlmasB/FXGL/release/README.md
22:45:06.644 [FXGL Background Thread 3 ] DEBUG Engine               - userAppClass: class App.App
22:45:06.644 [FXGL Background Thread 3 ] DEBUG Engine               - version: 0.0
22:45:06.644 [FXGL Background Thread 3 ] DEBUG Engine               - versionCheckDays: 7
22:45:06.644 [FXGL Background Thread 3 ] DEBUG Engine               - width: 1080
22:45:06.645 [FXGL Background Thread 3 ] DEBUG Engine               - Logging services
22:45:06.645 [FXGL Background Thread 3 ] DEBUG Engine               - class com.almasb.fxgl.app.services.FXGLAssetLoaderService
22:45:06.645 [FXGL Background Thread 3 ] DEBUG Engine               - class com.almasb.fxgl.app.FXGLApplication$GameApplicationService
22:45:06.645 [FXGL Background Thread 3 ] DEBUG Engine               - class com.almasb.fxgl.app.services.FXGLDialogService
22:45:06.645 [FXGL Background Thread 3 ] DEBUG Engine               - class com.almasb.fxgl.app.services.IOTaskExecutorService
22:45:06.645 [FXGL Background Thread 3 ] DEBUG Engine               - class com.almasb.fxgl.io.FileSystemService
22:45:06.645 [FXGL Background Thread 3 ] DEBUG Engine               - class com.almasb.fxgl.localization.LocalizationService
22:45:06.646 [FXGL Background Thread 3 ] DEBUG Engine               - class com.almasb.fxgl.app.services.SystemBundleService
22:45:06.646 [FXGL Background Thread 3 ] DEBUG Engine               - class com.almasb.fxgl.profile.SaveLoadService
22:45:06.646 [FXGL Background Thread 3 ] DEBUG Engine               - class com.almasb.fxgl.ui.FXGLUIFactoryServiceProvider
22:45:06.646 [FXGL Background Thread 3 ] DEBUG Engine               - class com.almasb.fxgl.ui.FXGLDialogFactoryServiceProvider
22:45:06.646 [FXGL Background Thread 3 ] DEBUG Engine               - class com.almasb.fxgl.audio.AudioPlayer
22:45:06.646 [FXGL Background Thread 3 ] DEBUG Engine               - class com.almasb.fxgl.notification.impl.NotificationServiceProvider
22:45:06.647 [FXGL Background Thread 3 ] DEBUG Engine               - class com.almasb.fxgl.achievement.AchievementService
22:45:06.647 [FXGL Background Thread 3 ] DEBUG Engine               - class com.almasb.fxgl.cutscene.CutsceneService
22:45:06.647 [FXGL Background Thread 3 ] DEBUG Engine               - class com.almasb.fxgl.minigames.MiniGameService
22:45:06.647 [FXGL Background Thread 3 ] DEBUG Engine               - class com.almasb.fxgl.net.NetService
22:45:06.647 [FXGL Background Thread 3 ] DEBUG Engine               - class com.almasb.fxgl.app.services.UpdaterService
22:45:06.647 [FXGL Background Thread 3 ] DEBUG Engine               - class com.almasb.fxgl.dev.DevService
22:45:10.019 [JavaFX Application Thread] WARN  TMXLevelLoader       - TiledMap generated from 1.11.2. Supported version: 1.9.0. Some features may not be parsed fully.
22:45:10.051 [JavaFX Application Thread] DEBUG TMXLevelLoader       - Parsed TiledMap: file:/C:/Users/Jonathan/Documents/Galactic%20oddisseycopia%201/target/classes/assets/levels/MapGame1.tmx
22:45:10.051 [JavaFX Application Thread] DEBUG TMXLevelLoader       - Creating tile layer entities
22:45:10.052 [JavaFX Application Thread] DEBUG TilesetLoader        - Loading view for layer Espacio
22:45:10.057 [JavaFX Application Thread] DEBUG TilesetLoader        - Created buffer with size 1920.0x960.0
22:45:10.117 [JavaFX Application Thread] DEBUG TilesetLoader        - Loading view for layer Planetas
22:45:10.123 [JavaFX Application Thread] DEBUG TilesetLoader        - Created buffer with size 1920.0x960.0
22:45:10.125 [JavaFX Application Thread] DEBUG TilesetLoader        - Loading view for layer Suelo
22:45:10.130 [JavaFX Application Thread] DEBUG TilesetLoader        - Created buffer with size 1920.0x960.0
22:45:10.136 [JavaFX Application Thread] DEBUG TilesetLoader        - Loading view for layer Suelo ruinas
22:45:10.141 [JavaFX Application Thread] DEBUG TilesetLoader        - Created buffer with size 1920.0x960.0
22:45:10.142 [JavaFX Application Thread] DEBUG TilesetLoader        - Loading view for layer Torres ruinas
22:45:10.147 [JavaFX Application Thread] DEBUG TilesetLoader        - Created buffer with size 1920.0x960.0
22:45:10.184 [JavaFX Application Thread] DEBUG TilesetLoader        - Loading view for layer Cristales espaciales
22:45:10.189 [JavaFX Application Thread] DEBUG TilesetLoader        - Created buffer with size 1920.0x960.0
22:45:10.191 [JavaFX Application Thread] DEBUG TilesetLoader        - Loading view for layer Rocas1
22:45:10.197 [JavaFX Application Thread] DEBUG TilesetLoader        - Created buffer with size 1920.0x960.0
22:45:10.258 [JavaFX Application Thread] DEBUG TilesetLoader        - Loading view for layer Muro
22:45:10.263 [JavaFX Application Thread] DEBUG TilesetLoader        - Created buffer with size 1920.0x960.0
22:45:10.267 [JavaFX Application Thread] DEBUG TilesetLoader        - Loading view for layer Rocas
22:45:10.272 [JavaFX Application Thread] DEBUG TilesetLoader        - Created buffer with size 1920.0x960.0
22:45:10.276 [JavaFX Application Thread] DEBUG TilesetLoader        - Loading view for layer Rocas2
22:45:10.280 [JavaFX Application Thread] DEBUG TilesetLoader        - Created buffer with size 1920.0x960.0
22:45:10.282 [JavaFX Application Thread] DEBUG TilesetLoader        - Loading view for layer Naves
22:45:10.286 [JavaFX Application Thread] DEBUG TilesetLoader        - Created buffer with size 1920.0x960.0
22:45:10.289 [JavaFX Application Thread] DEBUG TilesetLoader        - Loading view for layer Objetos
22:45:10.293 [JavaFX Application Thread] DEBUG TilesetLoader        - Created buffer with size 1920.0x960.0
22:45:10.294 [JavaFX Application Thread] DEBUG TMXLevelLoader       - Creating object layer entities
22:45:10.312 [JavaFX Application Thread] DEBUG GameWorld            - Clearing removable entities
22:45:10.322 [JavaFX Application Thread] DEBUG GameWorld            - Setting level: com.almasb.fxgl.entity.level.Level@4bef5a42
22:45:10.329 [JavaFX Application Thread] DEBUG LoopRunner           - Stopping loop
22:45:10.332 [JavaFX Application Thread] FATAL FXGLApplication      - Uncaught Exception:
java.lang.IllegalArgumentException: Action already exists: Move Right
	at com.almasb.fxgl.core@17.3/com.almasb.fxgl.input.Input.addBinding(Input.kt:511)
	at com.almasb.fxgl.core@17.3/com.almasb.fxgl.input.Input.addAction(Input.kt:507)
	at com.almasb.fxgl.core@17.3/com.almasb.fxgl.input.Input.addAction$default(Input.kt:504)
	at com.almasb.fxgl.core@17.3/com.almasb.fxgl.input.Input.addAction(Input.kt)
	at Game.main/App.Player.initInput(Player.java:42)
	at Game.main/App.App.startNewGame(App.java:48)
	at Game.main/App.MenuController.lambda$showMainMenu$0(MenuController.java:43)
	at javafx.base/com.sun.javafx.event.CompositeEventHandler.dispatchBubblingEvent(CompositeEventHandler.java:86)
	at javafx.base/com.sun.javafx.event.EventHandlerManager.dispatchBubblingEvent(EventHandlerManager.java:234)
	at javafx.base/com.sun.javafx.event.EventHandlerManager.dispatchBubblingEvent(EventHandlerManager.java:191)
	at javafx.base/com.sun.javafx.event.CompositeEventDispatcher.dispatchBubblingEvent(CompositeEventDispatcher.java:59)
	at javafx.base/com.sun.javafx.event.BasicEventDispatcher.dispatchEvent(BasicEventDispatcher.java:58)
	at javafx.base/com.sun.javafx.event.EventDispatchChainImpl.dispatchEvent(EventDispatchChainImpl.java:114)
	at javafx.base/com.sun.javafx.event.BasicEventDispatcher.dispatchEvent(BasicEventDispatcher.java:56)
	at javafx.base/com.sun.javafx.event.EventDispatchChainImpl.dispatchEvent(EventDispatchChainImpl.java:114)
	at javafx.base/com.sun.javafx.event.BasicEventDispatcher.dispatchEvent(BasicEventDispatcher.java:56)
	at javafx.base/com.sun.javafx.event.EventDispatchChainImpl.dispatchEvent(EventDispatchChainImpl.java:114)
	at javafx.base/com.sun.javafx.event.EventUtil.fireEventImpl(EventUtil.java:74)
	at javafx.base/com.sun.javafx.event.EventUtil.fireEvent(EventUtil.java:49)
	at javafx.base/javafx.event.Event.fireEvent(Event.java:198)
	at javafx.graphics/javafx.scene.Node.fireEvent(Node.java:8792)
	at javafx.controls/javafx.scene.control.Button.fire(Button.java:203)
	at javafx.controls/com.sun.javafx.scene.control.behavior.ButtonBehavior.mouseReleased(ButtonBehavior.java:208)
	at javafx.controls/com.sun.javafx.scene.control.inputmap.InputMap.handle(InputMap.java:274)
	at javafx.base/com.sun.javafx.event.CompositeEventHandler$NormalEventHandlerRecord.handleBubblingEvent(CompositeEventHandler.java:247)
	at javafx.base/com.sun.javafx.event.CompositeEventHandler.dispatchBubblingEvent(CompositeEventHandler.java:80)
	at javafx.base/com.sun.javafx.event.EventHandlerManager.dispatchBubblingEvent(EventHandlerManager.java:234)
	at javafx.base/com.sun.javafx.event.EventHandlerManager.dispatchBubblingEvent(EventHandlerManager.java:191)
	at javafx.base/com.sun.javafx.event.CompositeEventDispatcher.dispatchBubblingEvent(CompositeEventDispatcher.java:59)
	at javafx.base/com.sun.javafx.event.BasicEventDispatcher.dispatchEvent(BasicEventDispatcher.java:58)
	at javafx.base/com.sun.javafx.event.EventDispatchChainImpl.dispatchEvent(EventDispatchChainImpl.java:114)
	at javafx.base/com.sun.javafx.event.BasicEventDispatcher.dispatchEvent(BasicEventDispatcher.java:56)
	at javafx.base/com.sun.javafx.event.EventDispatchChainImpl.dispatchEvent(EventDispatchChainImpl.java:114)
	at javafx.base/com.sun.javafx.event.BasicEventDispatcher.dispatchEvent(BasicEventDispatcher.java:56)
	at javafx.base/com.sun.javafx.event.EventDispatchChainImpl.dispatchEvent(EventDispatchChainImpl.java:114)
	at javafx.base/com.sun.javafx.event.EventUtil.fireEventImpl(EventUtil.java:74)
	at javafx.base/com.sun.javafx.event.EventUtil.fireEvent(EventUtil.java:54)
	at javafx.base/javafx.event.Event.fireEvent(Event.java:198)
	at javafx.graphics/javafx.scene.Scene$MouseHandler.process(Scene.java:3897)
	at javafx.graphics/javafx.scene.Scene.processMouseEvent(Scene.java:1878)
	at javafx.graphics/javafx.scene.Scene$ScenePeerListener.mouseEvent(Scene.java:2623)
	at javafx.graphics/com.sun.javafx.tk.quantum.GlassViewEventHandler$MouseEventNotification.run(GlassViewEventHandler.java:411)
	at javafx.graphics/com.sun.javafx.tk.quantum.GlassViewEventHandler$MouseEventNotification.run(GlassViewEventHandler.java:301)
	at java.base/java.security.AccessController.doPrivileged(AccessController.java:399)
	at javafx.graphics/com.sun.javafx.tk.quantum.GlassViewEventHandler.lambda$handleMouseEvent$2(GlassViewEventHandler.java:450)
	at javafx.graphics/com.sun.javafx.tk.quantum.QuantumToolkit.runWithoutRenderLock(QuantumToolkit.java:424)
	at javafx.graphics/com.sun.javafx.tk.quantum.GlassViewEventHandler.handleMouseEvent(GlassViewEventHandler.java:449)
	at javafx.graphics/com.sun.glass.ui.View.handleMouseEvent(View.java:557)
	at javafx.graphics/com.sun.glass.ui.View.notifyMouse(View.java:943)
	at javafx.graphics/com.sun.glass.ui.win.WinApplication._runLoop(Native Method)
	at javafx.graphics/com.sun.glass.ui.win.WinApplication.lambda$runLoop$3(WinApplication.java:184)
	at java.base/java.lang.Thread.run(Thread.java:842)

22:45:10.333 [JavaFX Application Thread] FATAL FXGLApplication      - Application will now exit
22:45:10.370 [JavaFX Application Thread] DEBUG PrimaryStageWindow   - Push state: ErrorSubScene
22:45:10.370 [JavaFX Application Thread] DEBUG Input                - Clearing active input actions
22:45:10.373 [JavaFX Application Thread] DEBUG GameApplicationServi - Removing overlay from GameScene and adding to ErrorSubScene
22:45:10.374 [JavaFX Application Thread] DEBUG PrimaryStageWindow   - GameScene -> ErrorSubScene
22:45:16.797 [JavaFX Application Thread] DEBUG FXGLApplication      - Exiting FXGL
22:45:16.797 [JavaFX Application Thread] DEBUG Async                - Shutting down background threads
22:45:16.797 [JavaFX Application Thread] DEBUG PrimaryStageWindow   - Closing main window
22:45:16.840 [JavaFX Application Thread] DEBUG Logger               - Closing Logger
