18:23:36.298 [main                     ] DEBUG Logger               - Configured Logger
18:23:36.389 [main                     ] DEBUG GameApplication      - Logging settings
Title: Galactic Odyssey
Version: 0.0
Width: 1500
Height: 800
Fullscreen: false
Intro: false
Profiling: false
Single step:false
App Mode: DEVELOPER
Menu Key: ESCAPE
Stage Style: DECORATED
Scene Factory: class com.almasb.fxgl.app.scene.SceneFactory

18:23:37.069 [JavaFX Application Thread] DEBUG FXGLApplication      - Initializing FXGL
18:23:37.094 [JavaFX Application Thread] INFO  Engine               - FXGL-17.3 (30.03.2023 11.49) on WINDOWS (J:17.0.12 FX:17.0.2-ea)
18:23:37.097 [JavaFX Application Thread] DEBUG Engine               - JRE Vendor Name: Oracle Corporation
18:23:37.097 [JavaFX Application Thread] DEBUG Engine               - Running on OS: Windows 10 version 10.0
18:23:37.098 [JavaFX Application Thread] DEBUG Engine               - Architecture: amd64
18:23:37.098 [JavaFX Application Thread] INFO  Engine               - Source code and latest versions at: https://github.com/AlmasB/FXGL
18:23:37.098 [JavaFX Application Thread] INFO  Engine               -       Ask questions and discuss at: https://github.com/AlmasB/FXGL/discussions
18:23:37.099 [JavaFX Application Thread] INFO  Engine               -              Join the FXGL chat at: https://gitter.im/AlmasB/FXGL
18:23:37.328 [JavaFX Application Thread] DEBUG PrimaryStageWindow   - Creating a JavaFX scene
18:23:37.328 [JavaFX Application Thread] DEBUG PrimaryStageWindow   - Target size > screen size
18:23:37.437 [JavaFX Application Thread] DEBUG PrimaryStageWindow   - Target settings size: 1500.0 x 800.0
18:23:37.438 [JavaFX Application Thread] DEBUG PrimaryStageWindow   - Scaled scene size:    1340.0 x 728.0
18:23:37.439 [JavaFX Application Thread] DEBUG PrimaryStageWindow   - Scaled ratio: (0.8933333333333333, 0.91)
18:23:37.441 [JavaFX Application Thread] DEBUG PrimaryStageWindow   - Set initial scene to FXGLStartupScene
18:23:37.459 [JavaFX Application Thread] DEBUG PrimaryStageWindow   - Opening main window
18:23:37.646 [JavaFX Application Thread] DEBUG PrimaryStageWindow   - Window border size: (16.0, 39.0)
18:23:37.647 [JavaFX Application Thread] DEBUG PrimaryStageWindow   - Scaled size: 1340.0 x 728.0
18:23:37.648 [JavaFX Application Thread] DEBUG PrimaryStageWindow   - Scaled ratio: (0.8933333333333333, 0.91)
18:23:37.649 [JavaFX Application Thread] DEBUG PrimaryStageWindow   - Scene size: 1340.0 x 728.0
18:23:37.649 [JavaFX Application Thread] DEBUG PrimaryStageWindow   - Stage size: 1356.0 x 767.0
18:23:37.769 [FXGL Background Thread 1 ] DEBUG Engine               - Initializing environment variables
18:23:37.842 [FXGL Background Thread 1 ] DEBUG FXGLAssetLoaderServi - User app class for loading assets: class App.App
18:23:37.843 [FXGL Background Thread 1 ] DEBUG GameApplicationServi - Applying CSS: fxgl_dark.css
18:23:37.845 [FXGL Background Thread 1 ] DEBUG FXGLAssetLoaderServi - Loading from file system: jar:file:///C:/Users/Jonathan/.m2/repository/com/github/almasb/fxgl/17.3/fxgl-17.3.jar!/fxglassets/ui/css/fxgl_dark.css
18:23:37.964 [FXGL Background Thread 1 ] DEBUG GameApplicationServi - Initializing application scenes
18:23:38.149 [FXGL Background Thread 1 ] DEBUG GameWorld            - Game world initialized
18:23:38.305 [FXGL Background Thread 1 ] DEBUG PhysicsWorld         - Physics world initialized: appHeight=800, physics.ppm=50,0
18:23:38.306 [FXGL Background Thread 1 ] DEBUG PhysicsWorld         - Using strategy: BRUTE_FORCE
18:23:38.316 [FXGL Background Thread 1 ] DEBUG GameScene            - Game scene initialized: 1500x800
18:23:38.355 [FXGL Background Thread 1 ] DEBUG FXGL.DefaultMenu     - createMenuBodyGameMenu()
18:23:38.391 [FXGL Background Thread 1 ] DEBUG FXGL.DefaultMenu     - createOptionsMenu()
18:23:38.426 [FXGL Background Thread 1 ] DEBUG FXGLAssetLoaderServi - Loading from file system: jar:file:///C:/Users/Jonathan/.m2/repository/com/github/almasb/fxgl/17.3/fxgl-17.3.jar!/fxglassets/textures/particles/smoke.png
18:23:38.683 [FXGL Background Thread 1 ] DEBUG FXGLAssetLoaderServi - Loading from file system: jar:file:///C:/Users/Jonathan/.m2/repository/com/github/almasb/fxgl/17.3/fxgl-17.3.jar!/fxglassets/textures/particles/trace_horizontal.png
18:23:38.761 [FXGL Background Thread 1 ] DEBUG GameApplicationServi - Application scenes initialized
18:23:38.797 [FXGL Background Thread 1 ] DEBUG SystemBundleService  - Loading FXGL system data
18:23:38.812 [FXGL Background Thread 1 ] DEBUG FileSystemAccess     - Reading from: C:\Users\Jonathan\Documents\Galactic odyssey\system\fxgl.bundle
18:23:38.828 [FXGL Background Thread 1 ] DEBUG SystemBundleService  - Bundle FXGL: {}
18:23:38.829 [FXGL Background Thread 1 ] DEBUG UpdaterService       - Checking for updates
18:23:38.849 [FXGL Background Thread 4 ] DEBUG FXGLApplication      - Loading fonts
18:23:38.850 [FXGL Background Thread 4 ] DEBUG FXGLAssetLoaderServi - Loading from file system: jar:file:///C:/Users/Jonathan/.m2/repository/com/github/almasb/fxgl/17.3/fxgl-17.3.jar!/fxglassets/ui/fonts/VarelaRound-Regular.ttf
18:23:38.845 [FXGL Background Thread 1 ] DEBUG FXGLApplication      - Loading default localization
18:23:38.858 [FXGL Background Thread 1 ] DEBUG FXGLAssetLoaderServi - Loading from file system: jar:file:///C:/Users/Jonathan/.m2/repository/com/github/almasb/fxgl/17.3/fxgl-17.3.jar!/fxglassets/languages/english.lang
18:23:38.955 [FXGL Background Thread 1 ] INFO  FXGLApplication      - FXGL initialization took: 1,185 sec
18:23:38.958 [JavaFX Application Thread] DEBUG FXGLAssetLoaderServi - Loading from file system: jar:file:///C:/Users/Jonathan/.m2/repository/com/github/almasb/fxgl/17.3/fxgl-17.3.jar!/fxglassets/textures/fxgl_icon.png
18:23:39.040 [JavaFX Application Thread] DEBUG FXGLAssetLoaderServi - Loading from file system: jar:file:///C:/Users/Jonathan/.m2/repository/com/github/almasb/fxgl/17.3/fxgl-17.3.jar!/fxglassets/textures/fxgl_default_cursor.png
18:23:39.096 [JavaFX Application Thread] DEBUG Input                - Registered new binding: Screenshot - CTRL+8
18:23:39.098 [JavaFX Application Thread] DEBUG Input                - Registered new binding: System info dump - CTRL+9
18:23:39.099 [JavaFX Application Thread] DEBUG Input                - Registered new binding: Restart - CTRL+R
18:23:39.101 [JavaFX Application Thread] DEBUG Input                - Registered new binding: Toggle Debug Camera - CTRL+7
18:23:39.111 [JavaFX Application Thread] DEBUG LoopRunner           - Starting loop
18:23:39.111 [JavaFX Application Thread] DEBUG LoopRunner           - Initializing JavaFX AnimationTimerLoop
18:23:39.117 [JavaFX Application Thread] DEBUG GameApplicationServi - Starting new game
18:23:39.119 [JavaFX Application Thread] DEBUG Input                - Clearing active input actions
18:23:39.176 [JavaFX Application Thread] DEBUG GameApplicationServi - Removing overlay from FXGLStartupScene and adding to FXGLLoadingScene
18:23:39.178 [JavaFX Application Thread] DEBUG PrimaryStageWindow   - FXGLStartupScene -> FXGLLoadingScene
18:23:39.179 [JavaFX Application Thread] DEBUG GameApplicationServi - Clearing previous game
18:23:39.179 [JavaFX Application Thread] DEBUG GameScene            - Clearing game scene
18:23:39.180 [JavaFX Application Thread] DEBUG GameWorld            - Clearing game world
18:23:39.180 [JavaFX Application Thread] DEBUG PhysicsWorld         - Clearing physics world
18:23:39.189 [FXGL Background Thread 1 ] DEBUG FXGLApplication      - Initializing game
18:23:39.251 [FXGL Background Thread 1 ] DEBUG FXGLAssetLoaderServi - Loading from file system: file:/C:/Users/Jonathan/Documents/Galactic%20odyssey/target/classes/assets/textures/fondo_menu.png
18:23:39.344 [FXGL Background Thread 1 ] INFO  FXGLApplication      - Game initialization took: 0,154 sec
18:23:39.384 [JavaFX Application Thread] DEBUG Input                - Clearing active input actions
18:23:39.411 [JavaFX Application Thread] DEBUG GameApplicationServi - Removing overlay from FXGLLoadingScene and adding to GameScene
18:23:39.413 [JavaFX Application Thread] DEBUG PrimaryStageWindow   - FXGLLoadingScene -> GameScene
18:23:39.774 [FXGL Background Thread 4 ] DEBUG FXGLAssetLoaderServi - Loading from file system: jar:file:///C:/Users/Jonathan/.m2/repository/com/github/almasb/fxgl/17.3/fxgl-17.3.jar!/fxglassets/ui/fonts/Abel-Regular.ttf
18:23:39.802 [FXGL Background Thread 4 ] DEBUG FXGLAssetLoaderServi - Loading from file system: jar:file:///C:/Users/Jonathan/.m2/repository/com/github/almasb/fxgl/17.3/fxgl-17.3.jar!/fxglassets/ui/fonts/TerminalLandMono-Regular.otf
18:23:39.836 [FXGL Background Thread 4 ] DEBUG FXGLAssetLoaderServi - Loading from file system: jar:file:///C:/Users/Jonathan/.m2/repository/com/github/almasb/fxgl/17.3/fxgl-17.3.jar!/fxglassets/ui/fonts/Courier-Prime.ttf
18:23:39.883 [JavaFX Application Thread] DEBUG FXGLApplication      - Registering font factories with UI factory
18:23:39.898 [FXGL Background Thread 2 ] WARN  UpdaterService       - Failed to find updates: java.net.UnknownHostException: raw.githubusercontent.com
18:23:40.499 [JavaFX Application Thread] WARN  TMXLevelLoader       - TiledMap generated from 1.11.2. Supported version: 1.9.0. Some features may not be parsed fully.
18:23:40.577 [JavaFX Application Thread] DEBUG TMXLevelLoader       - Parsed TiledMap: file:/C:/Users/Jonathan/Documents/Galactic%20odyssey/target/classes/assets/levels/MapGame1.tmx
18:23:40.579 [JavaFX Application Thread] DEBUG TMXLevelLoader       - Creating tile layer entities
18:23:40.583 [JavaFX Application Thread] DEBUG TilesetLoader        - Loading view for layer Espacio
18:23:40.589 [JavaFX Application Thread] DEBUG TilesetLoader        - Created buffer with size 1920.0x960.0
18:23:40.777 [JavaFX Application Thread] DEBUG TilesetLoader        - Loading view for layer Planetas
18:23:40.784 [JavaFX Application Thread] DEBUG TilesetLoader        - Created buffer with size 1920.0x960.0
18:23:40.788 [JavaFX Application Thread] DEBUG TilesetLoader        - Loading view for layer Suelo
18:23:40.794 [JavaFX Application Thread] DEBUG TilesetLoader        - Created buffer with size 1920.0x960.0
18:23:40.807 [JavaFX Application Thread] DEBUG TilesetLoader        - Loading view for layer Suelo ruinas
18:23:40.814 [JavaFX Application Thread] DEBUG TilesetLoader        - Created buffer with size 1920.0x960.0
18:23:40.816 [JavaFX Application Thread] DEBUG TilesetLoader        - Loading view for layer Torres ruinas
18:23:40.822 [JavaFX Application Thread] DEBUG TilesetLoader        - Created buffer with size 1920.0x960.0
18:23:40.993 [JavaFX Application Thread] DEBUG TilesetLoader        - Loading view for layer Cristales espaciales
18:23:40.998 [JavaFX Application Thread] DEBUG TilesetLoader        - Created buffer with size 1920.0x960.0
18:23:41.001 [JavaFX Application Thread] DEBUG TilesetLoader        - Loading view for layer Rocas1
18:23:41.008 [JavaFX Application Thread] DEBUG TilesetLoader        - Created buffer with size 1920.0x960.0
18:23:41.123 [JavaFX Application Thread] DEBUG TilesetLoader        - Loading view for layer Muro
18:23:41.130 [JavaFX Application Thread] DEBUG TilesetLoader        - Created buffer with size 1920.0x960.0
18:23:41.135 [JavaFX Application Thread] DEBUG TilesetLoader        - Loading view for layer Rocas
18:23:41.140 [JavaFX Application Thread] DEBUG TilesetLoader        - Created buffer with size 1920.0x960.0
18:23:41.146 [JavaFX Application Thread] DEBUG TilesetLoader        - Loading view for layer Rocas2
18:23:41.152 [JavaFX Application Thread] DEBUG TilesetLoader        - Created buffer with size 1920.0x960.0
18:23:41.155 [JavaFX Application Thread] DEBUG TilesetLoader        - Loading view for layer Naves
18:23:41.161 [JavaFX Application Thread] DEBUG TilesetLoader        - Created buffer with size 1920.0x960.0
18:23:41.164 [JavaFX Application Thread] DEBUG TilesetLoader        - Loading view for layer Objetos
18:23:41.172 [JavaFX Application Thread] DEBUG TilesetLoader        - Created buffer with size 1920.0x960.0
18:23:41.174 [JavaFX Application Thread] DEBUG TMXLevelLoader       - Creating object layer entities
18:23:41.248 [JavaFX Application Thread] DEBUG GameWorld            - Clearing removable entities
18:23:41.249 [JavaFX Application Thread] DEBUG GameWorld            - Setting level: com.almasb.fxgl.entity.level.Level@76c2a6f5
18:23:41.272 [JavaFX Application Thread] DEBUG FXGLAssetLoaderServi - Loading from file system: file:/C:/Users/Jonathan/Documents/Galactic%20odyssey/target/classes/assets/textures/personaje.png
18:23:41.275 [JavaFX Application Thread] DEBUG Input                - Registered new binding: Move Right - D
18:23:41.276 [JavaFX Application Thread] DEBUG Input                - Registered new binding: Move Left - A
18:23:41.276 [JavaFX Application Thread] DEBUG Input                - Registered new binding: Move Up - W
18:23:41.277 [JavaFX Application Thread] DEBUG Input                - Registered new binding: Move Down - S
18:23:41.838 [FXGL Background Thread 3 ] DEBUG Engine               - Logging environment variables
18:23:41.839 [FXGL Background Thread 3 ] DEBUG Engine               - achievements: []
18:23:41.839 [FXGL Background Thread 3 ] DEBUG Engine               - actualHeight: 728.0
18:23:41.839 [FXGL Background Thread 3 ] DEBUG Engine               - actualHeightProperty: ReadOnlyDoubleProperty [value: 728.0]
18:23:41.840 [FXGL Background Thread 3 ] DEBUG Engine               - actualWidth: 1340.0
18:23:41.840 [FXGL Background Thread 3 ] DEBUG Engine               - actualWidthProperty: ReadOnlyDoubleProperty [value: 1340.0]
18:23:41.840 [FXGL Background Thread 3 ] DEBUG Engine               - appIcon: fxgl_icon.png
18:23:41.840 [FXGL Background Thread 3 ] DEBUG Engine               - applicationMode: DEVELOPER
18:23:41.840 [FXGL Background Thread 3 ] DEBUG Engine               - cSSList: [fxgl_dark.css]
18:23:41.840 [FXGL Background Thread 3 ] DEBUG Engine               - collisionDetectionStrategy: BRUTE_FORCE
18:23:41.841 [FXGL Background Thread 3 ] DEBUG Engine               - configClass: Optional.empty
18:23:41.841 [FXGL Background Thread 3 ] DEBUG Engine               - credits: []
18:23:41.841 [FXGL Background Thread 3 ] DEBUG Engine               - defaultCursor: CursorInfo(imageName=fxgl_default_cursor.png, hotspotX=7.0, hotspotY=6.0)
18:23:41.842 [FXGL Background Thread 3 ] DEBUG Engine               - devBBoxColorProperty: ObjectProperty [value: 0xff0000ff]
18:23:41.842 [FXGL Background Thread 3 ] DEBUG Engine               - devEnableDebugCameraProperty: BooleanProperty [value: false]
18:23:41.842 [FXGL Background Thread 3 ] DEBUG Engine               - devSensorColorProperty: ObjectProperty [value: 0xffff00ff]
18:23:41.843 [FXGL Background Thread 3 ] DEBUG Engine               - devShowBBoxProperty: BooleanProperty [value: false]
18:23:41.843 [FXGL Background Thread 3 ] DEBUG Engine               - devShowPositionProperty: BooleanProperty [value: false]
18:23:41.843 [FXGL Background Thread 3 ] DEBUG Engine               - enabledMenuItems: []
18:23:41.843 [FXGL Background Thread 3 ] DEBUG Engine               - engineServices: [class com.almasb.fxgl.app.services.FXGLAssetLoaderService, class com.almasb.fxgl.app.FXGLApplication$GameApplicationService, class com.almasb.fxgl.app.services.FXGLDialogService, class com.almasb.fxgl.app.services.IOTaskExecutorService, class com.almasb.fxgl.io.FileSystemService, class com.almasb.fxgl.localization.LocalizationService, class com.almasb.fxgl.app.services.SystemBundleService, class com.almasb.fxgl.profile.SaveLoadService, class com.almasb.fxgl.ui.FXGLUIFactoryServiceProvider, class com.almasb.fxgl.ui.FXGLDialogFactoryServiceProvider, class com.almasb.fxgl.audio.AudioPlayer, class com.almasb.fxgl.notification.impl.NotificationServiceProvider, class com.almasb.fxgl.achievement.AchievementService, class com.almasb.fxgl.cutscene.CutsceneService, class com.almasb.fxgl.minigames.MiniGameService, class com.almasb.fxgl.net.NetService, class com.almasb.fxgl.app.services.UpdaterService, class com.almasb.fxgl.dev.DevService]
18:23:41.844 [FXGL Background Thread 3 ] DEBUG Engine               - fontGame: Abel-Regular.ttf
18:23:41.844 [FXGL Background Thread 3 ] DEBUG Engine               - fontMono: TerminalLandMono-Regular.otf
18:23:41.844 [FXGL Background Thread 3 ] DEBUG Engine               - fontSizeScaleUI: 1.0
18:23:41.844 [FXGL Background Thread 3 ] DEBUG Engine               - fontText: Courier-Prime.ttf
18:23:41.844 [FXGL Background Thread 3 ] DEBUG Engine               - fontUI: VarelaRound-Regular.ttf
18:23:41.844 [FXGL Background Thread 3 ] DEBUG Engine               - fullScreen: BooleanProperty [value: false]
18:23:41.844 [FXGL Background Thread 3 ] DEBUG Engine               - gameDifficulty: MEDIUM
18:23:41.845 [FXGL Background Thread 3 ] DEBUG Engine               - gameDifficultyProperty: ObjectProperty [value: MEDIUM]
18:23:41.845 [FXGL Background Thread 3 ] DEBUG Engine               - globalMusicVolume: 0.5
18:23:41.845 [FXGL Background Thread 3 ] DEBUG Engine               - globalMusicVolumeProperty: DoubleProperty [value: 0.5]
18:23:41.845 [FXGL Background Thread 3 ] DEBUG Engine               - globalSoundVolume: 0.5
18:23:41.845 [FXGL Background Thread 3 ] DEBUG Engine               - globalSoundVolumeProperty: DoubleProperty [value: 0.5]
18:23:41.845 [FXGL Background Thread 3 ] DEBUG Engine               - height: 800
18:23:41.846 [FXGL Background Thread 3 ] DEBUG Engine               - is3D: false
18:23:41.846 [FXGL Background Thread 3 ] DEBUG Engine               - isAndroid: false
18:23:41.846 [FXGL Background Thread 3 ] DEBUG Engine               - isBrowser: false
18:23:41.846 [FXGL Background Thread 3 ] DEBUG Engine               - isClickFeedbackEnabled: false
18:23:41.846 [FXGL Background Thread 3 ] DEBUG Engine               - isCloseConfirmation: false
18:23:41.846 [FXGL Background Thread 3 ] DEBUG Engine               - isDesktop: true
18:23:41.846 [FXGL Background Thread 3 ] DEBUG Engine               - isDeveloperMenuEnabled: false
18:23:41.847 [FXGL Background Thread 3 ] DEBUG Engine               - isEmbedded: false
18:23:41.847 [FXGL Background Thread 3 ] DEBUG Engine               - isEntityPreloadEnabled: true
18:23:41.847 [FXGL Background Thread 3 ] DEBUG Engine               - isExperimentalTiledLargeMap: false
18:23:41.847 [FXGL Background Thread 3 ] DEBUG Engine               - isFileSystemWriteAllowed: true
18:23:41.847 [FXGL Background Thread 3 ] DEBUG Engine               - isFullScreenAllowed: false
18:23:41.847 [FXGL Background Thread 3 ] DEBUG Engine               - isFullScreenFromStart: false
18:23:41.847 [FXGL Background Thread 3 ] DEBUG Engine               - isGameMenuEnabled: true
18:23:41.847 [FXGL Background Thread 3 ] DEBUG Engine               - isIOS: false
18:23:41.848 [FXGL Background Thread 3 ] DEBUG Engine               - isIntroEnabled: false
18:23:41.848 [FXGL Background Thread 3 ] DEBUG Engine               - isLinux: false
18:23:41.848 [FXGL Background Thread 3 ] DEBUG Engine               - isMac: false
18:23:41.848 [FXGL Background Thread 3 ] DEBUG Engine               - isMainMenuEnabled: false
18:23:41.848 [FXGL Background Thread 3 ] DEBUG Engine               - isManualResizeEnabled: false
18:23:41.848 [FXGL Background Thread 3 ] DEBUG Engine               - isMobile: false
18:23:41.848 [FXGL Background Thread 3 ] DEBUG Engine               - isNative: false
18:23:41.848 [FXGL Background Thread 3 ] DEBUG Engine               - isPauseMusicWhenMinimized: true
18:23:41.849 [FXGL Background Thread 3 ] DEBUG Engine               - isPreserveResizeRatio: false
18:23:41.849 [FXGL Background Thread 3 ] DEBUG Engine               - isProfilingEnabled: false
18:23:41.849 [FXGL Background Thread 3 ] DEBUG Engine               - isScaleAffectedOnResize: true
18:23:41.849 [FXGL Background Thread 3 ] DEBUG Engine               - isSingleStep: false
18:23:41.849 [FXGL Background Thread 3 ] DEBUG Engine               - isUserProfileEnabled: false
18:23:41.849 [FXGL Background Thread 3 ] DEBUG Engine               - isWindows: true
18:23:41.849 [FXGL Background Thread 3 ] DEBUG Engine               - language: ObjectProperty [value: ENGLISH]
18:23:41.850 [FXGL Background Thread 3 ] DEBUG Engine               - menuKey: ESCAPE
18:23:41.850 [FXGL Background Thread 3 ] DEBUG Engine               - mouseSensitivity: 0.2
18:23:41.850 [FXGL Background Thread 3 ] DEBUG Engine               - notificationViewClass: class com.almasb.fxgl.notification.view.XboxNotificationView
18:23:41.850 [FXGL Background Thread 3 ] DEBUG Engine               - pixelsPerMeter: 50.0
18:23:41.850 [FXGL Background Thread 3 ] DEBUG Engine               - platform: WINDOWS
18:23:41.850 [FXGL Background Thread 3 ] DEBUG Engine               - prefHeightProperty: ReadOnlyDoubleProperty [value: 800.0]
18:23:41.851 [FXGL Background Thread 3 ] DEBUG Engine               - prefWidthProperty: ReadOnlyDoubleProperty [value: 1500.0]
18:23:41.851 [FXGL Background Thread 3 ] DEBUG Engine               - profileDir: profiles/
18:23:41.851 [FXGL Background Thread 3 ] DEBUG Engine               - profileName: StringProperty [value: DEFAULT]
18:23:41.851 [FXGL Background Thread 3 ] DEBUG Engine               - randomSeed: -1
18:23:41.852 [FXGL Background Thread 3 ] DEBUG Engine               - runtimeInfo: RuntimeInfo(platform=WINDOWS, version=17.3, build=30.03.2023 11.49)
18:23:41.852 [FXGL Background Thread 3 ] DEBUG Engine               - saveFileExt: sav
18:23:41.852 [FXGL Background Thread 3 ] DEBUG Engine               - scaledHeightProp$fxgl: DoubleProperty [bound, value: 728.0]
18:23:41.852 [FXGL Background Thread 3 ] DEBUG Engine               - scaledWidthProp$fxgl: DoubleProperty [bound, value: 1340.0]
18:23:41.852 [FXGL Background Thread 3 ] DEBUG Engine               - sceneFactory: com.almasb.fxgl.app.scene.SceneFactory@4460807
18:23:41.852 [FXGL Background Thread 3 ] DEBUG Engine               - secondsIn24h: 60
18:23:41.853 [FXGL Background Thread 3 ] DEBUG Engine               - soundMenuBack: menu/back.wav
18:23:41.853 [FXGL Background Thread 3 ] DEBUG Engine               - soundMenuPress: menu/press.wav
18:23:41.853 [FXGL Background Thread 3 ] DEBUG Engine               - soundMenuSelect: menu/select.wav
18:23:41.853 [FXGL Background Thread 3 ] DEBUG Engine               - soundNotification: core/notification.wav
18:23:41.853 [FXGL Background Thread 3 ] DEBUG Engine               - stageStyle: DECORATED
18:23:41.853 [FXGL Background Thread 3 ] DEBUG Engine               - supportedLanguages: [ENGLISH, FRENCH, GERMAN, HUNGARIAN, RUSSIAN]
18:23:41.853 [FXGL Background Thread 3 ] DEBUG Engine               - ticksPerSecond: -1
18:23:41.853 [FXGL Background Thread 3 ] DEBUG Engine               - title: Galactic Odyssey
18:23:41.854 [FXGL Background Thread 3 ] DEBUG Engine               - urlGithub: https://github.com/AlmasB/FXGL
18:23:41.854 [FXGL Background Thread 3 ] DEBUG Engine               - urlLeaderboard: http://fxgl-top.herokuapp.com/
18:23:41.854 [FXGL Background Thread 3 ] DEBUG Engine               - urlPOM: https://raw.githubusercontent.com/AlmasB/FXGL/release/README.md
18:23:41.854 [FXGL Background Thread 3 ] DEBUG Engine               - userAppClass: class App.App
18:23:41.854 [FXGL Background Thread 3 ] DEBUG Engine               - version: 0.0
18:23:41.854 [FXGL Background Thread 3 ] DEBUG Engine               - versionCheckDays: 7
18:23:41.854 [FXGL Background Thread 3 ] DEBUG Engine               - width: 1500
18:23:41.854 [FXGL Background Thread 3 ] DEBUG Engine               - Logging services
18:23:41.855 [FXGL Background Thread 3 ] DEBUG Engine               - class com.almasb.fxgl.app.services.FXGLAssetLoaderService
18:23:41.855 [FXGL Background Thread 3 ] DEBUG Engine               - class com.almasb.fxgl.app.FXGLApplication$GameApplicationService
18:23:41.855 [FXGL Background Thread 3 ] DEBUG Engine               - class com.almasb.fxgl.app.services.FXGLDialogService
18:23:41.855 [FXGL Background Thread 3 ] DEBUG Engine               - class com.almasb.fxgl.app.services.IOTaskExecutorService
18:23:41.855 [FXGL Background Thread 3 ] DEBUG Engine               - class com.almasb.fxgl.io.FileSystemService
18:23:41.855 [FXGL Background Thread 3 ] DEBUG Engine               - class com.almasb.fxgl.localization.LocalizationService
18:23:41.855 [FXGL Background Thread 3 ] DEBUG Engine               - class com.almasb.fxgl.app.services.SystemBundleService
18:23:41.855 [FXGL Background Thread 3 ] DEBUG Engine               - class com.almasb.fxgl.profile.SaveLoadService
18:23:41.855 [FXGL Background Thread 3 ] DEBUG Engine               - class com.almasb.fxgl.ui.FXGLUIFactoryServiceProvider
18:23:41.856 [FXGL Background Thread 3 ] DEBUG Engine               - class com.almasb.fxgl.ui.FXGLDialogFactoryServiceProvider
18:23:41.856 [FXGL Background Thread 3 ] DEBUG Engine               - class com.almasb.fxgl.audio.AudioPlayer
18:23:41.856 [FXGL Background Thread 3 ] DEBUG Engine               - class com.almasb.fxgl.notification.impl.NotificationServiceProvider
18:23:41.856 [FXGL Background Thread 3 ] DEBUG Engine               - class com.almasb.fxgl.achievement.AchievementService
18:23:41.856 [FXGL Background Thread 3 ] DEBUG Engine               - class com.almasb.fxgl.cutscene.CutsceneService
18:23:41.856 [FXGL Background Thread 3 ] DEBUG Engine               - class com.almasb.fxgl.minigames.MiniGameService
18:23:41.857 [FXGL Background Thread 3 ] DEBUG Engine               - class com.almasb.fxgl.net.NetService
18:23:41.857 [FXGL Background Thread 3 ] DEBUG Engine               - class com.almasb.fxgl.app.services.UpdaterService
18:23:41.857 [FXGL Background Thread 3 ] DEBUG Engine               - class com.almasb.fxgl.dev.DevService
18:23:55.682 [JavaFX Application Thread] DEBUG FXGLApplication      - Exiting FXGL
18:23:55.682 [JavaFX Application Thread] DEBUG LoopRunner           - Stopping loop
18:23:55.682 [JavaFX Application Thread] DEBUG SystemBundleService  - Saving FXGL system data
18:23:55.685 [JavaFX Application Thread] DEBUG FileSystemAccess     - Writing to: C:\Users\Jonathan\Documents\Galactic odyssey\system\fxgl.bundle
18:23:55.688 [JavaFX Application Thread] DEBUG Async                - Shutting down background threads
18:23:55.688 [JavaFX Application Thread] DEBUG PrimaryStageWindow   - Closing main window
18:23:55.708 [JavaFX Application Thread] DEBUG Logger               - Closing Logger
