20:42:00.421 [main                     ] DEBUG Logger               - Configured Logger
20:42:00.483 [main                     ] DEBUG GameApplication      - Logging settings
Title: Galactic Odyssey
Version: 0.0.1
Width: 800
Height: 617
Fullscreen: true
Intro: false
Profiling: false
Single step:false
App Mode: DEVELOPER
Menu Key: ESCAPE
Stage Style: DECORATED
Scene Factory: class App.App$1

20:42:00.982 [JavaFX Application Thread] DEBUG FXGLApplication      - Initializing FXGL
20:42:00.997 [JavaFX Application Thread] INFO  Engine               - FXGL-17.3 (30.03.2023 11.49) on WINDOWS (J:17.0.12 FX:17.0.2-ea)
20:42:00.998 [JavaFX Application Thread] DEBUG Engine               - JRE Vendor Name: Oracle Corporation
20:42:00.999 [JavaFX Application Thread] DEBUG Engine               - Running on OS: Windows 10 version 10.0
20:42:00.999 [JavaFX Application Thread] DEBUG Engine               - Architecture: amd64
20:42:00.999 [JavaFX Application Thread] INFO  Engine               - Source code and latest versions at: https://github.com/AlmasB/FXGL
20:42:01.000 [JavaFX Application Thread] INFO  Engine               -       Ask questions and discuss at: https://github.com/AlmasB/FXGL/discussions
20:42:01.000 [JavaFX Application Thread] INFO  Engine               -              Join the FXGL chat at: https://gitter.im/AlmasB/FXGL
20:42:01.154 [JavaFX Application Thread] DEBUG PrimaryStageWindow   - Creating a JavaFX scene
20:42:01.232 [JavaFX Application Thread] DEBUG PrimaryStageWindow   - Target settings size: 800.0 x 617.0
20:42:01.233 [JavaFX Application Thread] DEBUG PrimaryStageWindow   - Scaled scene size:    800.0 x 617.0
20:42:01.233 [JavaFX Application Thread] DEBUG PrimaryStageWindow   - Scaled ratio: (1.0, 1.0)
20:42:01.235 [JavaFX Application Thread] DEBUG PrimaryStageWindow   - Set initial scene to FXGLStartupScene
20:42:01.253 [JavaFX Application Thread] DEBUG PrimaryStageWindow   - Opening main window
20:42:01.408 [JavaFX Application Thread] DEBUG PrimaryStageWindow   - Window border size: (16.0, 39.0)
20:42:01.409 [JavaFX Application Thread] DEBUG PrimaryStageWindow   - Scaled size: 800.0 x 617.0
20:42:01.409 [JavaFX Application Thread] DEBUG PrimaryStageWindow   - Scaled ratio: (1.0, 1.0)
20:42:01.410 [JavaFX Application Thread] DEBUG PrimaryStageWindow   - Scene size: 800.0 x 617.0
20:42:01.411 [JavaFX Application Thread] DEBUG PrimaryStageWindow   - Stage size: 816.0 x 656.0
20:42:01.501 [JavaFX Application Thread] DEBUG PrimaryStageWindow   - Going fullscreen
20:42:01.521 [FXGL Background Thread 1 ] DEBUG Engine               - Initializing environment variables
20:42:01.597 [FXGL Background Thread 1 ] DEBUG FXGLAssetLoaderServi - User app class for loading assets: class App.App
20:42:01.598 [FXGL Background Thread 1 ] DEBUG GameApplicationServi - Applying CSS: fxgl_dark.css
20:42:01.599 [FXGL Background Thread 1 ] DEBUG FXGLAssetLoaderServi - Loading from file system: jar:file:///C:/Users/Jonathan/.m2/repository/com/github/almasb/fxgl/17.3/fxgl-17.3.jar!/fxglassets/ui/css/fxgl_dark.css
20:42:01.700 [FXGL Background Thread 1 ] DEBUG GameApplicationServi - Initializing application scenes
20:42:01.829 [FXGL Background Thread 1 ] DEBUG GameWorld            - Game world initialized
20:42:01.953 [FXGL Background Thread 1 ] DEBUG PhysicsWorld         - Physics world initialized: appHeight=617, physics.ppm=50,0
20:42:01.953 [FXGL Background Thread 1 ] DEBUG PhysicsWorld         - Using strategy: BRUTE_FORCE
20:42:01.962 [FXGL Background Thread 1 ] DEBUG GameScene            - Game scene initialized: 800x617
20:42:01.981 [FXGL Background Thread 1 ] DEBUG FXGL.DefaultMenu     - createMenuBodyGameMenu()
20:42:02.006 [FXGL Background Thread 1 ] DEBUG FXGL.DefaultMenu     - createOptionsMenu()
20:42:02.027 [FXGL Background Thread 1 ] DEBUG FXGLAssetLoaderServi - Loading from file system: jar:file:///C:/Users/Jonathan/.m2/repository/com/github/almasb/fxgl/17.3/fxgl-17.3.jar!/fxglassets/textures/particles/smoke.png
20:42:02.218 [FXGL Background Thread 1 ] DEBUG FXGLAssetLoaderServi - Loading from file system: jar:file:///C:/Users/Jonathan/.m2/repository/com/github/almasb/fxgl/17.3/fxgl-17.3.jar!/fxglassets/textures/particles/trace_horizontal.png
20:42:02.268 [FXGL Background Thread 1 ] DEBUG GameApplicationServi - Application scenes initialized
20:42:02.292 [FXGL Background Thread 1 ] DEBUG SystemBundleService  - Loading FXGL system data
20:42:02.302 [FXGL Background Thread 1 ] DEBUG FileSystemAccess     - Reading from: C:\Users\Jonathan\Desktop\Galactic odyssey\system\fxgl.bundle
20:42:02.318 [FXGL Background Thread 1 ] DEBUG SystemBundleService  - Bundle FXGL: {}
20:42:02.319 [FXGL Background Thread 1 ] DEBUG UpdaterService       - Checking for updates
20:42:02.329 [FXGL Background Thread 1 ] DEBUG FXGLApplication      - Loading default localization
20:42:02.330 [FXGL Background Thread 1 ] DEBUG FXGLAssetLoaderServi - Loading from file system: jar:file:///C:/Users/Jonathan/.m2/repository/com/github/almasb/fxgl/17.3/fxgl-17.3.jar!/fxglassets/languages/english.lang
20:42:02.327 [FXGL Background Thread 4 ] DEBUG FXGLApplication      - Loading fonts
20:42:02.334 [FXGL Background Thread 4 ] DEBUG FXGLAssetLoaderServi - Loading from file system: jar:file:///C:/Users/Jonathan/.m2/repository/com/github/almasb/fxgl/17.3/fxgl-17.3.jar!/fxglassets/ui/fonts/VarelaRound-Regular.ttf
20:42:02.388 [FXGL Background Thread 1 ] INFO  FXGLApplication      - FXGL initialization took: 0,867 sec
20:42:02.390 [JavaFX Application Thread] DEBUG FXGLAssetLoaderServi - Loading from file system: jar:file:///C:/Users/Jonathan/.m2/repository/com/github/almasb/fxgl/17.3/fxgl-17.3.jar!/fxglassets/textures/fxgl_icon.png
20:42:02.424 [JavaFX Application Thread] DEBUG FXGLAssetLoaderServi - Loading from file system: jar:file:///C:/Users/Jonathan/.m2/repository/com/github/almasb/fxgl/17.3/fxgl-17.3.jar!/fxglassets/textures/fxgl_default_cursor.png
20:42:02.453 [JavaFX Application Thread] DEBUG Input                - Registered new binding: Screenshot - CTRL+8
20:42:02.456 [JavaFX Application Thread] DEBUG Input                - Registered new binding: System info dump - CTRL+9
20:42:02.456 [JavaFX Application Thread] DEBUG Input                - Registered new binding: Restart - CTRL+R
20:42:02.458 [JavaFX Application Thread] DEBUG Input                - Registered new binding: Toggle Debug Camera - CTRL+7
20:42:02.463 [JavaFX Application Thread] DEBUG LoopRunner           - Starting loop
20:42:02.463 [JavaFX Application Thread] DEBUG LoopRunner           - Initializing JavaFX AnimationTimerLoop
20:42:02.465 [JavaFX Application Thread] DEBUG GameApplicationServi - Starting new game
20:42:02.466 [JavaFX Application Thread] DEBUG Input                - Clearing active input actions
20:42:02.495 [JavaFX Application Thread] DEBUG GameApplicationServi - Removing overlay from FXGLStartupScene and adding to MyLoadingScene
20:42:02.495 [JavaFX Application Thread] DEBUG PrimaryStageWindow   - FXGLStartupScene -> MyLoadingScene
20:42:02.496 [JavaFX Application Thread] DEBUG GameApplicationServi - Clearing previous game
20:42:02.496 [JavaFX Application Thread] DEBUG GameScene            - Clearing game scene
20:42:02.496 [JavaFX Application Thread] DEBUG GameWorld            - Clearing game world
20:42:02.496 [JavaFX Application Thread] DEBUG PhysicsWorld         - Clearing physics world
20:42:02.498 [FXGL Background Thread 1 ] DEBUG FXGLApplication      - Initializing game
20:42:02.527 [FXGL Background Thread 1 ] DEBUG FXGLAssetLoaderServi - Loading from file system: file:/C:/Users/Jonathan/Desktop/Galactic%20odyssey/target/classes/assets/textures/fondo_menu.png
20:42:02.585 [FXGL Background Thread 1 ] DEBUG FXGLAssetLoaderServi - Loading from file system: file:/C:/Users/Jonathan/Desktop/Galactic%20odyssey/target/classes/assets/music/intro.mp3
20:42:02.913 [FXGL Background Thread 4 ] DEBUG FXGLAssetLoaderServi - Loading from file system: jar:file:///C:/Users/Jonathan/.m2/repository/com/github/almasb/fxgl/17.3/fxgl-17.3.jar!/fxglassets/ui/fonts/Abel-Regular.ttf
20:42:02.941 [FXGL Background Thread 4 ] DEBUG FXGLAssetLoaderServi - Loading from file system: jar:file:///C:/Users/Jonathan/.m2/repository/com/github/almasb/fxgl/17.3/fxgl-17.3.jar!/fxglassets/ui/fonts/TerminalLandMono-Regular.otf
20:42:02.945 [FXGL Background Thread 1 ] DEBUG AudioPlayer          - Playing music com.almasb.fxgl.audio.Music@22b635aa
20:42:02.962 [FXGL Background Thread 4 ] DEBUG FXGLAssetLoaderServi - Loading from file system: jar:file:///C:/Users/Jonathan/.m2/repository/com/github/almasb/fxgl/17.3/fxgl-17.3.jar!/fxglassets/ui/fonts/Courier-Prime.ttf
20:42:02.963 [FXGL Background Thread 1 ] INFO  FXGLApplication      - Game initialization took: 0,464 sec
20:42:02.964 [JavaFX Application Thread] DEBUG Input                - Clearing active input actions
20:42:02.997 [JavaFX Application Thread] DEBUG GameApplicationServi - Removing overlay from MyLoadingScene and adding to GameScene
20:42:02.998 [JavaFX Application Thread] DEBUG PrimaryStageWindow   - MyLoadingScene -> GameScene
20:42:03.074 [JavaFX Application Thread] DEBUG FXGLApplication      - Registering font factories with UI factory
20:42:03.099 [FXGL Background Thread 2 ] WARN  UpdaterService       - Failed to find updates: java.net.UnknownHostException: raw.githubusercontent.com
20:42:05.325 [FXGL Background Thread 3 ] DEBUG Engine               - Logging environment variables
20:42:05.328 [FXGL Background Thread 3 ] DEBUG Engine               - achievements: []
20:42:05.328 [FXGL Background Thread 3 ] DEBUG Engine               - actualHeight: 768.0
20:42:05.329 [FXGL Background Thread 3 ] DEBUG Engine               - actualHeightProperty: ReadOnlyDoubleProperty [value: 768.0]
20:42:05.329 [FXGL Background Thread 3 ] DEBUG Engine               - actualWidth: 1366.0
20:42:05.330 [FXGL Background Thread 3 ] DEBUG Engine               - actualWidthProperty: ReadOnlyDoubleProperty [value: 1366.0]
20:42:05.331 [FXGL Background Thread 3 ] DEBUG Engine               - appIcon: fxgl_icon.png
20:42:05.331 [FXGL Background Thread 3 ] DEBUG Engine               - applicationMode: DEVELOPER
20:42:05.332 [FXGL Background Thread 3 ] DEBUG Engine               - cSSList: [fxgl_dark.css]
20:42:05.332 [FXGL Background Thread 3 ] DEBUG Engine               - collisionDetectionStrategy: BRUTE_FORCE
20:42:05.333 [FXGL Background Thread 3 ] DEBUG Engine               - configClass: Optional.empty
20:42:05.333 [FXGL Background Thread 3 ] DEBUG Engine               - credits: []
20:42:05.335 [FXGL Background Thread 3 ] DEBUG Engine               - defaultCursor: CursorInfo(imageName=fxgl_default_cursor.png, hotspotX=7.0, hotspotY=6.0)
20:42:05.336 [FXGL Background Thread 3 ] DEBUG Engine               - devBBoxColorProperty: ObjectProperty [value: 0xff0000ff]
20:42:05.336 [FXGL Background Thread 3 ] DEBUG Engine               - devEnableDebugCameraProperty: BooleanProperty [value: false]
20:42:05.337 [FXGL Background Thread 3 ] DEBUG Engine               - devSensorColorProperty: ObjectProperty [value: 0xffff00ff]
20:42:05.337 [FXGL Background Thread 3 ] DEBUG Engine               - devShowBBoxProperty: BooleanProperty [value: false]
20:42:05.338 [FXGL Background Thread 3 ] DEBUG Engine               - devShowPositionProperty: BooleanProperty [value: false]
20:42:05.339 [FXGL Background Thread 3 ] DEBUG Engine               - enabledMenuItems: []
20:42:05.341 [FXGL Background Thread 3 ] DEBUG Engine               - engineServices: [class com.almasb.fxgl.app.services.FXGLAssetLoaderService, class com.almasb.fxgl.app.FXGLApplication$GameApplicationService, class com.almasb.fxgl.app.services.FXGLDialogService, class com.almasb.fxgl.app.services.IOTaskExecutorService, class com.almasb.fxgl.io.FileSystemService, class com.almasb.fxgl.localization.LocalizationService, class com.almasb.fxgl.app.services.SystemBundleService, class com.almasb.fxgl.profile.SaveLoadService, class com.almasb.fxgl.ui.FXGLUIFactoryServiceProvider, class com.almasb.fxgl.ui.FXGLDialogFactoryServiceProvider, class com.almasb.fxgl.audio.AudioPlayer, class com.almasb.fxgl.notification.impl.NotificationServiceProvider, class com.almasb.fxgl.achievement.AchievementService, class com.almasb.fxgl.cutscene.CutsceneService, class com.almasb.fxgl.minigames.MiniGameService, class com.almasb.fxgl.net.NetService, class com.almasb.fxgl.app.services.UpdaterService, class com.almasb.fxgl.dev.DevService]
20:42:05.342 [FXGL Background Thread 3 ] DEBUG Engine               - fontGame: Abel-Regular.ttf
20:42:05.342 [FXGL Background Thread 3 ] DEBUG Engine               - fontMono: TerminalLandMono-Regular.otf
20:42:05.343 [FXGL Background Thread 3 ] DEBUG Engine               - fontSizeScaleUI: 1.0
20:42:05.343 [FXGL Background Thread 3 ] DEBUG Engine               - fontText: Courier-Prime.ttf
20:42:05.344 [FXGL Background Thread 3 ] DEBUG Engine               - fontUI: VarelaRound-Regular.ttf
20:42:05.344 [FXGL Background Thread 3 ] DEBUG Engine               - fullScreen: BooleanProperty [value: true]
20:42:05.345 [FXGL Background Thread 3 ] DEBUG Engine               - gameDifficulty: MEDIUM
20:42:05.345 [FXGL Background Thread 3 ] DEBUG Engine               - gameDifficultyProperty: ObjectProperty [value: MEDIUM]
20:42:05.346 [FXGL Background Thread 3 ] DEBUG Engine               - globalMusicVolume: 0.5
20:42:05.347 [FXGL Background Thread 3 ] DEBUG Engine               - globalMusicVolumeProperty: DoubleProperty [value: 0.5]
20:42:05.347 [FXGL Background Thread 3 ] DEBUG Engine               - globalSoundVolume: 0.5
20:42:05.348 [FXGL Background Thread 3 ] DEBUG Engine               - globalSoundVolumeProperty: DoubleProperty [value: 0.5]
20:42:05.348 [FXGL Background Thread 3 ] DEBUG Engine               - height: 617
20:42:05.348 [FXGL Background Thread 3 ] DEBUG Engine               - is3D: false
20:42:05.349 [FXGL Background Thread 3 ] DEBUG Engine               - isAndroid: false
20:42:05.349 [FXGL Background Thread 3 ] DEBUG Engine               - isBrowser: false
20:42:05.350 [FXGL Background Thread 3 ] DEBUG Engine               - isClickFeedbackEnabled: false
20:42:05.350 [FXGL Background Thread 3 ] DEBUG Engine               - isCloseConfirmation: false
20:42:05.351 [FXGL Background Thread 3 ] DEBUG Engine               - isDesktop: true
20:42:05.351 [FXGL Background Thread 3 ] DEBUG Engine               - isDeveloperMenuEnabled: false
20:42:05.352 [FXGL Background Thread 3 ] DEBUG Engine               - isEmbedded: false
20:42:05.352 [FXGL Background Thread 3 ] DEBUG Engine               - isEntityPreloadEnabled: true
20:42:05.353 [FXGL Background Thread 3 ] DEBUG Engine               - isExperimentalTiledLargeMap: false
20:42:05.353 [FXGL Background Thread 3 ] DEBUG Engine               - isFileSystemWriteAllowed: true
20:42:05.354 [FXGL Background Thread 3 ] DEBUG Engine               - isFullScreenAllowed: true
20:42:05.354 [FXGL Background Thread 3 ] DEBUG Engine               - isFullScreenFromStart: true
20:42:05.355 [FXGL Background Thread 3 ] DEBUG Engine               - isGameMenuEnabled: true
20:42:05.356 [FXGL Background Thread 3 ] DEBUG Engine               - isIOS: false
20:42:05.356 [FXGL Background Thread 3 ] DEBUG Engine               - isIntroEnabled: false
20:42:05.357 [FXGL Background Thread 3 ] DEBUG Engine               - isLinux: false
20:42:05.357 [FXGL Background Thread 3 ] DEBUG Engine               - isMac: false
20:42:05.358 [FXGL Background Thread 3 ] DEBUG Engine               - isMainMenuEnabled: false
20:42:05.358 [FXGL Background Thread 3 ] DEBUG Engine               - isManualResizeEnabled: false
20:42:05.359 [FXGL Background Thread 3 ] DEBUG Engine               - isMobile: false
20:42:05.360 [FXGL Background Thread 3 ] DEBUG Engine               - isNative: false
20:42:05.361 [FXGL Background Thread 3 ] DEBUG Engine               - isPauseMusicWhenMinimized: true
20:42:05.361 [FXGL Background Thread 3 ] DEBUG Engine               - isPreserveResizeRatio: false
20:42:05.361 [FXGL Background Thread 3 ] DEBUG Engine               - isProfilingEnabled: false
20:42:05.361 [FXGL Background Thread 3 ] DEBUG Engine               - isScaleAffectedOnResize: true
20:42:05.361 [FXGL Background Thread 3 ] DEBUG Engine               - isSingleStep: false
20:42:05.362 [FXGL Background Thread 3 ] DEBUG Engine               - isUserProfileEnabled: false
20:42:05.362 [FXGL Background Thread 3 ] DEBUG Engine               - isWindows: true
20:42:05.362 [FXGL Background Thread 3 ] DEBUG Engine               - language: ObjectProperty [value: ENGLISH]
20:42:05.362 [FXGL Background Thread 3 ] DEBUG Engine               - menuKey: ESCAPE
20:42:05.362 [FXGL Background Thread 3 ] DEBUG Engine               - mouseSensitivity: 0.2
20:42:05.362 [FXGL Background Thread 3 ] DEBUG Engine               - notificationViewClass: class com.almasb.fxgl.notification.view.XboxNotificationView
20:42:05.362 [FXGL Background Thread 3 ] DEBUG Engine               - pixelsPerMeter: 50.0
20:42:05.363 [FXGL Background Thread 3 ] DEBUG Engine               - platform: WINDOWS
20:42:05.363 [FXGL Background Thread 3 ] DEBUG Engine               - prefHeightProperty: ReadOnlyDoubleProperty [value: 617.0]
20:42:05.363 [FXGL Background Thread 3 ] DEBUG Engine               - prefWidthProperty: ReadOnlyDoubleProperty [value: 800.0]
20:42:05.363 [FXGL Background Thread 3 ] DEBUG Engine               - profileDir: profiles/
20:42:05.364 [FXGL Background Thread 3 ] DEBUG Engine               - profileName: StringProperty [value: DEFAULT]
20:42:05.364 [FXGL Background Thread 3 ] DEBUG Engine               - randomSeed: -1
20:42:05.365 [FXGL Background Thread 3 ] DEBUG Engine               - runtimeInfo: RuntimeInfo(platform=WINDOWS, version=17.3, build=30.03.2023 11.49)
20:42:05.365 [FXGL Background Thread 3 ] DEBUG Engine               - saveFileExt: sav
20:42:05.365 [FXGL Background Thread 3 ] DEBUG Engine               - scaledHeightProp$fxgl: DoubleProperty [bound, value: 768.0]
20:42:05.365 [FXGL Background Thread 3 ] DEBUG Engine               - scaledWidthProp$fxgl: DoubleProperty [bound, value: 1366.0]
20:42:05.366 [FXGL Background Thread 3 ] DEBUG Engine               - sceneFactory: App.App$1@6be973dd
20:42:05.366 [FXGL Background Thread 3 ] DEBUG Engine               - secondsIn24h: 60
20:42:05.366 [FXGL Background Thread 3 ] DEBUG Engine               - soundMenuBack: menu/back.wav
20:42:05.366 [FXGL Background Thread 3 ] DEBUG Engine               - soundMenuPress: menu/press.wav
20:42:05.366 [FXGL Background Thread 3 ] DEBUG Engine               - soundMenuSelect: menu/select.wav
20:42:05.367 [FXGL Background Thread 3 ] DEBUG Engine               - soundNotification: core/notification.wav
20:42:05.367 [FXGL Background Thread 3 ] DEBUG Engine               - stageStyle: DECORATED
20:42:05.367 [FXGL Background Thread 3 ] DEBUG Engine               - supportedLanguages: [ENGLISH, FRENCH, GERMAN, HUNGARIAN, RUSSIAN]
20:42:05.367 [FXGL Background Thread 3 ] DEBUG Engine               - ticksPerSecond: -1
20:42:05.367 [FXGL Background Thread 3 ] DEBUG Engine               - title: Galactic Odyssey
20:42:05.368 [FXGL Background Thread 3 ] DEBUG Engine               - urlGithub: https://github.com/AlmasB/FXGL
20:42:05.368 [FXGL Background Thread 3 ] DEBUG Engine               - urlLeaderboard: http://fxgl-top.herokuapp.com/
20:42:05.368 [FXGL Background Thread 3 ] DEBUG Engine               - urlPOM: https://raw.githubusercontent.com/AlmasB/FXGL/release/README.md
20:42:05.368 [FXGL Background Thread 3 ] DEBUG Engine               - userAppClass: class App.App
20:42:05.368 [FXGL Background Thread 3 ] DEBUG Engine               - version: 0.0.1
20:42:05.368 [FXGL Background Thread 3 ] DEBUG Engine               - versionCheckDays: 7
20:42:05.369 [FXGL Background Thread 3 ] DEBUG Engine               - width: 800
20:42:05.369 [FXGL Background Thread 3 ] DEBUG Engine               - Logging services
20:42:05.369 [FXGL Background Thread 3 ] DEBUG Engine               - class com.almasb.fxgl.app.services.FXGLAssetLoaderService
20:42:05.370 [FXGL Background Thread 3 ] DEBUG Engine               - class com.almasb.fxgl.app.FXGLApplication$GameApplicationService
20:42:05.370 [FXGL Background Thread 3 ] DEBUG Engine               - class com.almasb.fxgl.app.services.FXGLDialogService
20:42:05.370 [FXGL Background Thread 3 ] DEBUG Engine               - class com.almasb.fxgl.app.services.IOTaskExecutorService
20:42:05.370 [FXGL Background Thread 3 ] DEBUG Engine               - class com.almasb.fxgl.io.FileSystemService
20:42:05.370 [FXGL Background Thread 3 ] DEBUG Engine               - class com.almasb.fxgl.localization.LocalizationService
20:42:05.371 [FXGL Background Thread 3 ] DEBUG Engine               - class com.almasb.fxgl.app.services.SystemBundleService
20:42:05.371 [FXGL Background Thread 3 ] DEBUG Engine               - class com.almasb.fxgl.profile.SaveLoadService
20:42:05.371 [FXGL Background Thread 3 ] DEBUG Engine               - class com.almasb.fxgl.ui.FXGLUIFactoryServiceProvider
20:42:05.371 [FXGL Background Thread 3 ] DEBUG Engine               - class com.almasb.fxgl.ui.FXGLDialogFactoryServiceProvider
20:42:05.371 [FXGL Background Thread 3 ] DEBUG Engine               - class com.almasb.fxgl.audio.AudioPlayer
20:42:05.371 [FXGL Background Thread 3 ] DEBUG Engine               - class com.almasb.fxgl.notification.impl.NotificationServiceProvider
20:42:05.372 [FXGL Background Thread 3 ] DEBUG Engine               - class com.almasb.fxgl.achievement.AchievementService
20:42:05.372 [FXGL Background Thread 3 ] DEBUG Engine               - class com.almasb.fxgl.cutscene.CutsceneService
20:42:05.372 [FXGL Background Thread 3 ] DEBUG Engine               - class com.almasb.fxgl.minigames.MiniGameService
20:42:05.372 [FXGL Background Thread 3 ] DEBUG Engine               - class com.almasb.fxgl.net.NetService
20:42:05.372 [FXGL Background Thread 3 ] DEBUG Engine               - class com.almasb.fxgl.app.services.UpdaterService
20:42:05.373 [FXGL Background Thread 3 ] DEBUG Engine               - class com.almasb.fxgl.dev.DevService
20:42:41.685 [JavaFX Application Thread] WARN  TMXLevelLoader       - TiledMap generated from 1.11.2. Supported version: 1.9.0. Some features may not be parsed fully.
20:42:41.730 [JavaFX Application Thread] DEBUG TMXLevelLoader       - Parsed TiledMap: file:/C:/Users/Jonathan/Desktop/Galactic%20odyssey/target/classes/assets/levels/Map1.tmx
20:42:41.731 [JavaFX Application Thread] DEBUG TMXLevelLoader       - Creating tile layer entities
20:42:41.733 [JavaFX Application Thread] DEBUG TilesetLoader        - Loading view for layer Espacio
20:42:41.750 [JavaFX Application Thread] DEBUG TilesetLoader        - Created buffer with size 3360.0x1680.0
20:42:41.974 [JavaFX Application Thread] DEBUG TilesetLoader        - Loading view for layer Planetas
20:42:41.985 [JavaFX Application Thread] DEBUG TilesetLoader        - Created buffer with size 3360.0x1680.0
20:42:41.987 [JavaFX Application Thread] DEBUG TilesetLoader        - Loading view for layer Naves
20:42:41.995 [JavaFX Application Thread] DEBUG TilesetLoader        - Created buffer with size 3360.0x1680.0
20:42:42.148 [JavaFX Application Thread] DEBUG TilesetLoader        - Loading view for layer Suelo
20:42:42.166 [JavaFX Application Thread] DEBUG TilesetLoader        - Created buffer with size 3360.0x1680.0
20:42:42.173 [JavaFX Application Thread] DEBUG TilesetLoader        - Loading view for layer rock
20:42:42.185 [JavaFX Application Thread] DEBUG TilesetLoader        - Created buffer with size 3360.0x1680.0
20:42:42.191 [JavaFX Application Thread] DEBUG TilesetLoader        - Loading view for layer Rocas
20:42:42.201 [JavaFX Application Thread] DEBUG TilesetLoader        - Created buffer with size 3360.0x1680.0
20:42:42.205 [JavaFX Application Thread] DEBUG TilesetLoader        - Loading view for layer Muro
20:42:42.222 [JavaFX Application Thread] DEBUG TilesetLoader        - Created buffer with size 3360.0x1680.0
20:42:42.223 [JavaFX Application Thread] DEBUG TilesetLoader        - Loading view for layer Rocas1
20:42:42.235 [JavaFX Application Thread] DEBUG TilesetLoader        - Created buffer with size 3360.0x1680.0
20:42:42.237 [JavaFX Application Thread] DEBUG TilesetLoader        - Loading view for layer SueloRuinas
20:42:42.254 [JavaFX Application Thread] DEBUG TilesetLoader        - Created buffer with size 3360.0x1680.0
20:42:42.315 [JavaFX Application Thread] DEBUG TilesetLoader        - Loading view for layer Ruinas
20:42:42.334 [JavaFX Application Thread] DEBUG TilesetLoader        - Created buffer with size 3360.0x1680.0
20:42:42.336 [JavaFX Application Thread] DEBUG TMXLevelLoader       - Creating object layer entities
20:42:42.388 [JavaFX Application Thread] DEBUG GameWorld            - Clearing removable entities
20:42:42.389 [JavaFX Application Thread] DEBUG GameWorld            - Setting level: com.almasb.fxgl.entity.level.Level@ddfad46
20:42:42.406 [JavaFX Application Thread] DEBUG FXGLAssetLoaderServi - Loading from file system: file:/C:/Users/Jonathan/Desktop/Galactic%20odyssey/target/classes/assets/textures/personaje.png
20:42:42.409 [JavaFX Application Thread] DEBUG Input                - Registered new binding: Move Right - D
20:42:42.409 [JavaFX Application Thread] DEBUG Input                - Registered new binding: Move Left - A
20:42:42.410 [JavaFX Application Thread] DEBUG Input                - Registered new binding: Move Up - W
20:42:42.410 [JavaFX Application Thread] DEBUG Input                - Registered new binding: Move Down - S
20:42:42.410 [JavaFX Application Thread] DEBUG Input                - Registered new binding: End Turn - Enter
20:42:42.410 [JavaFX Application Thread] DEBUG Input                - Registered new binding: Attack - Space
20:42:42.410 [JavaFX Application Thread] DEBUG Input                - Registered new binding: Special Ability - E
20:42:42.429 [JavaFX Application Thread] DEBUG FXGLAssetLoaderServi - Loading from file system: file:/C:/Users/Jonathan/Desktop/Galactic%20odyssey/target/classes/assets/textures/drone.png
20:43:49.784 [JavaFX Application Thread] DEBUG PrimaryStageWindow   - Push state: FXGLDefaultMenu
20:43:49.785 [JavaFX Application Thread] DEBUG Input                - Clearing active input actions
20:43:49.788 [JavaFX Application Thread] DEBUG GameApplicationServi - Removing overlay from GameScene and adding to FXGLDefaultMenu
20:43:49.790 [JavaFX Application Thread] DEBUG PrimaryStageWindow   - GameScene -> FXGLDefaultMenu
20:43:59.547 [JavaFX Application Thread] DEBUG Menu                 - fireExit()
20:43:59.550 [JavaFX Application Thread] DEBUG PrimaryStageWindow   - Push state: DialogSubScene
20:43:59.550 [JavaFX Application Thread] DEBUG Input                - Clearing active input actions
20:43:59.551 [JavaFX Application Thread] DEBUG GameApplicationServi - Removing overlay from FXGLDefaultMenu and adding to DialogSubScene
20:43:59.551 [JavaFX Application Thread] DEBUG PrimaryStageWindow   - FXGLDefaultMenu -> DialogSubScene
20:44:02.113 [JavaFX Application Thread] DEBUG PrimaryStageWindow   - Pop state: DialogSubScene
20:44:02.113 [JavaFX Application Thread] DEBUG Input                - Clearing active input actions
20:44:02.113 [JavaFX Application Thread] DEBUG GameApplicationServi - Removing overlay from DialogSubScene and adding to FXGLDefaultMenu
20:44:02.114 [JavaFX Application Thread] DEBUG PrimaryStageWindow   - FXGLDefaultMenu <- DialogSubScene
20:44:02.114 [JavaFX Application Thread] DEBUG FXGLApplication      - Exiting FXGL
20:44:02.114 [JavaFX Application Thread] DEBUG LoopRunner           - Stopping loop
20:44:02.114 [JavaFX Application Thread] DEBUG SystemBundleService  - Saving FXGL system data
20:44:02.117 [JavaFX Application Thread] DEBUG FileSystemAccess     - Writing to: C:\Users\Jonathan\Desktop\Galactic odyssey\system\fxgl.bundle
20:44:02.120 [JavaFX Application Thread] DEBUG Async                - Shutting down background threads
20:44:02.121 [JavaFX Application Thread] DEBUG PrimaryStageWindow   - Closing main window
20:44:02.155 [JavaFX Application Thread] DEBUG Logger               - Closing Logger
